Unity Editor version:    2021.2.10f1 (ee872746220e)
Branch:                  2021.2/staging
Build type:              Release
Batch mode:              YES
macOS version:           Version 12.1 (Build 21C52)
Darwin version:          21.2.0
Architecture:            x86_64
Running under Rosetta:   NO
Available memory:        65536 MB
Using pre-set license
Pro License: NO

COMMAND LINE ARGUMENTS:
/Applications/Unity/Hub/Editor/2021.2.10f1/Unity.app/Contents/MacOS/Unity
-adb2
-batchMode
-noUpm
-name
AssetImportWorker85
-projectPath
/Users/kabirswain/Documents/GitHub/virtualhome_unity
-logFile
Logs/AssetImportWorker85.log
-srvPort
55105
Successfully changed project path to: /Users/kabirswain/Documents/GitHub/virtualhome_unity
/Users/kabirswain/Documents/GitHub/virtualhome_unity
[UnityMemory] Configuration Parameters - Can be set up in boot.config
    "memorysetup-bucket-allocator-granularity=16"
    "memorysetup-bucket-allocator-bucket-count=8"
    "memorysetup-bucket-allocator-block-size=33554432"
    "memorysetup-bucket-allocator-block-count=8"
    "memorysetup-main-allocator-block-size=16777216"
    "memorysetup-thread-allocator-block-size=16777216"
    "memorysetup-gfx-main-allocator-block-size=16777216"
    "memorysetup-gfx-thread-allocator-block-size=16777216"
    "memorysetup-cache-allocator-block-size=4194304"
    "memorysetup-typetree-allocator-block-size=2097152"
    "memorysetup-profiler-bucket-allocator-granularity=16"
    "memorysetup-profiler-bucket-allocator-bucket-count=8"
    "memorysetup-profiler-bucket-allocator-block-size=33554432"
    "memorysetup-profiler-bucket-allocator-block-count=8"
    "memorysetup-profiler-allocator-block-size=16777216"
    "memorysetup-profiler-editor-allocator-block-size=1048576"
    "memorysetup-temp-allocator-size-main=16777216"
    "memorysetup-job-temp-allocator-block-size=2097152"
    "memorysetup-job-temp-allocator-block-size-background=1048576"
    "memorysetup-job-temp-allocator-reduction-small-platforms=262144"
    "memorysetup-temp-allocator-size-background-worker=32768"
    "memorysetup-temp-allocator-size-job-worker=262144"
    "memorysetup-temp-allocator-size-preload-manager=33554432"
    "memorysetup-temp-allocator-size-nav-mesh-worker=65536"
    "memorysetup-temp-allocator-size-audio-worker=65536"
    "memorysetup-temp-allocator-size-cloud-worker=32768"
    "memorysetup-temp-allocator-size-gi-baking-worker=262144"
    "memorysetup-temp-allocator-size-gfx=262144"
Refreshing native plugins compatible for Editor in 160.07 ms, found 2 plugins.
Preloading 0 native plugins for Editor in 0.00 ms.
Initialize engine version: 2021.2.10f1 (ee872746220e)
[Subsystems] Discovering subsystems at path /Applications/Unity/Hub/Editor/2021.2.10f1/Unity.app/Contents/Resources/UnitySubsystems
[Subsystems] Discovering subsystems at path /Users/kabirswain/Documents/GitHub/virtualhome_unity/Assets
GfxDevice: creating device client; threaded=0; jobified=0
Color LCD preferred device: AMD Radeon Pro 5600M (high power)
Metal devices available: 2
0: AMD Radeon Pro 5600M (high power)
1: Intel(R) UHD Graphics 630 (low power)
Using device AMD Radeon Pro 5600M (high power)
Initializing Metal device caps: AMD Radeon Pro 5600M
Initialize mono
Mono path[0] = '/Applications/Unity/Hub/Editor/2021.2.10f1/Unity.app/Contents/Managed'
Mono path[1] = '/Applications/Unity/Hub/Editor/2021.2.10f1/Unity.app/Contents/MonoBleedingEdge/lib/mono/unityjit-macos'
Mono config path = '/Applications/Unity/Hub/Editor/2021.2.10f1/Unity.app/Contents/MonoBleedingEdge/etc'
Using monoOptions --debugger-agent=transport=dt_socket,embedding=1,server=y,suspend=n,address=127.0.0.1:56070
Begin MonoManager ReloadAssembly
Registering precompiled unity dll's ...
Register platform support module: /Applications/Unity/Hub/Editor/2021.2.10f1/Unity.app/Contents/PlaybackEngines/MacStandaloneSupport/UnityEditor.OSXStandalone.Extensions.dll
Register platform support module: /Applications/Unity/Hub/Editor/2021.2.10f1/PlaybackEngines/WindowsStandaloneSupport/UnityEditor.WindowsStandalone.Extensions.dll
Register platform support module: /Applications/Unity/Hub/Editor/2021.2.10f1/PlaybackEngines/LinuxStandaloneSupport/UnityEditor.LinuxStandalone.Extensions.dll
Registered in 0.002015 seconds.
Native extension for LinuxStandalone target not found
Native extension for WindowsStandalone target not found
Native extension for OSXStandalone target not found
Refreshing native plugins compatible for Editor in 153.34 ms, found 2 plugins.
Preloading 0 native plugins for Editor in 0.00 ms.
Mono: successfully reloaded assembly
- Completed reload, in  0.828 seconds
Domain Reload Profiling:
	ReloadAssembly (829ms)
		BeginReloadAssembly (72ms)
			ExecutionOrderSort (0ms)
			DisableScriptedObjects (0ms)
			BackupInstance (0ms)
			ReleaseScriptingObjects (0ms)
			CreateAndSetChildDomain (1ms)
		EndReloadAssembly (655ms)
			LoadAssemblies (71ms)
			RebuildTransferFunctionScriptingTraits (0ms)
			SetupTypeCache (146ms)
			ReleaseScriptCaches (0ms)
			RebuildScriptCaches (36ms)
			SetupLoadedEditorAssemblies (409ms)
				LogAssemblyErrors (0ms)
				InitializePlatformSupportModulesInManaged (18ms)
				SetLoadedEditorAssemblies (0ms)
				RefreshPlugins (153ms)
				BeforeProcessingInitializeOnLoad (2ms)
				ProcessInitializeOnLoadAttributes (180ms)
				ProcessInitializeOnLoadMethodAttributes (55ms)
				AfterProcessingInitializeOnLoad (0ms)
				EditorAssembliesLoaded (0ms)
			ExecutionOrderSort2 (0ms)
			AwakeInstancesAfterBackupRestoration (0ms)
Platform modules already initialized, skipping
Registering precompiled user dll's ...
Registered in 0.005905 seconds.
Begin MonoManager ReloadAssembly
Native extension for LinuxStandalone target not found
Native extension for WindowsStandalone target not found
Native extension for OSXStandalone target not found
Refreshing native plugins compatible for Editor in 1.87 ms, found 2 plugins.
Preloading 0 native plugins for Editor in 0.00 ms.
Package Manager log level set to [2]
Mono: successfully reloaded assembly
- Completed reload, in  1.354 seconds
Domain Reload Profiling:
	ReloadAssembly (1354ms)
		BeginReloadAssembly (110ms)
			ExecutionOrderSort (0ms)
			DisableScriptedObjects (7ms)
			BackupInstance (0ms)
			ReleaseScriptingObjects (0ms)
			CreateAndSetChildDomain (24ms)
		EndReloadAssembly (1116ms)
			LoadAssemblies (98ms)
			RebuildTransferFunctionScriptingTraits (0ms)
			SetupTypeCache (274ms)
			ReleaseScriptCaches (1ms)
			RebuildScriptCaches (79ms)
			SetupLoadedEditorAssemblies (607ms)
				LogAssemblyErrors (0ms)
				InitializePlatformSupportModulesInManaged (20ms)
				SetLoadedEditorAssemblies (1ms)
				RefreshPlugins (2ms)
				BeforeProcessingInitializeOnLoad (67ms)
				ProcessInitializeOnLoadAttributes (319ms)
				ProcessInitializeOnLoadMethodAttributes (196ms)
				AfterProcessingInitializeOnLoad (2ms)
				EditorAssembliesLoaded (0ms)
			ExecutionOrderSort2 (0ms)
			AwakeInstancesAfterBackupRestoration (5ms)
Platform modules already initialized, skipping
========================================================================
Worker process is ready to serve import requests
Launching external process: /Applications/Unity/Hub/Editor/2021.2.10f1/Unity.app/Contents/Tools/UnityShaderCompiler
Launched and connected shader compiler UnityShaderCompiler after 0.08 seconds
Refreshing native plugins compatible for Editor in 1.82 ms, found 2 plugins.
Preloading 0 native plugins for Editor in 0.00 ms.
Unloading 2957 Unused Serialized files (Serialized files now loaded: 0)
Unloading 70 unused Assets / (1.0 MB). Loaded Objects now: 3417.
Memory consumption went from 281.2 MB to 280.2 MB.
Total: 7.891139 ms (FindLiveObjects: 0.271819 ms CreateObjectMapping: 0.174806 ms MarkObjects: 6.826628 ms  DeleteObjects: 0.616702 ms)

AssetImportParameters requested are different than current active one (requested -> active):
  custom:video-decoder-ogg-theora: a1e56fd34408186e4bbccfd4996cb3dc -> 
  custom:container-muxer-webm: aa71ff27fc2769a1b78a27578f13a17b -> 
  custom:container-demuxer-webm: 4f35f7cbe854078d1ac9338744f61a02 -> 
  custom:video-encoder-webm-vp8: eb34c28f22e8b96e1ab97ce403110664 -> 
  custom:framework-osx-AVFoundation: e770b220cccbd017edd2c1fefb359320 -> 
  custom:audio-encoder-webm-vorbis: bf7c407c2cedff20999df2af8eb42d56 -> 
  custom:container-demuxer-ogg: 62fdf1f143b41e24485cea50d1cbac27 -> 
  custom:video-decoder-webm-vp8: 9c59270c3fd7afecdb556c50c9e8de78 -> 
  custom:audio-decoder-ogg-vorbis: bf7c407c2cedff20999df2af8eb42d56 -> 
========================================================================
Received Import Request.
  Time since last request: 1433825.735002 seconds.
  path: Assets/Resources/FloorPlan/Release/Room/Livingroom/PRE_ROO_Livingroom_00.prefab
  artifactKey: Guid(185b25f27e0064e7bae55122be786aea) Importer(815301076,1909f56bfc062723c751e8b465ee728b)
Start importing Assets/Resources/FloorPlan/Release/Room/Livingroom/PRE_ROO_Livingroom_00.prefab using Guid(185b25f27e0064e7bae55122be786aea) Importer(815301076,1909f56bfc062723c751e8b465ee728b)  -> (artifact id: '5a88a826e859fe93e6093daec918c3bd') in 0.572128 seconds 
========================================================================
Received Import Request.
  Time since last request: 0.000107 seconds.
  path: Assets/Resources/FloorPlan/Release/Room/Livingroom/PRE_ROO_Livingroom_19.prefab
  artifactKey: Guid(abfe87d1ec6c8450f8f3d5795ca9f4ab) Importer(815301076,1909f56bfc062723c751e8b465ee728b)
Start importing Assets/Resources/FloorPlan/Release/Room/Livingroom/PRE_ROO_Livingroom_19.prefab using Guid(abfe87d1ec6c8450f8f3d5795ca9f4ab) Importer(815301076,1909f56bfc062723c751e8b465ee728b)  -> (artifact id: '3bcc655654f35d08100b99555592ed59') in 0.269461 seconds 
========================================================================
Received Import Request.
  Time since last request: 0.000054 seconds.
  path: Assets/Resources/FloorPlan/Release/Room/Livingroom/PRE_ROO_Livingroom_40.prefab
  artifactKey: Guid(9afe78a2fb3c04e8a97b1bd1644d7516) Importer(815301076,1909f56bfc062723c751e8b465ee728b)
Start importing Assets/Resources/FloorPlan/Release/Room/Livingroom/PRE_ROO_Livingroom_40.prefab using Guid(9afe78a2fb3c04e8a97b1bd1644d7516) Importer(815301076,1909f56bfc062723c751e8b465ee728b)  -> (artifact id: '6f858ac3cc983a583aed02112a30b065') in 0.374189 seconds 
========================================================================
Received Import Request.
  Time since last request: 3.419170 seconds.
  path: Assets/Resources/FloorPlan/Release/Room/Livingroom/PRE_ROO_Livingroom_01.prefab
  artifactKey: Guid(dcecdee9563bc43469f9b66c1429118e) Importer(815301076,1909f56bfc062723c751e8b465ee728b)
Start importing Assets/Resources/FloorPlan/Release/Room/Livingroom/PRE_ROO_Livingroom_01.prefab using Guid(dcecdee9563bc43469f9b66c1429118e) Importer(815301076,1909f56bfc062723c751e8b465ee728b)  -> (artifact id: 'ec19f1975e6eaaedfcdcedf05d47fb56') in 0.246351 seconds 
========================================================================
Received Import Request.
  Time since last request: 3.962637 seconds.
  path: Assets/Resources/FloorPlan/Release/Room/Livingroom/PRE_ROO_Livingroom_02.prefab
  artifactKey: Guid(73e08cb0058a7454c8ab0683fe39e2e5) Importer(815301076,1909f56bfc062723c751e8b465ee728b)
Start importing Assets/Resources/FloorPlan/Release/Room/Livingroom/PRE_ROO_Livingroom_02.prefab using Guid(73e08cb0058a7454c8ab0683fe39e2e5) Importer(815301076,1909f56bfc062723c751e8b465ee728b)  -> (artifact id: 'efff1d17c7c0fbd367e8f613403894b3') in 0.190108 seconds 
========================================================================
Received Import Request.
  Time since last request: 4.146215 seconds.
  path: Assets/Resources/FloorPlan/Release/Room/Livingroom/PRE_ROO_Livingroom_03.prefab
  artifactKey: Guid(0a907c913ed3d4d4390570e4ff36ae4b) Importer(815301076,1909f56bfc062723c751e8b465ee728b)
Start importing Assets/Resources/FloorPlan/Release/Room/Livingroom/PRE_ROO_Livingroom_03.prefab using Guid(0a907c913ed3d4d4390570e4ff36ae4b) Importer(815301076,1909f56bfc062723c751e8b465ee728b)  -> (artifact id: 'b41a1d95fb5f2083429f0ba43feaa893') in 0.290696 seconds 
========================================================================
Received Import Request.
  Time since last request: 3.907450 seconds.
  path: Assets/Resources/FloorPlan/Release/Room/Livingroom/PRE_ROO_Livingroom_04.prefab
  artifactKey: Guid(c1557fa7a8161448aa918525ac6597fc) Importer(815301076,1909f56bfc062723c751e8b465ee728b)
Start importing Assets/Resources/FloorPlan/Release/Room/Livingroom/PRE_ROO_Livingroom_04.prefab using Guid(c1557fa7a8161448aa918525ac6597fc) Importer(815301076,1909f56bfc062723c751e8b465ee728b)  -> (artifact id: '4beb8c99ea2237738eeade9e4b5d090d') in 0.272222 seconds 
========================================================================
Received Import Request.
  Time since last request: 5.677853 seconds.
  path: Assets/Resources/FloorPlan/Release/Room/Livingroom/PRE_ROO_Livingroom_05.prefab
  artifactKey: Guid(8674d7bb4068b4cbbb41c067fdb09c61) Importer(815301076,1909f56bfc062723c751e8b465ee728b)
Start importing Assets/Resources/FloorPlan/Release/Room/Livingroom/PRE_ROO_Livingroom_05.prefab using Guid(8674d7bb4068b4cbbb41c067fdb09c61) Importer(815301076,1909f56bfc062723c751e8b465ee728b)  -> (artifact id: '8188c34b7338eb295009e507429ac77b') in 0.445796 seconds 
========================================================================
Received Import Request.
  Time since last request: 4.640367 seconds.
  path: Assets/Resources/FloorPlan/Release/Room/Livingroom/PRE_ROO_Livingroom_06.prefab
  artifactKey: Guid(8825d1d0b68664dc3b9ae3a87ad7ae66) Importer(815301076,1909f56bfc062723c751e8b465ee728b)
Start importing Assets/Resources/FloorPlan/Release/Room/Livingroom/PRE_ROO_Livingroom_06.prefab using Guid(8825d1d0b68664dc3b9ae3a87ad7ae66) Importer(815301076,1909f56bfc062723c751e8b465ee728b)  -> (artifact id: 'eb3bb658714b5852ba06353360f9dec3') in 0.380449 seconds 
========================================================================
Received Import Request.
  Time since last request: 3.645013 seconds.
  path: Assets/Resources/FloorPlan/Release/Room/Livingroom/PRE_ROO_Livingroom_07 .prefab
  artifactKey: Guid(19e70b290b1484fa6931c2e22408d9dc) Importer(815301076,1909f56bfc062723c751e8b465ee728b)
Start importing Assets/Resources/FloorPlan/Release/Room/Livingroom/PRE_ROO_Livingroom_07 .prefab using Guid(19e70b290b1484fa6931c2e22408d9dc) Importer(815301076,1909f56bfc062723c751e8b465ee728b)  -> (artifact id: '39e4a34495953e57da83f8f34ffeb78e') in 0.265685 seconds 
========================================================================
Received Import Request.
  Time since last request: 4.118433 seconds.
  path: Assets/Resources/FloorPlan/Release/Room/Livingroom/PRE_ROO_Livingroom_08.prefab
  artifactKey: Guid(76370c1d62a274b0da0fdd55d9ac24b7) Importer(815301076,1909f56bfc062723c751e8b465ee728b)
Start importing Assets/Resources/FloorPlan/Release/Room/Livingroom/PRE_ROO_Livingroom_08.prefab using Guid(76370c1d62a274b0da0fdd55d9ac24b7) Importer(815301076,1909f56bfc062723c751e8b465ee728b)  -> (artifact id: '25678bfbe05d8eba8e77069449e2337f') in 0.230745 seconds 
========================================================================
Received Import Request.
  Time since last request: 3.930976 seconds.
  path: Assets/Resources/FloorPlan/Release/Room/Livingroom/PRE_ROO_Livingroom_09.prefab
  artifactKey: Guid(a2fdff748feae41ecaea78690c380639) Importer(815301076,1909f56bfc062723c751e8b465ee728b)
Start importing Assets/Resources/FloorPlan/Release/Room/Livingroom/PRE_ROO_Livingroom_09.prefab using Guid(a2fdff748feae41ecaea78690c380639) Importer(815301076,1909f56bfc062723c751e8b465ee728b)  -> (artifact id: '223bde22b799f1b6b9a14314aac166f1') in 0.240211 seconds 
========================================================================
Received Import Request.
  Time since last request: 3.844676 seconds.
  path: Assets/Resources/FloorPlan/Release/Room/Livingroom/PRE_ROO_Livingroom_10.prefab
  artifactKey: Guid(715f10af54db3478d8e68508b12209fb) Importer(815301076,1909f56bfc062723c751e8b465ee728b)
Start importing Assets/Resources/FloorPlan/Release/Room/Livingroom/PRE_ROO_Livingroom_10.prefab using Guid(715f10af54db3478d8e68508b12209fb) Importer(815301076,1909f56bfc062723c751e8b465ee728b)  -> (artifact id: '07bf7ad1094c34324d5858c806fca2cd') in 0.269952 seconds 
========================================================================
Received Import Request.
  Time since last request: 4.010629 seconds.
  path: Assets/Resources/FloorPlan/Release/Room/Livingroom/PRE_ROO_Livingroom_11.prefab
  artifactKey: Guid(aa3e47f964958402aa6a94888c0d18f1) Importer(815301076,1909f56bfc062723c751e8b465ee728b)
Start importing Assets/Resources/FloorPlan/Release/Room/Livingroom/PRE_ROO_Livingroom_11.prefab using Guid(aa3e47f964958402aa6a94888c0d18f1) Importer(815301076,1909f56bfc062723c751e8b465ee728b)  -> (artifact id: 'b9b7d24b03721d542a36fc8abcd5dbfb') in 0.237995 seconds 
========================================================================
Received Import Request.
  Time since last request: 4.462377 seconds.
  path: Assets/Resources/FloorPlan/Release/Room/Livingroom/PRE_ROO_Livingroom_12.prefab
  artifactKey: Guid(891cc24a29832450e9fa670d63c1ad99) Importer(815301076,1909f56bfc062723c751e8b465ee728b)
Start importing Assets/Resources/FloorPlan/Release/Room/Livingroom/PRE_ROO_Livingroom_12.prefab using Guid(891cc24a29832450e9fa670d63c1ad99) Importer(815301076,1909f56bfc062723c751e8b465ee728b)  -> (artifact id: 'a8e63d17f7c089570422b4702c4fe144') in 0.255795 seconds 
========================================================================
Received Import Request.
  Time since last request: 4.572563 seconds.
  path: Assets/Resources/FloorPlan/Release/Room/Livingroom/PRE_ROO_Livingroom_13.prefab
  artifactKey: Guid(e6fa6c8afb3864578ae3e5211a0cc836) Importer(815301076,1909f56bfc062723c751e8b465ee728b)
Start importing Assets/Resources/FloorPlan/Release/Room/Livingroom/PRE_ROO_Livingroom_13.prefab using Guid(e6fa6c8afb3864578ae3e5211a0cc836) Importer(815301076,1909f56bfc062723c751e8b465ee728b)  -> (artifact id: '99e62e11551982a3effe530986cf8169') in 0.318856 seconds 
========================================================================
Received Import Request.
  Time since last request: 3.686334 seconds.
  path: Assets/Resources/FloorPlan/Release/Room/Livingroom/PRE_ROO_Livingroom_14.prefab
  artifactKey: Guid(613b1b2f715114adab216ed1fb09363b) Importer(815301076,1909f56bfc062723c751e8b465ee728b)
Start importing Assets/Resources/FloorPlan/Release/Room/Livingroom/PRE_ROO_Livingroom_14.prefab using Guid(613b1b2f715114adab216ed1fb09363b) Importer(815301076,1909f56bfc062723c751e8b465ee728b)  -> (artifact id: 'c04d417d92203a754eb1ea00df4b4adb') in 0.224141 seconds 
========================================================================
Received Import Request.
  Time since last request: 4.316371 seconds.
  path: Assets/Resources/FloorPlan/Release/Room/Livingroom/PRE_ROO_Livingroom_15.prefab
  artifactKey: Guid(a3174329e920241e78f94eab2bfc2b3f) Importer(815301076,1909f56bfc062723c751e8b465ee728b)
Start importing Assets/Resources/FloorPlan/Release/Room/Livingroom/PRE_ROO_Livingroom_15.prefab using Guid(a3174329e920241e78f94eab2bfc2b3f) Importer(815301076,1909f56bfc062723c751e8b465ee728b)  -> (artifact id: '966795c9df436b2cf17b5c67c0f293d2') in 0.257453 seconds 
========================================================================
Received Import Request.
  Time since last request: 8.869353 seconds.
  path: Assets/Resources/FloorPlan/Release/Room/Livingroom/PRE_ROO_Livingroom_16.prefab
  artifactKey: Guid(b2d867c2f38b249cfa1c399ce3fd44be) Importer(815301076,1909f56bfc062723c751e8b465ee728b)
Start importing Assets/Resources/FloorPlan/Release/Room/Livingroom/PRE_ROO_Livingroom_16.prefab using Guid(b2d867c2f38b249cfa1c399ce3fd44be) Importer(815301076,1909f56bfc062723c751e8b465ee728b)  -> (artifact id: 'ef2962e1c5353a1517e95b4bfdffcbef') in 0.258054 seconds 
========================================================================
Received Import Request.
  Time since last request: 5.756796 seconds.
  path: Assets/Resources/FloorPlan/Release/Room/Livingroom/PRE_ROO_Livingroom_17.prefab
  artifactKey: Guid(fbe05191a2e364e84a9588f5d3972296) Importer(815301076,1909f56bfc062723c751e8b465ee728b)
Start importing Assets/Resources/FloorPlan/Release/Room/Livingroom/PRE_ROO_Livingroom_17.prefab using Guid(fbe05191a2e364e84a9588f5d3972296) Importer(815301076,1909f56bfc062723c751e8b465ee728b)  -> (artifact id: '607588cdecd37a10c6f748685046fc77') in 0.215109 seconds 
========================================================================
Received Import Request.
  Time since last request: 4.659720 seconds.
  path: Assets/Resources/FloorPlan/Release/Room/Livingroom/PRE_ROO_Livingroom_18.prefab
  artifactKey: Guid(1f5c835a8ac9b42919cf96ad76f56b1d) Importer(815301076,1909f56bfc062723c751e8b465ee728b)
Start importing Assets/Resources/FloorPlan/Release/Room/Livingroom/PRE_ROO_Livingroom_18.prefab using Guid(1f5c835a8ac9b42919cf96ad76f56b1d) Importer(815301076,1909f56bfc062723c751e8b465ee728b)  -> (artifact id: '0bd5b58148012f7bf7532f35c00d36bd') in 0.226864 seconds 
========================================================================
Received Import Request.
  Time since last request: 4.092343 seconds.
  path: Assets/Resources/FloorPlan/Release/Room/Livingroom/PRE_ROO_Livingroom_19.prefab
  artifactKey: Guid(abfe87d1ec6c8450f8f3d5795ca9f4ab) Importer(815301076,1909f56bfc062723c751e8b465ee728b)
Start importing Assets/Resources/FloorPlan/Release/Room/Livingroom/PRE_ROO_Livingroom_19.prefab using Guid(abfe87d1ec6c8450f8f3d5795ca9f4ab) Importer(815301076,1909f56bfc062723c751e8b465ee728b)  -> (artifact id: 'ce78e64b87fbd6bf0c7c322003a4925c') in 0.199409 seconds 
========================================================================
Received Import Request.
  Time since last request: 4.428721 seconds.
  path: Assets/Resources/FloorPlan/Release/Room/Livingroom/PRE_ROO_Livingroom_20.prefab
  artifactKey: Guid(53b412531e5cb49be9025aeb376ae237) Importer(815301076,1909f56bfc062723c751e8b465ee728b)
Start importing Assets/Resources/FloorPlan/Release/Room/Livingroom/PRE_ROO_Livingroom_20.prefab using Guid(53b412531e5cb49be9025aeb376ae237) Importer(815301076,1909f56bfc062723c751e8b465ee728b)  -> (artifact id: '8f9221956be669061578ae5d840494b5') in 0.274980 seconds 
========================================================================
Received Import Request.
  Time since last request: 4.431468 seconds.
  path: Assets/Resources/FloorPlan/Release/Room/Livingroom/PRE_ROO_Livingroom_21_1.prefab
  artifactKey: Guid(f023ba45aa96c4cdf94435f758b4a323) Importer(815301076,1909f56bfc062723c751e8b465ee728b)
Start importing Assets/Resources/FloorPlan/Release/Room/Livingroom/PRE_ROO_Livingroom_21_1.prefab using Guid(f023ba45aa96c4cdf94435f758b4a323) Importer(815301076,1909f56bfc062723c751e8b465ee728b)  -> (artifact id: '5d364ba27342e9d4753e212416388608') in 0.216510 seconds 
========================================================================
Received Import Request.
  Time since last request: 4.046492 seconds.
  path: Assets/Resources/FloorPlan/Release/Room/Livingroom/PRE_ROO_Livingroom_21_2.prefab
  artifactKey: Guid(6df827dd0be6e474dbb212a4f48fb503) Importer(815301076,1909f56bfc062723c751e8b465ee728b)
Start importing Assets/Resources/FloorPlan/Release/Room/Livingroom/PRE_ROO_Livingroom_21_2.prefab using Guid(6df827dd0be6e474dbb212a4f48fb503) Importer(815301076,1909f56bfc062723c751e8b465ee728b)  -> (artifact id: 'c22703179aca226fe31652875a9de571') in 0.201066 seconds 
========================================================================
Received Import Request.
  Time since last request: 4.070593 seconds.
  path: Assets/Resources/FloorPlan/Release/Room/Livingroom/PRE_ROO_Livingroom_22.prefab
  artifactKey: Guid(98e8ec93e41dd4fc5be408be286c8c6b) Importer(815301076,1909f56bfc062723c751e8b465ee728b)
Start importing Assets/Resources/FloorPlan/Release/Room/Livingroom/PRE_ROO_Livingroom_22.prefab using Guid(98e8ec93e41dd4fc5be408be286c8c6b) Importer(815301076,1909f56bfc062723c751e8b465ee728b)  -> (artifact id: '83f309be303f44a1da1c4828dc212492') in 0.257844 seconds 
========================================================================
Received Import Request.
  Time since last request: 4.413954 seconds.
  path: Assets/Resources/FloorPlan/Release/Room/Livingroom/PRE_ROO_Livingroom_23.prefab
  artifactKey: Guid(78aafb077bcc84f5587b963259586506) Importer(815301076,1909f56bfc062723c751e8b465ee728b)
Start importing Assets/Resources/FloorPlan/Release/Room/Livingroom/PRE_ROO_Livingroom_23.prefab using Guid(78aafb077bcc84f5587b963259586506) Importer(815301076,1909f56bfc062723c751e8b465ee728b)  -> (artifact id: 'f2f72c8cda40ee130eb1c7d32d4a3d07') in 0.166559 seconds 
========================================================================
Received Import Request.
  Time since last request: 4.779275 seconds.
  path: Assets/Resources/FloorPlan/Release/Room/Livingroom/PRE_ROO_Livingroom_24.prefab
  artifactKey: Guid(558e1a214270f4a7dbc25ef5d040b0f5) Importer(815301076,1909f56bfc062723c751e8b465ee728b)
Start importing Assets/Resources/FloorPlan/Release/Room/Livingroom/PRE_ROO_Livingroom_24.prefab using Guid(558e1a214270f4a7dbc25ef5d040b0f5) Importer(815301076,1909f56bfc062723c751e8b465ee728b)  -> (artifact id: '1a8b22760535d10cb387b8aac0fe3530') in 0.252302 seconds 
========================================================================
Received Import Request.
  Time since last request: 4.543598 seconds.
  path: Assets/Resources/FloorPlan/Release/Room/Livingroom/PRE_ROO_Livingroom_25.prefab
  artifactKey: Guid(88ff8e3704289445e813c73118ee192f) Importer(815301076,1909f56bfc062723c751e8b465ee728b)
Start importing Assets/Resources/FloorPlan/Release/Room/Livingroom/PRE_ROO_Livingroom_25.prefab using Guid(88ff8e3704289445e813c73118ee192f) Importer(815301076,1909f56bfc062723c751e8b465ee728b)  -> (artifact id: '11e5d4d85ccd6698276c1dfb4f6ed47b') in 0.203446 seconds 
========================================================================
Received Import Request.
  Time since last request: 7.697085 seconds.
  path: Assets/Resources/FloorPlan/Release/Room/Livingroom/PRE_ROO_Livingroom_26.prefab
  artifactKey: Guid(e6b94b68078124b6e838d495278fc540) Importer(815301076,1909f56bfc062723c751e8b465ee728b)
Start importing Assets/Resources/FloorPlan/Release/Room/Livingroom/PRE_ROO_Livingroom_26.prefab using Guid(e6b94b68078124b6e838d495278fc540) Importer(815301076,1909f56bfc062723c751e8b465ee728b)  -> (artifact id: 'a62bc4db5b62dabe61a743f4dcf92d5d') in 0.283550 seconds 
========================================================================
Received Import Request.
  Time since last request: 6.577261 seconds.
  path: Assets/Resources/FloorPlan/Release/Room/Livingroom/PRE_ROO_Livingroom_27.prefab
  artifactKey: Guid(965e69fe0d24a43eb9ca78c689293f1d) Importer(815301076,1909f56bfc062723c751e8b465ee728b)
Start importing Assets/Resources/FloorPlan/Release/Room/Livingroom/PRE_ROO_Livingroom_27.prefab using Guid(965e69fe0d24a43eb9ca78c689293f1d) Importer(815301076,1909f56bfc062723c751e8b465ee728b)  -> (artifact id: '8c80a8ce4abc3c4b78be6c8d5bd8b23b') in 0.283951 seconds 
========================================================================
Received Import Request.
  Time since last request: 3.974665 seconds.
  path: Assets/Resources/FloorPlan/Release/Room/Livingroom/PRE_ROO_Livingroom_28.prefab
  artifactKey: Guid(99eac39e3f02f4f62a2028d4247302fc) Importer(815301076,1909f56bfc062723c751e8b465ee728b)
Start importing Assets/Resources/FloorPlan/Release/Room/Livingroom/PRE_ROO_Livingroom_28.prefab using Guid(99eac39e3f02f4f62a2028d4247302fc) Importer(815301076,1909f56bfc062723c751e8b465ee728b)  -> (artifact id: '0c36fecdef410395db0152becdd76537') in 0.328693 seconds 
========================================================================
Received Import Request.
  Time since last request: 3.622114 seconds.
  path: Assets/Resources/FloorPlan/Release/Room/Livingroom/PRE_ROO_Livingroom_29.prefab
  artifactKey: Guid(ff1201ffa33144ae3ba20d9317b06758) Importer(815301076,1909f56bfc062723c751e8b465ee728b)
Start importing Assets/Resources/FloorPlan/Release/Room/Livingroom/PRE_ROO_Livingroom_29.prefab using Guid(ff1201ffa33144ae3ba20d9317b06758) Importer(815301076,1909f56bfc062723c751e8b465ee728b)  -> (artifact id: '5b6872a449df0e30cfbe171318b7ca02') in 0.274592 seconds 
========================================================================
Received Import Request.
  Time since last request: 3.733832 seconds.
  path: Assets/Resources/FloorPlan/Release/Room/Livingroom/PRE_ROO_Livingroom_30_1.prefab
  artifactKey: Guid(9312d44d594ee4bca85766cdcd9878b1) Importer(815301076,1909f56bfc062723c751e8b465ee728b)
Start importing Assets/Resources/FloorPlan/Release/Room/Livingroom/PRE_ROO_Livingroom_30_1.prefab using Guid(9312d44d594ee4bca85766cdcd9878b1) Importer(815301076,1909f56bfc062723c751e8b465ee728b)  -> (artifact id: '3d1646d7a43e787216647d6a2c5b13c2') in 0.308789 seconds 
========================================================================
Received Import Request.
  Time since last request: 4.105756 seconds.
  path: Assets/Resources/FloorPlan/Release/Room/Livingroom/PRE_ROO_Livingroom_30_2.prefab
  artifactKey: Guid(7c72828cfd2194d9fa2bde3082fd8aab) Importer(815301076,1909f56bfc062723c751e8b465ee728b)
Start importing Assets/Resources/FloorPlan/Release/Room/Livingroom/PRE_ROO_Livingroom_30_2.prefab using Guid(7c72828cfd2194d9fa2bde3082fd8aab) Importer(815301076,1909f56bfc062723c751e8b465ee728b)  -> (artifact id: 'fac4b28272dbaa1e20604cd27c2ab709') in 0.218057 seconds 
========================================================================
Received Import Request.
  Time since last request: 3.941893 seconds.
  path: Assets/Resources/FloorPlan/Release/Room/Livingroom/PRE_ROO_Livingroom_31.prefab
  artifactKey: Guid(50d3747eddea3413d9d1086e6d9d13b4) Importer(815301076,1909f56bfc062723c751e8b465ee728b)
Start importing Assets/Resources/FloorPlan/Release/Room/Livingroom/PRE_ROO_Livingroom_31.prefab using Guid(50d3747eddea3413d9d1086e6d9d13b4) Importer(815301076,1909f56bfc062723c751e8b465ee728b)  -> (artifact id: '9c73f4d0cefeee149b783b9364cf89ba') in 0.248211 seconds 
========================================================================
Received Import Request.
  Time since last request: 4.427132 seconds.
  path: Assets/Resources/FloorPlan/Release/Room/Livingroom/PRE_ROO_Livingroom_32.prefab
  artifactKey: Guid(b95ab74a59f744d3c955a5fefdab7d08) Importer(815301076,1909f56bfc062723c751e8b465ee728b)
Start importing Assets/Resources/FloorPlan/Release/Room/Livingroom/PRE_ROO_Livingroom_32.prefab using Guid(b95ab74a59f744d3c955a5fefdab7d08) Importer(815301076,1909f56bfc062723c751e8b465ee728b)  -> (artifact id: 'c05001818c6ccbfea457b17312d9062a') in 0.202178 seconds 
========================================================================
Received Import Request.
  Time since last request: 4.082526 seconds.
  path: Assets/Resources/FloorPlan/Release/Room/Livingroom/PRE_ROO_Livingroom_33.prefab
  artifactKey: Guid(645b111e604254831ae69d98dbb868c9) Importer(815301076,1909f56bfc062723c751e8b465ee728b)
Start importing Assets/Resources/FloorPlan/Release/Room/Livingroom/PRE_ROO_Livingroom_33.prefab using Guid(645b111e604254831ae69d98dbb868c9) Importer(815301076,1909f56bfc062723c751e8b465ee728b)  -> (artifact id: '5f15970afc4d87e82e3486e0ab7243ae') in 0.304445 seconds 
========================================================================
Received Import Request.
  Time since last request: 4.060454 seconds.
  path: Assets/Resources/FloorPlan/Release/Room/Livingroom/PRE_ROO_Livingroom_34.prefab
  artifactKey: Guid(529fe4a6bbce9460c8a6273d46414653) Importer(815301076,1909f56bfc062723c751e8b465ee728b)
Start importing Assets/Resources/FloorPlan/Release/Room/Livingroom/PRE_ROO_Livingroom_34.prefab using Guid(529fe4a6bbce9460c8a6273d46414653) Importer(815301076,1909f56bfc062723c751e8b465ee728b)  -> (artifact id: '32bea34177c84282cdef5e6436d72448') in 0.282248 seconds 
========================================================================
Received Import Request.
  Time since last request: 4.678707 seconds.
  path: Assets/Resources/FloorPlan/Release/Room/Livingroom/PRE_ROO_Livingroom_35.prefab
  artifactKey: Guid(40b55f42e216240a2837cd849b527c7f) Importer(815301076,1909f56bfc062723c751e8b465ee728b)
Start importing Assets/Resources/FloorPlan/Release/Room/Livingroom/PRE_ROO_Livingroom_35.prefab using Guid(40b55f42e216240a2837cd849b527c7f) Importer(815301076,1909f56bfc062723c751e8b465ee728b)  -> (artifact id: 'd25f200be549255f32a36b6f1c5a6eba') in 0.241683 seconds 
========================================================================
Received Import Request.
  Time since last request: 5.234889 seconds.
  path: Assets/Resources/FloorPlan/Release/Room/Livingroom/PRE_ROO_Livingroom_36.prefab
  artifactKey: Guid(3e8ff57afe0df42b6a2e1d10498c2939) Importer(815301076,1909f56bfc062723c751e8b465ee728b)
Start importing Assets/Resources/FloorPlan/Release/Room/Livingroom/PRE_ROO_Livingroom_36.prefab using Guid(3e8ff57afe0df42b6a2e1d10498c2939) Importer(815301076,1909f56bfc062723c751e8b465ee728b)  -> (artifact id: '3d20e8eaff081801cee2cc51a54f3a43') in 0.200234 seconds 
========================================================================
Received Import Request.
  Time since last request: 3.788621 seconds.
  path: Assets/Resources/FloorPlan/Release/Room/Livingroom/PRE_ROO_Livingroom_36_2.prefab
  artifactKey: Guid(4bc422d054eaf4c5e80debc815ee0154) Importer(815301076,1909f56bfc062723c751e8b465ee728b)
Start importing Assets/Resources/FloorPlan/Release/Room/Livingroom/PRE_ROO_Livingroom_36_2.prefab using Guid(4bc422d054eaf4c5e80debc815ee0154) Importer(815301076,1909f56bfc062723c751e8b465ee728b)  -> (artifact id: '6bf32c382fe348959ce1fece110f5d7a') in 0.197654 seconds 
========================================================================
Received Import Request.
  Time since last request: 4.061457 seconds.
  path: Assets/Resources/FloorPlan/Release/Room/Livingroom/PRE_ROO_Livingroom_37.prefab
  artifactKey: Guid(643acd982008c46b5939a84c9020860f) Importer(815301076,1909f56bfc062723c751e8b465ee728b)
Start importing Assets/Resources/FloorPlan/Release/Room/Livingroom/PRE_ROO_Livingroom_37.prefab using Guid(643acd982008c46b5939a84c9020860f) Importer(815301076,1909f56bfc062723c751e8b465ee728b)  -> (artifact id: '5e86e6136c7c7ed1374a187e1118d3f0') in 0.283615 seconds 
========================================================================
Received Import Request.
  Time since last request: 3.590233 seconds.
  path: Assets/Resources/FloorPlan/Release/Room/Livingroom/PRE_ROO_Livingroom_38.prefab
  artifactKey: Guid(0a320a087366341d6a4eb9c0e2797e7f) Importer(815301076,1909f56bfc062723c751e8b465ee728b)
Start importing Assets/Resources/FloorPlan/Release/Room/Livingroom/PRE_ROO_Livingroom_38.prefab using Guid(0a320a087366341d6a4eb9c0e2797e7f) Importer(815301076,1909f56bfc062723c751e8b465ee728b)  -> (artifact id: '56fb75e154ec9409918abefd9b63f474') in 0.390905 seconds 
========================================================================
Received Import Request.
  Time since last request: 4.868881 seconds.
  path: Assets/Resources/FloorPlan/Release/Room/Livingroom/PRE_ROO_Livingroom_39.prefab
  artifactKey: Guid(d9e90eda43b4642e894cfd0a506cde8e) Importer(815301076,1909f56bfc062723c751e8b465ee728b)
Start importing Assets/Resources/FloorPlan/Release/Room/Livingroom/PRE_ROO_Livingroom_39.prefab using Guid(d9e90eda43b4642e894cfd0a506cde8e) Importer(815301076,1909f56bfc062723c751e8b465ee728b)  -> (artifact id: '307278c666e47f4692272f84f9a7583b') in 0.270123 seconds 
========================================================================
Received Import Request.
  Time since last request: 4.007066 seconds.
  path: Assets/Resources/FloorPlan/Release/Room/Livingroom/PRE_ROO_Livingroom_40.prefab
  artifactKey: Guid(9afe78a2fb3c04e8a97b1bd1644d7516) Importer(815301076,1909f56bfc062723c751e8b465ee728b)
Start importing Assets/Resources/FloorPlan/Release/Room/Livingroom/PRE_ROO_Livingroom_40.prefab using Guid(9afe78a2fb3c04e8a97b1bd1644d7516) Importer(815301076,1909f56bfc062723c751e8b465ee728b)  -> (artifact id: 'd0b91115624b190ff016f966ce351915') in 0.308993 seconds 
========================================================================
Received Import Request.
  Time since last request: 3.746330 seconds.
  path: Assets/Resources/FloorPlan/Release/Room/Livingroom/PRE_ROO_Livingroom_42.prefab
  artifactKey: Guid(3da46d36e450f4b51b1f157d08ef72f1) Importer(815301076,1909f56bfc062723c751e8b465ee728b)
Start importing Assets/Resources/FloorPlan/Release/Room/Livingroom/PRE_ROO_Livingroom_42.prefab using Guid(3da46d36e450f4b51b1f157d08ef72f1) Importer(815301076,1909f56bfc062723c751e8b465ee728b)  -> (artifact id: '22c240875f6c8870880e88356fec8ba2') in 0.252175 seconds 
========================================================================
Received Import Request.
  Time since last request: 4.584684 seconds.
  path: Assets/Resources/FloorPlan/Release/Room/Livingroom/PRE_ROO_Livingroom_43.prefab
  artifactKey: Guid(d0564268e071d4baba6995351583e853) Importer(815301076,1909f56bfc062723c751e8b465ee728b)
Start importing Assets/Resources/FloorPlan/Release/Room/Livingroom/PRE_ROO_Livingroom_43.prefab using Guid(d0564268e071d4baba6995351583e853) Importer(815301076,1909f56bfc062723c751e8b465ee728b)  -> (artifact id: 'f5659e7b3cba44fac16f3ed54fd9124a') in 0.412917 seconds 
========================================================================
Received Import Request.
  Time since last request: 4.652833 seconds.
  path: Assets/Resources/FloorPlan/Release/Room/Livingroom/PRE_ROO_Livingroom_44.prefab
  artifactKey: Guid(2abf339e6ca2f4aef8d893c5d81eda55) Importer(815301076,1909f56bfc062723c751e8b465ee728b)
Start importing Assets/Resources/FloorPlan/Release/Room/Livingroom/PRE_ROO_Livingroom_44.prefab using Guid(2abf339e6ca2f4aef8d893c5d81eda55) Importer(815301076,1909f56bfc062723c751e8b465ee728b)  -> (artifact id: 'b1a5e839ccedca60f1f550baf2744739') in 0.368306 seconds 
========================================================================
Received Import Request.
  Time since last request: 4.078922 seconds.
  path: Assets/Resources/FloorPlan/Release/Room/Livingroom/PRE_ROO_Livingroom_45.prefab
  artifactKey: Guid(8af8fcf11818a44ac9a065d9c2ea2f5f) Importer(815301076,1909f56bfc062723c751e8b465ee728b)
Start importing Assets/Resources/FloorPlan/Release/Room/Livingroom/PRE_ROO_Livingroom_45.prefab using Guid(8af8fcf11818a44ac9a065d9c2ea2f5f) Importer(815301076,1909f56bfc062723c751e8b465ee728b)  -> (artifact id: '7ca3504633b24c267659d52b78bf3ebf') in 0.346439 seconds 
========================================================================
Received Import Request.
  Time since last request: 4.714588 seconds.
  path: Assets/Resources/FloorPlan/Release/Room/Livingroom/PRE_ROO_Livingroom_46.prefab
  artifactKey: Guid(1f16eecf02a404268a9f0d3e6f9c420a) Importer(815301076,1909f56bfc062723c751e8b465ee728b)
Start importing Assets/Resources/FloorPlan/Release/Room/Livingroom/PRE_ROO_Livingroom_46.prefab using Guid(1f16eecf02a404268a9f0d3e6f9c420a) Importer(815301076,1909f56bfc062723c751e8b465ee728b)  -> (artifact id: 'a32437471958c7c5a511af7398098555') in 0.947988 seconds 
========================================================================
Received Import Request.
  Time since last request: 4.091776 seconds.
  path: Assets/Resources/FloorPlan/Release/Room/Livingroom/PRE_ROO_Livingroom_47.prefab
  artifactKey: Guid(f184040beae284abd9c7fb50c1630b7a) Importer(815301076,1909f56bfc062723c751e8b465ee728b)
Start importing Assets/Resources/FloorPlan/Release/Room/Livingroom/PRE_ROO_Livingroom_47.prefab using Guid(f184040beae284abd9c7fb50c1630b7a) Importer(815301076,1909f56bfc062723c751e8b465ee728b)  -> (artifact id: '45efaa7065ced2803f695c4f4b6a55b7') in 0.206828 seconds 
========================================================================
Received Import Request.
  Time since last request: 4.906017 seconds.
  path: Assets/Resources/FloorPlan/Release/Room/Livingroom/PRE_ROO_Livingroom_48.prefab
  artifactKey: Guid(94afa60d0bc8e4ef2b22cbbf1ec8fb24) Importer(815301076,1909f56bfc062723c751e8b465ee728b)
Start importing Assets/Resources/FloorPlan/Release/Room/Livingroom/PRE_ROO_Livingroom_48.prefab using Guid(94afa60d0bc8e4ef2b22cbbf1ec8fb24) Importer(815301076,1909f56bfc062723c751e8b465ee728b)  -> (artifact id: 'c70024c4331cd895d0177b480a7dd630') in 0.334504 seconds 
========================================================================
Received Import Request.
  Time since last request: 4.718221 seconds.
  path: Assets/Resources/FloorPlan/Release/Room/Livingroom/PRE_ROO_Livingroom_49.prefab
  artifactKey: Guid(4b1c0a9e2c5f74722856b739391de29c) Importer(815301076,1909f56bfc062723c751e8b465ee728b)
Start importing Assets/Resources/FloorPlan/Release/Room/Livingroom/PRE_ROO_Livingroom_49.prefab using Guid(4b1c0a9e2c5f74722856b739391de29c) Importer(815301076,1909f56bfc062723c751e8b465ee728b)  -> (artifact id: '4fda6de4c9e83a6cc92179abb5175bff') in 0.322695 seconds 
