Unity Editor version:    2021.2.10f1 (ee872746220e)
Branch:                  2021.2/staging
Build type:              Release
Batch mode:              YES
macOS version:           Version 12.1 (Build 21C52)
Darwin version:          21.2.0
Architecture:            x86_64
Running under Rosetta:   NO
Available memory:        65536 MB
Using pre-set license
Pro License: NO

COMMAND LINE ARGUMENTS:
/Applications/Unity/Hub/Editor/2021.2.10f1/Unity.app/Contents/MacOS/Unity
-adb2
-batchMode
-noUpm
-name
AssetImportWorker23
-projectPath
/Users/kabirswain/Documents/GitHub/virtualhome_unity
-logFile
Logs/AssetImportWorker23.log
-srvPort
51548
Successfully changed project path to: /Users/kabirswain/Documents/GitHub/virtualhome_unity
/Users/kabirswain/Documents/GitHub/virtualhome_unity
[UnityMemory] Configuration Parameters - Can be set up in boot.config
    "memorysetup-bucket-allocator-granularity=16"
    "memorysetup-bucket-allocator-bucket-count=8"
    "memorysetup-bucket-allocator-block-size=33554432"
    "memorysetup-bucket-allocator-block-count=8"
    "memorysetup-main-allocator-block-size=16777216"
    "memorysetup-thread-allocator-block-size=16777216"
    "memorysetup-gfx-main-allocator-block-size=16777216"
    "memorysetup-gfx-thread-allocator-block-size=16777216"
    "memorysetup-cache-allocator-block-size=4194304"
    "memorysetup-typetree-allocator-block-size=2097152"
    "memorysetup-profiler-bucket-allocator-granularity=16"
    "memorysetup-profiler-bucket-allocator-bucket-count=8"
    "memorysetup-profiler-bucket-allocator-block-size=33554432"
    "memorysetup-profiler-bucket-allocator-block-count=8"
    "memorysetup-profiler-allocator-block-size=16777216"
    "memorysetup-profiler-editor-allocator-block-size=1048576"
    "memorysetup-temp-allocator-size-main=16777216"
    "memorysetup-job-temp-allocator-block-size=2097152"
    "memorysetup-job-temp-allocator-block-size-background=1048576"
    "memorysetup-job-temp-allocator-reduction-small-platforms=262144"
    "memorysetup-temp-allocator-size-background-worker=32768"
    "memorysetup-temp-allocator-size-job-worker=262144"
    "memorysetup-temp-allocator-size-preload-manager=33554432"
    "memorysetup-temp-allocator-size-nav-mesh-worker=65536"
    "memorysetup-temp-allocator-size-audio-worker=65536"
    "memorysetup-temp-allocator-size-cloud-worker=32768"
    "memorysetup-temp-allocator-size-gi-baking-worker=262144"
    "memorysetup-temp-allocator-size-gfx=262144"
Refreshing native plugins compatible for Editor in 169.80 ms, found 2 plugins.
Preloading 0 native plugins for Editor in 0.00 ms.
Initialize engine version: 2021.2.10f1 (ee872746220e)
[Subsystems] Discovering subsystems at path /Applications/Unity/Hub/Editor/2021.2.10f1/Unity.app/Contents/Resources/UnitySubsystems
[Subsystems] Discovering subsystems at path /Users/kabirswain/Documents/GitHub/virtualhome_unity/Assets
GfxDevice: creating device client; threaded=0; jobified=0
Color LCD preferred device: AMD Radeon Pro 5600M (high power)
Metal devices available: 2
0: AMD Radeon Pro 5600M (high power)
1: Intel(R) UHD Graphics 630 (low power)
Using device AMD Radeon Pro 5600M (high power)
Initializing Metal device caps: AMD Radeon Pro 5600M
Initialize mono
Mono path[0] = '/Applications/Unity/Hub/Editor/2021.2.10f1/Unity.app/Contents/Managed'
Mono path[1] = '/Applications/Unity/Hub/Editor/2021.2.10f1/Unity.app/Contents/MonoBleedingEdge/lib/mono/unityjit-macos'
Mono config path = '/Applications/Unity/Hub/Editor/2021.2.10f1/Unity.app/Contents/MonoBleedingEdge/etc'
Using monoOptions --debugger-agent=transport=dt_socket,embedding=1,server=y,suspend=n,address=127.0.0.1:56382
Begin MonoManager ReloadAssembly
Registering precompiled unity dll's ...
Register platform support module: /Applications/Unity/Hub/Editor/2021.2.10f1/Unity.app/Contents/PlaybackEngines/MacStandaloneSupport/UnityEditor.OSXStandalone.Extensions.dll
Register platform support module: /Applications/Unity/Hub/Editor/2021.2.10f1/PlaybackEngines/WindowsStandaloneSupport/UnityEditor.WindowsStandalone.Extensions.dll
Register platform support module: /Applications/Unity/Hub/Editor/2021.2.10f1/PlaybackEngines/LinuxStandaloneSupport/UnityEditor.LinuxStandalone.Extensions.dll
Registered in 0.001983 seconds.
Native extension for LinuxStandalone target not found
Native extension for WindowsStandalone target not found
Native extension for OSXStandalone target not found
Refreshing native plugins compatible for Editor in 157.55 ms, found 2 plugins.
Preloading 0 native plugins for Editor in 0.00 ms.
Mono: successfully reloaded assembly
- Completed reload, in  0.840 seconds
Domain Reload Profiling:
	ReloadAssembly (840ms)
		BeginReloadAssembly (69ms)
			ExecutionOrderSort (0ms)
			DisableScriptedObjects (0ms)
			BackupInstance (0ms)
			ReleaseScriptingObjects (0ms)
			CreateAndSetChildDomain (1ms)
		EndReloadAssembly (661ms)
			LoadAssemblies (68ms)
			RebuildTransferFunctionScriptingTraits (0ms)
			SetupTypeCache (146ms)
			ReleaseScriptCaches (0ms)
			RebuildScriptCaches (38ms)
			SetupLoadedEditorAssemblies (413ms)
				LogAssemblyErrors (0ms)
				InitializePlatformSupportModulesInManaged (18ms)
				SetLoadedEditorAssemblies (0ms)
				RefreshPlugins (158ms)
				BeforeProcessingInitializeOnLoad (1ms)
				ProcessInitializeOnLoadAttributes (180ms)
				ProcessInitializeOnLoadMethodAttributes (55ms)
				AfterProcessingInitializeOnLoad (0ms)
				EditorAssembliesLoaded (0ms)
			ExecutionOrderSort2 (0ms)
			AwakeInstancesAfterBackupRestoration (0ms)
Platform modules already initialized, skipping
Registering precompiled user dll's ...
Registered in 0.002289 seconds.
Begin MonoManager ReloadAssembly
Native extension for LinuxStandalone target not found
Native extension for WindowsStandalone target not found
Native extension for OSXStandalone target not found
Refreshing native plugins compatible for Editor in 2.52 ms, found 2 plugins.
Preloading 0 native plugins for Editor in 0.00 ms.
Package Manager log level set to [2]
Mono: successfully reloaded assembly
- Completed reload, in  1.310 seconds
Domain Reload Profiling:
	ReloadAssembly (1311ms)
		BeginReloadAssembly (113ms)
			ExecutionOrderSort (0ms)
			DisableScriptedObjects (8ms)
			BackupInstance (0ms)
			ReleaseScriptingObjects (0ms)
			CreateAndSetChildDomain (26ms)
		EndReloadAssembly (1074ms)
			LoadAssemblies (64ms)
			RebuildTransferFunctionScriptingTraits (0ms)
			SetupTypeCache (278ms)
			ReleaseScriptCaches (1ms)
			RebuildScriptCaches (79ms)
			SetupLoadedEditorAssemblies (591ms)
				LogAssemblyErrors (0ms)
				InitializePlatformSupportModulesInManaged (17ms)
				SetLoadedEditorAssemblies (1ms)
				RefreshPlugins (3ms)
				BeforeProcessingInitializeOnLoad (67ms)
				ProcessInitializeOnLoadAttributes (314ms)
				ProcessInitializeOnLoadMethodAttributes (187ms)
				AfterProcessingInitializeOnLoad (2ms)
				EditorAssembliesLoaded (0ms)
			ExecutionOrderSort2 (0ms)
			AwakeInstancesAfterBackupRestoration (5ms)
Platform modules already initialized, skipping
========================================================================
Worker process is ready to serve import requests
database is locked
Launching external process: /Applications/Unity/Hub/Editor/2021.2.10f1/Unity.app/Contents/Tools/UnityShaderCompiler
Launched and connected shader compiler UnityShaderCompiler after 0.07 seconds
Refreshing native plugins compatible for Editor in 2.05 ms, found 2 plugins.
Preloading 0 native plugins for Editor in 0.00 ms.
Unloading 2957 Unused Serialized files (Serialized files now loaded: 0)
Unloading 70 unused Assets / (1.1 MB). Loaded Objects now: 3417.
Memory consumption went from 282.3 MB to 281.3 MB.
Total: 8.091844 ms (FindLiveObjects: 0.266174 ms CreateObjectMapping: 0.187084 ms MarkObjects: 6.905767 ms  DeleteObjects: 0.731512 ms)

AssetImportParameters requested are different than current active one (requested -> active):
  custom:video-decoder-ogg-theora: a1e56fd34408186e4bbccfd4996cb3dc -> 
  custom:container-muxer-webm: aa71ff27fc2769a1b78a27578f13a17b -> 
  custom:container-demuxer-webm: 4f35f7cbe854078d1ac9338744f61a02 -> 
  custom:video-encoder-webm-vp8: eb34c28f22e8b96e1ab97ce403110664 -> 
  custom:framework-osx-AVFoundation: e770b220cccbd017edd2c1fefb359320 -> 
  custom:audio-encoder-webm-vorbis: bf7c407c2cedff20999df2af8eb42d56 -> 
  custom:container-demuxer-ogg: 62fdf1f143b41e24485cea50d1cbac27 -> 
  custom:video-decoder-webm-vp8: 9c59270c3fd7afecdb556c50c9e8de78 -> 
  custom:audio-decoder-ogg-vorbis: bf7c407c2cedff20999df2af8eb42d56 -> 
========================================================================
Received Import Request.
  Time since last request: 1712820.063026 seconds.
  path: Assets/Resources/FloorPlan/Release/Home/Home_13.prefab
  artifactKey: Guid(9ebaec5b2f8f44e6e8edc86e71d64aa2) Importer(815301076,1909f56bfc062723c751e8b465ee728b)
Start importing Assets/Resources/FloorPlan/Release/Home/Home_13.prefab using Guid(9ebaec5b2f8f44e6e8edc86e71d64aa2) Importer(815301076,1909f56bfc062723c751e8b465ee728b)  -> (artifact id: '9fb4900c85285edeb7917eb2d4101928') in 0.947093 seconds 
========================================================================
Received Import Request.
  Time since last request: 0.000065 seconds.
  path: Assets/Resources/FloorPlan/Release/Home/Home_6.prefab
  artifactKey: Guid(9d1613b94c9574dc0a992a2a80102c47) Importer(815301076,1909f56bfc062723c751e8b465ee728b)
Start importing Assets/Resources/FloorPlan/Release/Home/Home_6.prefab using Guid(9d1613b94c9574dc0a992a2a80102c47) Importer(815301076,1909f56bfc062723c751e8b465ee728b)  -> (artifact id: '7d1350d0ec5ba198027a49674aa2206b') in 1.031762 seconds 
========================================================================
Received Import Request.
  Time since last request: 0.001279 seconds.
  path: Assets/Resources/FloorPlan/Release/Home/Home_16.prefab
  artifactKey: Guid(9e1c858c7c6e2426e826a98c7536be7c) Importer(815301076,1909f56bfc062723c751e8b465ee728b)
Start importing Assets/Resources/FloorPlan/Release/Home/Home_16.prefab using Guid(9e1c858c7c6e2426e826a98c7536be7c) Importer(815301076,1909f56bfc062723c751e8b465ee728b)  -> (artifact id: 'fcb55aed0ae6fd81b4621578d161e9f4') in 0.699624 seconds 
========================================================================
Received Import Request.
  Time since last request: 0.000073 seconds.
  path: Assets/Resources/FloorPlan/Release/Home/Home_9.prefab
  artifactKey: Guid(d78379aef0797433ca2a1c80efa877c0) Importer(815301076,1909f56bfc062723c751e8b465ee728b)
Start importing Assets/Resources/FloorPlan/Release/Home/Home_9.prefab using Guid(d78379aef0797433ca2a1c80efa877c0) Importer(815301076,1909f56bfc062723c751e8b465ee728b)  -> (artifact id: '633d9abce7de8b4b00a396ef945a4cde') in 0.612098 seconds 
========================================================================
Received Import Request.
  Time since last request: 0.000060 seconds.
  path: Assets/Resources/FloorPlan/Release/Home/Home_46.prefab
  artifactKey: Guid(beaa8b92b36e34327b45886471e35b76) Importer(815301076,1909f56bfc062723c751e8b465ee728b)
Start importing Assets/Resources/FloorPlan/Release/Home/Home_46.prefab using Guid(beaa8b92b36e34327b45886471e35b76) Importer(815301076,1909f56bfc062723c751e8b465ee728b)  -> (artifact id: 'f49d3200952355d1332768504001fde7') in 0.731622 seconds 
========================================================================
Received Import Request.
  Time since last request: 0.000196 seconds.
  path: Assets/Resources/FloorPlan/Release/Home/Home_17.prefab
  artifactKey: Guid(d1c9f53e4532e4c12bd3bc56eb3dc4d8) Importer(815301076,1909f56bfc062723c751e8b465ee728b)
Start importing Assets/Resources/FloorPlan/Release/Home/Home_17.prefab using Guid(d1c9f53e4532e4c12bd3bc56eb3dc4d8) Importer(815301076,1909f56bfc062723c751e8b465ee728b)  -> (artifact id: '3cf3263b56421c63716250e770fcf278') in 0.633374 seconds 
========================================================================
Received Import Request.
  Time since last request: 0.000070 seconds.
  path: Assets/Resources/FloorPlan/Release/Home/Home_34.prefab
  artifactKey: Guid(a0719b3f2f36a486e9f0b116e8a5c776) Importer(815301076,1909f56bfc062723c751e8b465ee728b)
Start importing Assets/Resources/FloorPlan/Release/Home/Home_34.prefab using Guid(a0719b3f2f36a486e9f0b116e8a5c776) Importer(815301076,1909f56bfc062723c751e8b465ee728b)  -> (artifact id: 'faf11a2cc8e89949491f47fed6835c51') in 0.643828 seconds 
========================================================================
Received Import Request.
  Time since last request: 0.000069 seconds.
  path: Assets/Resources/FloorPlan/Release/Home/Home_33.prefab
  artifactKey: Guid(9c2771545b87143909eb08f5b5867537) Importer(815301076,1909f56bfc062723c751e8b465ee728b)
Start importing Assets/Resources/FloorPlan/Release/Home/Home_33.prefab using Guid(9c2771545b87143909eb08f5b5867537) Importer(815301076,1909f56bfc062723c751e8b465ee728b)  -> (artifact id: '377d47a808b51819b89e51b688ea2828') in 0.702434 seconds 
========================================================================
Received Import Request.
  Time since last request: 0.000070 seconds.
  path: Assets/Resources/FloorPlan/Release/Home/Home_18.prefab
  artifactKey: Guid(f2c6e138ec1d74c009c78ef9a0589d3f) Importer(815301076,1909f56bfc062723c751e8b465ee728b)
Start importing Assets/Resources/FloorPlan/Release/Home/Home_18.prefab using Guid(f2c6e138ec1d74c009c78ef9a0589d3f) Importer(815301076,1909f56bfc062723c751e8b465ee728b)  -> (artifact id: 'c03ae1c9b6b7a21d6a302976f979e44c') in 0.637922 seconds 
========================================================================
Received Import Request.
  Time since last request: 0.000073 seconds.
  path: Assets/Resources/FloorPlan/Release/Home/Home_32.prefab
  artifactKey: Guid(133b9ef17eb6f4078a6f79c7550a98ca) Importer(815301076,1909f56bfc062723c751e8b465ee728b)
Start importing Assets/Resources/FloorPlan/Release/Home/Home_32.prefab using Guid(133b9ef17eb6f4078a6f79c7550a98ca) Importer(815301076,1909f56bfc062723c751e8b465ee728b)  -> (artifact id: 'e1752df737c27ffeb46f6b4260e2c42b') in 0.568509 seconds 
========================================================================
Received Import Request.
  Time since last request: 0.000062 seconds.
  path: Assets/Resources/FloorPlan/Release/Home/Home_25.prefab
  artifactKey: Guid(ccabcac52afd44b7b9576af95880a505) Importer(815301076,1909f56bfc062723c751e8b465ee728b)
Start importing Assets/Resources/FloorPlan/Release/Home/Home_25.prefab using Guid(ccabcac52afd44b7b9576af95880a505) Importer(815301076,1909f56bfc062723c751e8b465ee728b)  -> (artifact id: '416d9c6a682f33fe4e9b7719071ef082') in 0.643119 seconds 
========================================================================
Received Prepare
Registering precompiled user dll's ...
Registered in 0.003206 seconds.
Begin MonoManager ReloadAssembly
Native extension for LinuxStandalone target not found
Native extension for WindowsStandalone target not found
Native extension for OSXStandalone target not found
Refreshing native plugins compatible for Editor in 2.19 ms, found 2 plugins.
Preloading 0 native plugins for Editor in 0.00 ms.
Mono: successfully reloaded assembly
- Completed reload, in  1.181 seconds
Domain Reload Profiling:
	ReloadAssembly (1182ms)
		BeginReloadAssembly (145ms)
			ExecutionOrderSort (0ms)
			DisableScriptedObjects (7ms)
			BackupInstance (0ms)
			ReleaseScriptingObjects (0ms)
			CreateAndSetChildDomain (47ms)
		EndReloadAssembly (911ms)
			LoadAssemblies (75ms)
			RebuildTransferFunctionScriptingTraits (0ms)
			SetupTypeCache (273ms)
			ReleaseScriptCaches (2ms)
			RebuildScriptCaches (81ms)
			SetupLoadedEditorAssemblies (430ms)
				LogAssemblyErrors (0ms)
				InitializePlatformSupportModulesInManaged (13ms)
				SetLoadedEditorAssemblies (1ms)
				RefreshPlugins (2ms)
				BeforeProcessingInitializeOnLoad (60ms)
				ProcessInitializeOnLoadAttributes (258ms)
				ProcessInitializeOnLoadMethodAttributes (95ms)
				AfterProcessingInitializeOnLoad (2ms)
				EditorAssembliesLoaded (0ms)
			ExecutionOrderSort2 (0ms)
			AwakeInstancesAfterBackupRestoration (5ms)
Platform modules already initialized, skipping
Refreshing native plugins compatible for Editor in 1.81 ms, found 2 plugins.
Preloading 0 native plugins for Editor in 0.00 ms.
Unloading 2831 Unused Serialized files (Serialized files now loaded: 0)
Unloading 61 unused Assets / (1.0 MB). Loaded Objects now: 3427.
Memory consumption went from 297.9 MB to 296.9 MB.
Total: 7.490906 ms (FindLiveObjects: 0.285492 ms CreateObjectMapping: 0.163914 ms MarkObjects: 6.480590 ms  DeleteObjects: 0.559691 ms)

AssetImportParameters requested are different than current active one (requested -> active):
  custom:video-decoder-ogg-theora: a1e56fd34408186e4bbccfd4996cb3dc -> 
  custom:container-muxer-webm: aa71ff27fc2769a1b78a27578f13a17b -> 
  custom:container-demuxer-webm: 4f35f7cbe854078d1ac9338744f61a02 -> 
  custom:video-encoder-webm-vp8: eb34c28f22e8b96e1ab97ce403110664 -> 
  custom:framework-osx-AVFoundation: e770b220cccbd017edd2c1fefb359320 -> 
  custom:audio-encoder-webm-vorbis: bf7c407c2cedff20999df2af8eb42d56 -> 
  custom:container-demuxer-ogg: 62fdf1f143b41e24485cea50d1cbac27 -> 
  custom:video-decoder-webm-vp8: 9c59270c3fd7afecdb556c50c9e8de78 -> 
  custom:audio-decoder-ogg-vorbis: bf7c407c2cedff20999df2af8eb42d56 -> 
========================================================================
Received Prepare
Registering precompiled user dll's ...
Registered in 0.003152 seconds.
Begin MonoManager ReloadAssembly
Native extension for LinuxStandalone target not found
Native extension for WindowsStandalone target not found
Native extension for OSXStandalone target not found
Refreshing native plugins compatible for Editor in 1.86 ms, found 2 plugins.
Preloading 0 native plugins for Editor in 0.00 ms.
Mono: successfully reloaded assembly
- Completed reload, in  1.291 seconds
Domain Reload Profiling:
	ReloadAssembly (1292ms)
		BeginReloadAssembly (148ms)
			ExecutionOrderSort (0ms)
			DisableScriptedObjects (9ms)
			BackupInstance (0ms)
			ReleaseScriptingObjects (0ms)
			CreateAndSetChildDomain (51ms)
		EndReloadAssembly (1008ms)
			LoadAssemblies (75ms)
			RebuildTransferFunctionScriptingTraits (0ms)
			SetupTypeCache (292ms)
			ReleaseScriptCaches (2ms)
			RebuildScriptCaches (82ms)
			SetupLoadedEditorAssemblies (499ms)
				LogAssemblyErrors (0ms)
				InitializePlatformSupportModulesInManaged (15ms)
				SetLoadedEditorAssemblies (1ms)
				RefreshPlugins (2ms)
				BeforeProcessingInitializeOnLoad (71ms)
				ProcessInitializeOnLoadAttributes (298ms)
				ProcessInitializeOnLoadMethodAttributes (109ms)
				AfterProcessingInitializeOnLoad (2ms)
				EditorAssembliesLoaded (0ms)
			ExecutionOrderSort2 (0ms)
			AwakeInstancesAfterBackupRestoration (6ms)
Platform modules already initialized, skipping
Refreshing native plugins compatible for Editor in 2.14 ms, found 2 plugins.
Preloading 0 native plugins for Editor in 0.00 ms.
Unloading 2831 Unused Serialized files (Serialized files now loaded: 0)
Unloading 61 unused Assets / (1.0 MB). Loaded Objects now: 3429.
Memory consumption went from 298.1 MB to 297.1 MB.
Total: 7.700796 ms (FindLiveObjects: 0.272396 ms CreateObjectMapping: 0.182920 ms MarkObjects: 6.677280 ms  DeleteObjects: 0.566929 ms)

AssetImportParameters requested are different than current active one (requested -> active):
  custom:video-decoder-ogg-theora: a1e56fd34408186e4bbccfd4996cb3dc -> 
  custom:container-muxer-webm: aa71ff27fc2769a1b78a27578f13a17b -> 
  custom:container-demuxer-webm: 4f35f7cbe854078d1ac9338744f61a02 -> 
  custom:video-encoder-webm-vp8: eb34c28f22e8b96e1ab97ce403110664 -> 
  custom:framework-osx-AVFoundation: e770b220cccbd017edd2c1fefb359320 -> 
  custom:audio-encoder-webm-vorbis: bf7c407c2cedff20999df2af8eb42d56 -> 
  custom:container-demuxer-ogg: 62fdf1f143b41e24485cea50d1cbac27 -> 
  custom:video-decoder-webm-vp8: 9c59270c3fd7afecdb556c50c9e8de78 -> 
  custom:audio-decoder-ogg-vorbis: bf7c407c2cedff20999df2af8eb42d56 -> 
========================================================================
Received Prepare
Registering precompiled user dll's ...
Registered in 0.003025 seconds.
Begin MonoManager ReloadAssembly
Native extension for LinuxStandalone target not found
Native extension for WindowsStandalone target not found
Native extension for OSXStandalone target not found
Refreshing native plugins compatible for Editor in 1.97 ms, found 2 plugins.
Preloading 0 native plugins for Editor in 0.00 ms.
Mono: successfully reloaded assembly
- Completed reload, in  1.337 seconds
Domain Reload Profiling:
	ReloadAssembly (1338ms)
		BeginReloadAssembly (132ms)
			ExecutionOrderSort (0ms)
			DisableScriptedObjects (10ms)
			BackupInstance (0ms)
			ReleaseScriptingObjects (0ms)
			CreateAndSetChildDomain (47ms)
		EndReloadAssembly (1042ms)
			LoadAssemblies (60ms)
			RebuildTransferFunctionScriptingTraits (0ms)
			SetupTypeCache (285ms)
			ReleaseScriptCaches (2ms)
			RebuildScriptCaches (85ms)
			SetupLoadedEditorAssemblies (537ms)
				LogAssemblyErrors (0ms)
				InitializePlatformSupportModulesInManaged (14ms)
				SetLoadedEditorAssemblies (1ms)
				RefreshPlugins (2ms)
				BeforeProcessingInitializeOnLoad (72ms)
				ProcessInitializeOnLoadAttributes (330ms)
				ProcessInitializeOnLoadMethodAttributes (116ms)
				AfterProcessingInitializeOnLoad (2ms)
				EditorAssembliesLoaded (0ms)
			ExecutionOrderSort2 (0ms)
			AwakeInstancesAfterBackupRestoration (6ms)
Platform modules already initialized, skipping
Refreshing native plugins compatible for Editor in 2.64 ms, found 2 plugins.
Preloading 0 native plugins for Editor in 0.00 ms.
Unloading 2831 Unused Serialized files (Serialized files now loaded: 0)
Unloading 61 unused Assets / (1.0 MB). Loaded Objects now: 3431.
Memory consumption went from 298.3 MB to 297.3 MB.
Total: 8.460856 ms (FindLiveObjects: 0.337158 ms CreateObjectMapping: 0.244531 ms MarkObjects: 7.234354 ms  DeleteObjects: 0.643293 ms)

AssetImportParameters requested are different than current active one (requested -> active):
  custom:video-decoder-ogg-theora: a1e56fd34408186e4bbccfd4996cb3dc -> 
  custom:container-muxer-webm: aa71ff27fc2769a1b78a27578f13a17b -> 
  custom:container-demuxer-webm: 4f35f7cbe854078d1ac9338744f61a02 -> 
  custom:video-encoder-webm-vp8: eb34c28f22e8b96e1ab97ce403110664 -> 
  custom:framework-osx-AVFoundation: e770b220cccbd017edd2c1fefb359320 -> 
  custom:audio-encoder-webm-vorbis: bf7c407c2cedff20999df2af8eb42d56 -> 
  custom:container-demuxer-ogg: 62fdf1f143b41e24485cea50d1cbac27 -> 
  custom:video-decoder-webm-vp8: 9c59270c3fd7afecdb556c50c9e8de78 -> 
  custom:audio-decoder-ogg-vorbis: bf7c407c2cedff20999df2af8eb42d56 -> 
========================================================================
Received Import Request.
  Time since last request: 466.283566 seconds.
  path: Assets/Resources/FloorPlan/Release/Home/Home_3.prefab
  artifactKey: Guid(302ea2f54413a4a77bfb55fa35030f95) Importer(815301076,1909f56bfc062723c751e8b465ee728b)
Start importing Assets/Resources/FloorPlan/Release/Home/Home_3.prefab using Guid(302ea2f54413a4a77bfb55fa35030f95) Importer(815301076,1909f56bfc062723c751e8b465ee728b)  -> (artifact id: '07ffed881619807b5f85539af2d717e2') in 1.096778 seconds 
========================================================================
Received Import Request.
  Time since last request: 0.000113 seconds.
  path: Assets/Resources/FloorPlan/Release/Home/Home_24.prefab
  artifactKey: Guid(83ccb1d6cbdcf49aeb13cc6072f274be) Importer(815301076,1909f56bfc062723c751e8b465ee728b)
Start importing Assets/Resources/FloorPlan/Release/Home/Home_24.prefab using Guid(83ccb1d6cbdcf49aeb13cc6072f274be) Importer(815301076,1909f56bfc062723c751e8b465ee728b)  -> (artifact id: 'd17a730faef2e5b8b14f72468dbb610d') in 0.936339 seconds 
========================================================================
Received Import Request.
  Time since last request: 0.000104 seconds.
  path: Assets/Resources/FloorPlan/Release/Home/Home_36.prefab
  artifactKey: Guid(e88ad38b178734369bd7e20cdd7819e4) Importer(815301076,1909f56bfc062723c751e8b465ee728b)
Start importing Assets/Resources/FloorPlan/Release/Home/Home_36.prefab using Guid(e88ad38b178734369bd7e20cdd7819e4) Importer(815301076,1909f56bfc062723c751e8b465ee728b)  -> (artifact id: 'f46c7d0c2fb97a3b0b2d952647bb7a9d') in 0.981820 seconds 
========================================================================
Received Import Request.
  Time since last request: 0.000103 seconds.
  path: Assets/Resources/FloorPlan/Release/Home/Home_4.prefab
  artifactKey: Guid(40fab11aee3424c32889f4569dfda5b9) Importer(815301076,1909f56bfc062723c751e8b465ee728b)
Start importing Assets/Resources/FloorPlan/Release/Home/Home_4.prefab using Guid(40fab11aee3424c32889f4569dfda5b9) Importer(815301076,1909f56bfc062723c751e8b465ee728b)  -> (artifact id: '15d594b7d6d50058f21ed2b961a19d6d') in 1.002711 seconds 
========================================================================
Received Import Request.
  Time since last request: 0.000080 seconds.
  path: Assets/Resources/FloorPlan/Release/Home/Home_0.prefab
  artifactKey: Guid(18955ab5e28f44be4b120b319d3dea8b) Importer(815301076,1909f56bfc062723c751e8b465ee728b)
Start importing Assets/Resources/FloorPlan/Release/Home/Home_0.prefab using Guid(18955ab5e28f44be4b120b319d3dea8b) Importer(815301076,1909f56bfc062723c751e8b465ee728b)  -> (artifact id: '43bcca280590076a53d2e28864ececbd') in 0.933289 seconds 
========================================================================
Received Prepare
Registering precompiled user dll's ...
Registered in 0.004102 seconds.
Begin MonoManager ReloadAssembly
Native extension for LinuxStandalone target not found
Native extension for WindowsStandalone target not found
Native extension for OSXStandalone target not found
Refreshing native plugins compatible for Editor in 2.38 ms, found 2 plugins.
Preloading 0 native plugins for Editor in 0.00 ms.
Mono: successfully reloaded assembly
- Completed reload, in  1.634 seconds
Domain Reload Profiling:
	ReloadAssembly (1635ms)
		BeginReloadAssembly (157ms)
			ExecutionOrderSort (0ms)
			DisableScriptedObjects (10ms)
			BackupInstance (0ms)
			ReleaseScriptingObjects (0ms)
			CreateAndSetChildDomain (57ms)
		EndReloadAssembly (1255ms)
			LoadAssemblies (78ms)
			RebuildTransferFunctionScriptingTraits (0ms)
			SetupTypeCache (360ms)
			ReleaseScriptCaches (2ms)
			RebuildScriptCaches (101ms)
			SetupLoadedEditorAssemblies (627ms)
				LogAssemblyErrors (0ms)
				InitializePlatformSupportModulesInManaged (19ms)
				SetLoadedEditorAssemblies (1ms)
				RefreshPlugins (2ms)
				BeforeProcessingInitializeOnLoad (90ms)
				ProcessInitializeOnLoadAttributes (375ms)
				ProcessInitializeOnLoadMethodAttributes (136ms)
				AfterProcessingInitializeOnLoad (3ms)
				EditorAssembliesLoaded (0ms)
			ExecutionOrderSort2 (0ms)
			AwakeInstancesAfterBackupRestoration (7ms)
Platform modules already initialized, skipping
Refreshing native plugins compatible for Editor in 2.43 ms, found 2 plugins.
Preloading 0 native plugins for Editor in 0.00 ms.
Unloading 2831 Unused Serialized files (Serialized files now loaded: 0)
Unloading 62 unused Assets / (1.0 MB). Loaded Objects now: 3433.
Memory consumption went from 310.0 MB to 309.0 MB.
Total: 9.331707 ms (FindLiveObjects: 0.308642 ms CreateObjectMapping: 0.233323 ms MarkObjects: 8.116575 ms  DeleteObjects: 0.671685 ms)

AssetImportParameters requested are different than current active one (requested -> active):
  custom:video-decoder-ogg-theora: a1e56fd34408186e4bbccfd4996cb3dc -> 
  custom:container-muxer-webm: aa71ff27fc2769a1b78a27578f13a17b -> 
  custom:container-demuxer-webm: 4f35f7cbe854078d1ac9338744f61a02 -> 
  custom:video-encoder-webm-vp8: eb34c28f22e8b96e1ab97ce403110664 -> 
  custom:framework-osx-AVFoundation: e770b220cccbd017edd2c1fefb359320 -> 
  custom:audio-encoder-webm-vorbis: bf7c407c2cedff20999df2af8eb42d56 -> 
  custom:container-demuxer-ogg: 62fdf1f143b41e24485cea50d1cbac27 -> 
  custom:video-decoder-webm-vp8: 9c59270c3fd7afecdb556c50c9e8de78 -> 
  custom:audio-decoder-ogg-vorbis: bf7c407c2cedff20999df2af8eb42d56 -> 
========================================================================
Received Import Request.
  Time since last request: 10.134299 seconds.
  path: Assets/Resources/FloorPlan/Release/Home/Home_6.prefab
  artifactKey: Guid(9d1613b94c9574dc0a992a2a80102c47) Importer(815301076,1909f56bfc062723c751e8b465ee728b)
Start importing Assets/Resources/FloorPlan/Release/Home/Home_6.prefab using Guid(9d1613b94c9574dc0a992a2a80102c47) Importer(815301076,1909f56bfc062723c751e8b465ee728b)  -> (artifact id: 'a8fcf619b1c4e5214a46c3496d9c9841') in 1.332199 seconds 
========================================================================
Received Import Request.
  Time since last request: 0.000088 seconds.
  path: Assets/Resources/FloorPlan/Release/Home/Home_39.prefab
  artifactKey: Guid(c72734f38a6594b549c38053c291a584) Importer(815301076,1909f56bfc062723c751e8b465ee728b)
Start importing Assets/Resources/FloorPlan/Release/Home/Home_39.prefab using Guid(c72734f38a6594b549c38053c291a584) Importer(815301076,1909f56bfc062723c751e8b465ee728b)  -> (artifact id: '5222e0f2819b5c2f179acc61add9c520') in 0.883008 seconds 
========================================================================
Received Import Request.
  Time since last request: 0.000134 seconds.
  path: Assets/Resources/FloorPlan/Release/Home/Home_22.prefab
  artifactKey: Guid(e9b5910f91bda4f12b3028d49de11b1c) Importer(815301076,1909f56bfc062723c751e8b465ee728b)
Start importing Assets/Resources/FloorPlan/Release/Home/Home_22.prefab using Guid(e9b5910f91bda4f12b3028d49de11b1c) Importer(815301076,1909f56bfc062723c751e8b465ee728b)  -> (artifact id: 'a2304a7d38de8a70fb59f4b73200d2d3') in 0.913289 seconds 
========================================================================
Received Import Request.
  Time since last request: 0.000063 seconds.
  path: Assets/Resources/FloorPlan/Release/Home/Home_35.prefab
  artifactKey: Guid(ce2499c29e0fe402585ae37b892502cf) Importer(815301076,1909f56bfc062723c751e8b465ee728b)
Start importing Assets/Resources/FloorPlan/Release/Home/Home_35.prefab using Guid(ce2499c29e0fe402585ae37b892502cf) Importer(815301076,1909f56bfc062723c751e8b465ee728b)  -> (artifact id: '6830321209783a1e1d02d95e712b7394') in 0.773298 seconds 
========================================================================
Received Import Request.
  Time since last request: 0.000079 seconds.
  path: Assets/Resources/FloorPlan/Release/Home/Home_45.prefab
  artifactKey: Guid(d33f60238b459481ea5e1a7bde86fd92) Importer(815301076,1909f56bfc062723c751e8b465ee728b)
Start importing Assets/Resources/FloorPlan/Release/Home/Home_45.prefab using Guid(d33f60238b459481ea5e1a7bde86fd92) Importer(815301076,1909f56bfc062723c751e8b465ee728b)  -> (artifact id: 'a7c4b14ba6ac43dd16c1f6a95a4991ce') in 0.980636 seconds 
========================================================================
Received Import Request.
  Time since last request: 0.000065 seconds.
  path: Assets/Resources/FloorPlan/Release/Home/Home_47.prefab
  artifactKey: Guid(fce7d11ff314740ecb2bca6e352a63d2) Importer(815301076,1909f56bfc062723c751e8b465ee728b)
Start importing Assets/Resources/FloorPlan/Release/Home/Home_47.prefab using Guid(fce7d11ff314740ecb2bca6e352a63d2) Importer(815301076,1909f56bfc062723c751e8b465ee728b)  -> (artifact id: '582ef75fce099dc9088069e780478b3e') in 0.803426 seconds 
========================================================================
Received Import Request.
  Time since last request: 0.000060 seconds.
  path: Assets/Resources/FloorPlan/Release/Home/Home_37.prefab
  artifactKey: Guid(22d63bb22d89941ad99c06e025b273a6) Importer(815301076,1909f56bfc062723c751e8b465ee728b)
Start importing Assets/Resources/FloorPlan/Release/Home/Home_37.prefab using Guid(22d63bb22d89941ad99c06e025b273a6) Importer(815301076,1909f56bfc062723c751e8b465ee728b)  -> (artifact id: '5b370d956b55ade47b72956bd386f897') in 0.872233 seconds 
========================================================================
Received Import Request.
  Time since last request: 0.000070 seconds.
  path: Assets/Resources/FloorPlan/Release/Home/Home_12.prefab
  artifactKey: Guid(59302b1ec77914afcbbf5afc351e26d3) Importer(815301076,1909f56bfc062723c751e8b465ee728b)
Start importing Assets/Resources/FloorPlan/Release/Home/Home_12.prefab using Guid(59302b1ec77914afcbbf5afc351e26d3) Importer(815301076,1909f56bfc062723c751e8b465ee728b)  -> (artifact id: 'f383d51c075c4c172bc762633ec17333') in 0.784642 seconds 
========================================================================
Received Import Request.
  Time since last request: 0.000101 seconds.
  path: Assets/Resources/FloorPlan/Release/Home/Home_27.prefab
  artifactKey: Guid(a4c3f0e1462a24870964c4d1e1137ac8) Importer(815301076,1909f56bfc062723c751e8b465ee728b)
Start importing Assets/Resources/FloorPlan/Release/Home/Home_27.prefab using Guid(a4c3f0e1462a24870964c4d1e1137ac8) Importer(815301076,1909f56bfc062723c751e8b465ee728b)  -> (artifact id: '91fbb3d93aca5eab624df2d99cb70d5b') in 0.999589 seconds 
========================================================================
Received Import Request.
  Time since last request: 0.000091 seconds.
  path: Assets/Resources/FloorPlan/Release/Home/Home_14.prefab
  artifactKey: Guid(7d777ae7218144b86a58c021c54a3b06) Importer(815301076,1909f56bfc062723c751e8b465ee728b)
Start importing Assets/Resources/FloorPlan/Release/Home/Home_14.prefab using Guid(7d777ae7218144b86a58c021c54a3b06) Importer(815301076,1909f56bfc062723c751e8b465ee728b)  -> (artifact id: '0e8a387459b6fb767bed44b1b271dfcc') in 0.904640 seconds 
========================================================================
Received Prepare
Registering precompiled user dll's ...
Registered in 0.003677 seconds.
Begin MonoManager ReloadAssembly
Native extension for LinuxStandalone target not found
Native extension for WindowsStandalone target not found
Native extension for OSXStandalone target not found
Refreshing native plugins compatible for Editor in 2.02 ms, found 2 plugins.
Preloading 0 native plugins for Editor in 0.00 ms.
Mono: successfully reloaded assembly
- Completed reload, in  1.344 seconds
Domain Reload Profiling:
	ReloadAssembly (1345ms)
		BeginReloadAssembly (141ms)
			ExecutionOrderSort (0ms)
			DisableScriptedObjects (8ms)
			BackupInstance (0ms)
			ReleaseScriptingObjects (0ms)
			CreateAndSetChildDomain (50ms)
		EndReloadAssembly (1065ms)
			LoadAssemblies (66ms)
			RebuildTransferFunctionScriptingTraits (0ms)
			SetupTypeCache (304ms)
			ReleaseScriptCaches (2ms)
			RebuildScriptCaches (90ms)
			SetupLoadedEditorAssemblies (530ms)
				LogAssemblyErrors (0ms)
				InitializePlatformSupportModulesInManaged (15ms)
				SetLoadedEditorAssemblies (1ms)
				RefreshPlugins (2ms)
				BeforeProcessingInitializeOnLoad (74ms)
				ProcessInitializeOnLoadAttributes (322ms)
				ProcessInitializeOnLoadMethodAttributes (114ms)
				AfterProcessingInitializeOnLoad (2ms)
				EditorAssembliesLoaded (0ms)
			ExecutionOrderSort2 (0ms)
			AwakeInstancesAfterBackupRestoration (6ms)
Platform modules already initialized, skipping
Refreshing native plugins compatible for Editor in 2.01 ms, found 2 plugins.
Preloading 0 native plugins for Editor in 0.00 ms.
Unloading 2831 Unused Serialized files (Serialized files now loaded: 0)
Unloading 61 unused Assets / (1.0 MB). Loaded Objects now: 3435.
Memory consumption went from 317.9 MB to 316.9 MB.
Total: 8.568841 ms (FindLiveObjects: 0.286955 ms CreateObjectMapping: 0.206518 ms MarkObjects: 7.348424 ms  DeleteObjects: 0.725760 ms)

AssetImportParameters requested are different than current active one (requested -> active):
  custom:video-decoder-ogg-theora: a1e56fd34408186e4bbccfd4996cb3dc -> 
  custom:container-muxer-webm: aa71ff27fc2769a1b78a27578f13a17b -> 
  custom:container-demuxer-webm: 4f35f7cbe854078d1ac9338744f61a02 -> 
  custom:video-encoder-webm-vp8: eb34c28f22e8b96e1ab97ce403110664 -> 
  custom:framework-osx-AVFoundation: e770b220cccbd017edd2c1fefb359320 -> 
  custom:audio-encoder-webm-vorbis: bf7c407c2cedff20999df2af8eb42d56 -> 
  custom:container-demuxer-ogg: 62fdf1f143b41e24485cea50d1cbac27 -> 
  custom:video-decoder-webm-vp8: 9c59270c3fd7afecdb556c50c9e8de78 -> 
  custom:audio-decoder-ogg-vorbis: bf7c407c2cedff20999df2af8eb42d56 -> 
Editor requested this worker to shutdown with reason: Scaling down because of idle timeout
AssetImportWorker is now disconnected from the server
Process exiting
