Unity Editor version:    2021.2.10f1 (ee872746220e)
Branch:                  2021.2/staging
Build type:              Release
Batch mode:              YES
macOS version:           Version 12.1 (Build 21C52)
Darwin version:          21.2.0
Architecture:            x86_64
Running under Rosetta:   NO
Available memory:        65536 MB
Using pre-set license
Pro License: NO

COMMAND LINE ARGUMENTS:
/Applications/Unity/Hub/Editor/2021.2.10f1/Unity.app/Contents/MacOS/Unity
-adb2
-batchMode
-noUpm
-name
AssetImportWorker11
-projectPath
/Users/kabirswain/Documents/GitHub/virtualhome_unity
-logFile
Logs/AssetImportWorker11.log
-srvPort
60637
Successfully changed project path to: /Users/kabirswain/Documents/GitHub/virtualhome_unity
/Users/kabirswain/Documents/GitHub/virtualhome_unity
[UnityMemory] Configuration Parameters - Can be set up in boot.config
    "memorysetup-bucket-allocator-granularity=16"
    "memorysetup-bucket-allocator-bucket-count=8"
    "memorysetup-bucket-allocator-block-size=33554432"
    "memorysetup-bucket-allocator-block-count=8"
    "memorysetup-main-allocator-block-size=16777216"
    "memorysetup-thread-allocator-block-size=16777216"
    "memorysetup-gfx-main-allocator-block-size=16777216"
    "memorysetup-gfx-thread-allocator-block-size=16777216"
    "memorysetup-cache-allocator-block-size=4194304"
    "memorysetup-typetree-allocator-block-size=2097152"
    "memorysetup-profiler-bucket-allocator-granularity=16"
    "memorysetup-profiler-bucket-allocator-bucket-count=8"
    "memorysetup-profiler-bucket-allocator-block-size=33554432"
    "memorysetup-profiler-bucket-allocator-block-count=8"
    "memorysetup-profiler-allocator-block-size=16777216"
    "memorysetup-profiler-editor-allocator-block-size=1048576"
    "memorysetup-temp-allocator-size-main=16777216"
    "memorysetup-job-temp-allocator-block-size=2097152"
    "memorysetup-job-temp-allocator-block-size-background=1048576"
    "memorysetup-job-temp-allocator-reduction-small-platforms=262144"
    "memorysetup-temp-allocator-size-background-worker=32768"
    "memorysetup-temp-allocator-size-job-worker=262144"
    "memorysetup-temp-allocator-size-preload-manager=33554432"
    "memorysetup-temp-allocator-size-nav-mesh-worker=65536"
    "memorysetup-temp-allocator-size-audio-worker=65536"
    "memorysetup-temp-allocator-size-cloud-worker=32768"
    "memorysetup-temp-allocator-size-gi-baking-worker=262144"
    "memorysetup-temp-allocator-size-gfx=262144"
Refreshing native plugins compatible for Editor in 175.38 ms, found 1 plugins.
Preloading 0 native plugins for Editor in 0.00 ms.
Initialize engine version: 2021.2.10f1 (ee872746220e)
[Subsystems] Discovering subsystems at path /Applications/Unity/Hub/Editor/2021.2.10f1/Unity.app/Contents/Resources/UnitySubsystems
[Subsystems] Discovering subsystems at path /Users/kabirswain/Documents/GitHub/virtualhome_unity/Assets
GfxDevice: creating device client; threaded=0; jobified=0
Color LCD preferred device: AMD Radeon Pro 5600M (high power)
Metal devices available: 2
0: AMD Radeon Pro 5600M (high power)
1: Intel(R) UHD Graphics 630 (low power)
Using device AMD Radeon Pro 5600M (high power)
Initializing Metal device caps: AMD Radeon Pro 5600M
Initialize mono
Mono path[0] = '/Applications/Unity/Hub/Editor/2021.2.10f1/Unity.app/Contents/Managed'
Mono path[1] = '/Applications/Unity/Hub/Editor/2021.2.10f1/Unity.app/Contents/MonoBleedingEdge/lib/mono/unityjit-macos'
Mono config path = '/Applications/Unity/Hub/Editor/2021.2.10f1/Unity.app/Contents/MonoBleedingEdge/etc'
Using monoOptions --debugger-agent=transport=dt_socket,embedding=1,server=y,suspend=n,address=127.0.0.1:56961
Begin MonoManager ReloadAssembly
Registering precompiled unity dll's ...
Register platform support module: /Applications/Unity/Hub/Editor/2021.2.10f1/Unity.app/Contents/PlaybackEngines/MacStandaloneSupport/UnityEditor.OSXStandalone.Extensions.dll
Register platform support module: /Applications/Unity/Hub/Editor/2021.2.10f1/PlaybackEngines/WindowsStandaloneSupport/UnityEditor.WindowsStandalone.Extensions.dll
Register platform support module: /Applications/Unity/Hub/Editor/2021.2.10f1/PlaybackEngines/LinuxStandaloneSupport/UnityEditor.LinuxStandalone.Extensions.dll
Registered in 0.001865 seconds.
Native extension for LinuxStandalone target not found
Native extension for WindowsStandalone target not found
Native extension for OSXStandalone target not found
Refreshing native plugins compatible for Editor in 148.54 ms, found 1 plugins.
Preloading 0 native plugins for Editor in 0.00 ms.
Mono: successfully reloaded assembly
- Completed reload, in  0.786 seconds
Domain Reload Profiling:
	ReloadAssembly (787ms)
		BeginReloadAssembly (63ms)
			ExecutionOrderSort (0ms)
			DisableScriptedObjects (0ms)
			BackupInstance (0ms)
			ReleaseScriptingObjects (0ms)
			CreateAndSetChildDomain (1ms)
		EndReloadAssembly (626ms)
			LoadAssemblies (63ms)
			RebuildTransferFunctionScriptingTraits (0ms)
			SetupTypeCache (141ms)
			ReleaseScriptCaches (0ms)
			RebuildScriptCaches (34ms)
			SetupLoadedEditorAssemblies (391ms)
				LogAssemblyErrors (0ms)
				InitializePlatformSupportModulesInManaged (17ms)
				SetLoadedEditorAssemblies (0ms)
				RefreshPlugins (149ms)
				BeforeProcessingInitializeOnLoad (1ms)
				ProcessInitializeOnLoadAttributes (170ms)
				ProcessInitializeOnLoadMethodAttributes (54ms)
				AfterProcessingInitializeOnLoad (0ms)
				EditorAssembliesLoaded (0ms)
			ExecutionOrderSort2 (0ms)
			AwakeInstancesAfterBackupRestoration (0ms)
Platform modules already initialized, skipping
Registering precompiled user dll's ...
Registered in 0.002516 seconds.
Begin MonoManager ReloadAssembly
Native extension for LinuxStandalone target not found
Native extension for WindowsStandalone target not found
Native extension for OSXStandalone target not found
Refreshing native plugins compatible for Editor in 1.64 ms, found 1 plugins.
Preloading 0 native plugins for Editor in 0.00 ms.
Package Manager log level set to [2]
Mono: successfully reloaded assembly
- Completed reload, in  1.277 seconds
Domain Reload Profiling:
	ReloadAssembly (1278ms)
		BeginReloadAssembly (111ms)
			ExecutionOrderSort (0ms)
			DisableScriptedObjects (7ms)
			BackupInstance (0ms)
			ReleaseScriptingObjects (0ms)
			CreateAndSetChildDomain (26ms)
		EndReloadAssembly (1044ms)
			LoadAssemblies (60ms)
			RebuildTransferFunctionScriptingTraits (0ms)
			SetupTypeCache (262ms)
			ReleaseScriptCaches (1ms)
			RebuildScriptCaches (75ms)
			SetupLoadedEditorAssemblies (585ms)
				LogAssemblyErrors (0ms)
				InitializePlatformSupportModulesInManaged (13ms)
				SetLoadedEditorAssemblies (1ms)
				RefreshPlugins (2ms)
				BeforeProcessingInitializeOnLoad (62ms)
				ProcessInitializeOnLoadAttributes (294ms)
				ProcessInitializeOnLoadMethodAttributes (211ms)
				AfterProcessingInitializeOnLoad (2ms)
				EditorAssembliesLoaded (0ms)
			ExecutionOrderSort2 (0ms)
			AwakeInstancesAfterBackupRestoration (5ms)
Platform modules already initialized, skipping
========================================================================
Worker process is ready to serve import requests
Launching external process: /Applications/Unity/Hub/Editor/2021.2.10f1/Unity.app/Contents/Tools/UnityShaderCompiler
Launched and connected shader compiler UnityShaderCompiler after 0.08 seconds
Refreshing native plugins compatible for Editor in 1.86 ms, found 1 plugins.
Preloading 0 native plugins for Editor in 0.00 ms.
Unloading 2712 Unused Serialized files (Serialized files now loaded: 0)
Unloading 45 unused Assets / (1.0 MB). Loaded Objects now: 3177.
Memory consumption went from 256.1 MB to 255.1 MB.
Total: 7.879142 ms (FindLiveObjects: 0.260937 ms CreateObjectMapping: 0.191416 ms MarkObjects: 6.909102 ms  DeleteObjects: 0.515951 ms)

AssetImportParameters requested are different than current active one (requested -> active):
  custom:video-decoder-ogg-theora: a1e56fd34408186e4bbccfd4996cb3dc -> 
  custom:container-muxer-webm: aa71ff27fc2769a1b78a27578f13a17b -> 
  custom:container-demuxer-webm: 4f35f7cbe854078d1ac9338744f61a02 -> 
  custom:video-encoder-webm-vp8: eb34c28f22e8b96e1ab97ce403110664 -> 
  custom:framework-osx-AVFoundation: e770b220cccbd017edd2c1fefb359320 -> 
  custom:audio-encoder-webm-vorbis: bf7c407c2cedff20999df2af8eb42d56 -> 
  custom:container-demuxer-ogg: 62fdf1f143b41e24485cea50d1cbac27 -> 
  custom:video-decoder-webm-vp8: 9c59270c3fd7afecdb556c50c9e8de78 -> 
  custom:audio-decoder-ogg-vorbis: bf7c407c2cedff20999df2af8eb42d56 -> 
========================================================================
Received Import Request.
  Time since last request: 2232728.520683 seconds.
  path: Assets/Resources/FloorPlan/Release/Home/Home_5.prefab
  artifactKey: Guid(6fdd0a1b99af04d54a857a21e6329e1d) Importer(815301076,1909f56bfc062723c751e8b465ee728b)
Start importing Assets/Resources/FloorPlan/Release/Home/Home_5.prefab using Guid(6fdd0a1b99af04d54a857a21e6329e1d) Importer(815301076,1909f56bfc062723c751e8b465ee728b)  -> (artifact id: 'fd8d3f17b83350ffd9b1778d0c100cd5') in 1.735440 seconds 
========================================================================
Received Import Request.
  Time since last request: 3.880004 seconds.
  path: Assets/Resources/FloorPlan/Release/Home/Home_5.prefab
  artifactKey: Guid(6fdd0a1b99af04d54a857a21e6329e1d) Importer(815301076,1909f56bfc062723c751e8b465ee728b)
Start importing Assets/Resources/FloorPlan/Release/Home/Home_5.prefab using Guid(6fdd0a1b99af04d54a857a21e6329e1d) Importer(815301076,1909f56bfc062723c751e8b465ee728b)  -> (artifact id: '74899e4ea860f6bea95c5d68a4ece674') in 1.499737 seconds 
========================================================================
Received Import Request.
  Time since last request: 12.848285 seconds.
  path: Assets/Resources/FloorPlan/Release/Home/Home_5.prefab
  artifactKey: Guid(6fdd0a1b99af04d54a857a21e6329e1d) Importer(815301076,1909f56bfc062723c751e8b465ee728b)
Start importing Assets/Resources/FloorPlan/Release/Home/Home_5.prefab using Guid(6fdd0a1b99af04d54a857a21e6329e1d) Importer(815301076,1909f56bfc062723c751e8b465ee728b)  -> (artifact id: 'fbcc23fbb2c683a255cdf79d2436ee2f') in 1.268707 seconds 
========================================================================
Received Import Request.
  Time since last request: 6.275043 seconds.
  path: Assets/Resources/FloorPlan/Release/Home/Home_5.prefab
  artifactKey: Guid(6fdd0a1b99af04d54a857a21e6329e1d) Importer(815301076,1909f56bfc062723c751e8b465ee728b)
Start importing Assets/Resources/FloorPlan/Release/Home/Home_5.prefab using Guid(6fdd0a1b99af04d54a857a21e6329e1d) Importer(815301076,1909f56bfc062723c751e8b465ee728b)  -> (artifact id: 'd783fedd51f1a404e41289cb879a954e') in 1.207708 seconds 
========================================================================
Received Import Request.
  Time since last request: 10.594641 seconds.
  path: Assets/Resources/Complete_Home_Interior_Pack/CHIP_Materials/MAT_Paint/MAT_PAI_Paint_02_01.mat
  artifactKey: Guid(9fec60320c5ca3c4bafaa640d0e5da15) Importer(815301076,1909f56bfc062723c751e8b465ee728b)
Start importing Assets/Resources/Complete_Home_Interior_Pack/CHIP_Materials/MAT_Paint/MAT_PAI_Paint_02_01.mat using Guid(9fec60320c5ca3c4bafaa640d0e5da15) Importer(815301076,1909f56bfc062723c751e8b465ee728b)  -> (artifact id: 'afeb7a6500a53e7e141146617e5bc451') in 0.177973 seconds 
========================================================================
Received Import Request.
  Time since last request: 0.600422 seconds.
  path: Assets/Resources/Complete_Home_Interior_Pack/CHIP_Materials/MAT_Paint/MAT_PAI_Paint_04_01.mat
  artifactKey: Guid(f33723a399b9c93438cb30f3ad9f95da) Importer(815301076,1909f56bfc062723c751e8b465ee728b)
Start importing Assets/Resources/Complete_Home_Interior_Pack/CHIP_Materials/MAT_Paint/MAT_PAI_Paint_04_01.mat using Guid(f33723a399b9c93438cb30f3ad9f95da) Importer(815301076,1909f56bfc062723c751e8b465ee728b)  -> (artifact id: 'a734b95657b6fddd551700aae054725b') in 0.030358 seconds 
========================================================================
Received Import Request.
  Time since last request: 2.339371 seconds.
  path: Assets/Resources/FloorPlan/Release/Home/Home_5.prefab
  artifactKey: Guid(6fdd0a1b99af04d54a857a21e6329e1d) Importer(815301076,1909f56bfc062723c751e8b465ee728b)
Start importing Assets/Resources/FloorPlan/Release/Home/Home_5.prefab using Guid(6fdd0a1b99af04d54a857a21e6329e1d) Importer(815301076,1909f56bfc062723c751e8b465ee728b)  -> (artifact id: '01b4455080b71fc584128ad17b36a54e') in 1.191484 seconds 
========================================================================
Received Import Request.
  Time since last request: 10.293372 seconds.
  path: Assets/Resources/Complete_Home_Interior_Pack/CHIP_Materials/MAT_Furniture/MAT_FUR_White_lamp.mat
  artifactKey: Guid(8026ff223f3b18f4fa2a7e7278db50de) Importer(815301076,1909f56bfc062723c751e8b465ee728b)
Start importing Assets/Resources/Complete_Home_Interior_Pack/CHIP_Materials/MAT_Furniture/MAT_FUR_White_lamp.mat using Guid(8026ff223f3b18f4fa2a7e7278db50de) Importer(815301076,1909f56bfc062723c751e8b465ee728b)  -> (artifact id: '1f162e671644824c08982f3809956161') in 0.060492 seconds 
========================================================================
Received Import Request.
  Time since last request: 0.000074 seconds.
  path: Assets/Resources/Complete_Home_Interior_Pack/CHIP_Materials/MAT_Lamps/MAT_LAM_Ceiling_lamp_02_01.mat
  artifactKey: Guid(4e22133695e5f384bae8f8070efb01c9) Importer(815301076,1909f56bfc062723c751e8b465ee728b)
Start importing Assets/Resources/Complete_Home_Interior_Pack/CHIP_Materials/MAT_Lamps/MAT_LAM_Ceiling_lamp_02_01.mat using Guid(4e22133695e5f384bae8f8070efb01c9) Importer(815301076,1909f56bfc062723c751e8b465ee728b)  -> (artifact id: '8b27e24e3badb8e48b1756f5f2d6d7f5') in 0.027744 seconds 
========================================================================
Received Import Request.
  Time since last request: 0.000062 seconds.
  path: Assets/Resources/Complete_Home_Interior_Pack/CHIP_Materials/MAT_Lamps/MAT_LAM_Ceiling_lamp_02_03.mat
  artifactKey: Guid(1e98bc1aef5d17f41bda58f0a045951e) Importer(815301076,1909f56bfc062723c751e8b465ee728b)
Start importing Assets/Resources/Complete_Home_Interior_Pack/CHIP_Materials/MAT_Lamps/MAT_LAM_Ceiling_lamp_02_03.mat using Guid(1e98bc1aef5d17f41bda58f0a045951e) Importer(815301076,1909f56bfc062723c751e8b465ee728b)  -> (artifact id: 'd8f5891d77d4de22d1ef3e6e9d0222ee') in 0.028786 seconds 
========================================================================
Received Import Request.
  Time since last request: 2.112670 seconds.
  path: Assets/Resources/Complete_Home_Interior_Pack/CHIP_Materials/MAT_Furniture/MAT_FUR_Sofas/MAT_FUR_Sofa_02_02_14.mat
  artifactKey: Guid(e1fbcbbd7d83f354e9358f106717e688) Importer(815301076,1909f56bfc062723c751e8b465ee728b)
Start importing Assets/Resources/Complete_Home_Interior_Pack/CHIP_Materials/MAT_Furniture/MAT_FUR_Sofas/MAT_FUR_Sofa_02_02_14.mat using Guid(e1fbcbbd7d83f354e9358f106717e688) Importer(815301076,1909f56bfc062723c751e8b465ee728b)  -> (artifact id: '6659319a45587ab10bd5a8bcea5b47cd') in 0.037194 seconds 
========================================================================
Received Import Request.
  Time since last request: 1.240542 seconds.
  path: Assets/Resources/FloorPlan/Release/Home/Home_5.prefab
  artifactKey: Guid(6fdd0a1b99af04d54a857a21e6329e1d) Importer(815301076,1909f56bfc062723c751e8b465ee728b)
Start importing Assets/Resources/FloorPlan/Release/Home/Home_5.prefab using Guid(6fdd0a1b99af04d54a857a21e6329e1d) Importer(815301076,1909f56bfc062723c751e8b465ee728b)  -> (artifact id: 'd2e50dfb6a437de2f1b37dc48784aa7b') in 1.187706 seconds 
========================================================================
Received Import Request.
  Time since last request: 6.842617 seconds.
  path: Assets/Resources/Complete_Home_Interior_Pack/CHIP_Materials/MAT_Decor/MAT_DEC_Paintings/MAT_DEC_Paintings_02_02.mat
  artifactKey: Guid(eccf668699f8d1e42a6e34dc162624ca) Importer(815301076,1909f56bfc062723c751e8b465ee728b)
Start importing Assets/Resources/Complete_Home_Interior_Pack/CHIP_Materials/MAT_Decor/MAT_DEC_Paintings/MAT_DEC_Paintings_02_02.mat using Guid(eccf668699f8d1e42a6e34dc162624ca) Importer(815301076,1909f56bfc062723c751e8b465ee728b)  -> (artifact id: 'b767c592e6ac4c8660d0874129498439') in 0.078442 seconds 
========================================================================
Received Import Request.
  Time since last request: 0.000054 seconds.
  path: Assets/Resources/Complete_Home_Interior_Pack/CHIP_Materials/MAT_Decor/MAT_DEC_Pillows/MAT_DEC_Pillow_01_01_05.mat
  artifactKey: Guid(4f27a8fc799c3e540a21ff42e67e5003) Importer(815301076,1909f56bfc062723c751e8b465ee728b)
Start importing Assets/Resources/Complete_Home_Interior_Pack/CHIP_Materials/MAT_Decor/MAT_DEC_Pillows/MAT_DEC_Pillow_01_01_05.mat using Guid(4f27a8fc799c3e540a21ff42e67e5003) Importer(815301076,1909f56bfc062723c751e8b465ee728b)  -> (artifact id: '442a38ffc5894566ad08744383c2d818') in 0.022543 seconds 
========================================================================
Received Import Request.
  Time since last request: 0.000063 seconds.
  path: Assets/Resources/Complete_Home_Interior_Pack/CHIP_Materials/MAT_Decor/MAT_DEC_Pillows/MAT_DEC_Pillow_01_01_06.mat
  artifactKey: Guid(a1e79e658f88d5f43ab0b775db29cf14) Importer(815301076,1909f56bfc062723c751e8b465ee728b)
Start importing Assets/Resources/Complete_Home_Interior_Pack/CHIP_Materials/MAT_Decor/MAT_DEC_Pillows/MAT_DEC_Pillow_01_01_06.mat using Guid(a1e79e658f88d5f43ab0b775db29cf14) Importer(815301076,1909f56bfc062723c751e8b465ee728b)  -> (artifact id: 'cf126ebd1addfc22d91f61bd5ecab7e2') in 0.022122 seconds 
========================================================================
Received Import Request.
  Time since last request: 1.899570 seconds.
  path: Assets/Resources/Complete_Home_Interior_Pack/CHIP_Materials/MAT_Decor/MAT_DEC_Pillows/MAT_DEC_Pillow_01_02_02.mat
  artifactKey: Guid(0d3b8bddcba24e743b20ec3830fdfef1) Importer(815301076,1909f56bfc062723c751e8b465ee728b)
Start importing Assets/Resources/Complete_Home_Interior_Pack/CHIP_Materials/MAT_Decor/MAT_DEC_Pillows/MAT_DEC_Pillow_01_02_02.mat using Guid(0d3b8bddcba24e743b20ec3830fdfef1) Importer(815301076,1909f56bfc062723c751e8b465ee728b)  -> (artifact id: 'cba5f0d4b8372db2627a328a27a68020') in 0.027347 seconds 
========================================================================
Received Import Request.
  Time since last request: 1.328851 seconds.
  path: Assets/Resources/Complete_Home_Interior_Pack/CHIP_Materials/MAT_Decor/MAT_DEC_Pillows/MAT_DEC_Pillow_01_02_04.mat
  artifactKey: Guid(e5ce9f6ca40b44d45b0d110e60e1a472) Importer(815301076,1909f56bfc062723c751e8b465ee728b)
Start importing Assets/Resources/Complete_Home_Interior_Pack/CHIP_Materials/MAT_Decor/MAT_DEC_Pillows/MAT_DEC_Pillow_01_02_04.mat using Guid(e5ce9f6ca40b44d45b0d110e60e1a472) Importer(815301076,1909f56bfc062723c751e8b465ee728b)  -> (artifact id: '35baba75e0b1f1de19d2d3967cefec91') in 0.028737 seconds 
========================================================================
Received Import Request.
  Time since last request: 0.065427 seconds.
  path: Assets/Resources/Complete_Home_Interior_Pack/CHIP_Materials/MAT_Decor/MAT_DEC_Pillows/MAT_DEC_Pillow_01_02_06.mat
  artifactKey: Guid(d3966fd4dbc250648bba34c86dd645a4) Importer(815301076,1909f56bfc062723c751e8b465ee728b)
Start importing Assets/Resources/Complete_Home_Interior_Pack/CHIP_Materials/MAT_Decor/MAT_DEC_Pillows/MAT_DEC_Pillow_01_02_06.mat using Guid(d3966fd4dbc250648bba34c86dd645a4) Importer(815301076,1909f56bfc062723c751e8b465ee728b)  -> (artifact id: 'a80abedee2c9e0689c46152ebdd77318') in 0.028533 seconds 
========================================================================
Received Import Request.
  Time since last request: 1.549153 seconds.
  path: Assets/Resources/Complete_Home_Interior_Pack/CHIP_Materials/MAT_Decor/MAT_DEC_Pillows/MAT_DEC_Pillow_01_03_01.mat
  artifactKey: Guid(b13e1fd4f93e9c5418bd2e942164eede) Importer(815301076,1909f56bfc062723c751e8b465ee728b)
Start importing Assets/Resources/Complete_Home_Interior_Pack/CHIP_Materials/MAT_Decor/MAT_DEC_Pillows/MAT_DEC_Pillow_01_03_01.mat using Guid(b13e1fd4f93e9c5418bd2e942164eede) Importer(815301076,1909f56bfc062723c751e8b465ee728b)  -> (artifact id: 'b4ca16ca7e4af22b2ff48c18b0c41b14') in 0.019534 seconds 
========================================================================
Received Import Request.
  Time since last request: 1.314116 seconds.
  path: Assets/Resources/FloorPlan/Release/Home/Home_5.prefab
  artifactKey: Guid(6fdd0a1b99af04d54a857a21e6329e1d) Importer(815301076,1909f56bfc062723c751e8b465ee728b)
Start importing Assets/Resources/FloorPlan/Release/Home/Home_5.prefab using Guid(6fdd0a1b99af04d54a857a21e6329e1d) Importer(815301076,1909f56bfc062723c751e8b465ee728b)  -> (artifact id: 'ad9c018151e857fcc8389cecf0497110') in 1.192182 seconds 
========================================================================
Received Import Request.
  Time since last request: 3.949384 seconds.
  path: Assets/Resources/FloorPlan/Release/Home/Home_5.prefab
  artifactKey: Guid(6fdd0a1b99af04d54a857a21e6329e1d) Importer(815301076,1909f56bfc062723c751e8b465ee728b)
Start importing Assets/Resources/FloorPlan/Release/Home/Home_5.prefab using Guid(6fdd0a1b99af04d54a857a21e6329e1d) Importer(815301076,1909f56bfc062723c751e8b465ee728b)  -> (artifact id: 'd8beeda1d5f8c7bfdca0ffcc97423cff') in 1.240264 seconds 
========================================================================
Received Import Request.
  Time since last request: 2.697902 seconds.
  path: Assets/Resources/FloorPlan/Release/Home/Home_5.prefab
  artifactKey: Guid(6fdd0a1b99af04d54a857a21e6329e1d) Importer(815301076,1909f56bfc062723c751e8b465ee728b)
Start importing Assets/Resources/FloorPlan/Release/Home/Home_5.prefab using Guid(6fdd0a1b99af04d54a857a21e6329e1d) Importer(815301076,1909f56bfc062723c751e8b465ee728b)  -> (artifact id: '4735bd0cc594492dc6baa208fc6e2c08') in 1.231532 seconds 
========================================================================
Received Import Request.
  Time since last request: 9.180469 seconds.
  path: Assets/Resources/FloorPlan/Release/Home/Home_5.prefab
  artifactKey: Guid(6fdd0a1b99af04d54a857a21e6329e1d) Importer(815301076,1909f56bfc062723c751e8b465ee728b)
Start importing Assets/Resources/FloorPlan/Release/Home/Home_5.prefab using Guid(6fdd0a1b99af04d54a857a21e6329e1d) Importer(815301076,1909f56bfc062723c751e8b465ee728b)  -> (artifact id: 'ba3e7bc4289da0d2ec40f593f0c42ec9') in 1.193516 seconds 
========================================================================
Received Import Request.
  Time since last request: 17.557507 seconds.
  path: Assets/Resources/Complete_Home_Interior_Pack/CHIP_Materials/MAT_Lamps/MAT_LAM_Ceiling_lamp_02_05.mat
  artifactKey: Guid(96c1db513bf76384a8851eff15f78b73) Importer(815301076,1909f56bfc062723c751e8b465ee728b)
Start importing Assets/Resources/Complete_Home_Interior_Pack/CHIP_Materials/MAT_Lamps/MAT_LAM_Ceiling_lamp_02_05.mat using Guid(96c1db513bf76384a8851eff15f78b73) Importer(815301076,1909f56bfc062723c751e8b465ee728b)  -> (artifact id: 'f9d79f2e247160b3ddc25d53e3a03590') in 0.064366 seconds 
========================================================================
Received Import Request.
  Time since last request: 0.048105 seconds.
  path: Assets/Resources/Complete_Home_Interior_Pack/CHIP_Materials/MAT_Lamps/MAT_LAM_Table_lamp_02_02.mat
  artifactKey: Guid(2929548be4932474ebadb7b774bd8258) Importer(815301076,1909f56bfc062723c751e8b465ee728b)
Start importing Assets/Resources/Complete_Home_Interior_Pack/CHIP_Materials/MAT_Lamps/MAT_LAM_Table_lamp_02_02.mat using Guid(2929548be4932474ebadb7b774bd8258) Importer(815301076,1909f56bfc062723c751e8b465ee728b)  -> (artifact id: 'eb78eead53e5c55bc63cc3e965267622') in 0.036208 seconds 
========================================================================
Received Import Request.
  Time since last request: 0.424448 seconds.
  path: Assets/Resources/Complete_Home_Interior_Pack/CHIP_Materials/MAT_Lamps/MAT_LAM_Table_lamp_02_04.mat
  artifactKey: Guid(ab2ccadafa183634bad34016535f2f03) Importer(815301076,1909f56bfc062723c751e8b465ee728b)
Start importing Assets/Resources/Complete_Home_Interior_Pack/CHIP_Materials/MAT_Lamps/MAT_LAM_Table_lamp_02_04.mat using Guid(ab2ccadafa183634bad34016535f2f03) Importer(815301076,1909f56bfc062723c751e8b465ee728b)  -> (artifact id: 'c5a47563123ac1895ae2158cd5f043dd') in 0.036007 seconds 
========================================================================
Received Import Request.
  Time since last request: 8.605291 seconds.
  path: Assets/Resources/FloorPlan/Release/Home/Home_5.prefab
  artifactKey: Guid(6fdd0a1b99af04d54a857a21e6329e1d) Importer(815301076,1909f56bfc062723c751e8b465ee728b)
Start importing Assets/Resources/FloorPlan/Release/Home/Home_5.prefab using Guid(6fdd0a1b99af04d54a857a21e6329e1d) Importer(815301076,1909f56bfc062723c751e8b465ee728b)  -> (artifact id: '3e28fadebda9771f68ef9e482159484b') in 1.167119 seconds 
========================================================================
Received Import Request.
  Time since last request: 6.699038 seconds.
  path: Assets/Resources/Complete_Home_Interior_Pack/CHIP_Materials/MAT_Decor/MAT_DEC_Pillows/MAT_DEC_Pillow_01_03_03.mat
  artifactKey: Guid(6a203dfd605a00549858e2cc535d4315) Importer(815301076,1909f56bfc062723c751e8b465ee728b)
Start importing Assets/Resources/Complete_Home_Interior_Pack/CHIP_Materials/MAT_Decor/MAT_DEC_Pillows/MAT_DEC_Pillow_01_03_03.mat using Guid(6a203dfd605a00549858e2cc535d4315) Importer(815301076,1909f56bfc062723c751e8b465ee728b)  -> (artifact id: '6e09825fdd7edb02bbee59fccbbde49a') in 0.054206 seconds 
========================================================================
Received Import Request.
  Time since last request: 0.035207 seconds.
  path: Assets/Resources/Complete_Home_Interior_Pack/CHIP_Materials/MAT_Decor/MAT_DEC_Pillows/MAT_DEC_Pillow_01_03_05.mat
  artifactKey: Guid(ca1b68a1ad15bef4390eb018bd3760da) Importer(815301076,1909f56bfc062723c751e8b465ee728b)
Start importing Assets/Resources/Complete_Home_Interior_Pack/CHIP_Materials/MAT_Decor/MAT_DEC_Pillows/MAT_DEC_Pillow_01_03_05.mat using Guid(ca1b68a1ad15bef4390eb018bd3760da) Importer(815301076,1909f56bfc062723c751e8b465ee728b)  -> (artifact id: '4901862437095b68c81d7c58920221b0') in 0.019268 seconds 
========================================================================
Received Import Request.
  Time since last request: 8.552529 seconds.
  path: Assets/Resources/FloorPlan/Release/Home/Home_5.prefab
  artifactKey: Guid(6fdd0a1b99af04d54a857a21e6329e1d) Importer(815301076,1909f56bfc062723c751e8b465ee728b)
Start importing Assets/Resources/FloorPlan/Release/Home/Home_5.prefab using Guid(6fdd0a1b99af04d54a857a21e6329e1d) Importer(815301076,1909f56bfc062723c751e8b465ee728b)  -> (artifact id: '218eec1a6dae26f0200e0c877bac6c4d') in 1.147545 seconds 
========================================================================
Received Import Request.
  Time since last request: 1.775634 seconds.
  path: Assets/Resources/FloorPlan/Release/Home/Home_5.prefab
  artifactKey: Guid(6fdd0a1b99af04d54a857a21e6329e1d) Importer(815301076,1909f56bfc062723c751e8b465ee728b)
Start importing Assets/Resources/FloorPlan/Release/Home/Home_5.prefab using Guid(6fdd0a1b99af04d54a857a21e6329e1d) Importer(815301076,1909f56bfc062723c751e8b465ee728b)  -> (artifact id: '1274414c160d3023d14ca9d8093d2995') in 1.198934 seconds 
========================================================================
Received Import Request.
  Time since last request: 3.911630 seconds.
  path: Assets/Resources/FloorPlan/Release/Home/Home_5.prefab
  artifactKey: Guid(6fdd0a1b99af04d54a857a21e6329e1d) Importer(815301076,1909f56bfc062723c751e8b465ee728b)
Start importing Assets/Resources/FloorPlan/Release/Home/Home_5.prefab using Guid(6fdd0a1b99af04d54a857a21e6329e1d) Importer(815301076,1909f56bfc062723c751e8b465ee728b)  -> (artifact id: '10567d55872b0ad95012ba8b8af0b24d') in 1.190017 seconds 
========================================================================
Received Import Request.
  Time since last request: 1.528884 seconds.
  path: Assets/Resources/FloorPlan/Release/Home/Home_5.prefab
  artifactKey: Guid(6fdd0a1b99af04d54a857a21e6329e1d) Importer(815301076,1909f56bfc062723c751e8b465ee728b)
Start importing Assets/Resources/FloorPlan/Release/Home/Home_5.prefab using Guid(6fdd0a1b99af04d54a857a21e6329e1d) Importer(815301076,1909f56bfc062723c751e8b465ee728b)  -> (artifact id: '4329c6e70bb37050c4deda52b945fbc5') in 1.201177 seconds 
========================================================================
Received Import Request.
  Time since last request: 1.299788 seconds.
  path: Assets/Resources/FloorPlan/Release/Home/Home_5.prefab
  artifactKey: Guid(6fdd0a1b99af04d54a857a21e6329e1d) Importer(815301076,1909f56bfc062723c751e8b465ee728b)
Start importing Assets/Resources/FloorPlan/Release/Home/Home_5.prefab using Guid(6fdd0a1b99af04d54a857a21e6329e1d) Importer(815301076,1909f56bfc062723c751e8b465ee728b)  -> (artifact id: 'd359607050c41d84ad9bea7a207e8dfe') in 1.189984 seconds 
========================================================================
Received Import Request.
  Time since last request: 3.179012 seconds.
  path: Assets/Resources/FloorPlan/Release/Home/Home_5.prefab
  artifactKey: Guid(6fdd0a1b99af04d54a857a21e6329e1d) Importer(815301076,1909f56bfc062723c751e8b465ee728b)
Start importing Assets/Resources/FloorPlan/Release/Home/Home_5.prefab using Guid(6fdd0a1b99af04d54a857a21e6329e1d) Importer(815301076,1909f56bfc062723c751e8b465ee728b)  -> (artifact id: '7d9e484b64fac9361ea6ca5714ef2ccc') in 1.204366 seconds 
========================================================================
Received Import Request.
  Time since last request: 3.343949 seconds.
  path: Assets/Resources/FloorPlan/Release/Home/Home_5.prefab
  artifactKey: Guid(6fdd0a1b99af04d54a857a21e6329e1d) Importer(815301076,1909f56bfc062723c751e8b465ee728b)
Start importing Assets/Resources/FloorPlan/Release/Home/Home_5.prefab using Guid(6fdd0a1b99af04d54a857a21e6329e1d) Importer(815301076,1909f56bfc062723c751e8b465ee728b)  -> (artifact id: '927b374098b69d272943fc04ffeed679') in 1.196645 seconds 
========================================================================
Received Import Request.
  Time since last request: 3.949561 seconds.
  path: Assets/Resources/FloorPlan/Release/Home/Home_5.prefab
  artifactKey: Guid(6fdd0a1b99af04d54a857a21e6329e1d) Importer(815301076,1909f56bfc062723c751e8b465ee728b)
Start importing Assets/Resources/FloorPlan/Release/Home/Home_5.prefab using Guid(6fdd0a1b99af04d54a857a21e6329e1d) Importer(815301076,1909f56bfc062723c751e8b465ee728b)  -> (artifact id: '5443b2154b7f340bbf20b4139bdcb814') in 1.204966 seconds 
========================================================================
Received Import Request.
  Time since last request: 2.868449 seconds.
  path: Assets/Resources/Complete_Home_Interior_Pack/CHIP_Models/MOD_Decor/MOD_DEC_Curtain_rod_02.fbx
  artifactKey: Guid(e3e75aba0bc31e543b4408affd4f7378) Importer(815301076,1909f56bfc062723c751e8b465ee728b)
Start importing Assets/Resources/Complete_Home_Interior_Pack/CHIP_Models/MOD_Decor/MOD_DEC_Curtain_rod_02.fbx using Guid(e3e75aba0bc31e543b4408affd4f7378) Importer(815301076,1909f56bfc062723c751e8b465ee728b)  -> (artifact id: 'ff14cb81ac8958d744f3c89227e651e6') in 0.148301 seconds 
========================================================================
Received Import Request.
  Time since last request: 0.000063 seconds.
  path: Assets/Resources/Complete_Home_Interior_Pack/CHIP_Models/MOD_Doors/MOD_DOO_Door_01.fbx
  artifactKey: Guid(a7720d3828e8a764c8dc8ba16017f951) Importer(815301076,1909f56bfc062723c751e8b465ee728b)
Start importing Assets/Resources/Complete_Home_Interior_Pack/CHIP_Models/MOD_Doors/MOD_DOO_Door_01.fbx using Guid(a7720d3828e8a764c8dc8ba16017f951) Importer(815301076,1909f56bfc062723c751e8b465ee728b)  -> (artifact id: 'b5edc040ec826f545433beea1d2f1d36') in 0.022362 seconds 
========================================================================
Received Import Request.
  Time since last request: 0.000092 seconds.
  path: Assets/Resources/Complete_Home_Interior_Pack/CHIP_Models/MOD_Appliances/MOD_APP_Dishwasher_01.fbx
  artifactKey: Guid(df6cb9a16f0f5f44d90237b12d42f32c) Importer(815301076,1909f56bfc062723c751e8b465ee728b)
Start importing Assets/Resources/Complete_Home_Interior_Pack/CHIP_Models/MOD_Appliances/MOD_APP_Dishwasher_01.fbx using Guid(df6cb9a16f0f5f44d90237b12d42f32c) Importer(815301076,1909f56bfc062723c751e8b465ee728b)  -> (artifact id: 'e6216e7a8f7e1abace0f201745ad3044') in 0.019028 seconds 
========================================================================
Received Import Request.
  Time since last request: 0.000078 seconds.
  path: Assets/Resources/Complete_Home_Interior_Pack/CHIP_Models/MOD_Props/MOD_PRO_Deodorant_01.fbx
  artifactKey: Guid(725ef02222037cf4daa0c344cf98451e) Importer(815301076,1909f56bfc062723c751e8b465ee728b)
Start importing Assets/Resources/Complete_Home_Interior_Pack/CHIP_Models/MOD_Props/MOD_PRO_Deodorant_01.fbx using Guid(725ef02222037cf4daa0c344cf98451e) Importer(815301076,1909f56bfc062723c751e8b465ee728b)  -> (artifact id: '74bde3ef149ea07a2a5a874f31cae7f6') in 0.017404 seconds 
========================================================================
Received Import Request.
  Time since last request: 2.347339 seconds.
  path: Assets/Resources/FloorPlan/Release/Home/Home_5.prefab
  artifactKey: Guid(6fdd0a1b99af04d54a857a21e6329e1d) Importer(815301076,1909f56bfc062723c751e8b465ee728b)
Start importing Assets/Resources/FloorPlan/Release/Home/Home_5.prefab using Guid(6fdd0a1b99af04d54a857a21e6329e1d) Importer(815301076,1909f56bfc062723c751e8b465ee728b)  -> (artifact id: '08779245a98e3f9c02009130a4aa5adc') in 1.191601 seconds 
========================================================================
Received Import Request.
  Time since last request: 24.196364 seconds.
  path: Assets/Resources/Complete_Home_Interior_Pack/CHIP_Materials/MAT_Furniture/MAT_FUR_CPU_chairs/MAT_FUR_CPU_chair_01_08.mat
  artifactKey: Guid(d0b6a8814195c92429f7570a191f8c19) Importer(815301076,1909f56bfc062723c751e8b465ee728b)
Start importing Assets/Resources/Complete_Home_Interior_Pack/CHIP_Materials/MAT_Furniture/MAT_FUR_CPU_chairs/MAT_FUR_CPU_chair_01_08.mat using Guid(d0b6a8814195c92429f7570a191f8c19) Importer(815301076,1909f56bfc062723c751e8b465ee728b)  -> (artifact id: 'b49b0ef2a7ec8730a2505bae78040de9') in 0.111387 seconds 
========================================================================
Received Import Request.
  Time since last request: 0.000079 seconds.
  path: Assets/Resources/Complete_Home_Interior_Pack/CHIP_Materials/MAT_Furniture/MAT_FUR_CPU_chairs/MAT_FUR_CPU_chair_01_14.mat
  artifactKey: Guid(b76f02324ae89d14db4af5c531eac6b7) Importer(815301076,1909f56bfc062723c751e8b465ee728b)
Start importing Assets/Resources/Complete_Home_Interior_Pack/CHIP_Materials/MAT_Furniture/MAT_FUR_CPU_chairs/MAT_FUR_CPU_chair_01_14.mat using Guid(b76f02324ae89d14db4af5c531eac6b7) Importer(815301076,1909f56bfc062723c751e8b465ee728b)  -> (artifact id: 'be898afb67dd880cb8985bb9c07e049c') in 0.033720 seconds 
========================================================================
Received Import Request.
  Time since last request: 1.228984 seconds.
  path: Assets/Resources/Complete_Home_Interior_Pack/CHIP_Materials/MAT_Furniture/MAT_FUR_CPU_chairs/MAT_FUR_CPU_chair_01_17.mat
  artifactKey: Guid(a99ccd99950f2b24889ca076bb7e3ce2) Importer(815301076,1909f56bfc062723c751e8b465ee728b)
Start importing Assets/Resources/Complete_Home_Interior_Pack/CHIP_Materials/MAT_Furniture/MAT_FUR_CPU_chairs/MAT_FUR_CPU_chair_01_17.mat using Guid(a99ccd99950f2b24889ca076bb7e3ce2) Importer(815301076,1909f56bfc062723c751e8b465ee728b)  -> (artifact id: '7e430ecc24ebc1de3da65efd91e90533') in 0.028920 seconds 
========================================================================
Received Import Request.
  Time since last request: 204.430124 seconds.
  path: Assets/Resources/FloorPlan/Release/Home/Home_13.prefab
  artifactKey: Guid(9ebaec5b2f8f44e6e8edc86e71d64aa2) Importer(815301076,1909f56bfc062723c751e8b465ee728b)
Start importing Assets/Resources/FloorPlan/Release/Home/Home_13.prefab using Guid(9ebaec5b2f8f44e6e8edc86e71d64aa2) Importer(815301076,1909f56bfc062723c751e8b465ee728b)  -> (artifact id: '66700f55d7e842f5ba6b4fddc01efa68') in 1.388453 seconds 
========================================================================
Received Import Request.
  Time since last request: 0.000064 seconds.
  path: Assets/Resources/FloorPlan/Release/Home/Home_45.prefab
  artifactKey: Guid(d33f60238b459481ea5e1a7bde86fd92) Importer(815301076,1909f56bfc062723c751e8b465ee728b)
Start importing Assets/Resources/FloorPlan/Release/Home/Home_45.prefab using Guid(d33f60238b459481ea5e1a7bde86fd92) Importer(815301076,1909f56bfc062723c751e8b465ee728b)  -> (artifact id: '738fd7ebcf6d5c023b3394e26354bd55') in 2.030012 seconds 
