Unity Editor version:    2021.2.10f1 (ee872746220e)
Branch:                  2021.2/staging
Build type:              Release
Batch mode:              YES
macOS version:           Version 12.1 (Build 21C52)
Darwin version:          21.2.0
Architecture:            x86_64
Running under Rosetta:   NO
Available memory:        65536 MB
Using pre-set license
Pro License: NO

COMMAND LINE ARGUMENTS:
/Applications/Unity/Hub/Editor/2021.2.10f1/Unity.app/Contents/MacOS/Unity
-adb2
-batchMode
-noUpm
-name
AssetImportWorker14
-projectPath
/Users/kabirswain/Documents/GitHub/virtualhome_unity
-logFile
Logs/AssetImportWorker14.log
-srvPort
55105
Successfully changed project path to: /Users/kabirswain/Documents/GitHub/virtualhome_unity
/Users/kabirswain/Documents/GitHub/virtualhome_unity
[UnityMemory] Configuration Parameters - Can be set up in boot.config
    "memorysetup-bucket-allocator-granularity=16"
    "memorysetup-bucket-allocator-bucket-count=8"
    "memorysetup-bucket-allocator-block-size=33554432"
    "memorysetup-bucket-allocator-block-count=8"
    "memorysetup-main-allocator-block-size=16777216"
    "memorysetup-thread-allocator-block-size=16777216"
    "memorysetup-gfx-main-allocator-block-size=16777216"
    "memorysetup-gfx-thread-allocator-block-size=16777216"
    "memorysetup-cache-allocator-block-size=4194304"
    "memorysetup-typetree-allocator-block-size=2097152"
    "memorysetup-profiler-bucket-allocator-granularity=16"
    "memorysetup-profiler-bucket-allocator-bucket-count=8"
    "memorysetup-profiler-bucket-allocator-block-size=33554432"
    "memorysetup-profiler-bucket-allocator-block-count=8"
    "memorysetup-profiler-allocator-block-size=16777216"
    "memorysetup-profiler-editor-allocator-block-size=1048576"
    "memorysetup-temp-allocator-size-main=16777216"
    "memorysetup-job-temp-allocator-block-size=2097152"
    "memorysetup-job-temp-allocator-block-size-background=1048576"
    "memorysetup-job-temp-allocator-reduction-small-platforms=262144"
    "memorysetup-temp-allocator-size-background-worker=32768"
    "memorysetup-temp-allocator-size-job-worker=262144"
    "memorysetup-temp-allocator-size-preload-manager=33554432"
    "memorysetup-temp-allocator-size-nav-mesh-worker=65536"
    "memorysetup-temp-allocator-size-audio-worker=65536"
    "memorysetup-temp-allocator-size-cloud-worker=32768"
    "memorysetup-temp-allocator-size-gi-baking-worker=262144"
    "memorysetup-temp-allocator-size-gfx=262144"
Refreshing native plugins compatible for Editor in 166.07 ms, found 2 plugins.
Preloading 0 native plugins for Editor in 0.00 ms.
Initialize engine version: 2021.2.10f1 (ee872746220e)
[Subsystems] Discovering subsystems at path /Applications/Unity/Hub/Editor/2021.2.10f1/Unity.app/Contents/Resources/UnitySubsystems
[Subsystems] Discovering subsystems at path /Users/kabirswain/Documents/GitHub/virtualhome_unity/Assets
GfxDevice: creating device client; threaded=0; jobified=0
Color LCD preferred device: AMD Radeon Pro 5600M (high power)
Metal devices available: 2
0: AMD Radeon Pro 5600M (high power)
1: Intel(R) UHD Graphics 630 (low power)
Using device AMD Radeon Pro 5600M (high power)
Initializing Metal device caps: AMD Radeon Pro 5600M
Initialize mono
Mono path[0] = '/Applications/Unity/Hub/Editor/2021.2.10f1/Unity.app/Contents/Managed'
Mono path[1] = '/Applications/Unity/Hub/Editor/2021.2.10f1/Unity.app/Contents/MonoBleedingEdge/lib/mono/unityjit-macos'
Mono config path = '/Applications/Unity/Hub/Editor/2021.2.10f1/Unity.app/Contents/MonoBleedingEdge/etc'
Using monoOptions --debugger-agent=transport=dt_socket,embedding=1,server=y,suspend=n,address=127.0.0.1:56473
Begin MonoManager ReloadAssembly
Registering precompiled unity dll's ...
Register platform support module: /Applications/Unity/Hub/Editor/2021.2.10f1/Unity.app/Contents/PlaybackEngines/MacStandaloneSupport/UnityEditor.OSXStandalone.Extensions.dll
Register platform support module: /Applications/Unity/Hub/Editor/2021.2.10f1/PlaybackEngines/WindowsStandaloneSupport/UnityEditor.WindowsStandalone.Extensions.dll
Register platform support module: /Applications/Unity/Hub/Editor/2021.2.10f1/PlaybackEngines/LinuxStandaloneSupport/UnityEditor.LinuxStandalone.Extensions.dll
Registered in 0.004650 seconds.
Native extension for LinuxStandalone target not found
Native extension for WindowsStandalone target not found
Native extension for OSXStandalone target not found
Refreshing native plugins compatible for Editor in 142.59 ms, found 2 plugins.
Preloading 0 native plugins for Editor in 0.00 ms.
Mono: successfully reloaded assembly
- Completed reload, in  0.865 seconds
Domain Reload Profiling:
	ReloadAssembly (865ms)
		BeginReloadAssembly (118ms)
			ExecutionOrderSort (0ms)
			DisableScriptedObjects (0ms)
			BackupInstance (0ms)
			ReleaseScriptingObjects (0ms)
			CreateAndSetChildDomain (1ms)
		EndReloadAssembly (643ms)
			LoadAssemblies (120ms)
			RebuildTransferFunctionScriptingTraits (0ms)
			SetupTypeCache (144ms)
			ReleaseScriptCaches (0ms)
			RebuildScriptCaches (37ms)
			SetupLoadedEditorAssemblies (395ms)
				LogAssemblyErrors (0ms)
				InitializePlatformSupportModulesInManaged (17ms)
				SetLoadedEditorAssemblies (0ms)
				RefreshPlugins (143ms)
				BeforeProcessingInitializeOnLoad (1ms)
				ProcessInitializeOnLoadAttributes (183ms)
				ProcessInitializeOnLoadMethodAttributes (51ms)
				AfterProcessingInitializeOnLoad (0ms)
				EditorAssembliesLoaded (0ms)
			ExecutionOrderSort2 (0ms)
			AwakeInstancesAfterBackupRestoration (0ms)
Platform modules already initialized, skipping
Registering precompiled user dll's ...
Registered in 0.011475 seconds.
Begin MonoManager ReloadAssembly
Native extension for LinuxStandalone target not found
Native extension for WindowsStandalone target not found
Native extension for OSXStandalone target not found
Refreshing native plugins compatible for Editor in 2.87 ms, found 2 plugins.
Preloading 0 native plugins for Editor in 0.00 ms.
Package Manager log level set to [2]
Mono: successfully reloaded assembly
- Completed reload, in  1.370 seconds
Domain Reload Profiling:
	ReloadAssembly (1371ms)
		BeginReloadAssembly (122ms)
			ExecutionOrderSort (0ms)
			DisableScriptedObjects (7ms)
			BackupInstance (0ms)
			ReleaseScriptingObjects (0ms)
			CreateAndSetChildDomain (32ms)
		EndReloadAssembly (1118ms)
			LoadAssemblies (107ms)
			RebuildTransferFunctionScriptingTraits (0ms)
			SetupTypeCache (288ms)
			ReleaseScriptCaches (1ms)
			RebuildScriptCaches (79ms)
			SetupLoadedEditorAssemblies (585ms)
				LogAssemblyErrors (0ms)
				InitializePlatformSupportModulesInManaged (13ms)
				SetLoadedEditorAssemblies (1ms)
				RefreshPlugins (3ms)
				BeforeProcessingInitializeOnLoad (83ms)
				ProcessInitializeOnLoadAttributes (307ms)
				ProcessInitializeOnLoadMethodAttributes (177ms)
				AfterProcessingInitializeOnLoad (2ms)
				EditorAssembliesLoaded (0ms)
			ExecutionOrderSort2 (0ms)
			AwakeInstancesAfterBackupRestoration (4ms)
Platform modules already initialized, skipping
========================================================================
Worker process is ready to serve import requests
Launching external process: /Applications/Unity/Hub/Editor/2021.2.10f1/Unity.app/Contents/Tools/UnityShaderCompiler
Launched and connected shader compiler UnityShaderCompiler after 0.07 seconds
Refreshing native plugins compatible for Editor in 1.72 ms, found 2 plugins.
Preloading 0 native plugins for Editor in 0.00 ms.
Unloading 2957 Unused Serialized files (Serialized files now loaded: 0)
Unloading 70 unused Assets / (1.1 MB). Loaded Objects now: 3416.
Memory consumption went from 280.1 MB to 279.1 MB.
Total: 7.439202 ms (FindLiveObjects: 0.258959 ms CreateObjectMapping: 0.149422 ms MarkObjects: 6.417913 ms  DeleteObjects: 0.611751 ms)

AssetImportParameters requested are different than current active one (requested -> active):
  custom:video-decoder-ogg-theora: a1e56fd34408186e4bbccfd4996cb3dc -> 
  custom:container-muxer-webm: aa71ff27fc2769a1b78a27578f13a17b -> 
  custom:container-demuxer-webm: 4f35f7cbe854078d1ac9338744f61a02 -> 
  custom:video-encoder-webm-vp8: eb34c28f22e8b96e1ab97ce403110664 -> 
  custom:framework-osx-AVFoundation: e770b220cccbd017edd2c1fefb359320 -> 
  custom:audio-encoder-webm-vorbis: bf7c407c2cedff20999df2af8eb42d56 -> 
  custom:container-demuxer-ogg: 62fdf1f143b41e24485cea50d1cbac27 -> 
  custom:video-decoder-webm-vp8: 9c59270c3fd7afecdb556c50c9e8de78 -> 
  custom:audio-decoder-ogg-vorbis: bf7c407c2cedff20999df2af8eb42d56 -> 
========================================================================
Received Import Request.
  Time since last request: 1175843.336414 seconds.
  path: Assets/Resources/FloorPlan/Release/Home/Home_3.prefab
  artifactKey: Guid(302ea2f54413a4a77bfb55fa35030f95) Importer(815301076,1909f56bfc062723c751e8b465ee728b)
Start importing Assets/Resources/FloorPlan/Release/Home/Home_3.prefab using Guid(302ea2f54413a4a77bfb55fa35030f95) Importer(815301076,1909f56bfc062723c751e8b465ee728b)  -> (artifact id: '50187506b094854eb174b6dd5a948057') in 1.774330 seconds 
========================================================================
Received Import Request.
  Time since last request: 0.000191 seconds.
  path: Assets/Resources/FloorPlan/Release/Home/Home_11.prefab
  artifactKey: Guid(a39347f198dc3435194dd4d6f225e31c) Importer(815301076,1909f56bfc062723c751e8b465ee728b)
Start importing Assets/Resources/FloorPlan/Release/Home/Home_11.prefab using Guid(a39347f198dc3435194dd4d6f225e31c) Importer(815301076,1909f56bfc062723c751e8b465ee728b)  -> (artifact id: '60fbe22979ca7db583eecd9388a8660e') in 0.586177 seconds 
========================================================================
Received Import Request.
  Time since last request: 0.000052 seconds.
  path: Assets/Resources/FloorPlan/Release/Home/Home_22.prefab
  artifactKey: Guid(e9b5910f91bda4f12b3028d49de11b1c) Importer(815301076,1909f56bfc062723c751e8b465ee728b)
Start importing Assets/Resources/FloorPlan/Release/Home/Home_22.prefab using Guid(e9b5910f91bda4f12b3028d49de11b1c) Importer(815301076,1909f56bfc062723c751e8b465ee728b)  -> (artifact id: '2acd7c031d5eceb708a1a6a26b7590f3') in 0.839925 seconds 
========================================================================
Received Import Request.
  Time since last request: 0.000087 seconds.
  path: Assets/Resources/FloorPlan/Release/Home/Home_48.prefab
  artifactKey: Guid(587e6109ac85c4757ba4fc477da08471) Importer(815301076,1909f56bfc062723c751e8b465ee728b)
Start importing Assets/Resources/FloorPlan/Release/Home/Home_48.prefab using Guid(587e6109ac85c4757ba4fc477da08471) Importer(815301076,1909f56bfc062723c751e8b465ee728b)  -> (artifact id: '76d482913fc0aaea1f51ae096a447597') in 1.056611 seconds 
========================================================================
Received Import Request.
  Time since last request: 0.000047 seconds.
  path: Assets/Resources/FloorPlan/Release/Home/Home_5.prefab
  artifactKey: Guid(6fdd0a1b99af04d54a857a21e6329e1d) Importer(815301076,1909f56bfc062723c751e8b465ee728b)
Start importing Assets/Resources/FloorPlan/Release/Home/Home_5.prefab using Guid(6fdd0a1b99af04d54a857a21e6329e1d) Importer(815301076,1909f56bfc062723c751e8b465ee728b)  -> (artifact id: 'a6080a1509e59508cf23aad876a6a4e8') in 1.277441 seconds 
========================================================================
Received Import Request.
  Time since last request: 0.000059 seconds.
  path: Assets/Resources/FloorPlan/Release/Home/Home_43.prefab
  artifactKey: Guid(8dcedeb89bf5940a182de410dbb3fb45) Importer(815301076,1909f56bfc062723c751e8b465ee728b)
Start importing Assets/Resources/FloorPlan/Release/Home/Home_43.prefab using Guid(8dcedeb89bf5940a182de410dbb3fb45) Importer(815301076,1909f56bfc062723c751e8b465ee728b)  -> (artifact id: 'ecc617505d332d68cbb48d31fad29d7b') in 0.901254 seconds 
========================================================================
Received Import Request.
  Time since last request: 0.000076 seconds.
  path: Assets/Resources/FloorPlan/Release/Home/Home_8.prefab
  artifactKey: Guid(6eb5da7ecb47d43c9bfe0f9fab782648) Importer(815301076,1909f56bfc062723c751e8b465ee728b)
Start importing Assets/Resources/FloorPlan/Release/Home/Home_8.prefab using Guid(6eb5da7ecb47d43c9bfe0f9fab782648) Importer(815301076,1909f56bfc062723c751e8b465ee728b)  -> (artifact id: 'ece22076c9866fac0ecd957ab0dfe834') in 0.893434 seconds 
========================================================================
Received Import Request.
  Time since last request: 0.000099 seconds.
  path: Assets/Resources/FloorPlan/Release/Home/Home_35.prefab
  artifactKey: Guid(ce2499c29e0fe402585ae37b892502cf) Importer(815301076,1909f56bfc062723c751e8b465ee728b)
Start importing Assets/Resources/FloorPlan/Release/Home/Home_35.prefab using Guid(ce2499c29e0fe402585ae37b892502cf) Importer(815301076,1909f56bfc062723c751e8b465ee728b)  -> (artifact id: 'fcdf494ad237a4a24adf473e0618c554') in 0.818306 seconds 
========================================================================
Received Import Request.
  Time since last request: 0.000075 seconds.
  path: Assets/Resources/FloorPlan/Release/Home/Home_47.prefab
  artifactKey: Guid(fce7d11ff314740ecb2bca6e352a63d2) Importer(815301076,1909f56bfc062723c751e8b465ee728b)
Start importing Assets/Resources/FloorPlan/Release/Home/Home_47.prefab using Guid(fce7d11ff314740ecb2bca6e352a63d2) Importer(815301076,1909f56bfc062723c751e8b465ee728b)  -> (artifact id: 'b26ea40ca5244fab61efd6f1cf5d0c93') in 0.861431 seconds 
========================================================================
Received Import Request.
  Time since last request: 0.000067 seconds.
  path: Assets/Resources/FloorPlan/Release/Home/Home_17.prefab
  artifactKey: Guid(d1c9f53e4532e4c12bd3bc56eb3dc4d8) Importer(815301076,1909f56bfc062723c751e8b465ee728b)
Start importing Assets/Resources/FloorPlan/Release/Home/Home_17.prefab using Guid(d1c9f53e4532e4c12bd3bc56eb3dc4d8) Importer(815301076,1909f56bfc062723c751e8b465ee728b)  -> (artifact id: '5047719477d830c131ab7227a75051bd') in 0.763203 seconds 
========================================================================
Received Import Request.
  Time since last request: 0.000080 seconds.
  path: Assets/Resources/FloorPlan/Release/Home/Home_49.prefab
  artifactKey: Guid(4e6cf6169dafa4161af7b3181bb28512) Importer(815301076,1909f56bfc062723c751e8b465ee728b)
Start importing Assets/Resources/FloorPlan/Release/Home/Home_49.prefab using Guid(4e6cf6169dafa4161af7b3181bb28512) Importer(815301076,1909f56bfc062723c751e8b465ee728b)  -> (artifact id: '30f0d552400579e86f06c7eeec92cf02') in 0.807158 seconds 
========================================================================
Received Prepare
Refreshing native plugins compatible for Editor in 7.48 ms, found 2 plugins.
Preloading 0 native plugins for Editor in 0.00 ms.
Unloading 60 Unused Serialized files (Serialized files now loaded: 0)
Unloading 60 unused Assets / (1.0 MB). Loaded Objects now: 3425.
Memory consumption went from 239.9 MB to 238.9 MB.
Total: 8.132852 ms (FindLiveObjects: 0.255633 ms CreateObjectMapping: 0.166689 ms MarkObjects: 7.073919 ms  DeleteObjects: 0.635686 ms)

AssetImportParameters requested are different than current active one (requested -> active):
  custom:video-decoder-ogg-theora: a1e56fd34408186e4bbccfd4996cb3dc -> 
  custom:container-muxer-webm: aa71ff27fc2769a1b78a27578f13a17b -> 
  custom:container-demuxer-webm: 4f35f7cbe854078d1ac9338744f61a02 -> 
  custom:video-encoder-webm-vp8: eb34c28f22e8b96e1ab97ce403110664 -> 
  custom:framework-osx-AVFoundation: e770b220cccbd017edd2c1fefb359320 -> 
  custom:audio-encoder-webm-vorbis: bf7c407c2cedff20999df2af8eb42d56 -> 
  custom:container-demuxer-ogg: 62fdf1f143b41e24485cea50d1cbac27 -> 
  custom:video-decoder-webm-vp8: 9c59270c3fd7afecdb556c50c9e8de78 -> 
  custom:audio-decoder-ogg-vorbis: bf7c407c2cedff20999df2af8eb42d56 -> 
========================================================================
Received Import Request.
  Time since last request: 35.419233 seconds.
  path: Assets/Resources/FloorPlan/Release/Home/Home_10.prefab
  artifactKey: Guid(7f45cfacaf8da40069d7ab15dfe65979) Importer(815301076,1909f56bfc062723c751e8b465ee728b)
Start importing Assets/Resources/FloorPlan/Release/Home/Home_10.prefab using Guid(7f45cfacaf8da40069d7ab15dfe65979) Importer(815301076,1909f56bfc062723c751e8b465ee728b)  -> (artifact id: '89e7802709863ac526020282a0b80869') in 1.066258 seconds 
========================================================================
Received Import Request.
  Time since last request: 0.000063 seconds.
  path: Assets/Resources/FloorPlan/Release/Home/Home_22.prefab
  artifactKey: Guid(e9b5910f91bda4f12b3028d49de11b1c) Importer(815301076,1909f56bfc062723c751e8b465ee728b)
Start importing Assets/Resources/FloorPlan/Release/Home/Home_22.prefab using Guid(e9b5910f91bda4f12b3028d49de11b1c) Importer(815301076,1909f56bfc062723c751e8b465ee728b)  -> (artifact id: '0ac3d96a3a9601245c4fa82d6bf6740b') in 0.892244 seconds 
========================================================================
Received Import Request.
  Time since last request: 0.000150 seconds.
  path: Assets/Resources/FloorPlan/Release/Home/Home_48.prefab
  artifactKey: Guid(587e6109ac85c4757ba4fc477da08471) Importer(815301076,1909f56bfc062723c751e8b465ee728b)
Start importing Assets/Resources/FloorPlan/Release/Home/Home_48.prefab using Guid(587e6109ac85c4757ba4fc477da08471) Importer(815301076,1909f56bfc062723c751e8b465ee728b)  -> (artifact id: '6d1c1eb86b6f4cdf03e0177414f2cc64') in 1.127025 seconds 
========================================================================
Received Import Request.
  Time since last request: 0.000060 seconds.
  path: Assets/Resources/FloorPlan/Release/Home/Home_18.prefab
  artifactKey: Guid(f2c6e138ec1d74c009c78ef9a0589d3f) Importer(815301076,1909f56bfc062723c751e8b465ee728b)
Start importing Assets/Resources/FloorPlan/Release/Home/Home_18.prefab using Guid(f2c6e138ec1d74c009c78ef9a0589d3f) Importer(815301076,1909f56bfc062723c751e8b465ee728b)  -> (artifact id: 'bb6b9f0127c357fd8de41ce51d80bf7d') in 0.841174 seconds 
========================================================================
Received Import Request.
  Time since last request: 0.000064 seconds.
  path: Assets/Resources/FloorPlan/Release/Home/Home_13.prefab
  artifactKey: Guid(9ebaec5b2f8f44e6e8edc86e71d64aa2) Importer(815301076,1909f56bfc062723c751e8b465ee728b)
Start importing Assets/Resources/FloorPlan/Release/Home/Home_13.prefab using Guid(9ebaec5b2f8f44e6e8edc86e71d64aa2) Importer(815301076,1909f56bfc062723c751e8b465ee728b)  -> (artifact id: '574e0cf01b597edafd7770e422de7cae') in 0.838035 seconds 
========================================================================
Received Import Request.
  Time since last request: 0.000112 seconds.
  path: Assets/Resources/FloorPlan/Release/Home/Home_45.prefab
  artifactKey: Guid(d33f60238b459481ea5e1a7bde86fd92) Importer(815301076,1909f56bfc062723c751e8b465ee728b)
Start importing Assets/Resources/FloorPlan/Release/Home/Home_45.prefab using Guid(d33f60238b459481ea5e1a7bde86fd92) Importer(815301076,1909f56bfc062723c751e8b465ee728b)  -> (artifact id: '560801859c672e5dd54356aeacd4637b') in 0.957280 seconds 
========================================================================
Received Import Request.
  Time since last request: 0.000059 seconds.
  path: Assets/Resources/FloorPlan/Release/Home/Home_20.prefab
  artifactKey: Guid(22721ea154e944ae8bf3463178d1a20c) Importer(815301076,1909f56bfc062723c751e8b465ee728b)
Start importing Assets/Resources/FloorPlan/Release/Home/Home_20.prefab using Guid(22721ea154e944ae8bf3463178d1a20c) Importer(815301076,1909f56bfc062723c751e8b465ee728b)  -> (artifact id: 'cfc616d14c36a4fadb1607ce168b8456') in 0.797268 seconds 
========================================================================
Received Prepare
Registering precompiled user dll's ...
Registered in 0.002312 seconds.
Begin MonoManager ReloadAssembly
Native extension for LinuxStandalone target not found
Native extension for WindowsStandalone target not found
Native extension for OSXStandalone target not found
Refreshing native plugins compatible for Editor in 2.14 ms, found 2 plugins.
Preloading 0 native plugins for Editor in 0.00 ms.
Mono: successfully reloaded assembly
- Completed reload, in  1.132 seconds
Domain Reload Profiling:
	ReloadAssembly (1133ms)
		BeginReloadAssembly (121ms)
			ExecutionOrderSort (0ms)
			DisableScriptedObjects (8ms)
			BackupInstance (0ms)
			ReleaseScriptingObjects (0ms)
			CreateAndSetChildDomain (43ms)
		EndReloadAssembly (901ms)
			LoadAssemblies (56ms)
			RebuildTransferFunctionScriptingTraits (0ms)
			SetupTypeCache (247ms)
			ReleaseScriptCaches (2ms)
			RebuildScriptCaches (71ms)
			SetupLoadedEditorAssemblies (459ms)
				LogAssemblyErrors (0ms)
				InitializePlatformSupportModulesInManaged (14ms)
				SetLoadedEditorAssemblies (1ms)
				RefreshPlugins (2ms)
				BeforeProcessingInitializeOnLoad (66ms)
				ProcessInitializeOnLoadAttributes (275ms)
				ProcessInitializeOnLoadMethodAttributes (99ms)
				AfterProcessingInitializeOnLoad (2ms)
				EditorAssembliesLoaded (0ms)
			ExecutionOrderSort2 (0ms)
			AwakeInstancesAfterBackupRestoration (6ms)
Platform modules already initialized, skipping
Refreshing native plugins compatible for Editor in 1.65 ms, found 2 plugins.
Preloading 0 native plugins for Editor in 0.00 ms.
Unloading 2831 Unused Serialized files (Serialized files now loaded: 0)
Unloading 61 unused Assets / (1.0 MB). Loaded Objects now: 3426.
Memory consumption went from 309.0 MB to 308.0 MB.
Total: 7.745355 ms (FindLiveObjects: 0.223541 ms CreateObjectMapping: 0.120978 ms MarkObjects: 6.666540 ms  DeleteObjects: 0.733511 ms)

AssetImportParameters requested are different than current active one (requested -> active):
  custom:video-decoder-ogg-theora: a1e56fd34408186e4bbccfd4996cb3dc -> 
  custom:container-muxer-webm: aa71ff27fc2769a1b78a27578f13a17b -> 
  custom:container-demuxer-webm: 4f35f7cbe854078d1ac9338744f61a02 -> 
  custom:video-encoder-webm-vp8: eb34c28f22e8b96e1ab97ce403110664 -> 
  custom:framework-osx-AVFoundation: e770b220cccbd017edd2c1fefb359320 -> 
  custom:audio-encoder-webm-vorbis: bf7c407c2cedff20999df2af8eb42d56 -> 
  custom:container-demuxer-ogg: 62fdf1f143b41e24485cea50d1cbac27 -> 
  custom:video-decoder-webm-vp8: 9c59270c3fd7afecdb556c50c9e8de78 -> 
  custom:audio-decoder-ogg-vorbis: bf7c407c2cedff20999df2af8eb42d56 -> 
========================================================================
Received Prepare
Registering precompiled user dll's ...
Registered in 0.002037 seconds.
Begin MonoManager ReloadAssembly
Native extension for LinuxStandalone target not found
Native extension for WindowsStandalone target not found
Native extension for OSXStandalone target not found
Refreshing native plugins compatible for Editor in 2.27 ms, found 2 plugins.
Preloading 0 native plugins for Editor in 0.00 ms.
Mono: successfully reloaded assembly
- Completed reload, in  1.129 seconds
Domain Reload Profiling:
	ReloadAssembly (1156ms)
		BeginReloadAssembly (156ms)
			ExecutionOrderSort (0ms)
			DisableScriptedObjects (10ms)
			BackupInstance (0ms)
			ReleaseScriptingObjects (0ms)
			CreateAndSetChildDomain (45ms)
		EndReloadAssembly (875ms)
			LoadAssemblies (66ms)
			RebuildTransferFunctionScriptingTraits (0ms)
			SetupTypeCache (225ms)
			ReleaseScriptCaches (1ms)
			RebuildScriptCaches (64ms)
			SetupLoadedEditorAssemblies (470ms)
				LogAssemblyErrors (0ms)
				InitializePlatformSupportModulesInManaged (13ms)
				SetLoadedEditorAssemblies (1ms)
				RefreshPlugins (2ms)
				BeforeProcessingInitializeOnLoad (61ms)
				ProcessInitializeOnLoadAttributes (282ms)
				ProcessInitializeOnLoadMethodAttributes (109ms)
				AfterProcessingInitializeOnLoad (2ms)
				EditorAssembliesLoaded (0ms)
			ExecutionOrderSort2 (0ms)
			AwakeInstancesAfterBackupRestoration (5ms)
Platform modules already initialized, skipping
Refreshing native plugins compatible for Editor in 1.93 ms, found 2 plugins.
Preloading 0 native plugins for Editor in 0.00 ms.
Unloading 2831 Unused Serialized files (Serialized files now loaded: 0)
Unloading 61 unused Assets / (1.0 MB). Loaded Objects now: 3428.
Memory consumption went from 309.2 MB to 308.2 MB.
Total: 7.292154 ms (FindLiveObjects: 0.243791 ms CreateObjectMapping: 0.170708 ms MarkObjects: 6.274834 ms  DeleteObjects: 0.601587 ms)

AssetImportParameters requested are different than current active one (requested -> active):
  custom:video-decoder-ogg-theora: a1e56fd34408186e4bbccfd4996cb3dc -> 
  custom:container-muxer-webm: aa71ff27fc2769a1b78a27578f13a17b -> 
  custom:container-demuxer-webm: 4f35f7cbe854078d1ac9338744f61a02 -> 
  custom:video-encoder-webm-vp8: eb34c28f22e8b96e1ab97ce403110664 -> 
  custom:framework-osx-AVFoundation: e770b220cccbd017edd2c1fefb359320 -> 
  custom:audio-encoder-webm-vorbis: bf7c407c2cedff20999df2af8eb42d56 -> 
  custom:container-demuxer-ogg: 62fdf1f143b41e24485cea50d1cbac27 -> 
  custom:video-decoder-webm-vp8: 9c59270c3fd7afecdb556c50c9e8de78 -> 
  custom:audio-decoder-ogg-vorbis: bf7c407c2cedff20999df2af8eb42d56 -> 
========================================================================
Received Import Request.
  Time since last request: 196.454265 seconds.
  path: Assets/Resources/FloorPlan/Release/Home/Home_23.prefab
  artifactKey: Guid(4dd828735f1c048a2970e45455fb1eeb) Importer(815301076,1909f56bfc062723c751e8b465ee728b)
Start importing Assets/Resources/FloorPlan/Release/Home/Home_23.prefab using Guid(4dd828735f1c048a2970e45455fb1eeb) Importer(815301076,1909f56bfc062723c751e8b465ee728b)  -> (artifact id: 'c9956ddf4ef59b58aab70b464bae9e3b') in 0.642110 seconds 
========================================================================
Received Import Request.
  Time since last request: 0.000078 seconds.
  path: Assets/Resources/FloorPlan/Release/Home/Home_3.prefab
  artifactKey: Guid(302ea2f54413a4a77bfb55fa35030f95) Importer(815301076,1909f56bfc062723c751e8b465ee728b)
Start importing Assets/Resources/FloorPlan/Release/Home/Home_3.prefab using Guid(302ea2f54413a4a77bfb55fa35030f95) Importer(815301076,1909f56bfc062723c751e8b465ee728b)  -> (artifact id: '8238e223b5793fbc81eb3046b6f6753a') in 0.820803 seconds 
========================================================================
Received Import Request.
  Time since last request: 0.000060 seconds.
  path: Assets/Resources/FloorPlan/Release/Home/Home_41.prefab
  artifactKey: Guid(2055b4cf13c6043968a65559f08368d0) Importer(815301076,1909f56bfc062723c751e8b465ee728b)
Start importing Assets/Resources/FloorPlan/Release/Home/Home_41.prefab using Guid(2055b4cf13c6043968a65559f08368d0) Importer(815301076,1909f56bfc062723c751e8b465ee728b)  -> (artifact id: 'bc2ff686e79c769bb6b0644eaff8170d') in 0.676432 seconds 
========================================================================
Received Import Request.
  Time since last request: 0.000100 seconds.
  path: Assets/Resources/FloorPlan/Release/Home/Home_7.prefab
  artifactKey: Guid(3ff30c6929cc34d25ab132cf0f40c10f) Importer(815301076,1909f56bfc062723c751e8b465ee728b)
Start importing Assets/Resources/FloorPlan/Release/Home/Home_7.prefab using Guid(3ff30c6929cc34d25ab132cf0f40c10f) Importer(815301076,1909f56bfc062723c751e8b465ee728b)  -> (artifact id: '5a056dd3766a7df0e364b0fe8e8792dd') in 0.745552 seconds 
========================================================================
Received Import Request.
  Time since last request: 0.000086 seconds.
  path: Assets/Resources/FloorPlan/Release/Home/Home_22.prefab
  artifactKey: Guid(e9b5910f91bda4f12b3028d49de11b1c) Importer(815301076,1909f56bfc062723c751e8b465ee728b)
Start importing Assets/Resources/FloorPlan/Release/Home/Home_22.prefab using Guid(e9b5910f91bda4f12b3028d49de11b1c) Importer(815301076,1909f56bfc062723c751e8b465ee728b)  -> (artifact id: '3453578c2ae94497044db1dd2d87d832') in 0.898544 seconds 
========================================================================
Received Import Request.
  Time since last request: 0.000077 seconds.
  path: Assets/Resources/FloorPlan/Release/Home/Home_31.prefab
  artifactKey: Guid(76f4f6caf8e424a22ac859d66d36a05b) Importer(815301076,1909f56bfc062723c751e8b465ee728b)
Start importing Assets/Resources/FloorPlan/Release/Home/Home_31.prefab using Guid(76f4f6caf8e424a22ac859d66d36a05b) Importer(815301076,1909f56bfc062723c751e8b465ee728b)  -> (artifact id: '505e475d7f2f482c37535d35bb8106a2') in 0.768940 seconds 
========================================================================
Received Import Request.
  Time since last request: 0.000056 seconds.
  path: Assets/Resources/FloorPlan/Release/Home/Home_30.prefab
  artifactKey: Guid(612a9411b111043c1be1cf83719a5702) Importer(815301076,1909f56bfc062723c751e8b465ee728b)
Start importing Assets/Resources/FloorPlan/Release/Home/Home_30.prefab using Guid(612a9411b111043c1be1cf83719a5702) Importer(815301076,1909f56bfc062723c751e8b465ee728b)  -> (artifact id: '2d029cc6b62cb2f937f0f5e8b931bea3') in 0.820887 seconds 
========================================================================
Received Import Request.
  Time since last request: 0.000078 seconds.
  path: Assets/Resources/FloorPlan/Release/Home/Home_5.prefab
  artifactKey: Guid(6fdd0a1b99af04d54a857a21e6329e1d) Importer(815301076,1909f56bfc062723c751e8b465ee728b)
Start importing Assets/Resources/FloorPlan/Release/Home/Home_5.prefab using Guid(6fdd0a1b99af04d54a857a21e6329e1d) Importer(815301076,1909f56bfc062723c751e8b465ee728b)  -> (artifact id: 'c38523890f42c4d6abaa46c5c1847f3f') in 1.368878 seconds 
========================================================================
Received Import Request.
  Time since last request: 0.000135 seconds.
  path: Assets/Resources/FloorPlan/Release/Home/Home_43.prefab
  artifactKey: Guid(8dcedeb89bf5940a182de410dbb3fb45) Importer(815301076,1909f56bfc062723c751e8b465ee728b)
Start importing Assets/Resources/FloorPlan/Release/Home/Home_43.prefab using Guid(8dcedeb89bf5940a182de410dbb3fb45) Importer(815301076,1909f56bfc062723c751e8b465ee728b)  -> (artifact id: '3ab99d4136617df77483289d87b84564') in 1.005467 seconds 
========================================================================
Received Import Request.
  Time since last request: 0.000059 seconds.
  path: Assets/Resources/FloorPlan/Release/Home/Home_6.prefab
  artifactKey: Guid(9d1613b94c9574dc0a992a2a80102c47) Importer(815301076,1909f56bfc062723c751e8b465ee728b)
Start importing Assets/Resources/FloorPlan/Release/Home/Home_6.prefab using Guid(9d1613b94c9574dc0a992a2a80102c47) Importer(815301076,1909f56bfc062723c751e8b465ee728b)  -> (artifact id: 'e1cc6bd5e791e3dd159314e447307ab6') in 1.187721 seconds 
========================================================================
Received Import Request.
  Time since last request: 0.000059 seconds.
  path: Assets/Resources/FloorPlan/Release/Home/Home_38.prefab
  artifactKey: Guid(ac51f6ae00a20492199ac4c9f7178ace) Importer(815301076,1909f56bfc062723c751e8b465ee728b)
Start importing Assets/Resources/FloorPlan/Release/Home/Home_38.prefab using Guid(ac51f6ae00a20492199ac4c9f7178ace) Importer(815301076,1909f56bfc062723c751e8b465ee728b)  -> (artifact id: '54881f701038a8475141cc9293b28148') in 1.283176 seconds 
========================================================================
Received Import Request.
  Time since last request: 0.000058 seconds.
  path: Assets/Resources/FloorPlan/Release/Home/Home_37.prefab
  artifactKey: Guid(22d63bb22d89941ad99c06e025b273a6) Importer(815301076,1909f56bfc062723c751e8b465ee728b)
Start importing Assets/Resources/FloorPlan/Release/Home/Home_37.prefab using Guid(22d63bb22d89941ad99c06e025b273a6) Importer(815301076,1909f56bfc062723c751e8b465ee728b)  -> (artifact id: '7278420a2aca2ba7fef1ab5b78fe08aa') in 0.805000 seconds 
========================================================================
Received Import Request.
  Time since last request: 0.000096 seconds.
  path: Assets/Resources/FloorPlan/Release/Home/Home_27.prefab
  artifactKey: Guid(a4c3f0e1462a24870964c4d1e1137ac8) Importer(815301076,1909f56bfc062723c751e8b465ee728b)
Start importing Assets/Resources/FloorPlan/Release/Home/Home_27.prefab using Guid(a4c3f0e1462a24870964c4d1e1137ac8) Importer(815301076,1909f56bfc062723c751e8b465ee728b)  -> (artifact id: '6410748010c39feaccef3582d8454d93') in 0.857410 seconds 
========================================================================
Received Prepare
Registering precompiled user dll's ...
Registered in 0.002716 seconds.
Begin MonoManager ReloadAssembly
Native extension for LinuxStandalone target not found
Native extension for WindowsStandalone target not found
Native extension for OSXStandalone target not found
Refreshing native plugins compatible for Editor in 1.94 ms, found 2 plugins.
Preloading 0 native plugins for Editor in 0.00 ms.
Mono: successfully reloaded assembly
- Completed reload, in  1.296 seconds
Domain Reload Profiling:
	ReloadAssembly (1296ms)
		BeginReloadAssembly (129ms)
			ExecutionOrderSort (0ms)
			DisableScriptedObjects (6ms)
			BackupInstance (0ms)
			ReleaseScriptingObjects (0ms)
			CreateAndSetChildDomain (47ms)
		EndReloadAssembly (1050ms)
			LoadAssemblies (59ms)
			RebuildTransferFunctionScriptingTraits (0ms)
			SetupTypeCache (253ms)
			ReleaseScriptCaches (2ms)
			RebuildScriptCaches (75ms)
			SetupLoadedEditorAssemblies (589ms)
				LogAssemblyErrors (0ms)
				InitializePlatformSupportModulesInManaged (35ms)
				SetLoadedEditorAssemblies (1ms)
				RefreshPlugins (2ms)
				BeforeProcessingInitializeOnLoad (76ms)
				ProcessInitializeOnLoadAttributes (338ms)
				ProcessInitializeOnLoadMethodAttributes (136ms)
				AfterProcessingInitializeOnLoad (3ms)
				EditorAssembliesLoaded (0ms)
			ExecutionOrderSort2 (0ms)
			AwakeInstancesAfterBackupRestoration (6ms)
Platform modules already initialized, skipping
Refreshing native plugins compatible for Editor in 3.46 ms, found 2 plugins.
Preloading 0 native plugins for Editor in 0.00 ms.
Unloading 2831 Unused Serialized files (Serialized files now loaded: 0)
Unloading 62 unused Assets / (1.0 MB). Loaded Objects now: 3430.
Memory consumption went from 314.4 MB to 313.4 MB.
Total: 10.589009 ms (FindLiveObjects: 0.394628 ms CreateObjectMapping: 0.318909 ms MarkObjects: 8.792506 ms  DeleteObjects: 1.081774 ms)

AssetImportParameters requested are different than current active one (requested -> active):
  custom:video-decoder-ogg-theora: a1e56fd34408186e4bbccfd4996cb3dc -> 
  custom:container-muxer-webm: aa71ff27fc2769a1b78a27578f13a17b -> 
  custom:container-demuxer-webm: 4f35f7cbe854078d1ac9338744f61a02 -> 
  custom:video-encoder-webm-vp8: eb34c28f22e8b96e1ab97ce403110664 -> 
  custom:framework-osx-AVFoundation: e770b220cccbd017edd2c1fefb359320 -> 
  custom:audio-encoder-webm-vorbis: bf7c407c2cedff20999df2af8eb42d56 -> 
  custom:container-demuxer-ogg: 62fdf1f143b41e24485cea50d1cbac27 -> 
  custom:video-decoder-webm-vp8: 9c59270c3fd7afecdb556c50c9e8de78 -> 
  custom:audio-decoder-ogg-vorbis: bf7c407c2cedff20999df2af8eb42d56 -> 
========================================================================
Received Prepare
Registering precompiled user dll's ...
Registered in 0.002451 seconds.
Begin MonoManager ReloadAssembly
Native extension for LinuxStandalone target not found
Native extension for WindowsStandalone target not found
Native extension for OSXStandalone target not found
Refreshing native plugins compatible for Editor in 1.89 ms, found 2 plugins.
Preloading 0 native plugins for Editor in 0.00 ms.
Mono: successfully reloaded assembly
- Completed reload, in  1.191 seconds
Domain Reload Profiling:
	ReloadAssembly (1208ms)
		BeginReloadAssembly (142ms)
			ExecutionOrderSort (0ms)
			DisableScriptedObjects (9ms)
			BackupInstance (0ms)
			ReleaseScriptingObjects (0ms)
			CreateAndSetChildDomain (44ms)
		EndReloadAssembly (956ms)
			LoadAssemblies (59ms)
			RebuildTransferFunctionScriptingTraits (0ms)
			SetupTypeCache (225ms)
			ReleaseScriptCaches (2ms)
			RebuildScriptCaches (75ms)
			SetupLoadedEditorAssemblies (520ms)
				LogAssemblyErrors (0ms)
				InitializePlatformSupportModulesInManaged (13ms)
				SetLoadedEditorAssemblies (1ms)
				RefreshPlugins (2ms)
				BeforeProcessingInitializeOnLoad (91ms)
				ProcessInitializeOnLoadAttributes (298ms)
				ProcessInitializeOnLoadMethodAttributes (113ms)
				AfterProcessingInitializeOnLoad (2ms)
				EditorAssembliesLoaded (0ms)
			ExecutionOrderSort2 (0ms)
			AwakeInstancesAfterBackupRestoration (5ms)
Platform modules already initialized, skipping
Refreshing native plugins compatible for Editor in 1.89 ms, found 2 plugins.
Preloading 0 native plugins for Editor in 0.00 ms.
Unloading 2831 Unused Serialized files (Serialized files now loaded: 0)
Unloading 61 unused Assets / (1.0 MB). Loaded Objects now: 3432.
Memory consumption went from 314.6 MB to 313.6 MB.
Total: 7.217040 ms (FindLiveObjects: 0.263430 ms CreateObjectMapping: 0.212511 ms MarkObjects: 6.154166 ms  DeleteObjects: 0.585983 ms)

AssetImportParameters requested are different than current active one (requested -> active):
  custom:video-decoder-ogg-theora: a1e56fd34408186e4bbccfd4996cb3dc -> 
  custom:container-muxer-webm: aa71ff27fc2769a1b78a27578f13a17b -> 
  custom:container-demuxer-webm: 4f35f7cbe854078d1ac9338744f61a02 -> 
  custom:video-encoder-webm-vp8: eb34c28f22e8b96e1ab97ce403110664 -> 
  custom:framework-osx-AVFoundation: e770b220cccbd017edd2c1fefb359320 -> 
  custom:audio-encoder-webm-vorbis: bf7c407c2cedff20999df2af8eb42d56 -> 
  custom:container-demuxer-ogg: 62fdf1f143b41e24485cea50d1cbac27 -> 
  custom:video-decoder-webm-vp8: 9c59270c3fd7afecdb556c50c9e8de78 -> 
  custom:audio-decoder-ogg-vorbis: bf7c407c2cedff20999df2af8eb42d56 -> 
========================================================================
Received Import Request.
  Time since last request: 237.604900 seconds.
  path: Assets/Standard Assets/Effects/LightFlares/Flares/50mmZoom.flare
  artifactKey: Guid(54fbbf098d116effa00081aba8ad6659) Importer(815301076,1909f56bfc062723c751e8b465ee728b)
Start importing Assets/Standard Assets/Effects/LightFlares/Flares/50mmZoom.flare using Guid(54fbbf098d116effa00081aba8ad6659) Importer(815301076,1909f56bfc062723c751e8b465ee728b)  -> (artifact id: 'e6cd5f8569bcf896e50037b94e029344') in 0.113247 seconds 
========================================================================
Received Import Request.
  Time since last request: 0.000078 seconds.
  path: Assets/Plugins/RootMotion/Shared Demo Assets/Humanoid Animations/Aim MP-40/Aim MP-40 Standing Front.FBX
  artifactKey: Guid(1347fe20fd4744fc38d0967e65e505d4) Importer(815301076,1909f56bfc062723c751e8b465ee728b)
Start importing Assets/Plugins/RootMotion/Shared Demo Assets/Humanoid Animations/Aim MP-40/Aim MP-40 Standing Front.FBX using Guid(1347fe20fd4744fc38d0967e65e505d4) Importer(815301076,1909f56bfc062723c751e8b465ee728b)  -> (artifact id: '6302237ccf036a7d90681dbfa3e645ee') in 0.139850 seconds 
========================================================================
Received Import Request.
  Time since last request: 0.000087 seconds.
  path: Assets/Resources/ExtraObjects/models/Donut_1/Materials/_DimGray_.mat
  artifactKey: Guid(2946a1eacd7754acc8a5497f70850125) Importer(815301076,1909f56bfc062723c751e8b465ee728b)
Start importing Assets/Resources/ExtraObjects/models/Donut_1/Materials/_DimGray_.mat using Guid(2946a1eacd7754acc8a5497f70850125) Importer(815301076,1909f56bfc062723c751e8b465ee728b)  -> (artifact id: '80198c9412b21f288370b4433da31720') in 0.156446 seconds 
========================================================================
Received Import Request.
  Time since last request: 0.000103 seconds.
  path: Assets/Resources/ExtraObjects/models/Garbage_Can_3/Materials/_Fencing_Diamond_Mesh_1.mat
  artifactKey: Guid(6ff1f5c97193f40b6b6cc243ee5ed14e) Importer(815301076,1909f56bfc062723c751e8b465ee728b)
Start importing Assets/Resources/ExtraObjects/models/Garbage_Can_3/Materials/_Fencing_Diamond_Mesh_1.mat using Guid(6ff1f5c97193f40b6b6cc243ee5ed14e) Importer(815301076,1909f56bfc062723c751e8b465ee728b)  -> (artifact id: 'c95a30852e1fd69fe7a32e11dd3c0f9a') in 0.010603 seconds 
========================================================================
Received Import Request.
  Time since last request: 0.000079 seconds.
  path: Assets/Plugins/RootMotion/Shared Demo Assets/Humanoid Animations/Aim MP-40/Aim MP-40 Standing Breathe.FBX
  artifactKey: Guid(a93a4e65ce9cf4f9696d7a46ad73d299) Importer(815301076,1909f56bfc062723c751e8b465ee728b)
Start importing Assets/Plugins/RootMotion/Shared Demo Assets/Humanoid Animations/Aim MP-40/Aim MP-40 Standing Breathe.FBX using Guid(a93a4e65ce9cf4f9696d7a46ad73d299) Importer(815301076,1909f56bfc062723c751e8b465ee728b)  -> (artifact id: '651e90a5c1f298ba224b4f6523937cab') in 0.009847 seconds 
========================================================================
Received Import Request.
  Time since last request: 0.000057 seconds.
  path: Assets/Resources/ExtraObjects/Remote_control_1/Remote_control_1/_Metal_Aluminum_Anodized_1.jpg
  artifactKey: Guid(465280840f4b14a3f9727ec98b443c82) Importer(815301076,1909f56bfc062723c751e8b465ee728b)
Start importing Assets/Resources/ExtraObjects/Remote_control_1/Remote_control_1/_Metal_Aluminum_Anodized_1.jpg using Guid(465280840f4b14a3f9727ec98b443c82) Importer(815301076,1909f56bfc062723c751e8b465ee728b)  -> (artifact id: '45525a8fbbbd0c01e42f4fd722ef722b') in 0.690978 seconds 
========================================================================
Received Import Request.
  Time since last request: 0.000076 seconds.
  path: Assets/3DModels/_Characters/Male2/athlet_male_Top_Gloss.png
  artifactKey: Guid(7d85605a591ca41448fe295f2b6e5c40) Importer(815301076,1909f56bfc062723c751e8b465ee728b)
Start importing Assets/3DModels/_Characters/Male2/athlet_male_Top_Gloss.png using Guid(7d85605a591ca41448fe295f2b6e5c40) Importer(815301076,1909f56bfc062723c751e8b465ee728b)  -> (artifact id: '3c1535a31d4f8d24d25e29c465c63020') in 0.710636 seconds 
========================================================================
Received Import Request.
  Time since last request: 0.000067 seconds.
  path: Assets/3DModels/_Characters/Male2/athlet_male_Body_Opacity.png
  artifactKey: Guid(11f315501134041f28718b854e8aa4bc) Importer(815301076,1909f56bfc062723c751e8b465ee728b)
Start importing Assets/3DModels/_Characters/Male2/athlet_male_Body_Opacity.png using Guid(11f315501134041f28718b854e8aa4bc) Importer(815301076,1909f56bfc062723c751e8b465ee728b)  -> (artifact id: '531e996764bde51508b1f1ef8a130bfe') in 0.013897 seconds 
========================================================================
Received Import Request.
  Time since last request: 0.000052 seconds.
  path: Assets/3DModels/_Characters/Male2/athlet_male.fbm/athlet_male_Shoes_Opacity.png
  artifactKey: Guid(3da7245caad914fff9ab5e10223387d4) Importer(815301076,1909f56bfc062723c751e8b465ee728b)
Start importing Assets/3DModels/_Characters/Male2/athlet_male.fbm/athlet_male_Shoes_Opacity.png using Guid(3da7245caad914fff9ab5e10223387d4) Importer(815301076,1909f56bfc062723c751e8b465ee728b)  -> (artifact id: '8d9738da12cc98b2edb4c05ab6b84777') in 0.011719 seconds 
========================================================================
Received Import Request.
  Time since last request: 0.000058 seconds.
  path: Assets/3DModels/_Characters/Male2/athlet_male.fbm/athlet_male_Shoes_Diffuse.png
  artifactKey: Guid(38ced6abc0bd2451e8a1c1c9cbcafa77) Importer(815301076,1909f56bfc062723c751e8b465ee728b)
Start importing Assets/3DModels/_Characters/Male2/athlet_male.fbm/athlet_male_Shoes_Diffuse.png using Guid(38ced6abc0bd2451e8a1c1c9cbcafa77) Importer(815301076,1909f56bfc062723c751e8b465ee728b)  -> (artifact id: '397707478b0ae7fe9b309bb5e3a6fbc4') in 0.010348 seconds 
========================================================================
Received Import Request.
  Time since last request: 0.000071 seconds.
  path: Assets/3DModels/_Characters/Male2/athlet_male_Shoes_Specular.png
  artifactKey: Guid(d2963725ce1f74bf594fe02c452ab9ba) Importer(815301076,1909f56bfc062723c751e8b465ee728b)
Start importing Assets/3DModels/_Characters/Male2/athlet_male_Shoes_Specular.png using Guid(d2963725ce1f74bf594fe02c452ab9ba) Importer(815301076,1909f56bfc062723c751e8b465ee728b)  -> (artifact id: '89f73c51ce15e9adfb36e88134e9b39b') in 0.006847 seconds 
========================================================================
Received Import Request.
  Time since last request: 0.000074 seconds.
  path: Assets/3DModels/_Characters/Male2/athlet_male_Top_Opacity.png
  artifactKey: Guid(48957e659a872455b9a34a9f76a5c04d) Importer(815301076,1909f56bfc062723c751e8b465ee728b)
Start importing Assets/3DModels/_Characters/Male2/athlet_male_Top_Opacity.png using Guid(48957e659a872455b9a34a9f76a5c04d) Importer(815301076,1909f56bfc062723c751e8b465ee728b)  -> (artifact id: '9420af03c665801507f11771340aafe0') in 0.010471 seconds 
========================================================================
Received Import Request.
  Time since last request: 0.000055 seconds.
  path: Assets/3DModels/_Characters/Male2/athlet_male_Body_Diffuse.png
  artifactKey: Guid(9decbc812c4634e1a82e267165019355) Importer(815301076,1909f56bfc062723c751e8b465ee728b)
Start importing Assets/3DModels/_Characters/Male2/athlet_male_Body_Diffuse.png using Guid(9decbc812c4634e1a82e267165019355) Importer(815301076,1909f56bfc062723c751e8b465ee728b)  -> (artifact id: 'fd64cee98380dabd2eae68bd1c18a8b0') in 0.012154 seconds 
========================================================================
Received Import Request.
  Time since last request: 0.000076 seconds.
  path: Assets/3DModels/_Characters/Male2/athlet_male_Shoes_Opacity.png
  artifactKey: Guid(1c408f49726e746a2a19991caee87db9) Importer(815301076,1909f56bfc062723c751e8b465ee728b)
Start importing Assets/3DModels/_Characters/Male2/athlet_male_Shoes_Opacity.png using Guid(1c408f49726e746a2a19991caee87db9) Importer(815301076,1909f56bfc062723c751e8b465ee728b)  -> (artifact id: 'a1423ed614f887b7f8d333cd8eb96975') in 0.007247 seconds 
========================================================================
Received Import Request.
  Time since last request: 0.000073 seconds.
  path: Assets/Resources/Chars/Female1.prefab
  artifactKey: Guid(4f21852b84436fd4c91604a229c8255e) Importer(815301076,1909f56bfc062723c751e8b465ee728b)
Start importing Assets/Resources/Chars/Female1.prefab using Guid(4f21852b84436fd4c91604a229c8255e) Importer(815301076,1909f56bfc062723c751e8b465ee728b)  -> (artifact id: 'ae61db741eb8fd07c3c9a836b58552a7') in 0.143705 seconds 
========================================================================
Received Import Request.
  Time since last request: 0.000053 seconds.
  path: Assets/3DModels/_Characters/Male2/athlet_male.fbm/athlet_male_Body_Specular.png
  artifactKey: Guid(a1859bf1e0b0947f1abd5d5787e3420a) Importer(815301076,1909f56bfc062723c751e8b465ee728b)
Start importing Assets/3DModels/_Characters/Male2/athlet_male.fbm/athlet_male_Body_Specular.png using Guid(a1859bf1e0b0947f1abd5d5787e3420a) Importer(815301076,1909f56bfc062723c751e8b465ee728b)  -> (artifact id: '9a3ff3d14fd504d12c9b773c5e28ed69') in 0.014074 seconds 
========================================================================
Received Import Request.
  Time since last request: 0.000037 seconds.
  path: Assets/3DModels/_Characters/Male2/athlet_male.fbm/athlet_male_Top_Normal.png
  artifactKey: Guid(cb05952dca8334892b0322a54573da33) Importer(815301076,1909f56bfc062723c751e8b465ee728b)
Start importing Assets/3DModels/_Characters/Male2/athlet_male.fbm/athlet_male_Top_Normal.png using Guid(cb05952dca8334892b0322a54573da33) Importer(815301076,1909f56bfc062723c751e8b465ee728b)  -> (artifact id: 'dedc7a7b8f060a81b463d40cd835e1d3') in 0.012561 seconds 
========================================================================
Received Import Request.
  Time since last request: 0.000097 seconds.
  path: Assets/Resources/ExtraObjects/models/Donut_2/Materials/_Burnt_Umber_1.mat
  artifactKey: Guid(3f3689a5b31b3427f8e701e3a0886e6a) Importer(815301076,1909f56bfc062723c751e8b465ee728b)
Start importing Assets/Resources/ExtraObjects/models/Donut_2/Materials/_Burnt_Umber_1.mat using Guid(3f3689a5b31b3427f8e701e3a0886e6a) Importer(815301076,1909f56bfc062723c751e8b465ee728b)  -> (artifact id: '4ff7f072e6f7e1a3215e2d8fbef3e453') in 0.009849 seconds 
========================================================================
Received Import Request.
  Time since last request: 0.000073 seconds.
  path: Assets/3DModels/_Characters/Male2/athlet_male.fbx
  artifactKey: Guid(eae2d3f33fc114c9a95699f5e1e91a93) Importer(815301076,1909f56bfc062723c751e8b465ee728b)
Start importing Assets/3DModels/_Characters/Male2/athlet_male.fbx using Guid(eae2d3f33fc114c9a95699f5e1e91a93) Importer(815301076,1909f56bfc062723c751e8b465ee728b)  -> (artifact id: '5e106ef527b2a0dfb879c62f75eae6e9') in 0.345563 seconds 
========================================================================
Received Import Request.
  Time since last request: 0.000072 seconds.
  path: Assets/3DModels/_Characters/Male2/athlet_male.fbm/athlet_male_Bottom_Specular.png
  artifactKey: Guid(d0f0259db7c2046c0832f1efc7cf2bf0) Importer(815301076,1909f56bfc062723c751e8b465ee728b)
Start importing Assets/3DModels/_Characters/Male2/athlet_male.fbm/athlet_male_Bottom_Specular.png using Guid(d0f0259db7c2046c0832f1efc7cf2bf0) Importer(815301076,1909f56bfc062723c751e8b465ee728b)  -> (artifact id: 'ff252db536892334248aea8ab2fc1ed1') in 0.013069 seconds 
========================================================================
Received Import Request.
  Time since last request: 0.000051 seconds.
  path: Assets/Resources/ExtraObjects/Donut_2/Materials/_Burnt_Umber_1.mat
  artifactKey: Guid(21ae6b0da676145f3993972f70ac0aad) Importer(815301076,1909f56bfc062723c751e8b465ee728b)
Start importing Assets/Resources/ExtraObjects/Donut_2/Materials/_Burnt_Umber_1.mat using Guid(21ae6b0da676145f3993972f70ac0aad) Importer(815301076,1909f56bfc062723c751e8b465ee728b)  -> (artifact id: '014ca303e390a0c78918bcd6861765d5') in 0.012723 seconds 
========================================================================
Received Import Request.
  Time since last request: 0.000088 seconds.
  path: Assets/3DModels/_Characters/Male2/athlet_male_Top_Normal.png
  artifactKey: Guid(53eb65eb516db462a8f76b983ec77763) Importer(815301076,1909f56bfc062723c751e8b465ee728b)
Start importing Assets/3DModels/_Characters/Male2/athlet_male_Top_Normal.png using Guid(53eb65eb516db462a8f76b983ec77763) Importer(815301076,1909f56bfc062723c751e8b465ee728b)  -> (artifact id: 'a972cdfa140837b5963534da54fa617f') in 0.079725 seconds 
========================================================================
Received Import Request.
  Time since last request: 0.000080 seconds.
  path: Assets/Resources/ExtraObjects/models/Toy_7/Materials/_Burnt_Umber_1.mat
  artifactKey: Guid(02bd24f0de36d46e4b009c727a85b658) Importer(815301076,1909f56bfc062723c751e8b465ee728b)
Start importing Assets/Resources/ExtraObjects/models/Toy_7/Materials/_Burnt_Umber_1.mat using Guid(02bd24f0de36d46e4b009c727a85b658) Importer(815301076,1909f56bfc062723c751e8b465ee728b)  -> (artifact id: '25520003b0ddc2c3081b1fdaf915a1eb') in 0.010589 seconds 
========================================================================
Received Import Request.
  Time since last request: 0.000100 seconds.
  path: Assets/Resources/ExtraObjects/Donut_3/Materials/_DimGray_.mat
  artifactKey: Guid(10ef5304767d74003aa9a9d74ba550c0) Importer(815301076,1909f56bfc062723c751e8b465ee728b)
Start importing Assets/Resources/ExtraObjects/Donut_3/Materials/_DimGray_.mat using Guid(10ef5304767d74003aa9a9d74ba550c0) Importer(815301076,1909f56bfc062723c751e8b465ee728b)  -> (artifact id: '185de1678e39ab9bad9dea3829d8961d') in 0.009079 seconds 
========================================================================
Received Import Request.
  Time since last request: 0.000085 seconds.
  path: Assets/Resources/ExtraObjects/Remote_control_1/Materials/_Metal_Aluminum_Anodized_2.mat
  artifactKey: Guid(86a551d57eff04d33ae61e22e9424fa3) Importer(815301076,1909f56bfc062723c751e8b465ee728b)
Start importing Assets/Resources/ExtraObjects/Remote_control_1/Materials/_Metal_Aluminum_Anodized_2.mat using Guid(86a551d57eff04d33ae61e22e9424fa3) Importer(815301076,1909f56bfc062723c751e8b465ee728b)  -> (artifact id: 'f3d58ba298d958f6817d518f27cc2f05') in 0.009428 seconds 
========================================================================
Received Import Request.
  Time since last request: 0.000069 seconds.
  path: Assets/Resources/Chars/Female3.prefab
  artifactKey: Guid(a52936c6ea7144ff1a83e428f9c06b1b) Importer(815301076,1909f56bfc062723c751e8b465ee728b)
Start importing Assets/Resources/Chars/Female3.prefab using Guid(a52936c6ea7144ff1a83e428f9c06b1b) Importer(815301076,1909f56bfc062723c751e8b465ee728b)  -> (artifact id: '98964b35754a0f3edc448ef5c3f44678') in 0.081224 seconds 
========================================================================
Received Import Request.
  Time since last request: 0.000130 seconds.
  path: Assets/Plugins/RootMotion/Shared Demo Assets/Humanoid Animations/Aim MP-40/Aim MP-40 Standing Down.FBX
  artifactKey: Guid(f52d74a4dc0f04b1da61024b4a3f81b9) Importer(815301076,1909f56bfc062723c751e8b465ee728b)
Start importing Assets/Plugins/RootMotion/Shared Demo Assets/Humanoid Animations/Aim MP-40/Aim MP-40 Standing Down.FBX using Guid(f52d74a4dc0f04b1da61024b4a3f81b9) Importer(815301076,1909f56bfc062723c751e8b465ee728b)  -> (artifact id: 'ace000d39c4ccd1ef4b2877da77f1414') in 0.011263 seconds 
========================================================================
Received Import Request.
  Time since last request: 0.000055 seconds.
  path: Assets/3DModels/_Characters/Male2/athlet_male.fbm/athlet_male_Top_Specular.png
  artifactKey: Guid(b4de1a8511a194bafa230e8ab238777d) Importer(815301076,1909f56bfc062723c751e8b465ee728b)
Start importing Assets/3DModels/_Characters/Male2/athlet_male.fbm/athlet_male_Top_Specular.png using Guid(b4de1a8511a194bafa230e8ab238777d) Importer(815301076,1909f56bfc062723c751e8b465ee728b)  -> (artifact id: '5fe6d5b941abc809e069772675449dff') in 0.009080 seconds 
========================================================================
Received Import Request.
  Time since last request: 0.000078 seconds.
  path: Assets/Resources/ExtraObjects/Cellphone_6/Materials/_Burnt_Umber_1.mat
  artifactKey: Guid(f63fe8c2fcab04b2fb4b03d02d2121ae) Importer(815301076,1909f56bfc062723c751e8b465ee728b)
Start importing Assets/Resources/ExtraObjects/Cellphone_6/Materials/_Burnt_Umber_1.mat using Guid(f63fe8c2fcab04b2fb4b03d02d2121ae) Importer(815301076,1909f56bfc062723c751e8b465ee728b)  -> (artifact id: '8b8b824343c0f51ce3aecdae0713244c') in 0.010652 seconds 
========================================================================
Received Import Request.
  Time since last request: 0.000058 seconds.
  path: Assets/Resources/Chars/Male10.prefab
  artifactKey: Guid(0dfce972ca4904d04b8ecfcd52d55f2d) Importer(815301076,1909f56bfc062723c751e8b465ee728b)
Start importing Assets/Resources/Chars/Male10.prefab using Guid(0dfce972ca4904d04b8ecfcd52d55f2d) Importer(815301076,1909f56bfc062723c751e8b465ee728b)  -> (artifact id: '49aac840a48d0dc873242bdc36c7ff19') in 0.085975 seconds 
========================================================================
Received Import Request.
  Time since last request: 0.000055 seconds.
  path: Assets/Plugins/RootMotion/Shared Demo Assets/Humanoid Animations/Aim MP-40/Aim MP-40 Standing Right.FBX
  artifactKey: Guid(8dce395c12cc54bb1801f2be4a8d1342) Importer(815301076,1909f56bfc062723c751e8b465ee728b)
Start importing Assets/Plugins/RootMotion/Shared Demo Assets/Humanoid Animations/Aim MP-40/Aim MP-40 Standing Right.FBX using Guid(8dce395c12cc54bb1801f2be4a8d1342) Importer(815301076,1909f56bfc062723c751e8b465ee728b)  -> (artifact id: '2090b1a5aaf9c794c50030599b79b1be') in 0.010152 seconds 
========================================================================
Received Import Request.
  Time since last request: 0.000058 seconds.
  path: Assets/3DModels/_Characters/Male2/athlet_male_Shoes_Normal.png
  artifactKey: Guid(5bd4caf1c932249629f79629933f752f) Importer(815301076,1909f56bfc062723c751e8b465ee728b)
Start importing Assets/3DModels/_Characters/Male2/athlet_male_Shoes_Normal.png using Guid(5bd4caf1c932249629f79629933f752f) Importer(815301076,1909f56bfc062723c751e8b465ee728b)  -> (artifact id: '5840b5cfeb633b2e89980eabc314e067') in 0.011648 seconds 
========================================================================
Received Import Request.
  Time since last request: 0.000112 seconds.
  path: Assets/3DModels/_Characters/Male2/athlet_male_Shoes_Diffuse.png
  artifactKey: Guid(2618f526981ed462a952ee7f0bd46777) Importer(815301076,1909f56bfc062723c751e8b465ee728b)
Start importing Assets/3DModels/_Characters/Male2/athlet_male_Shoes_Diffuse.png using Guid(2618f526981ed462a952ee7f0bd46777) Importer(815301076,1909f56bfc062723c751e8b465ee728b)  -> (artifact id: '040aba0bb2b75f60f2eeec8af68605fa') in 0.007508 seconds 
========================================================================
Received Import Request.
  Time since last request: 0.000055 seconds.
  path: Assets/Resources/ExtraObjects/models/Donut_2/Materials/_DimGray_.mat
  artifactKey: Guid(c0cfd92ad0c4341fe86d6e62851ce5d3) Importer(815301076,1909f56bfc062723c751e8b465ee728b)
Start importing Assets/Resources/ExtraObjects/models/Donut_2/Materials/_DimGray_.mat using Guid(c0cfd92ad0c4341fe86d6e62851ce5d3) Importer(815301076,1909f56bfc062723c751e8b465ee728b)  -> (artifact id: 'ad674e73826b7f09aff2754bac4c271a') in 0.007968 seconds 
========================================================================
Received Import Request.
  Time since last request: 0.000071 seconds.
  path: Assets/Resources/ExtraObjects/Radio_5/Materials/_DimGray_.mat
  artifactKey: Guid(125f4795843024642aac5d6f36f1bc0d) Importer(815301076,1909f56bfc062723c751e8b465ee728b)
Start importing Assets/Resources/ExtraObjects/Radio_5/Materials/_DimGray_.mat using Guid(125f4795843024642aac5d6f36f1bc0d) Importer(815301076,1909f56bfc062723c751e8b465ee728b)  -> (artifact id: '02908dbabc06228b9a5b78151ae7b266') in 0.009034 seconds 
========================================================================
Received Import Request.
  Time since last request: 0.000063 seconds.
  path: Assets/3DModels/_Characters/Male2/athlet_male_Bottom_Opacity.png
  artifactKey: Guid(50a9ab554ec074b57bd3df55ed460800) Importer(815301076,1909f56bfc062723c751e8b465ee728b)
Start importing Assets/3DModels/_Characters/Male2/athlet_male_Bottom_Opacity.png using Guid(50a9ab554ec074b57bd3df55ed460800) Importer(815301076,1909f56bfc062723c751e8b465ee728b)  -> (artifact id: '9e1f1adf14493f2b4399f0d1562b3261') in 0.006755 seconds 
========================================================================
Received Import Request.
  Time since last request: 0.000047 seconds.
  path: Assets/Resources/ExtraObjects/models/Toy_7/Materials/_DimGray_.mat
  artifactKey: Guid(15719d448782e481298439e8185b989d) Importer(815301076,1909f56bfc062723c751e8b465ee728b)
Start importing Assets/Resources/ExtraObjects/models/Toy_7/Materials/_DimGray_.mat using Guid(15719d448782e481298439e8185b989d) Importer(815301076,1909f56bfc062723c751e8b465ee728b)  -> (artifact id: 'a2f4e38153503954c37239524fd0d6bb') in 0.009526 seconds 
========================================================================
Received Import Request.
  Time since last request: 0.000101 seconds.
  path: Assets/Resources/ExtraObjects/Remote_control_6/Materials/_Fios_Remote_Plastic.mat
  artifactKey: Guid(92f79586fa0cc4f7db51185c832fc00f) Importer(815301076,1909f56bfc062723c751e8b465ee728b)
Start importing Assets/Resources/ExtraObjects/Remote_control_6/Materials/_Fios_Remote_Plastic.mat using Guid(92f79586fa0cc4f7db51185c832fc00f) Importer(815301076,1909f56bfc062723c751e8b465ee728b)  -> (artifact id: 'bdb191ea2e51fb41be261cbdda508b19') in 0.010363 seconds 
========================================================================
Received Import Request.
  Time since last request: 0.000059 seconds.
  path: Assets/Resources/ExtraObjects/models/Cellphone_6/Materials/_DimGray_.mat
  artifactKey: Guid(6ad80b75a6c674848bb25f7a09b3568c) Importer(815301076,1909f56bfc062723c751e8b465ee728b)
Start importing Assets/Resources/ExtraObjects/models/Cellphone_6/Materials/_DimGray_.mat using Guid(6ad80b75a6c674848bb25f7a09b3568c) Importer(815301076,1909f56bfc062723c751e8b465ee728b)  -> (artifact id: '58f4aaa9f3d3c62b3cfa67b469363469') in 0.007796 seconds 
========================================================================
Received Import Request.
  Time since last request: 0.000053 seconds.
  path: Assets/Plugins/RootMotion/Shared Demo Assets/Humanoid Animations/Aim MP-40/Aim MP-40 Standing Up.FBX
  artifactKey: Guid(4ff109f53b9de440b87e4e3a9fa99892) Importer(815301076,1909f56bfc062723c751e8b465ee728b)
Start importing Assets/Plugins/RootMotion/Shared Demo Assets/Humanoid Animations/Aim MP-40/Aim MP-40 Standing Up.FBX using Guid(4ff109f53b9de440b87e4e3a9fa99892) Importer(815301076,1909f56bfc062723c751e8b465ee728b)  -> (artifact id: 'cfdb81af35bf0897b2b65d5fa2870e5b') in 0.008181 seconds 
========================================================================
Received Import Request.
  Time since last request: 0.000055 seconds.
  path: Assets/Resources/ExtraObjects/models/Remote_control_1/Materials/_Metal_Aluminum_Anodized_2.mat
  artifactKey: Guid(d71205c7825154248a0fbb1cf1e23b7c) Importer(815301076,1909f56bfc062723c751e8b465ee728b)
Start importing Assets/Resources/ExtraObjects/models/Remote_control_1/Materials/_Metal_Aluminum_Anodized_2.mat using Guid(d71205c7825154248a0fbb1cf1e23b7c) Importer(815301076,1909f56bfc062723c751e8b465ee728b)  -> (artifact id: '625a275ad0dc3b80e21b076c3f0f3d11') in 0.010731 seconds 
========================================================================
Received Import Request.
  Time since last request: 0.000102 seconds.
  path: Assets/3DModels/_Characters/Male2/athlet_male_Body_Specular.png
  artifactKey: Guid(4d8a51d07d4534ba292388eb3d4de2b0) Importer(815301076,1909f56bfc062723c751e8b465ee728b)
Start importing Assets/3DModels/_Characters/Male2/athlet_male_Body_Specular.png using Guid(4d8a51d07d4534ba292388eb3d4de2b0) Importer(815301076,1909f56bfc062723c751e8b465ee728b)  -> (artifact id: 'e6210f7832b6f6cf417dac68d83b982d') in 0.012207 seconds 
========================================================================
Received Import Request.
  Time since last request: 2.595971 seconds.
  path: Assets/Resources/Chars/HandPoses/Male1/GrabHorizontalRight.prefab
  artifactKey: Guid(f437056a6d3ec4c0ab52967b0bf20f70) Importer(815301076,1909f56bfc062723c751e8b465ee728b)
Start importing Assets/Resources/Chars/HandPoses/Male1/GrabHorizontalRight.prefab using Guid(f437056a6d3ec4c0ab52967b0bf20f70) Importer(815301076,1909f56bfc062723c751e8b465ee728b)  -> (artifact id: 'c0f67d2a71bd8795ad03095db128d445') in 0.007953 seconds 
========================================================================
Received Import Request.
  Time since last request: 0.000113 seconds.
  path: Assets/Resources/Chars/HandPoses/Male1/GrabHorizontalSmallLeft.prefab
  artifactKey: Guid(77c557a8a696540079db0108a6bd144b) Importer(815301076,1909f56bfc062723c751e8b465ee728b)
Start importing Assets/Resources/Chars/HandPoses/Male1/GrabHorizontalSmallLeft.prefab using Guid(77c557a8a696540079db0108a6bd144b) Importer(815301076,1909f56bfc062723c751e8b465ee728b)  -> (artifact id: '0a03edea7b5711a3dfd4b55993e49ac1') in 0.007286 seconds 
========================================================================
Received Import Request.
  Time since last request: 0.000053 seconds.
  path: Assets/Resources/Chars/HandPoses/Male1/GrabVerticalSmallRight.prefab
  artifactKey: Guid(18a3d5d0833ac4062babd08eb36598b9) Importer(815301076,1909f56bfc062723c751e8b465ee728b)
Start importing Assets/Resources/Chars/HandPoses/Male1/GrabVerticalSmallRight.prefab using Guid(18a3d5d0833ac4062babd08eb36598b9) Importer(815301076,1909f56bfc062723c751e8b465ee728b)  -> (artifact id: 'f2c6fb7ed46129bc6e87cb66ee969244') in 0.006052 seconds 
========================================================================
Received Import Request.
  Time since last request: 0.000051 seconds.
  path: Assets/Resources/Chars/HandPoses/Male1/GrabVerticalFlatSmallLeft.prefab
  artifactKey: Guid(22738a31f9c4a4a41b5d6ff9b7f5e624) Importer(815301076,1909f56bfc062723c751e8b465ee728b)
Start importing Assets/Resources/Chars/HandPoses/Male1/GrabVerticalFlatSmallLeft.prefab using Guid(22738a31f9c4a4a41b5d6ff9b7f5e624) Importer(815301076,1909f56bfc062723c751e8b465ee728b)  -> (artifact id: '27a71303f524c74a298d64d4dddbf9bb') in 0.006714 seconds 
========================================================================
Received Import Request.
  Time since last request: 0.000088 seconds.
  path: Assets/Resources/Chars/HandPoses/Male1/GrabVerticalLeft.prefab
  artifactKey: Guid(3d08088ac44a44a87893621b954105ba) Importer(815301076,1909f56bfc062723c751e8b465ee728b)
Start importing Assets/Resources/Chars/HandPoses/Male1/GrabVerticalLeft.prefab using Guid(3d08088ac44a44a87893621b954105ba) Importer(815301076,1909f56bfc062723c751e8b465ee728b)  -> (artifact id: 'b5e8f3b918768250369a381ff69f3bce') in 0.008004 seconds 
========================================================================
Received Import Request.
  Time since last request: 0.000070 seconds.
  path: Assets/Resources/Chars/HandPoses/Male1/GrabVerticalRight.prefab
  artifactKey: Guid(d35780c1ddb984b14954466a2fff131b) Importer(815301076,1909f56bfc062723c751e8b465ee728b)
Start importing Assets/Resources/Chars/HandPoses/Male1/GrabVerticalRight.prefab using Guid(d35780c1ddb984b14954466a2fff131b) Importer(815301076,1909f56bfc062723c751e8b465ee728b)  -> (artifact id: 'ea9c306eeb5294e0b185ac798a8fec44') in 0.005517 seconds 
========================================================================
Received Import Request.
  Time since last request: 5.965477 seconds.
  path: Assets/Resources/Chars/Male5.prefab
  artifactKey: Guid(e452d994daa3946789c2d1ecfd7aff2a) Importer(815301076,1909f56bfc062723c751e8b465ee728b)
Start importing Assets/Resources/Chars/Male5.prefab using Guid(e452d994daa3946789c2d1ecfd7aff2a) Importer(815301076,1909f56bfc062723c751e8b465ee728b)  -> (artifact id: '91747ecb15cee65ff46cf5226fd8a65c') in 0.096887 seconds 
Editor requested this worker to shutdown with reason: Scaling down because of idle timeout
AssetImportWorker is now disconnected from the server
Process exiting
