Unity Editor version:    2021.2.10f1 (ee872746220e)
Branch:                  2021.2/staging
Build type:              Release
Batch mode:              YES
macOS version:           Version 12.1 (Build 21C52)
Darwin version:          21.2.0
Architecture:            x86_64
Running under Rosetta:   NO
Available memory:        65536 MB
Using pre-set license
Pro License: NO

COMMAND LINE ARGUMENTS:
/Applications/Unity/Hub/Editor/2021.2.10f1/Unity.app/Contents/MacOS/Unity
-adb2
-batchMode
-noUpm
-name
AssetImportWorker126
-projectPath
/Users/kabirswain/Documents/GitHub/virtualhome_unity
-logFile
Logs/AssetImportWorker126.log
-srvPort
55105
Successfully changed project path to: /Users/kabirswain/Documents/GitHub/virtualhome_unity
/Users/kabirswain/Documents/GitHub/virtualhome_unity
[UnityMemory] Configuration Parameters - Can be set up in boot.config
    "memorysetup-bucket-allocator-granularity=16"
    "memorysetup-bucket-allocator-bucket-count=8"
    "memorysetup-bucket-allocator-block-size=33554432"
    "memorysetup-bucket-allocator-block-count=8"
    "memorysetup-main-allocator-block-size=16777216"
    "memorysetup-thread-allocator-block-size=16777216"
    "memorysetup-gfx-main-allocator-block-size=16777216"
    "memorysetup-gfx-thread-allocator-block-size=16777216"
    "memorysetup-cache-allocator-block-size=4194304"
    "memorysetup-typetree-allocator-block-size=2097152"
    "memorysetup-profiler-bucket-allocator-granularity=16"
    "memorysetup-profiler-bucket-allocator-bucket-count=8"
    "memorysetup-profiler-bucket-allocator-block-size=33554432"
    "memorysetup-profiler-bucket-allocator-block-count=8"
    "memorysetup-profiler-allocator-block-size=16777216"
    "memorysetup-profiler-editor-allocator-block-size=1048576"
    "memorysetup-temp-allocator-size-main=16777216"
    "memorysetup-job-temp-allocator-block-size=2097152"
    "memorysetup-job-temp-allocator-block-size-background=1048576"
    "memorysetup-job-temp-allocator-reduction-small-platforms=262144"
    "memorysetup-temp-allocator-size-background-worker=32768"
    "memorysetup-temp-allocator-size-job-worker=262144"
    "memorysetup-temp-allocator-size-preload-manager=33554432"
    "memorysetup-temp-allocator-size-nav-mesh-worker=65536"
    "memorysetup-temp-allocator-size-audio-worker=65536"
    "memorysetup-temp-allocator-size-cloud-worker=32768"
    "memorysetup-temp-allocator-size-gi-baking-worker=262144"
    "memorysetup-temp-allocator-size-gfx=262144"
Refreshing native plugins compatible for Editor in 250.14 ms, found 2 plugins.
Preloading 0 native plugins for Editor in 0.00 ms.
Initialize engine version: 2021.2.10f1 (ee872746220e)
[Subsystems] Discovering subsystems at path /Applications/Unity/Hub/Editor/2021.2.10f1/Unity.app/Contents/Resources/UnitySubsystems
[Subsystems] Discovering subsystems at path /Users/kabirswain/Documents/GitHub/virtualhome_unity/Assets
GfxDevice: creating device client; threaded=0; jobified=0
Color LCD preferred device: AMD Radeon Pro 5600M (high power)
Metal devices available: 2
0: AMD Radeon Pro 5600M (high power)
1: Intel(R) UHD Graphics 630 (low power)
Using device AMD Radeon Pro 5600M (high power)
Initializing Metal device caps: AMD Radeon Pro 5600M
Initialize mono
Mono path[0] = '/Applications/Unity/Hub/Editor/2021.2.10f1/Unity.app/Contents/Managed'
Mono path[1] = '/Applications/Unity/Hub/Editor/2021.2.10f1/Unity.app/Contents/MonoBleedingEdge/lib/mono/unityjit-macos'
Mono config path = '/Applications/Unity/Hub/Editor/2021.2.10f1/Unity.app/Contents/MonoBleedingEdge/etc'
Using monoOptions --debugger-agent=transport=dt_socket,embedding=1,server=y,suspend=n,address=127.0.0.1:56794
Begin MonoManager ReloadAssembly
Registering precompiled unity dll's ...
Register platform support module: /Applications/Unity/Hub/Editor/2021.2.10f1/Unity.app/Contents/PlaybackEngines/MacStandaloneSupport/UnityEditor.OSXStandalone.Extensions.dll
Register platform support module: /Applications/Unity/Hub/Editor/2021.2.10f1/PlaybackEngines/WindowsStandaloneSupport/UnityEditor.WindowsStandalone.Extensions.dll
Register platform support module: /Applications/Unity/Hub/Editor/2021.2.10f1/PlaybackEngines/LinuxStandaloneSupport/UnityEditor.LinuxStandalone.Extensions.dll
Registered in 0.004419 seconds.
Native extension for LinuxStandalone target not found
Native extension for WindowsStandalone target not found
Native extension for OSXStandalone target not found
Refreshing native plugins compatible for Editor in 219.60 ms, found 2 plugins.
Preloading 0 native plugins for Editor in 0.00 ms.
Mono: successfully reloaded assembly
- Completed reload, in  1.220 seconds
Domain Reload Profiling:
	ReloadAssembly (1221ms)
		BeginReloadAssembly (111ms)
			ExecutionOrderSort (0ms)
			DisableScriptedObjects (0ms)
			BackupInstance (0ms)
			ReleaseScriptingObjects (0ms)
			CreateAndSetChildDomain (1ms)
		EndReloadAssembly (946ms)
			LoadAssemblies (110ms)
			RebuildTransferFunctionScriptingTraits (0ms)
			SetupTypeCache (216ms)
			ReleaseScriptCaches (0ms)
			RebuildScriptCaches (51ms)
			SetupLoadedEditorAssemblies (588ms)
				LogAssemblyErrors (0ms)
				InitializePlatformSupportModulesInManaged (26ms)
				SetLoadedEditorAssemblies (0ms)
				RefreshPlugins (220ms)
				BeforeProcessingInitializeOnLoad (2ms)
				ProcessInitializeOnLoadAttributes (262ms)
				ProcessInitializeOnLoadMethodAttributes (78ms)
				AfterProcessingInitializeOnLoad (0ms)
				EditorAssembliesLoaded (0ms)
			ExecutionOrderSort2 (0ms)
			AwakeInstancesAfterBackupRestoration (0ms)
Platform modules already initialized, skipping
Registering precompiled user dll's ...
Registered in 0.007174 seconds.
Begin MonoManager ReloadAssembly
Native extension for LinuxStandalone target not found
Native extension for WindowsStandalone target not found
Native extension for OSXStandalone target not found
Refreshing native plugins compatible for Editor in 2.51 ms, found 2 plugins.
Preloading 0 native plugins for Editor in 0.00 ms.
Package Manager log level set to [2]
Mono: successfully reloaded assembly
- Completed reload, in  1.979 seconds
Domain Reload Profiling:
	ReloadAssembly (1980ms)
		BeginReloadAssembly (163ms)
			ExecutionOrderSort (0ms)
			DisableScriptedObjects (10ms)
			BackupInstance (0ms)
			ReleaseScriptingObjects (0ms)
			CreateAndSetChildDomain (33ms)
		EndReloadAssembly (1633ms)
			LoadAssemblies (94ms)
			RebuildTransferFunctionScriptingTraits (0ms)
			SetupTypeCache (408ms)
			ReleaseScriptCaches (1ms)
			RebuildScriptCaches (124ms)
			SetupLoadedEditorAssemblies (910ms)
				LogAssemblyErrors (0ms)
				InitializePlatformSupportModulesInManaged (22ms)
				SetLoadedEditorAssemblies (1ms)
				RefreshPlugins (3ms)
				BeforeProcessingInitializeOnLoad (103ms)
				ProcessInitializeOnLoadAttributes (491ms)
				ProcessInitializeOnLoadMethodAttributes (288ms)
				AfterProcessingInitializeOnLoad (3ms)
				EditorAssembliesLoaded (0ms)
			ExecutionOrderSort2 (0ms)
			AwakeInstancesAfterBackupRestoration (7ms)
Platform modules already initialized, skipping
========================================================================
Worker process is ready to serve import requests
Launching external process: /Applications/Unity/Hub/Editor/2021.2.10f1/Unity.app/Contents/Tools/UnityShaderCompiler
Launched and connected shader compiler UnityShaderCompiler after 0.12 seconds
Refreshing native plugins compatible for Editor in 2.42 ms, found 2 plugins.
Preloading 0 native plugins for Editor in 0.00 ms.
Unloading 2957 Unused Serialized files (Serialized files now loaded: 0)
Unloading 70 unused Assets / (1.1 MB). Loaded Objects now: 3417.
Memory consumption went from 282.5 MB to 281.4 MB.
Total: 12.175541 ms (FindLiveObjects: 0.383458 ms CreateObjectMapping: 0.268688 ms MarkObjects: 10.656517 ms  DeleteObjects: 0.865126 ms)

AssetImportParameters requested are different than current active one (requested -> active):
  custom:video-decoder-ogg-theora: a1e56fd34408186e4bbccfd4996cb3dc -> 
  custom:container-muxer-webm: aa71ff27fc2769a1b78a27578f13a17b -> 
  custom:container-demuxer-webm: 4f35f7cbe854078d1ac9338744f61a02 -> 
  custom:video-encoder-webm-vp8: eb34c28f22e8b96e1ab97ce403110664 -> 
  custom:framework-osx-AVFoundation: e770b220cccbd017edd2c1fefb359320 -> 
  custom:audio-encoder-webm-vorbis: bf7c407c2cedff20999df2af8eb42d56 -> 
  custom:container-demuxer-ogg: 62fdf1f143b41e24485cea50d1cbac27 -> 
  custom:video-decoder-webm-vp8: 9c59270c3fd7afecdb556c50c9e8de78 -> 
  custom:audio-decoder-ogg-vorbis: bf7c407c2cedff20999df2af8eb42d56 -> 
========================================================================
Received Import Request.
  Time since last request: 1648011.298733 seconds.
  path: Assets/Resources/Complete_Home_Interior_Pack/CHIP_Models/MOD_Decor/MOD_DEC_Candle_01.fbx
  artifactKey: Guid(ae32ce5991ad6ef44985b1b4925ef1a1) Importer(815301076,1909f56bfc062723c751e8b465ee728b)
Start importing Assets/Resources/Complete_Home_Interior_Pack/CHIP_Models/MOD_Decor/MOD_DEC_Candle_01.fbx using Guid(ae32ce5991ad6ef44985b1b4925ef1a1) Importer(815301076,1909f56bfc062723c751e8b465ee728b)  -> (artifact id: '9c785ad8ae52cd8a583c274b433ba967') in 0.366121 seconds 
========================================================================
Received Import Request.
  Time since last request: 3.409958 seconds.
  path: Assets/Resources/Complete_Home_Interior_Pack/CHIP_Models/MOD_Furniture/MOD_FUR_Bookshelf_01.fbx
  artifactKey: Guid(3ad7f0fbfbeaa2a4f9b00838201fdd76) Importer(815301076,1909f56bfc062723c751e8b465ee728b)
Start importing Assets/Resources/Complete_Home_Interior_Pack/CHIP_Models/MOD_Furniture/MOD_FUR_Bookshelf_01.fbx using Guid(3ad7f0fbfbeaa2a4f9b00838201fdd76) Importer(815301076,1909f56bfc062723c751e8b465ee728b)  -> (artifact id: '04b8346c35415b16e5f6fbefb3a3d607') in 0.022399 seconds 
========================================================================
Received Import Request.
  Time since last request: 2.718952 seconds.
  path: Assets/Resources/Complete_Home_Interior_Pack/CHIP_Models/MOD_Props/MOD_PRO_Book_01.fbx
  artifactKey: Guid(51fc7c5f824fe5844b0c7b0ed45b6719) Importer(815301076,1909f56bfc062723c751e8b465ee728b)
Start importing Assets/Resources/Complete_Home_Interior_Pack/CHIP_Models/MOD_Props/MOD_PRO_Book_01.fbx using Guid(51fc7c5f824fe5844b0c7b0ed45b6719) Importer(815301076,1909f56bfc062723c751e8b465ee728b)  -> (artifact id: '4a9c07879d6caef39b9a53e60375326f') in 0.020968 seconds 
========================================================================
Received Import Request.
  Time since last request: 12.692091 seconds.
  path: Assets/Resources/Complete_Home_Interior_Pack/NEKOBOLT_Demo_Packs/Farmers_Market_Gourmet_Pack_DEMO/FMGP_Materials/FMGP_MAT_Potato_1024.mat
  artifactKey: Guid(2580725f2ccde400596142f3218626b8) Importer(815301076,1909f56bfc062723c751e8b465ee728b)
Start importing Assets/Resources/Complete_Home_Interior_Pack/NEKOBOLT_Demo_Packs/Farmers_Market_Gourmet_Pack_DEMO/FMGP_Materials/FMGP_MAT_Potato_1024.mat using Guid(2580725f2ccde400596142f3218626b8) Importer(815301076,1909f56bfc062723c751e8b465ee728b)  -> (artifact id: '3e4fa72d02101c5f0f400576342b2de9') in 0.228066 seconds 
========================================================================
Received Import Request.
  Time since last request: 0.000135 seconds.
  path: Assets/3DModels/_Props/Folders/Folder1,2,3,4/folder_blue.mat
  artifactKey: Guid(7b2549f202a3b4109a188737c0c811e4) Importer(815301076,1909f56bfc062723c751e8b465ee728b)
Start importing Assets/3DModels/_Props/Folders/Folder1,2,3,4/folder_blue.mat using Guid(7b2549f202a3b4109a188737c0c811e4) Importer(815301076,1909f56bfc062723c751e8b465ee728b)  -> (artifact id: '49c3b2f766fb1dc617fd54d2600ef1b3') in 0.042379 seconds 
========================================================================
Received Import Request.
  Time since last request: 8.804811 seconds.
  path: Assets/Resources/ModernHouseInteriorProps/Materials/Universal/wood_WornLacqueredMahogany_Mat.mat
  artifactKey: Guid(608d10ef2b17a464d83aff9403c80cf7) Importer(815301076,1909f56bfc062723c751e8b465ee728b)
Start importing Assets/Resources/ModernHouseInteriorProps/Materials/Universal/wood_WornLacqueredMahogany_Mat.mat using Guid(608d10ef2b17a464d83aff9403c80cf7) Importer(815301076,1909f56bfc062723c751e8b465ee728b)  -> (artifact id: '5bcf464c9349ae0e3640a9b811ae3c10') in 0.065359 seconds 
========================================================================
Received Prepare
Registering precompiled user dll's ...
Registered in 0.004325 seconds.
Begin MonoManager ReloadAssembly
Native extension for LinuxStandalone target not found
Native extension for WindowsStandalone target not found
Native extension for OSXStandalone target not found
Refreshing native plugins compatible for Editor in 2.23 ms, found 2 plugins.
Preloading 0 native plugins for Editor in 0.00 ms.
Mono: successfully reloaded assembly
- Completed reload, in  1.510 seconds
Domain Reload Profiling:
	ReloadAssembly (1511ms)
		BeginReloadAssembly (154ms)
			ExecutionOrderSort (0ms)
			DisableScriptedObjects (10ms)
			BackupInstance (0ms)
			ReleaseScriptingObjects (0ms)
			CreateAndSetChildDomain (55ms)
		EndReloadAssembly (1204ms)
			LoadAssemblies (79ms)
			RebuildTransferFunctionScriptingTraits (0ms)
			SetupTypeCache (337ms)
			ReleaseScriptCaches (2ms)
			RebuildScriptCaches (96ms)
			SetupLoadedEditorAssemblies (612ms)
				LogAssemblyErrors (0ms)
				InitializePlatformSupportModulesInManaged (17ms)
				SetLoadedEditorAssemblies (1ms)
				RefreshPlugins (2ms)
				BeforeProcessingInitializeOnLoad (81ms)
				ProcessInitializeOnLoadAttributes (373ms)
				ProcessInitializeOnLoadMethodAttributes (136ms)
				AfterProcessingInitializeOnLoad (2ms)
				EditorAssembliesLoaded (0ms)
			ExecutionOrderSort2 (0ms)
			AwakeInstancesAfterBackupRestoration (6ms)
Platform modules already initialized, skipping
Refreshing native plugins compatible for Editor in 2.23 ms, found 2 plugins.
Preloading 0 native plugins for Editor in 0.00 ms.
Unloading 2831 Unused Serialized files (Serialized files now loaded: 0)
Unloading 61 unused Assets / (1.0 MB). Loaded Objects now: 3462.
Memory consumption went from 283.9 MB to 282.8 MB.
Total: 9.107891 ms (FindLiveObjects: 0.297062 ms CreateObjectMapping: 0.226121 ms MarkObjects: 7.912447 ms  DeleteObjects: 0.671182 ms)

AssetImportParameters requested are different than current active one (requested -> active):
  custom:video-decoder-ogg-theora: a1e56fd34408186e4bbccfd4996cb3dc -> 
  custom:container-muxer-webm: aa71ff27fc2769a1b78a27578f13a17b -> 
  custom:container-demuxer-webm: 4f35f7cbe854078d1ac9338744f61a02 -> 
  custom:video-encoder-webm-vp8: eb34c28f22e8b96e1ab97ce403110664 -> 
  custom:framework-osx-AVFoundation: e770b220cccbd017edd2c1fefb359320 -> 
  custom:audio-encoder-webm-vorbis: bf7c407c2cedff20999df2af8eb42d56 -> 
  custom:container-demuxer-ogg: 62fdf1f143b41e24485cea50d1cbac27 -> 
  custom:video-decoder-webm-vp8: 9c59270c3fd7afecdb556c50c9e8de78 -> 
  custom:audio-decoder-ogg-vorbis: bf7c407c2cedff20999df2af8eb42d56 -> 
========================================================================
Received Import Request.
  Time since last request: 96.579623 seconds.
  path: Assets/Standard Assets/Environment/Water (Basic)/Models/WaterBasicPlane.fbx
  artifactKey: Guid(ce8d79c79d11b8f9d00076e98d76c639) Importer(815301076,1909f56bfc062723c751e8b465ee728b)
Start importing Assets/Standard Assets/Environment/Water (Basic)/Models/WaterBasicPlane.fbx using Guid(ce8d79c79d11b8f9d00076e98d76c639) Importer(815301076,1909f56bfc062723c751e8b465ee728b)  -> (artifact id: 'ec6fbd4e5453be74af98e02370cc9373') in 0.114352 seconds 
========================================================================
Received Import Request.
  Time since last request: 0.000123 seconds.
  path: Assets/Plugins/RootMotion/Shared Demo Assets/Characters/Wolf Generic/Wolf.fbx
  artifactKey: Guid(8e43c4e8a9a474ba1b70448f3bd7d8a3) Importer(815301076,1909f56bfc062723c751e8b465ee728b)
Start importing Assets/Plugins/RootMotion/Shared Demo Assets/Characters/Wolf Generic/Wolf.fbx using Guid(8e43c4e8a9a474ba1b70448f3bd7d8a3) Importer(815301076,1909f56bfc062723c751e8b465ee728b)  -> (artifact id: 'bb7c226a4ebe5294bd9fd41ff71087f3') in 0.037484 seconds 
========================================================================
Received Import Request.
  Time since last request: 0.000096 seconds.
  path: Assets/Standard Assets/Environment/Water/Water/Models/WaterPlane.fbx
  artifactKey: Guid(ba6a41dc489914734857bb5924eb70ad) Importer(815301076,1909f56bfc062723c751e8b465ee728b)
Start importing Assets/Standard Assets/Environment/Water/Water/Models/WaterPlane.fbx using Guid(ba6a41dc489914734857bb5924eb70ad) Importer(815301076,1909f56bfc062723c751e8b465ee728b)  -> (artifact id: 'a7b1361a3f5f68bbff0f78449f637782') in 0.027627 seconds 
========================================================================
Received Import Request.
  Time since last request: 8.991445 seconds.
  path: Assets/3DModels/_Characters/Male8/Jasper.fbx
  artifactKey: Guid(da347e9ca191846b184e5d8905982e45) Importer(815301076,1909f56bfc062723c751e8b465ee728b)
Start importing Assets/3DModels/_Characters/Male8/Jasper.fbx using Guid(da347e9ca191846b184e5d8905982e45) Importer(815301076,1909f56bfc062723c751e8b465ee728b)  -> (artifact id: 'd4feed277f9a10d2754e4e5353e7eb91') in 0.214961 seconds 
========================================================================
Received Import Request.
  Time since last request: 0.000077 seconds.
  path: Assets/3DModels/_Characters/Female4/Regina.fbx
  artifactKey: Guid(3eae41095db044425a78848b8b9e9ca6) Importer(815301076,1909f56bfc062723c751e8b465ee728b)
Start importing Assets/3DModels/_Characters/Female4/Regina.fbx using Guid(3eae41095db044425a78848b8b9e9ca6) Importer(815301076,1909f56bfc062723c751e8b465ee728b)  -> (artifact id: '55fb7d3a5dddabd8a343c2cde1194917') in 0.242366 seconds 
========================================================================
Received Import Request.
  Time since last request: 7.087204 seconds.
  path: Assets/Resources/ModernHouseInteriorProps/Models/Modern House/Update 2.0/Materials/mH_DogBowls_Mat.mat
  artifactKey: Guid(a8dce59dc68e402439d25b9be287178e) Importer(815301076,1909f56bfc062723c751e8b465ee728b)
Start importing Assets/Resources/ModernHouseInteriorProps/Models/Modern House/Update 2.0/Materials/mH_DogBowls_Mat.mat using Guid(a8dce59dc68e402439d25b9be287178e) Importer(815301076,1909f56bfc062723c751e8b465ee728b)  -> (artifact id: 'bd2c372f38a994af92f98804737f323e') in 0.033505 seconds 
========================================================================
Received Import Request.
  Time since last request: 0.000083 seconds.
  path: Assets/Resources/ModernHouseInteriorProps/Models/Modern House/Update 2.0/Materials/mH_DogBowls_Mat03.mat
  artifactKey: Guid(d6b93251933d59a44bc47078d52fca4b) Importer(815301076,1909f56bfc062723c751e8b465ee728b)
Start importing Assets/Resources/ModernHouseInteriorProps/Models/Modern House/Update 2.0/Materials/mH_DogBowls_Mat03.mat using Guid(d6b93251933d59a44bc47078d52fca4b) Importer(815301076,1909f56bfc062723c751e8b465ee728b)  -> (artifact id: '1f0130fe3c8f5e7fcf91146cc6066d07') in 0.015629 seconds 
Editor requested this worker to shutdown with reason: Scaling down because of idle timeout
AssetImportWorker is now disconnected from the server
Process exiting
