Unity Editor version:    2021.2.10f1 (ee872746220e)
Branch:                  2021.2/staging
Build type:              Release
Batch mode:              YES
macOS version:           Version 12.1 (Build 21C52)
Darwin version:          21.2.0
Architecture:            x86_64
Running under Rosetta:   NO
Available memory:        65536 MB
Using pre-set license
Pro License: NO

COMMAND LINE ARGUMENTS:
/Applications/Unity/Hub/Editor/2021.2.10f1/Unity.app/Contents/MacOS/Unity
-adb2
-batchMode
-noUpm
-name
AssetImportWorker99
-projectPath
/Users/kabirswain/Documents/GitHub/virtualhome_unity
-logFile
Logs/AssetImportWorker99.log
-srvPort
55105
Successfully changed project path to: /Users/kabirswain/Documents/GitHub/virtualhome_unity
/Users/kabirswain/Documents/GitHub/virtualhome_unity
[UnityMemory] Configuration Parameters - Can be set up in boot.config
    "memorysetup-bucket-allocator-granularity=16"
    "memorysetup-bucket-allocator-bucket-count=8"
    "memorysetup-bucket-allocator-block-size=33554432"
    "memorysetup-bucket-allocator-block-count=8"
    "memorysetup-main-allocator-block-size=16777216"
    "memorysetup-thread-allocator-block-size=16777216"
    "memorysetup-gfx-main-allocator-block-size=16777216"
    "memorysetup-gfx-thread-allocator-block-size=16777216"
    "memorysetup-cache-allocator-block-size=4194304"
    "memorysetup-typetree-allocator-block-size=2097152"
    "memorysetup-profiler-bucket-allocator-granularity=16"
    "memorysetup-profiler-bucket-allocator-bucket-count=8"
    "memorysetup-profiler-bucket-allocator-block-size=33554432"
    "memorysetup-profiler-bucket-allocator-block-count=8"
    "memorysetup-profiler-allocator-block-size=16777216"
    "memorysetup-profiler-editor-allocator-block-size=1048576"
    "memorysetup-temp-allocator-size-main=16777216"
    "memorysetup-job-temp-allocator-block-size=2097152"
    "memorysetup-job-temp-allocator-block-size-background=1048576"
    "memorysetup-job-temp-allocator-reduction-small-platforms=262144"
    "memorysetup-temp-allocator-size-background-worker=32768"
    "memorysetup-temp-allocator-size-job-worker=262144"
    "memorysetup-temp-allocator-size-preload-manager=33554432"
    "memorysetup-temp-allocator-size-nav-mesh-worker=65536"
    "memorysetup-temp-allocator-size-audio-worker=65536"
    "memorysetup-temp-allocator-size-cloud-worker=32768"
    "memorysetup-temp-allocator-size-gi-baking-worker=262144"
    "memorysetup-temp-allocator-size-gfx=262144"
Refreshing native plugins compatible for Editor in 201.21 ms, found 2 plugins.
Preloading 0 native plugins for Editor in 0.00 ms.
Initialize engine version: 2021.2.10f1 (ee872746220e)
[Subsystems] Discovering subsystems at path /Applications/Unity/Hub/Editor/2021.2.10f1/Unity.app/Contents/Resources/UnitySubsystems
[Subsystems] Discovering subsystems at path /Users/kabirswain/Documents/GitHub/virtualhome_unity/Assets
GfxDevice: creating device client; threaded=0; jobified=0
Color LCD preferred device: AMD Radeon Pro 5600M (high power)
Metal devices available: 2
0: AMD Radeon Pro 5600M (high power)
1: Intel(R) UHD Graphics 630 (low power)
Using device AMD Radeon Pro 5600M (high power)
Initializing Metal device caps: AMD Radeon Pro 5600M
Initialize mono
Mono path[0] = '/Applications/Unity/Hub/Editor/2021.2.10f1/Unity.app/Contents/Managed'
Mono path[1] = '/Applications/Unity/Hub/Editor/2021.2.10f1/Unity.app/Contents/MonoBleedingEdge/lib/mono/unityjit-macos'
Mono config path = '/Applications/Unity/Hub/Editor/2021.2.10f1/Unity.app/Contents/MonoBleedingEdge/etc'
Using monoOptions --debugger-agent=transport=dt_socket,embedding=1,server=y,suspend=n,address=127.0.0.1:56065
Begin MonoManager ReloadAssembly
Registering precompiled unity dll's ...
Register platform support module: /Applications/Unity/Hub/Editor/2021.2.10f1/Unity.app/Contents/PlaybackEngines/MacStandaloneSupport/UnityEditor.OSXStandalone.Extensions.dll
Register platform support module: /Applications/Unity/Hub/Editor/2021.2.10f1/PlaybackEngines/WindowsStandaloneSupport/UnityEditor.WindowsStandalone.Extensions.dll
Register platform support module: /Applications/Unity/Hub/Editor/2021.2.10f1/PlaybackEngines/LinuxStandaloneSupport/UnityEditor.LinuxStandalone.Extensions.dll
Registered in 0.002253 seconds.
Native extension for LinuxStandalone target not found
Native extension for WindowsStandalone target not found
Native extension for OSXStandalone target not found
Refreshing native plugins compatible for Editor in 160.93 ms, found 2 plugins.
Preloading 0 native plugins for Editor in 0.00 ms.
Mono: successfully reloaded assembly
- Completed reload, in  0.895 seconds
Domain Reload Profiling:
	ReloadAssembly (895ms)
		BeginReloadAssembly (76ms)
			ExecutionOrderSort (0ms)
			DisableScriptedObjects (0ms)
			BackupInstance (0ms)
			ReleaseScriptingObjects (0ms)
			CreateAndSetChildDomain (1ms)
		EndReloadAssembly (706ms)
			LoadAssemblies (75ms)
			RebuildTransferFunctionScriptingTraits (0ms)
			SetupTypeCache (162ms)
			ReleaseScriptCaches (0ms)
			RebuildScriptCaches (41ms)
			SetupLoadedEditorAssemblies (433ms)
				LogAssemblyErrors (0ms)
				InitializePlatformSupportModulesInManaged (20ms)
				SetLoadedEditorAssemblies (0ms)
				RefreshPlugins (161ms)
				BeforeProcessingInitializeOnLoad (1ms)
				ProcessInitializeOnLoadAttributes (192ms)
				ProcessInitializeOnLoadMethodAttributes (58ms)
				AfterProcessingInitializeOnLoad (0ms)
				EditorAssembliesLoaded (0ms)
			ExecutionOrderSort2 (0ms)
			AwakeInstancesAfterBackupRestoration (0ms)
Platform modules already initialized, skipping
Registering precompiled user dll's ...
Registered in 0.004626 seconds.
Begin MonoManager ReloadAssembly
Native extension for LinuxStandalone target not found
Native extension for WindowsStandalone target not found
Native extension for OSXStandalone target not found
Refreshing native plugins compatible for Editor in 2.04 ms, found 2 plugins.
Preloading 0 native plugins for Editor in 0.00 ms.
Package Manager log level set to [2]
Mono: successfully reloaded assembly
- Completed reload, in  1.482 seconds
Domain Reload Profiling:
	ReloadAssembly (1483ms)
		BeginReloadAssembly (117ms)
			ExecutionOrderSort (0ms)
			DisableScriptedObjects (8ms)
			BackupInstance (0ms)
			ReleaseScriptingObjects (0ms)
			CreateAndSetChildDomain (26ms)
		EndReloadAssembly (1212ms)
			LoadAssemblies (72ms)
			RebuildTransferFunctionScriptingTraits (0ms)
			SetupTypeCache (310ms)
			ReleaseScriptCaches (1ms)
			RebuildScriptCaches (89ms)
			SetupLoadedEditorAssemblies (668ms)
				LogAssemblyErrors (0ms)
				InitializePlatformSupportModulesInManaged (15ms)
				SetLoadedEditorAssemblies (1ms)
				RefreshPlugins (2ms)
				BeforeProcessingInitializeOnLoad (75ms)
				ProcessInitializeOnLoadAttributes (355ms)
				ProcessInitializeOnLoadMethodAttributes (217ms)
				AfterProcessingInitializeOnLoad (2ms)
				EditorAssembliesLoaded (0ms)
			ExecutionOrderSort2 (0ms)
			AwakeInstancesAfterBackupRestoration (6ms)
Platform modules already initialized, skipping
========================================================================
Worker process is ready to serve import requests
Launching external process: /Applications/Unity/Hub/Editor/2021.2.10f1/Unity.app/Contents/Tools/UnityShaderCompiler
Launched and connected shader compiler UnityShaderCompiler after 0.09 seconds
Refreshing native plugins compatible for Editor in 2.00 ms, found 2 plugins.
Preloading 0 native plugins for Editor in 0.00 ms.
Unloading 2957 Unused Serialized files (Serialized files now loaded: 0)
Unloading 70 unused Assets / (1.0 MB). Loaded Objects now: 3417.
Memory consumption went from 282.4 MB to 281.3 MB.
Total: 8.811316 ms (FindLiveObjects: 0.283838 ms CreateObjectMapping: 0.206468 ms MarkObjects: 7.609112 ms  DeleteObjects: 0.710732 ms)

AssetImportParameters requested are different than current active one (requested -> active):
  custom:video-decoder-ogg-theora: a1e56fd34408186e4bbccfd4996cb3dc -> 
  custom:container-muxer-webm: aa71ff27fc2769a1b78a27578f13a17b -> 
  custom:container-demuxer-webm: 4f35f7cbe854078d1ac9338744f61a02 -> 
  custom:video-encoder-webm-vp8: eb34c28f22e8b96e1ab97ce403110664 -> 
  custom:framework-osx-AVFoundation: e770b220cccbd017edd2c1fefb359320 -> 
  custom:audio-encoder-webm-vorbis: bf7c407c2cedff20999df2af8eb42d56 -> 
  custom:container-demuxer-ogg: 62fdf1f143b41e24485cea50d1cbac27 -> 
  custom:video-decoder-webm-vp8: 9c59270c3fd7afecdb556c50c9e8de78 -> 
  custom:audio-decoder-ogg-vorbis: bf7c407c2cedff20999df2af8eb42d56 -> 
========================================================================
Received Prepare
Registering precompiled user dll's ...
Registered in 0.002523 seconds.
Begin MonoManager ReloadAssembly
Native extension for LinuxStandalone target not found
Native extension for WindowsStandalone target not found
Native extension for OSXStandalone target not found
Refreshing native plugins compatible for Editor in 1.95 ms, found 2 plugins.
Preloading 0 native plugins for Editor in 0.00 ms.
Mono: successfully reloaded assembly
- Completed reload, in  1.232 seconds
Domain Reload Profiling:
	ReloadAssembly (1232ms)
		BeginReloadAssembly (122ms)
			ExecutionOrderSort (0ms)
			DisableScriptedObjects (8ms)
			BackupInstance (0ms)
			ReleaseScriptingObjects (0ms)
			CreateAndSetChildDomain (39ms)
		EndReloadAssembly (982ms)
			LoadAssemblies (64ms)
			RebuildTransferFunctionScriptingTraits (0ms)
			SetupTypeCache (272ms)
			ReleaseScriptCaches (2ms)
			RebuildScriptCaches (77ms)
			SetupLoadedEditorAssemblies (505ms)
				LogAssemblyErrors (0ms)
				InitializePlatformSupportModulesInManaged (14ms)
				SetLoadedEditorAssemblies (1ms)
				RefreshPlugins (2ms)
				BeforeProcessingInitializeOnLoad (72ms)
				ProcessInitializeOnLoadAttributes (310ms)
				ProcessInitializeOnLoadMethodAttributes (105ms)
				AfterProcessingInitializeOnLoad (2ms)
				EditorAssembliesLoaded (0ms)
			ExecutionOrderSort2 (0ms)
			AwakeInstancesAfterBackupRestoration (5ms)
Platform modules already initialized, skipping
Refreshing native plugins compatible for Editor in 1.86 ms, found 2 plugins.
Preloading 0 native plugins for Editor in 0.00 ms.
Unloading 2831 Unused Serialized files (Serialized files now loaded: 0)
Unloading 61 unused Assets / (1.0 MB). Loaded Objects now: 3419.
Memory consumption went from 270.3 MB to 269.3 MB.
Total: 7.452586 ms (FindLiveObjects: 0.263655 ms CreateObjectMapping: 0.213862 ms MarkObjects: 6.432305 ms  DeleteObjects: 0.541803 ms)

AssetImportParameters requested are different than current active one (requested -> active):
  custom:video-decoder-ogg-theora: a1e56fd34408186e4bbccfd4996cb3dc -> 
  custom:container-muxer-webm: aa71ff27fc2769a1b78a27578f13a17b -> 
  custom:container-demuxer-webm: 4f35f7cbe854078d1ac9338744f61a02 -> 
  custom:video-encoder-webm-vp8: eb34c28f22e8b96e1ab97ce403110664 -> 
  custom:framework-osx-AVFoundation: e770b220cccbd017edd2c1fefb359320 -> 
  custom:audio-encoder-webm-vorbis: bf7c407c2cedff20999df2af8eb42d56 -> 
  custom:container-demuxer-ogg: 62fdf1f143b41e24485cea50d1cbac27 -> 
  custom:video-decoder-webm-vp8: 9c59270c3fd7afecdb556c50c9e8de78 -> 
  custom:audio-decoder-ogg-vorbis: bf7c407c2cedff20999df2af8eb42d56 -> 
========================================================================
Received Import Request.
  Time since last request: 1488377.487397 seconds.
  path: Assets/Resources/FloorPlan/Release/Home/Home_3.prefab
  artifactKey: Guid(302ea2f54413a4a77bfb55fa35030f95) Importer(815301076,1909f56bfc062723c751e8b465ee728b)
Start importing Assets/Resources/FloorPlan/Release/Home/Home_3.prefab using Guid(302ea2f54413a4a77bfb55fa35030f95) Importer(815301076,1909f56bfc062723c751e8b465ee728b)  -> (artifact id: '0237961f56e7ac4d95eca24e83a0c8b4') in 1.641344 seconds 
========================================================================
Received Import Request.
  Time since last request: 0.000073 seconds.
  path: Assets/Resources/FloorPlan/Release/Home/Home_24.prefab
  artifactKey: Guid(83ccb1d6cbdcf49aeb13cc6072f274be) Importer(815301076,1909f56bfc062723c751e8b465ee728b)
Start importing Assets/Resources/FloorPlan/Release/Home/Home_24.prefab using Guid(83ccb1d6cbdcf49aeb13cc6072f274be) Importer(815301076,1909f56bfc062723c751e8b465ee728b)  -> (artifact id: 'bc6554565865ff683ab08dc7a9272fe6') in 0.955744 seconds 
========================================================================
Received Prepare
Registering precompiled user dll's ...
Registered in 0.003235 seconds.
Begin MonoManager ReloadAssembly
Native extension for LinuxStandalone target not found
Native extension for WindowsStandalone target not found
Native extension for OSXStandalone target not found
Refreshing native plugins compatible for Editor in 2.05 ms, found 2 plugins.
Preloading 0 native plugins for Editor in 0.00 ms.
Mono: successfully reloaded assembly
- Completed reload, in  1.189 seconds
Domain Reload Profiling:
	ReloadAssembly (1190ms)
		BeginReloadAssembly (132ms)
			ExecutionOrderSort (0ms)
			DisableScriptedObjects (9ms)
			BackupInstance (0ms)
			ReleaseScriptingObjects (0ms)
			CreateAndSetChildDomain (47ms)
		EndReloadAssembly (941ms)
			LoadAssemblies (61ms)
			RebuildTransferFunctionScriptingTraits (0ms)
			SetupTypeCache (257ms)
			ReleaseScriptCaches (2ms)
			RebuildScriptCaches (79ms)
			SetupLoadedEditorAssemblies (481ms)
				LogAssemblyErrors (0ms)
				InitializePlatformSupportModulesInManaged (14ms)
				SetLoadedEditorAssemblies (1ms)
				RefreshPlugins (2ms)
				BeforeProcessingInitializeOnLoad (67ms)
				ProcessInitializeOnLoadAttributes (294ms)
				ProcessInitializeOnLoadMethodAttributes (102ms)
				AfterProcessingInitializeOnLoad (2ms)
				EditorAssembliesLoaded (0ms)
			ExecutionOrderSort2 (0ms)
			AwakeInstancesAfterBackupRestoration (5ms)
Platform modules already initialized, skipping
Refreshing native plugins compatible for Editor in 2.53 ms, found 2 plugins.
Preloading 0 native plugins for Editor in 0.00 ms.
Unloading 2831 Unused Serialized files (Serialized files now loaded: 0)
Unloading 63 unused Assets / (1.0 MB). Loaded Objects now: 3428.
Memory consumption went from 284.6 MB to 283.6 MB.
Total: 8.130355 ms (FindLiveObjects: 0.356131 ms CreateObjectMapping: 0.254650 ms MarkObjects: 6.905857 ms  DeleteObjects: 0.612776 ms)

AssetImportParameters requested are different than current active one (requested -> active):
  custom:video-decoder-ogg-theora: a1e56fd34408186e4bbccfd4996cb3dc -> 
  custom:container-muxer-webm: aa71ff27fc2769a1b78a27578f13a17b -> 
  custom:container-demuxer-webm: 4f35f7cbe854078d1ac9338744f61a02 -> 
  custom:video-encoder-webm-vp8: eb34c28f22e8b96e1ab97ce403110664 -> 
  custom:framework-osx-AVFoundation: e770b220cccbd017edd2c1fefb359320 -> 
  custom:audio-encoder-webm-vorbis: bf7c407c2cedff20999df2af8eb42d56 -> 
  custom:container-demuxer-ogg: 62fdf1f143b41e24485cea50d1cbac27 -> 
  custom:video-decoder-webm-vp8: 9c59270c3fd7afecdb556c50c9e8de78 -> 
  custom:audio-decoder-ogg-vorbis: bf7c407c2cedff20999df2af8eb42d56 -> 
========================================================================
Received Import Request.
  Time since last request: 4.430647 seconds.
  path: Assets/Resources/FloorPlan/Release/Home/Home_11.prefab
  artifactKey: Guid(a39347f198dc3435194dd4d6f225e31c) Importer(815301076,1909f56bfc062723c751e8b465ee728b)
Start importing Assets/Resources/FloorPlan/Release/Home/Home_11.prefab using Guid(a39347f198dc3435194dd4d6f225e31c) Importer(815301076,1909f56bfc062723c751e8b465ee728b)  -> (artifact id: '780644cf4c88b2cf5e3e08098ee7c409') in 0.942037 seconds 
========================================================================
Received Import Request.
  Time since last request: 0.000059 seconds.
  path: Assets/Resources/FloorPlan/Release/Home/Home_1.prefab
  artifactKey: Guid(ae15373a1d65e4a80b8b6b9492e4a269) Importer(815301076,1909f56bfc062723c751e8b465ee728b)
Start importing Assets/Resources/FloorPlan/Release/Home/Home_1.prefab using Guid(ae15373a1d65e4a80b8b6b9492e4a269) Importer(815301076,1909f56bfc062723c751e8b465ee728b)  -> (artifact id: 'be03ce674dfd45ac93e7db6cb275d43a') in 0.695437 seconds 
========================================================================
Received Import Request.
  Time since last request: 0.000051 seconds.
  path: Assets/Resources/FloorPlan/Release/Home/Home_16.prefab
  artifactKey: Guid(9e1c858c7c6e2426e826a98c7536be7c) Importer(815301076,1909f56bfc062723c751e8b465ee728b)
Start importing Assets/Resources/FloorPlan/Release/Home/Home_16.prefab using Guid(9e1c858c7c6e2426e826a98c7536be7c) Importer(815301076,1909f56bfc062723c751e8b465ee728b)  -> (artifact id: 'a2fedaaf79a00f0d65ab28fc9e27ebb5') in 0.737736 seconds 
========================================================================
Received Import Request.
  Time since last request: 0.000108 seconds.
  path: Assets/Resources/FloorPlan/Release/Home/Home_34.prefab
  artifactKey: Guid(a0719b3f2f36a486e9f0b116e8a5c776) Importer(815301076,1909f56bfc062723c751e8b465ee728b)
Start importing Assets/Resources/FloorPlan/Release/Home/Home_34.prefab using Guid(a0719b3f2f36a486e9f0b116e8a5c776) Importer(815301076,1909f56bfc062723c751e8b465ee728b)  -> (artifact id: 'b34b7528a132b621bbc0e2ffe997d3a4') in 0.692854 seconds 
========================================================================
Received Import Request.
  Time since last request: 0.000073 seconds.
  path: Assets/Resources/FloorPlan/Release/Home/Home_18.prefab
  artifactKey: Guid(f2c6e138ec1d74c009c78ef9a0589d3f) Importer(815301076,1909f56bfc062723c751e8b465ee728b)
Start importing Assets/Resources/FloorPlan/Release/Home/Home_18.prefab using Guid(f2c6e138ec1d74c009c78ef9a0589d3f) Importer(815301076,1909f56bfc062723c751e8b465ee728b)  -> (artifact id: '7a8f4ffba8a0f37d31d7ad213adc027f') in 0.724248 seconds 
========================================================================
Received Import Request.
  Time since last request: 0.000091 seconds.
  path: Assets/Resources/FloorPlan/Release/Home/Home_14.prefab
  artifactKey: Guid(7d777ae7218144b86a58c021c54a3b06) Importer(815301076,1909f56bfc062723c751e8b465ee728b)
Start importing Assets/Resources/FloorPlan/Release/Home/Home_14.prefab using Guid(7d777ae7218144b86a58c021c54a3b06) Importer(815301076,1909f56bfc062723c751e8b465ee728b)  -> (artifact id: '42627974cac5a910a9f504b24454ab03') in 0.826023 seconds 
========================================================================
Received Import Request.
  Time since last request: 1.303582 seconds.
  path: Assets/Resources/FloorPlan/Release/Home/Home_9.prefab
  artifactKey: Guid(d78379aef0797433ca2a1c80efa877c0) Importer(815301076,1909f56bfc062723c751e8b465ee728b)
Start importing Assets/Resources/FloorPlan/Release/Home/Home_9.prefab using Guid(d78379aef0797433ca2a1c80efa877c0) Importer(815301076,1909f56bfc062723c751e8b465ee728b)  -> (artifact id: '3accb4ebf38f8ae02d0a3534587fd3ea') in 0.682264 seconds 
========================================================================
Received Import Request.
  Time since last request: 0.000079 seconds.
  path: Assets/Resources/FloorPlan/Release/Home/Home_36.prefab
  artifactKey: Guid(e88ad38b178734369bd7e20cdd7819e4) Importer(815301076,1909f56bfc062723c751e8b465ee728b)
Start importing Assets/Resources/FloorPlan/Release/Home/Home_36.prefab using Guid(e88ad38b178734369bd7e20cdd7819e4) Importer(815301076,1909f56bfc062723c751e8b465ee728b)  -> (artifact id: '506411c6c4c9346c4b53cffcc0b4cf40') in 0.788278 seconds 
========================================================================
Received Import Request.
  Time since last request: 0.000075 seconds.
  path: Assets/Resources/FloorPlan/Release/Home/Home_35.prefab
  artifactKey: Guid(ce2499c29e0fe402585ae37b892502cf) Importer(815301076,1909f56bfc062723c751e8b465ee728b)
Start importing Assets/Resources/FloorPlan/Release/Home/Home_35.prefab using Guid(ce2499c29e0fe402585ae37b892502cf) Importer(815301076,1909f56bfc062723c751e8b465ee728b)  -> (artifact id: 'e1131cee1cf4cd4cec24c6e092d81461') in 0.659154 seconds 
========================================================================
Received Import Request.
  Time since last request: 0.000060 seconds.
  path: Assets/Resources/FloorPlan/Release/Home/Home_37.prefab
  artifactKey: Guid(22d63bb22d89941ad99c06e025b273a6) Importer(815301076,1909f56bfc062723c751e8b465ee728b)
Start importing Assets/Resources/FloorPlan/Release/Home/Home_37.prefab using Guid(22d63bb22d89941ad99c06e025b273a6) Importer(815301076,1909f56bfc062723c751e8b465ee728b)  -> (artifact id: 'af59ae3940db25f6ee65ba9e3155ea44') in 0.778993 seconds 
========================================================================
Received Import Request.
  Time since last request: 0.000053 seconds.
  path: Assets/Resources/FloorPlan/Release/Home/Home_20.prefab
  artifactKey: Guid(22721ea154e944ae8bf3463178d1a20c) Importer(815301076,1909f56bfc062723c751e8b465ee728b)
Start importing Assets/Resources/FloorPlan/Release/Home/Home_20.prefab using Guid(22721ea154e944ae8bf3463178d1a20c) Importer(815301076,1909f56bfc062723c751e8b465ee728b)  -> (artifact id: '174bbed9e2864a1e0db45873028cce58') in 0.759391 seconds 
========================================================================
Received Prepare
Registering precompiled user dll's ...
Registered in 0.002902 seconds.
Begin MonoManager ReloadAssembly
Native extension for LinuxStandalone target not found
Native extension for WindowsStandalone target not found
Native extension for OSXStandalone target not found
Refreshing native plugins compatible for Editor in 2.75 ms, found 2 plugins.
Preloading 0 native plugins for Editor in 0.00 ms.
Mono: successfully reloaded assembly
- Completed reload, in  1.228 seconds
Domain Reload Profiling:
	ReloadAssembly (1229ms)
		BeginReloadAssembly (128ms)
			ExecutionOrderSort (0ms)
			DisableScriptedObjects (7ms)
			BackupInstance (0ms)
			ReleaseScriptingObjects (0ms)
			CreateAndSetChildDomain (45ms)
		EndReloadAssembly (988ms)
			LoadAssemblies (66ms)
			RebuildTransferFunctionScriptingTraits (0ms)
			SetupTypeCache (256ms)
			ReleaseScriptCaches (1ms)
			RebuildScriptCaches (74ms)
			SetupLoadedEditorAssemblies (521ms)
				LogAssemblyErrors (0ms)
				InitializePlatformSupportModulesInManaged (16ms)
				SetLoadedEditorAssemblies (1ms)
				RefreshPlugins (3ms)
				BeforeProcessingInitializeOnLoad (77ms)
				ProcessInitializeOnLoadAttributes (313ms)
				ProcessInitializeOnLoadMethodAttributes (110ms)
				AfterProcessingInitializeOnLoad (2ms)
				EditorAssembliesLoaded (0ms)
			ExecutionOrderSort2 (0ms)
			AwakeInstancesAfterBackupRestoration (5ms)
Platform modules already initialized, skipping
Refreshing native plugins compatible for Editor in 2.83 ms, found 2 plugins.
Preloading 0 native plugins for Editor in 0.00 ms.
Unloading 2831 Unused Serialized files (Serialized files now loaded: 0)
Unloading 62 unused Assets / (1.0 MB). Loaded Objects now: 3430.
Memory consumption went from 297.8 MB to 296.7 MB.
Total: 8.480905 ms (FindLiveObjects: 0.325065 ms CreateObjectMapping: 0.250257 ms MarkObjects: 7.243326 ms  DeleteObjects: 0.661098 ms)

AssetImportParameters requested are different than current active one (requested -> active):
  custom:video-decoder-ogg-theora: a1e56fd34408186e4bbccfd4996cb3dc -> 
  custom:container-muxer-webm: aa71ff27fc2769a1b78a27578f13a17b -> 
  custom:container-demuxer-webm: 4f35f7cbe854078d1ac9338744f61a02 -> 
  custom:video-encoder-webm-vp8: eb34c28f22e8b96e1ab97ce403110664 -> 
  custom:framework-osx-AVFoundation: e770b220cccbd017edd2c1fefb359320 -> 
  custom:audio-encoder-webm-vorbis: bf7c407c2cedff20999df2af8eb42d56 -> 
  custom:container-demuxer-ogg: 62fdf1f143b41e24485cea50d1cbac27 -> 
  custom:video-decoder-webm-vp8: 9c59270c3fd7afecdb556c50c9e8de78 -> 
  custom:audio-decoder-ogg-vorbis: bf7c407c2cedff20999df2af8eb42d56 -> 
========================================================================
Received Prepare
Registering precompiled user dll's ...
Registered in 0.002513 seconds.
Begin MonoManager ReloadAssembly
Native extension for LinuxStandalone target not found
Native extension for WindowsStandalone target not found
Native extension for OSXStandalone target not found
Refreshing native plugins compatible for Editor in 2.08 ms, found 2 plugins.
Preloading 0 native plugins for Editor in 0.00 ms.
Mono: successfully reloaded assembly
- Completed reload, in  1.186 seconds
Domain Reload Profiling:
	ReloadAssembly (1187ms)
		BeginReloadAssembly (127ms)
			ExecutionOrderSort (0ms)
			DisableScriptedObjects (9ms)
			BackupInstance (0ms)
			ReleaseScriptingObjects (0ms)
			CreateAndSetChildDomain (46ms)
		EndReloadAssembly (944ms)
			LoadAssemblies (57ms)
			RebuildTransferFunctionScriptingTraits (0ms)
			SetupTypeCache (253ms)
			ReleaseScriptCaches (2ms)
			RebuildScriptCaches (80ms)
			SetupLoadedEditorAssemblies (484ms)
				LogAssemblyErrors (0ms)
				InitializePlatformSupportModulesInManaged (13ms)
				SetLoadedEditorAssemblies (1ms)
				RefreshPlugins (2ms)
				BeforeProcessingInitializeOnLoad (66ms)
				ProcessInitializeOnLoadAttributes (294ms)
				ProcessInitializeOnLoadMethodAttributes (105ms)
				AfterProcessingInitializeOnLoad (2ms)
				EditorAssembliesLoaded (0ms)
			ExecutionOrderSort2 (0ms)
			AwakeInstancesAfterBackupRestoration (6ms)
Platform modules already initialized, skipping
Refreshing native plugins compatible for Editor in 1.75 ms, found 2 plugins.
Preloading 0 native plugins for Editor in 0.00 ms.
Unloading 2831 Unused Serialized files (Serialized files now loaded: 0)
Unloading 61 unused Assets / (1.0 MB). Loaded Objects now: 3432.
Memory consumption went from 298.0 MB to 297.0 MB.
Total: 7.450549 ms (FindLiveObjects: 0.286323 ms CreateObjectMapping: 0.243332 ms MarkObjects: 6.340090 ms  DeleteObjects: 0.579850 ms)

AssetImportParameters requested are different than current active one (requested -> active):
  custom:video-decoder-ogg-theora: a1e56fd34408186e4bbccfd4996cb3dc -> 
  custom:container-muxer-webm: aa71ff27fc2769a1b78a27578f13a17b -> 
  custom:container-demuxer-webm: 4f35f7cbe854078d1ac9338744f61a02 -> 
  custom:video-encoder-webm-vp8: eb34c28f22e8b96e1ab97ce403110664 -> 
  custom:framework-osx-AVFoundation: e770b220cccbd017edd2c1fefb359320 -> 
  custom:audio-encoder-webm-vorbis: bf7c407c2cedff20999df2af8eb42d56 -> 
  custom:container-demuxer-ogg: 62fdf1f143b41e24485cea50d1cbac27 -> 
  custom:video-decoder-webm-vp8: 9c59270c3fd7afecdb556c50c9e8de78 -> 
  custom:audio-decoder-ogg-vorbis: bf7c407c2cedff20999df2af8eb42d56 -> 
========================================================================
Received Prepare
Registering precompiled user dll's ...
Registered in 0.002536 seconds.
Begin MonoManager ReloadAssembly
Native extension for LinuxStandalone target not found
Native extension for WindowsStandalone target not found
Native extension for OSXStandalone target not found
Refreshing native plugins compatible for Editor in 1.90 ms, found 2 plugins.
Preloading 0 native plugins for Editor in 0.00 ms.
Mono: successfully reloaded assembly
- Completed reload, in  1.202 seconds
Domain Reload Profiling:
	ReloadAssembly (1203ms)
		BeginReloadAssembly (121ms)
			ExecutionOrderSort (0ms)
			DisableScriptedObjects (9ms)
			BackupInstance (0ms)
			ReleaseScriptingObjects (0ms)
			CreateAndSetChildDomain (42ms)
		EndReloadAssembly (963ms)
			LoadAssemblies (58ms)
			RebuildTransferFunctionScriptingTraits (0ms)
			SetupTypeCache (266ms)
			ReleaseScriptCaches (2ms)
			RebuildScriptCaches (77ms)
			SetupLoadedEditorAssemblies (494ms)
				LogAssemblyErrors (0ms)
				InitializePlatformSupportModulesInManaged (15ms)
				SetLoadedEditorAssemblies (1ms)
				RefreshPlugins (2ms)
				BeforeProcessingInitializeOnLoad (69ms)
				ProcessInitializeOnLoadAttributes (299ms)
				ProcessInitializeOnLoadMethodAttributes (107ms)
				AfterProcessingInitializeOnLoad (2ms)
				EditorAssembliesLoaded (0ms)
			ExecutionOrderSort2 (0ms)
			AwakeInstancesAfterBackupRestoration (5ms)
Platform modules already initialized, skipping
Refreshing native plugins compatible for Editor in 2.07 ms, found 2 plugins.
Preloading 0 native plugins for Editor in 0.00 ms.
Unloading 2831 Unused Serialized files (Serialized files now loaded: 0)
Unloading 61 unused Assets / (1.0 MB). Loaded Objects now: 3434.
Memory consumption went from 298.2 MB to 297.1 MB.
Total: 7.471799 ms (FindLiveObjects: 0.256324 ms CreateObjectMapping: 0.214018 ms MarkObjects: 6.407079 ms  DeleteObjects: 0.593527 ms)

AssetImportParameters requested are different than current active one (requested -> active):
  custom:video-decoder-ogg-theora: a1e56fd34408186e4bbccfd4996cb3dc -> 
  custom:container-muxer-webm: aa71ff27fc2769a1b78a27578f13a17b -> 
  custom:container-demuxer-webm: 4f35f7cbe854078d1ac9338744f61a02 -> 
  custom:video-encoder-webm-vp8: eb34c28f22e8b96e1ab97ce403110664 -> 
  custom:framework-osx-AVFoundation: e770b220cccbd017edd2c1fefb359320 -> 
  custom:audio-encoder-webm-vorbis: bf7c407c2cedff20999df2af8eb42d56 -> 
  custom:container-demuxer-ogg: 62fdf1f143b41e24485cea50d1cbac27 -> 
  custom:video-decoder-webm-vp8: 9c59270c3fd7afecdb556c50c9e8de78 -> 
  custom:audio-decoder-ogg-vorbis: bf7c407c2cedff20999df2af8eb42d56 -> 
========================================================================
Received Prepare
Registering precompiled user dll's ...
Registered in 0.002467 seconds.
Begin MonoManager ReloadAssembly
Native extension for LinuxStandalone target not found
Native extension for WindowsStandalone target not found
Native extension for OSXStandalone target not found
Refreshing native plugins compatible for Editor in 1.89 ms, found 2 plugins.
Preloading 0 native plugins for Editor in 0.00 ms.
Mono: successfully reloaded assembly
- Completed reload, in  1.142 seconds
Domain Reload Profiling:
	ReloadAssembly (1143ms)
		BeginReloadAssembly (118ms)
			ExecutionOrderSort (0ms)
			DisableScriptedObjects (8ms)
			BackupInstance (0ms)
			ReleaseScriptingObjects (0ms)
			CreateAndSetChildDomain (42ms)
		EndReloadAssembly (915ms)
			LoadAssemblies (53ms)
			RebuildTransferFunctionScriptingTraits (0ms)
			SetupTypeCache (250ms)
			ReleaseScriptCaches (2ms)
			RebuildScriptCaches (75ms)
			SetupLoadedEditorAssemblies (469ms)
				LogAssemblyErrors (0ms)
				InitializePlatformSupportModulesInManaged (13ms)
				SetLoadedEditorAssemblies (1ms)
				RefreshPlugins (2ms)
				BeforeProcessingInitializeOnLoad (64ms)
				ProcessInitializeOnLoadAttributes (284ms)
				ProcessInitializeOnLoadMethodAttributes (104ms)
				AfterProcessingInitializeOnLoad (2ms)
				EditorAssembliesLoaded (0ms)
			ExecutionOrderSort2 (0ms)
			AwakeInstancesAfterBackupRestoration (5ms)
Platform modules already initialized, skipping
Refreshing native plugins compatible for Editor in 1.89 ms, found 2 plugins.
Preloading 0 native plugins for Editor in 0.00 ms.
Unloading 2831 Unused Serialized files (Serialized files now loaded: 0)
Unloading 61 unused Assets / (1.0 MB). Loaded Objects now: 3436.
Memory consumption went from 298.4 MB to 297.4 MB.
Total: 7.650231 ms (FindLiveObjects: 0.261933 ms CreateObjectMapping: 0.188295 ms MarkObjects: 6.620686 ms  DeleteObjects: 0.578289 ms)

AssetImportParameters requested are different than current active one (requested -> active):
  custom:video-decoder-ogg-theora: a1e56fd34408186e4bbccfd4996cb3dc -> 
  custom:container-muxer-webm: aa71ff27fc2769a1b78a27578f13a17b -> 
  custom:container-demuxer-webm: 4f35f7cbe854078d1ac9338744f61a02 -> 
  custom:video-encoder-webm-vp8: eb34c28f22e8b96e1ab97ce403110664 -> 
  custom:framework-osx-AVFoundation: e770b220cccbd017edd2c1fefb359320 -> 
  custom:audio-encoder-webm-vorbis: bf7c407c2cedff20999df2af8eb42d56 -> 
  custom:container-demuxer-ogg: 62fdf1f143b41e24485cea50d1cbac27 -> 
  custom:video-decoder-webm-vp8: 9c59270c3fd7afecdb556c50c9e8de78 -> 
  custom:audio-decoder-ogg-vorbis: bf7c407c2cedff20999df2af8eb42d56 -> 
========================================================================
Received Prepare
Registering precompiled user dll's ...
Registered in 0.002706 seconds.
Begin MonoManager ReloadAssembly
Native extension for LinuxStandalone target not found
Native extension for WindowsStandalone target not found
Native extension for OSXStandalone target not found
Refreshing native plugins compatible for Editor in 2.04 ms, found 2 plugins.
Preloading 0 native plugins for Editor in 0.00 ms.
Mono: successfully reloaded assembly
- Completed reload, in  1.198 seconds
Domain Reload Profiling:
	ReloadAssembly (1199ms)
		BeginReloadAssembly (123ms)
			ExecutionOrderSort (0ms)
			DisableScriptedObjects (9ms)
			BackupInstance (0ms)
			ReleaseScriptingObjects (0ms)
			CreateAndSetChildDomain (42ms)
		EndReloadAssembly (958ms)
			LoadAssemblies (59ms)
			RebuildTransferFunctionScriptingTraits (0ms)
			SetupTypeCache (259ms)
			ReleaseScriptCaches (2ms)
			RebuildScriptCaches (79ms)
			SetupLoadedEditorAssemblies (492ms)
				LogAssemblyErrors (0ms)
				InitializePlatformSupportModulesInManaged (14ms)
				SetLoadedEditorAssemblies (1ms)
				RefreshPlugins (2ms)
				BeforeProcessingInitializeOnLoad (66ms)
				ProcessInitializeOnLoadAttributes (302ms)
				ProcessInitializeOnLoadMethodAttributes (106ms)
				AfterProcessingInitializeOnLoad (2ms)
				EditorAssembliesLoaded (0ms)
			ExecutionOrderSort2 (0ms)
			AwakeInstancesAfterBackupRestoration (5ms)
Platform modules already initialized, skipping
Refreshing native plugins compatible for Editor in 1.78 ms, found 2 plugins.
Preloading 0 native plugins for Editor in 0.00 ms.
Unloading 2831 Unused Serialized files (Serialized files now loaded: 0)
Unloading 61 unused Assets / (1.0 MB). Loaded Objects now: 3438.
Memory consumption went from 298.6 MB to 297.6 MB.
Total: 7.763211 ms (FindLiveObjects: 0.301127 ms CreateObjectMapping: 0.228850 ms MarkObjects: 6.608867 ms  DeleteObjects: 0.623290 ms)

AssetImportParameters requested are different than current active one (requested -> active):
  custom:video-decoder-ogg-theora: a1e56fd34408186e4bbccfd4996cb3dc -> 
  custom:container-muxer-webm: aa71ff27fc2769a1b78a27578f13a17b -> 
  custom:container-demuxer-webm: 4f35f7cbe854078d1ac9338744f61a02 -> 
  custom:video-encoder-webm-vp8: eb34c28f22e8b96e1ab97ce403110664 -> 
  custom:framework-osx-AVFoundation: e770b220cccbd017edd2c1fefb359320 -> 
  custom:audio-encoder-webm-vorbis: bf7c407c2cedff20999df2af8eb42d56 -> 
  custom:container-demuxer-ogg: 62fdf1f143b41e24485cea50d1cbac27 -> 
  custom:video-decoder-webm-vp8: 9c59270c3fd7afecdb556c50c9e8de78 -> 
  custom:audio-decoder-ogg-vorbis: bf7c407c2cedff20999df2af8eb42d56 -> 
========================================================================
Received Prepare
Registering precompiled user dll's ...
Registered in 0.002790 seconds.
Begin MonoManager ReloadAssembly
Native extension for LinuxStandalone target not found
Native extension for WindowsStandalone target not found
Native extension for OSXStandalone target not found
Refreshing native plugins compatible for Editor in 1.77 ms, found 2 plugins.
Preloading 0 native plugins for Editor in 0.00 ms.
Mono: successfully reloaded assembly
- Completed reload, in  1.144 seconds
Domain Reload Profiling:
	ReloadAssembly (1145ms)
		BeginReloadAssembly (124ms)
			ExecutionOrderSort (0ms)
			DisableScriptedObjects (8ms)
			BackupInstance (0ms)
			ReleaseScriptingObjects (0ms)
			CreateAndSetChildDomain (44ms)
		EndReloadAssembly (907ms)
			LoadAssemblies (61ms)
			RebuildTransferFunctionScriptingTraits (0ms)
			SetupTypeCache (255ms)
			ReleaseScriptCaches (2ms)
			RebuildScriptCaches (75ms)
			SetupLoadedEditorAssemblies (454ms)
				LogAssemblyErrors (0ms)
				InitializePlatformSupportModulesInManaged (12ms)
				SetLoadedEditorAssemblies (1ms)
				RefreshPlugins (2ms)
				BeforeProcessingInitializeOnLoad (62ms)
				ProcessInitializeOnLoadAttributes (271ms)
				ProcessInitializeOnLoadMethodAttributes (105ms)
				AfterProcessingInitializeOnLoad (2ms)
				EditorAssembliesLoaded (0ms)
			ExecutionOrderSort2 (0ms)
			AwakeInstancesAfterBackupRestoration (5ms)
Platform modules already initialized, skipping
Refreshing native plugins compatible for Editor in 1.84 ms, found 2 plugins.
Preloading 0 native plugins for Editor in 0.00 ms.
Unloading 2831 Unused Serialized files (Serialized files now loaded: 0)
Unloading 61 unused Assets / (1.0 MB). Loaded Objects now: 3440.
Memory consumption went from 298.8 MB to 297.8 MB.
Total: 7.577510 ms (FindLiveObjects: 0.260894 ms CreateObjectMapping: 0.297009 ms MarkObjects: 6.353689 ms  DeleteObjects: 0.664842 ms)

AssetImportParameters requested are different than current active one (requested -> active):
  custom:video-decoder-ogg-theora: a1e56fd34408186e4bbccfd4996cb3dc -> 
  custom:container-muxer-webm: aa71ff27fc2769a1b78a27578f13a17b -> 
  custom:container-demuxer-webm: 4f35f7cbe854078d1ac9338744f61a02 -> 
  custom:video-encoder-webm-vp8: eb34c28f22e8b96e1ab97ce403110664 -> 
  custom:framework-osx-AVFoundation: e770b220cccbd017edd2c1fefb359320 -> 
  custom:audio-encoder-webm-vorbis: bf7c407c2cedff20999df2af8eb42d56 -> 
  custom:container-demuxer-ogg: 62fdf1f143b41e24485cea50d1cbac27 -> 
  custom:video-decoder-webm-vp8: 9c59270c3fd7afecdb556c50c9e8de78 -> 
  custom:audio-decoder-ogg-vorbis: bf7c407c2cedff20999df2af8eb42d56 -> 
========================================================================
Received Prepare
Registering precompiled user dll's ...
Registered in 0.002554 seconds.
Begin MonoManager ReloadAssembly
Native extension for LinuxStandalone target not found
Native extension for WindowsStandalone target not found
Native extension for OSXStandalone target not found
Refreshing native plugins compatible for Editor in 1.89 ms, found 2 plugins.
Preloading 0 native plugins for Editor in 0.00 ms.
Mono: successfully reloaded assembly
- Completed reload, in  1.119 seconds
Domain Reload Profiling:
	ReloadAssembly (1120ms)
		BeginReloadAssembly (124ms)
			ExecutionOrderSort (0ms)
			DisableScriptedObjects (8ms)
			BackupInstance (0ms)
			ReleaseScriptingObjects (0ms)
			CreateAndSetChildDomain (45ms)
		EndReloadAssembly (888ms)
			LoadAssemblies (54ms)
			RebuildTransferFunctionScriptingTraits (0ms)
			SetupTypeCache (231ms)
			ReleaseScriptCaches (2ms)
			RebuildScriptCaches (66ms)
			SetupLoadedEditorAssemblies (473ms)
				LogAssemblyErrors (0ms)
				InitializePlatformSupportModulesInManaged (15ms)
				SetLoadedEditorAssemblies (1ms)
				RefreshPlugins (2ms)
				BeforeProcessingInitializeOnLoad (69ms)
				ProcessInitializeOnLoadAttributes (282ms)
				ProcessInitializeOnLoadMethodAttributes (103ms)
				AfterProcessingInitializeOnLoad (2ms)
				EditorAssembliesLoaded (0ms)
			ExecutionOrderSort2 (0ms)
			AwakeInstancesAfterBackupRestoration (5ms)
Platform modules already initialized, skipping
Refreshing native plugins compatible for Editor in 1.69 ms, found 2 plugins.
Preloading 0 native plugins for Editor in 0.00 ms.
Unloading 2831 Unused Serialized files (Serialized files now loaded: 0)
Unloading 61 unused Assets / (1.0 MB). Loaded Objects now: 3442.
Memory consumption went from 299.4 MB to 298.4 MB.
Total: 6.726476 ms (FindLiveObjects: 0.343457 ms CreateObjectMapping: 0.172228 ms MarkObjects: 5.665933 ms  DeleteObjects: 0.544047 ms)

AssetImportParameters requested are different than current active one (requested -> active):
  custom:video-decoder-ogg-theora: a1e56fd34408186e4bbccfd4996cb3dc -> 
  custom:container-muxer-webm: aa71ff27fc2769a1b78a27578f13a17b -> 
  custom:container-demuxer-webm: 4f35f7cbe854078d1ac9338744f61a02 -> 
  custom:video-encoder-webm-vp8: eb34c28f22e8b96e1ab97ce403110664 -> 
  custom:framework-osx-AVFoundation: e770b220cccbd017edd2c1fefb359320 -> 
  custom:audio-encoder-webm-vorbis: bf7c407c2cedff20999df2af8eb42d56 -> 
  custom:container-demuxer-ogg: 62fdf1f143b41e24485cea50d1cbac27 -> 
  custom:video-decoder-webm-vp8: 9c59270c3fd7afecdb556c50c9e8de78 -> 
  custom:audio-decoder-ogg-vorbis: bf7c407c2cedff20999df2af8eb42d56 -> 
========================================================================
Received Prepare
Registering precompiled user dll's ...
Registered in 0.002457 seconds.
Begin MonoManager ReloadAssembly
Native extension for LinuxStandalone target not found
Native extension for WindowsStandalone target not found
Native extension for OSXStandalone target not found
Refreshing native plugins compatible for Editor in 1.97 ms, found 2 plugins.
Preloading 0 native plugins for Editor in 0.00 ms.
Mono: successfully reloaded assembly
- Completed reload, in  1.073 seconds
Domain Reload Profiling:
	ReloadAssembly (1074ms)
		BeginReloadAssembly (133ms)
			ExecutionOrderSort (0ms)
			DisableScriptedObjects (8ms)
			BackupInstance (0ms)
			ReleaseScriptingObjects (0ms)
			CreateAndSetChildDomain (55ms)
		EndReloadAssembly (839ms)
			LoadAssemblies (53ms)
			RebuildTransferFunctionScriptingTraits (0ms)
			SetupTypeCache (220ms)
			ReleaseScriptCaches (2ms)
			RebuildScriptCaches (67ms)
			SetupLoadedEditorAssemblies (442ms)
				LogAssemblyErrors (0ms)
				InitializePlatformSupportModulesInManaged (12ms)
				SetLoadedEditorAssemblies (1ms)
				RefreshPlugins (2ms)
				BeforeProcessingInitializeOnLoad (60ms)
				ProcessInitializeOnLoadAttributes (270ms)
				ProcessInitializeOnLoadMethodAttributes (96ms)
				AfterProcessingInitializeOnLoad (2ms)
				EditorAssembliesLoaded (0ms)
			ExecutionOrderSort2 (0ms)
			AwakeInstancesAfterBackupRestoration (5ms)
Platform modules already initialized, skipping
Refreshing native plugins compatible for Editor in 2.80 ms, found 2 plugins.
Preloading 0 native plugins for Editor in 0.00 ms.
Unloading 2831 Unused Serialized files (Serialized files now loaded: 0)
Unloading 61 unused Assets / (1.0 MB). Loaded Objects now: 3444.
Memory consumption went from 299.6 MB to 298.6 MB.
Total: 8.940497 ms (FindLiveObjects: 0.322461 ms CreateObjectMapping: 0.371022 ms MarkObjects: 7.649209 ms  DeleteObjects: 0.596660 ms)

AssetImportParameters requested are different than current active one (requested -> active):
  custom:video-decoder-ogg-theora: a1e56fd34408186e4bbccfd4996cb3dc -> 
  custom:container-muxer-webm: aa71ff27fc2769a1b78a27578f13a17b -> 
  custom:container-demuxer-webm: 4f35f7cbe854078d1ac9338744f61a02 -> 
  custom:video-encoder-webm-vp8: eb34c28f22e8b96e1ab97ce403110664 -> 
  custom:framework-osx-AVFoundation: e770b220cccbd017edd2c1fefb359320 -> 
  custom:audio-encoder-webm-vorbis: bf7c407c2cedff20999df2af8eb42d56 -> 
  custom:container-demuxer-ogg: 62fdf1f143b41e24485cea50d1cbac27 -> 
  custom:video-decoder-webm-vp8: 9c59270c3fd7afecdb556c50c9e8de78 -> 
  custom:audio-decoder-ogg-vorbis: bf7c407c2cedff20999df2af8eb42d56 -> 
========================================================================
Received Import Request.
  Time since last request: 4735.343143 seconds.
  path: Assets/Resources/FloorPlan/Release/Home/Home_1.prefab
  artifactKey: Guid(ae15373a1d65e4a80b8b6b9492e4a269) Importer(815301076,1909f56bfc062723c751e8b465ee728b)
Start importing Assets/Resources/FloorPlan/Release/Home/Home_1.prefab using Guid(ae15373a1d65e4a80b8b6b9492e4a269) Importer(815301076,1909f56bfc062723c751e8b465ee728b)  -> (artifact id: 'b10533eaa0992f043643ae1ddc5bc0d4') in 0.996375 seconds 
========================================================================
Received Import Request.
  Time since last request: 0.000155 seconds.
  path: Assets/Resources/FloorPlan/Release/Home/Home_23.prefab
  artifactKey: Guid(4dd828735f1c048a2970e45455fb1eeb) Importer(815301076,1909f56bfc062723c751e8b465ee728b)
Start importing Assets/Resources/FloorPlan/Release/Home/Home_23.prefab using Guid(4dd828735f1c048a2970e45455fb1eeb) Importer(815301076,1909f56bfc062723c751e8b465ee728b)  -> (artifact id: 'a92db2bc40599aee8ffb05b796b5866b') in 0.555597 seconds 
========================================================================
Received Import Request.
  Time since last request: 0.000078 seconds.
  path: Assets/Resources/FloorPlan/Release/Home/Home_28.prefab
  artifactKey: Guid(752033cdfd52243e8aad840719e83770) Importer(815301076,1909f56bfc062723c751e8b465ee728b)
Start importing Assets/Resources/FloorPlan/Release/Home/Home_28.prefab using Guid(752033cdfd52243e8aad840719e83770) Importer(815301076,1909f56bfc062723c751e8b465ee728b)  -> (artifact id: '0b1dc23444ae90af8a127f4e00f78479') in 0.881843 seconds 
========================================================================
Received Import Request.
  Time since last request: 0.000087 seconds.
  path: Assets/Resources/FloorPlan/Release/Home/Home_41.prefab
  artifactKey: Guid(2055b4cf13c6043968a65559f08368d0) Importer(815301076,1909f56bfc062723c751e8b465ee728b)
Start importing Assets/Resources/FloorPlan/Release/Home/Home_41.prefab using Guid(2055b4cf13c6043968a65559f08368d0) Importer(815301076,1909f56bfc062723c751e8b465ee728b)  -> (artifact id: 'b2757e63bc656d0bd9415c6211aa060f') in 0.660840 seconds 
========================================================================
Received Import Request.
  Time since last request: 0.000108 seconds.
  path: Assets/Resources/FloorPlan/Release/Home/Home_11.prefab
  artifactKey: Guid(a39347f198dc3435194dd4d6f225e31c) Importer(815301076,1909f56bfc062723c751e8b465ee728b)
Start importing Assets/Resources/FloorPlan/Release/Home/Home_11.prefab using Guid(a39347f198dc3435194dd4d6f225e31c) Importer(815301076,1909f56bfc062723c751e8b465ee728b)  -> (artifact id: 'fb0e4486be39e3c576e607b842245233') in 0.612713 seconds 
========================================================================
Received Import Request.
  Time since last request: 0.000127 seconds.
  path: Assets/Resources/FloorPlan/Release/Home/Home_2.prefab
  artifactKey: Guid(ef698bce72a744e348644e52de15f5ee) Importer(815301076,1909f56bfc062723c751e8b465ee728b)
Start importing Assets/Resources/FloorPlan/Release/Home/Home_2.prefab using Guid(ef698bce72a744e348644e52de15f5ee) Importer(815301076,1909f56bfc062723c751e8b465ee728b)  -> (artifact id: '85522f627e84f04648830c46fc78e180') in 0.796532 seconds 
========================================================================
Received Import Request.
  Time since last request: 0.000136 seconds.
  path: Assets/Resources/FloorPlan/Release/Home/Home_22.prefab
  artifactKey: Guid(e9b5910f91bda4f12b3028d49de11b1c) Importer(815301076,1909f56bfc062723c751e8b465ee728b)
Start importing Assets/Resources/FloorPlan/Release/Home/Home_22.prefab using Guid(e9b5910f91bda4f12b3028d49de11b1c) Importer(815301076,1909f56bfc062723c751e8b465ee728b)  -> (artifact id: 'a8e0337468833f113eba156a81e79e2e') in 0.971044 seconds 
========================================================================
Received Import Request.
  Time since last request: 0.000108 seconds.
  path: Assets/Resources/FloorPlan/Release/Home/Home_46.prefab
  artifactKey: Guid(beaa8b92b36e34327b45886471e35b76) Importer(815301076,1909f56bfc062723c751e8b465ee728b)
Start importing Assets/Resources/FloorPlan/Release/Home/Home_46.prefab using Guid(beaa8b92b36e34327b45886471e35b76) Importer(815301076,1909f56bfc062723c751e8b465ee728b)  -> (artifact id: '1f1c2865ccfe2eef5abd94ee5ab0a0aa') in 0.910893 seconds 
========================================================================
Received Import Request.
  Time since last request: 0.000079 seconds.
  path: Assets/Resources/FloorPlan/Release/Home/Home_29.prefab
  artifactKey: Guid(ab8f2a4954e804d94b3007d8cae288af) Importer(815301076,1909f56bfc062723c751e8b465ee728b)
Start importing Assets/Resources/FloorPlan/Release/Home/Home_29.prefab using Guid(ab8f2a4954e804d94b3007d8cae288af) Importer(815301076,1909f56bfc062723c751e8b465ee728b)  -> (artifact id: '74bb847f9d5ad00e02f11e26d36dcaeb') in 0.903402 seconds 
========================================================================
Received Import Request.
  Time since last request: 0.000077 seconds.
  path: Assets/Resources/FloorPlan/Release/Home/Home_32.prefab
  artifactKey: Guid(133b9ef17eb6f4078a6f79c7550a98ca) Importer(815301076,1909f56bfc062723c751e8b465ee728b)
Start importing Assets/Resources/FloorPlan/Release/Home/Home_32.prefab using Guid(133b9ef17eb6f4078a6f79c7550a98ca) Importer(815301076,1909f56bfc062723c751e8b465ee728b)  -> (artifact id: '63383b8ec12fd10d42e3f07db1130019') in 0.673602 seconds 
========================================================================
Received Import Request.
  Time since last request: 0.000058 seconds.
  path: Assets/Resources/FloorPlan/Release/Home/Home_14.prefab
  artifactKey: Guid(7d777ae7218144b86a58c021c54a3b06) Importer(815301076,1909f56bfc062723c751e8b465ee728b)
Start importing Assets/Resources/FloorPlan/Release/Home/Home_14.prefab using Guid(7d777ae7218144b86a58c021c54a3b06) Importer(815301076,1909f56bfc062723c751e8b465ee728b)  -> (artifact id: '89630ee7db4ede2159821c68aea72b65') in 0.792158 seconds 
========================================================================
Received Import Request.
  Time since last request: 0.000065 seconds.
  path: Assets/Resources/FloorPlan/Release/Home/Home_13.prefab
  artifactKey: Guid(9ebaec5b2f8f44e6e8edc86e71d64aa2) Importer(815301076,1909f56bfc062723c751e8b465ee728b)
Start importing Assets/Resources/FloorPlan/Release/Home/Home_13.prefab using Guid(9ebaec5b2f8f44e6e8edc86e71d64aa2) Importer(815301076,1909f56bfc062723c751e8b465ee728b)  -> (artifact id: '2ed5678caeb46ac06167fe42becadf74') in 0.842606 seconds 
========================================================================
Received Import Request.
  Time since last request: 0.000080 seconds.
  path: Assets/Resources/FloorPlan/Release/Home/Home_44.prefab
  artifactKey: Guid(e14632ccbda484be2b46b17b0128fecc) Importer(815301076,1909f56bfc062723c751e8b465ee728b)
Start importing Assets/Resources/FloorPlan/Release/Home/Home_44.prefab using Guid(e14632ccbda484be2b46b17b0128fecc) Importer(815301076,1909f56bfc062723c751e8b465ee728b)  -> (artifact id: 'f3b762f7d916157a2ee69cc2cc36a75a') in 1.112449 seconds 
========================================================================
Received Import Request.
  Time since last request: 0.000235 seconds.
  path: Assets/Resources/FloorPlan/Release/Home/Home_45.prefab
  artifactKey: Guid(d33f60238b459481ea5e1a7bde86fd92) Importer(815301076,1909f56bfc062723c751e8b465ee728b)
Start importing Assets/Resources/FloorPlan/Release/Home/Home_45.prefab using Guid(d33f60238b459481ea5e1a7bde86fd92) Importer(815301076,1909f56bfc062723c751e8b465ee728b)  -> (artifact id: 'eff9a364691ec130c38dcbf25b3c2990') in 1.028511 seconds 
========================================================================
Received Import Request.
  Time since last request: 0.000083 seconds.
  path: Assets/Resources/FloorPlan/Release/Home/Home_37.prefab
  artifactKey: Guid(22d63bb22d89941ad99c06e025b273a6) Importer(815301076,1909f56bfc062723c751e8b465ee728b)
Start importing Assets/Resources/FloorPlan/Release/Home/Home_37.prefab using Guid(22d63bb22d89941ad99c06e025b273a6) Importer(815301076,1909f56bfc062723c751e8b465ee728b)  -> (artifact id: '7eb1072da8f2870f6629ed6143ab63ef') in 0.919987 seconds 
========================================================================
Received Import Request.
  Time since last request: 0.000110 seconds.
  path: Assets/Resources/FloorPlan/Release/Home/Home_27.prefab
  artifactKey: Guid(a4c3f0e1462a24870964c4d1e1137ac8) Importer(815301076,1909f56bfc062723c751e8b465ee728b)
Start importing Assets/Resources/FloorPlan/Release/Home/Home_27.prefab using Guid(a4c3f0e1462a24870964c4d1e1137ac8) Importer(815301076,1909f56bfc062723c751e8b465ee728b)  -> (artifact id: 'bf541be1d052edc4c050a30f91911e85') in 0.924480 seconds 
Editor requested this worker to shutdown with reason: Scaling down because of idle timeout
AssetImportWorker is now disconnected from the server
Process exiting
