Unity Editor version:    2021.2.10f1 (ee872746220e)
Branch:                  2021.2/staging
Build type:              Release
Batch mode:              YES
macOS version:           Version 12.1 (Build 21C52)
Darwin version:          21.2.0
Architecture:            x86_64
Running under Rosetta:   NO
Available memory:        65536 MB
Using pre-set license
Pro License: NO

COMMAND LINE ARGUMENTS:
/Applications/Unity/Hub/Editor/2021.2.10f1/Unity.app/Contents/MacOS/Unity
-adb2
-batchMode
-noUpm
-name
AssetImportWorker78
-projectPath
/Users/kabirswain/Documents/GitHub/virtualhome_unity
-logFile
Logs/AssetImportWorker78.log
-srvPort
55105
Successfully changed project path to: /Users/kabirswain/Documents/GitHub/virtualhome_unity
/Users/kabirswain/Documents/GitHub/virtualhome_unity
[UnityMemory] Configuration Parameters - Can be set up in boot.config
    "memorysetup-bucket-allocator-granularity=16"
    "memorysetup-bucket-allocator-bucket-count=8"
    "memorysetup-bucket-allocator-block-size=33554432"
    "memorysetup-bucket-allocator-block-count=8"
    "memorysetup-main-allocator-block-size=16777216"
    "memorysetup-thread-allocator-block-size=16777216"
    "memorysetup-gfx-main-allocator-block-size=16777216"
    "memorysetup-gfx-thread-allocator-block-size=16777216"
    "memorysetup-cache-allocator-block-size=4194304"
    "memorysetup-typetree-allocator-block-size=2097152"
    "memorysetup-profiler-bucket-allocator-granularity=16"
    "memorysetup-profiler-bucket-allocator-bucket-count=8"
    "memorysetup-profiler-bucket-allocator-block-size=33554432"
    "memorysetup-profiler-bucket-allocator-block-count=8"
    "memorysetup-profiler-allocator-block-size=16777216"
    "memorysetup-profiler-editor-allocator-block-size=1048576"
    "memorysetup-temp-allocator-size-main=16777216"
    "memorysetup-job-temp-allocator-block-size=2097152"
    "memorysetup-job-temp-allocator-block-size-background=1048576"
    "memorysetup-job-temp-allocator-reduction-small-platforms=262144"
    "memorysetup-temp-allocator-size-background-worker=32768"
    "memorysetup-temp-allocator-size-job-worker=262144"
    "memorysetup-temp-allocator-size-preload-manager=33554432"
    "memorysetup-temp-allocator-size-nav-mesh-worker=65536"
    "memorysetup-temp-allocator-size-audio-worker=65536"
    "memorysetup-temp-allocator-size-cloud-worker=32768"
    "memorysetup-temp-allocator-size-gi-baking-worker=262144"
    "memorysetup-temp-allocator-size-gfx=262144"
Refreshing native plugins compatible for Editor in 162.89 ms, found 2 plugins.
Preloading 0 native plugins for Editor in 0.00 ms.
Initialize engine version: 2021.2.10f1 (ee872746220e)
[Subsystems] Discovering subsystems at path /Applications/Unity/Hub/Editor/2021.2.10f1/Unity.app/Contents/Resources/UnitySubsystems
[Subsystems] Discovering subsystems at path /Users/kabirswain/Documents/GitHub/virtualhome_unity/Assets
GfxDevice: creating device client; threaded=0; jobified=0
Color LCD preferred device: AMD Radeon Pro 5600M (high power)
Metal devices available: 2
0: AMD Radeon Pro 5600M (high power)
1: Intel(R) UHD Graphics 630 (low power)
Using device AMD Radeon Pro 5600M (high power)
Initializing Metal device caps: AMD Radeon Pro 5600M
Initialize mono
Mono path[0] = '/Applications/Unity/Hub/Editor/2021.2.10f1/Unity.app/Contents/Managed'
Mono path[1] = '/Applications/Unity/Hub/Editor/2021.2.10f1/Unity.app/Contents/MonoBleedingEdge/lib/mono/unityjit-macos'
Mono config path = '/Applications/Unity/Hub/Editor/2021.2.10f1/Unity.app/Contents/MonoBleedingEdge/etc'
Using monoOptions --debugger-agent=transport=dt_socket,embedding=1,server=y,suspend=n,address=127.0.0.1:56702
Begin MonoManager ReloadAssembly
Registering precompiled unity dll's ...
Register platform support module: /Applications/Unity/Hub/Editor/2021.2.10f1/Unity.app/Contents/PlaybackEngines/MacStandaloneSupport/UnityEditor.OSXStandalone.Extensions.dll
Register platform support module: /Applications/Unity/Hub/Editor/2021.2.10f1/PlaybackEngines/WindowsStandaloneSupport/UnityEditor.WindowsStandalone.Extensions.dll
Register platform support module: /Applications/Unity/Hub/Editor/2021.2.10f1/PlaybackEngines/LinuxStandaloneSupport/UnityEditor.LinuxStandalone.Extensions.dll
Registered in 0.001858 seconds.
Native extension for LinuxStandalone target not found
Native extension for WindowsStandalone target not found
Native extension for OSXStandalone target not found
Refreshing native plugins compatible for Editor in 140.83 ms, found 2 plugins.
Preloading 0 native plugins for Editor in 0.00 ms.
Mono: successfully reloaded assembly
- Completed reload, in  0.769 seconds
Domain Reload Profiling:
	ReloadAssembly (769ms)
		BeginReloadAssembly (65ms)
			ExecutionOrderSort (0ms)
			DisableScriptedObjects (0ms)
			BackupInstance (0ms)
			ReleaseScriptingObjects (0ms)
			CreateAndSetChildDomain (1ms)
		EndReloadAssembly (601ms)
			LoadAssemblies (65ms)
			RebuildTransferFunctionScriptingTraits (0ms)
			SetupTypeCache (143ms)
			ReleaseScriptCaches (0ms)
			RebuildScriptCaches (32ms)
			SetupLoadedEditorAssemblies (370ms)
				LogAssemblyErrors (0ms)
				InitializePlatformSupportModulesInManaged (18ms)
				SetLoadedEditorAssemblies (0ms)
				RefreshPlugins (141ms)
				BeforeProcessingInitializeOnLoad (1ms)
				ProcessInitializeOnLoadAttributes (157ms)
				ProcessInitializeOnLoadMethodAttributes (53ms)
				AfterProcessingInitializeOnLoad (0ms)
				EditorAssembliesLoaded (0ms)
			ExecutionOrderSort2 (0ms)
			AwakeInstancesAfterBackupRestoration (0ms)
Platform modules already initialized, skipping
Registering precompiled user dll's ...
Registered in 0.002735 seconds.
Begin MonoManager ReloadAssembly
Native extension for LinuxStandalone target not found
Native extension for WindowsStandalone target not found
Native extension for OSXStandalone target not found
Refreshing native plugins compatible for Editor in 1.97 ms, found 2 plugins.
Preloading 0 native plugins for Editor in 0.00 ms.
Package Manager log level set to [2]
Mono: successfully reloaded assembly
- Completed reload, in  1.244 seconds
Domain Reload Profiling:
	ReloadAssembly (1244ms)
		BeginReloadAssembly (104ms)
			ExecutionOrderSort (0ms)
			DisableScriptedObjects (6ms)
			BackupInstance (0ms)
			ReleaseScriptingObjects (0ms)
			CreateAndSetChildDomain (22ms)
		EndReloadAssembly (1029ms)
			LoadAssemblies (65ms)
			RebuildTransferFunctionScriptingTraits (0ms)
			SetupTypeCache (290ms)
			ReleaseScriptCaches (0ms)
			RebuildScriptCaches (72ms)
			SetupLoadedEditorAssemblies (554ms)
				LogAssemblyErrors (0ms)
				InitializePlatformSupportModulesInManaged (20ms)
				SetLoadedEditorAssemblies (1ms)
				RefreshPlugins (2ms)
				BeforeProcessingInitializeOnLoad (61ms)
				ProcessInitializeOnLoadAttributes (302ms)
				ProcessInitializeOnLoadMethodAttributes (166ms)
				AfterProcessingInitializeOnLoad (2ms)
				EditorAssembliesLoaded (0ms)
			ExecutionOrderSort2 (0ms)
			AwakeInstancesAfterBackupRestoration (4ms)
Platform modules already initialized, skipping
========================================================================
Worker process is ready to serve import requests
Launching external process: /Applications/Unity/Hub/Editor/2021.2.10f1/Unity.app/Contents/Tools/UnityShaderCompiler
Launched and connected shader compiler UnityShaderCompiler after 0.08 seconds
Refreshing native plugins compatible for Editor in 1.75 ms, found 2 plugins.
Preloading 0 native plugins for Editor in 0.00 ms.
Unloading 2957 Unused Serialized files (Serialized files now loaded: 0)
Unloading 70 unused Assets / (1.0 MB). Loaded Objects now: 3417.
Memory consumption went from 281.8 MB to 280.8 MB.
Total: 9.362739 ms (FindLiveObjects: 0.258484 ms CreateObjectMapping: 0.212081 ms MarkObjects: 8.296375 ms  DeleteObjects: 0.594879 ms)

AssetImportParameters requested are different than current active one (requested -> active):
  custom:video-decoder-ogg-theora: a1e56fd34408186e4bbccfd4996cb3dc -> 
  custom:container-muxer-webm: aa71ff27fc2769a1b78a27578f13a17b -> 
  custom:container-demuxer-webm: 4f35f7cbe854078d1ac9338744f61a02 -> 
  custom:video-encoder-webm-vp8: eb34c28f22e8b96e1ab97ce403110664 -> 
  custom:framework-osx-AVFoundation: e770b220cccbd017edd2c1fefb359320 -> 
  custom:audio-encoder-webm-vorbis: bf7c407c2cedff20999df2af8eb42d56 -> 
  custom:container-demuxer-ogg: 62fdf1f143b41e24485cea50d1cbac27 -> 
  custom:video-decoder-webm-vp8: 9c59270c3fd7afecdb556c50c9e8de78 -> 
  custom:audio-decoder-ogg-vorbis: bf7c407c2cedff20999df2af8eb42d56 -> 
========================================================================
Received Import Request.
  Time since last request: 1432198.576982 seconds.
  path: Assets/Resources/FloorPlan/Release/Room/Bathroom/PRE_ROO_Bedroom_05.prefab
  artifactKey: Guid(bc8bab04a8c2b414cb49e62a4e6ddeb3) Importer(815301076,1909f56bfc062723c751e8b465ee728b)
Start importing Assets/Resources/FloorPlan/Release/Room/Bathroom/PRE_ROO_Bedroom_05.prefab using Guid(bc8bab04a8c2b414cb49e62a4e6ddeb3) Importer(815301076,1909f56bfc062723c751e8b465ee728b)  -> (artifact id: '3c59f03b861d203b4fee605ef0f039a0') in 0.744015 seconds 
========================================================================
Received Import Request.
  Time since last request: 252.543369 seconds.
  path: Assets/Resources/FloorPlan/Release/Room/Bedroom/PRE_ROO_Bedroom_21.prefab
  artifactKey: Guid(67f5ff4cc4fcb403da4445ac600e719c) Importer(815301076,1909f56bfc062723c751e8b465ee728b)
Start importing Assets/Resources/FloorPlan/Release/Room/Bedroom/PRE_ROO_Bedroom_21.prefab using Guid(67f5ff4cc4fcb403da4445ac600e719c) Importer(815301076,1909f56bfc062723c751e8b465ee728b)  -> (artifact id: '49f1ac42a455628b637a3068283c186d') in 0.223134 seconds 
========================================================================
Received Import Request.
  Time since last request: 0.000076 seconds.
  path: Assets/Resources/FloorPlan/Release/Room/Bedroom/PRE_ROO_Bedroom_47_1.prefab
  artifactKey: Guid(40c31e033ed8a42ff8b11f1b1e6adf68) Importer(815301076,1909f56bfc062723c751e8b465ee728b)
Start importing Assets/Resources/FloorPlan/Release/Room/Bedroom/PRE_ROO_Bedroom_47_1.prefab using Guid(40c31e033ed8a42ff8b11f1b1e6adf68) Importer(815301076,1909f56bfc062723c751e8b465ee728b)  -> (artifact id: '8470aaef497f8c07126bb4ce6ae909bc') in 0.207141 seconds 
========================================================================
Received Import Request.
  Time since last request: 0.028521 seconds.
  path: Assets/Resources/FloorPlan/Release/Room/Bedroom/PRE_ROO_Bedroom_40.prefab
  artifactKey: Guid(a07703d93649f4e34b6443b6608c3f9b) Importer(815301076,1909f56bfc062723c751e8b465ee728b)
Start importing Assets/Resources/FloorPlan/Release/Room/Bedroom/PRE_ROO_Bedroom_40.prefab using Guid(a07703d93649f4e34b6443b6608c3f9b) Importer(815301076,1909f56bfc062723c751e8b465ee728b)  -> (artifact id: '4dbe242702f9ce52ed213bb1ce736696') in 0.243359 seconds 
========================================================================
Received Import Request.
  Time since last request: 0.000071 seconds.
  path: Assets/Resources/FloorPlan/Release/Room/Bedroom/PRE_ROO_Bedroom_24.prefab
  artifactKey: Guid(58a5a93846d4c42e79630cc08d1cc6a2) Importer(815301076,1909f56bfc062723c751e8b465ee728b)
Start importing Assets/Resources/FloorPlan/Release/Room/Bedroom/PRE_ROO_Bedroom_24.prefab using Guid(58a5a93846d4c42e79630cc08d1cc6a2) Importer(815301076,1909f56bfc062723c751e8b465ee728b)  -> (artifact id: '2b642b4b913a00b0ee71aaa29244252b') in 0.304046 seconds 
========================================================================
Received Import Request.
  Time since last request: 0.000051 seconds.
  path: Assets/Resources/FloorPlan/Release/Room/Bedroom/PRE_ROO_Bedroom_17.prefab
  artifactKey: Guid(242e6d3ae3dbe47ff976d8be302ac652) Importer(815301076,1909f56bfc062723c751e8b465ee728b)
Start importing Assets/Resources/FloorPlan/Release/Room/Bedroom/PRE_ROO_Bedroom_17.prefab using Guid(242e6d3ae3dbe47ff976d8be302ac652) Importer(815301076,1909f56bfc062723c751e8b465ee728b)  -> (artifact id: '6f3053e29a818b52972f446c5e7c4484') in 0.294560 seconds 
========================================================================
Received Import Request.
  Time since last request: 0.000060 seconds.
  path: Assets/Resources/FloorPlan/Release/Room/Bedroom/PRE_ROO_Bedroom_14_2.prefab
  artifactKey: Guid(8d1b573eb16d84b199c5246a7a1eba6e) Importer(815301076,1909f56bfc062723c751e8b465ee728b)
Start importing Assets/Resources/FloorPlan/Release/Room/Bedroom/PRE_ROO_Bedroom_14_2.prefab using Guid(8d1b573eb16d84b199c5246a7a1eba6e) Importer(815301076,1909f56bfc062723c751e8b465ee728b)  -> (artifact id: 'ce3b04c9244605180c838f990d06d4c8') in 0.289042 seconds 
========================================================================
Received Import Request.
  Time since last request: 0.000067 seconds.
  path: Assets/Resources/FloorPlan/Release/Room/Bedroom/PRE_ROO_Bedroom_27_2.prefab
  artifactKey: Guid(74935a68071904de5bb202f640d4b781) Importer(815301076,1909f56bfc062723c751e8b465ee728b)
Start importing Assets/Resources/FloorPlan/Release/Room/Bedroom/PRE_ROO_Bedroom_27_2.prefab using Guid(74935a68071904de5bb202f640d4b781) Importer(815301076,1909f56bfc062723c751e8b465ee728b)  -> (artifact id: '42dc337187d5be1d1e74131034ac4b7c') in 0.299686 seconds 
========================================================================
Received Import Request.
  Time since last request: 0.000055 seconds.
  path: Assets/Resources/FloorPlan/Release/Room/Bedroom/PRE_ROO_Bedroom_10_2.prefab
  artifactKey: Guid(2cd8a2dc7059641a8947d98a90ef5405) Importer(815301076,1909f56bfc062723c751e8b465ee728b)
Start importing Assets/Resources/FloorPlan/Release/Room/Bedroom/PRE_ROO_Bedroom_10_2.prefab using Guid(2cd8a2dc7059641a8947d98a90ef5405) Importer(815301076,1909f56bfc062723c751e8b465ee728b)  -> (artifact id: '580cfc630a77632525d943be7d14decb') in 0.340009 seconds 
========================================================================
Received Import Request.
  Time since last request: 0.000116 seconds.
  path: Assets/Resources/FloorPlan/Release/Room/Bedroom/PRE_ROO_Bedroom_26.prefab
  artifactKey: Guid(44e1d2a119e15435e9a3406607db67e3) Importer(815301076,1909f56bfc062723c751e8b465ee728b)
Start importing Assets/Resources/FloorPlan/Release/Room/Bedroom/PRE_ROO_Bedroom_26.prefab using Guid(44e1d2a119e15435e9a3406607db67e3) Importer(815301076,1909f56bfc062723c751e8b465ee728b)  -> (artifact id: 'd8b3477ac48c68bfbd436e39c4e5bb1e') in 0.243541 seconds 
========================================================================
Received Import Request.
  Time since last request: 0.000083 seconds.
  path: Assets/Resources/FloorPlan/Release/Room/Bedroom/PRE_ROO_Bedroom_22.prefab
  artifactKey: Guid(0ced82c936e5440fdb7e7331400aab61) Importer(815301076,1909f56bfc062723c751e8b465ee728b)
Start importing Assets/Resources/FloorPlan/Release/Room/Bedroom/PRE_ROO_Bedroom_22.prefab using Guid(0ced82c936e5440fdb7e7331400aab61) Importer(815301076,1909f56bfc062723c751e8b465ee728b)  -> (artifact id: '2b5cbe8c1c556c1a2d6b74a95119ae74') in 0.333977 seconds 
========================================================================
Received Import Request.
  Time since last request: 0.000056 seconds.
  path: Assets/Resources/FloorPlan/Release/Room/Bedroom/PRE_ROO_Bedroom_28.prefab
  artifactKey: Guid(7b8dcc87df9304acf9854ca0245d3bb5) Importer(815301076,1909f56bfc062723c751e8b465ee728b)
Start importing Assets/Resources/FloorPlan/Release/Room/Bedroom/PRE_ROO_Bedroom_28.prefab using Guid(7b8dcc87df9304acf9854ca0245d3bb5) Importer(815301076,1909f56bfc062723c751e8b465ee728b)  -> (artifact id: '2664dee107d84e8e30126faa406a286b') in 0.305283 seconds 
========================================================================
Received Import Request.
  Time since last request: 0.000081 seconds.
  path: Assets/Resources/FloorPlan/Release/Room/Bedroom/PRE_ROO_Bedroom_37.prefab
  artifactKey: Guid(039accd0f5d8a4c93b4faf8ee7ae0eb3) Importer(815301076,1909f56bfc062723c751e8b465ee728b)
Start importing Assets/Resources/FloorPlan/Release/Room/Bedroom/PRE_ROO_Bedroom_37.prefab using Guid(039accd0f5d8a4c93b4faf8ee7ae0eb3) Importer(815301076,1909f56bfc062723c751e8b465ee728b)  -> (artifact id: '1c2fc5a78f337389dd95c7c8ea2c8fb2') in 0.289749 seconds 
========================================================================
Received Import Request.
  Time since last request: 0.000063 seconds.
  path: Assets/Resources/FloorPlan/Release/Room/Bedroom/PRE_ROO_Bedroom_38.prefab
  artifactKey: Guid(257e2e96bb11d4eaf9ba7bf1351822b8) Importer(815301076,1909f56bfc062723c751e8b465ee728b)
Start importing Assets/Resources/FloorPlan/Release/Room/Bedroom/PRE_ROO_Bedroom_38.prefab using Guid(257e2e96bb11d4eaf9ba7bf1351822b8) Importer(815301076,1909f56bfc062723c751e8b465ee728b)  -> (artifact id: '783dc4bb6a32f851e58aa5a235aa6c9e') in 0.412681 seconds 
========================================================================
Received Import Request.
  Time since last request: 0.000059 seconds.
  path: Assets/Resources/FloorPlan/Release/Room/Bedroom/PRE_ROO_Bedroom_43.prefab
  artifactKey: Guid(ed1bbe14991bb4b649e720b08373ad2d) Importer(815301076,1909f56bfc062723c751e8b465ee728b)
Start importing Assets/Resources/FloorPlan/Release/Room/Bedroom/PRE_ROO_Bedroom_43.prefab using Guid(ed1bbe14991bb4b649e720b08373ad2d) Importer(815301076,1909f56bfc062723c751e8b465ee728b)  -> (artifact id: '14dd46b642ff22bc59fa10177772b24d') in 0.388836 seconds 
========================================================================
Received Import Request.
  Time since last request: 0.000068 seconds.
  path: Assets/Resources/FloorPlan/Release/Room/Bedroom/PRE_ROO_Bedroom_19_1.prefab
  artifactKey: Guid(26309d2e9df90442d909835950337892) Importer(815301076,1909f56bfc062723c751e8b465ee728b)
Start importing Assets/Resources/FloorPlan/Release/Room/Bedroom/PRE_ROO_Bedroom_19_1.prefab using Guid(26309d2e9df90442d909835950337892) Importer(815301076,1909f56bfc062723c751e8b465ee728b)  -> (artifact id: 'a4bbaa2250d698e11423e4808f57af8d') in 0.215647 seconds 
========================================================================
Received Import Request.
  Time since last request: 0.000082 seconds.
  path: Assets/Resources/FloorPlan/Release/Room/Bedroom/PRE_ROO_Bedroom_04.prefab
  artifactKey: Guid(89d22acee5d8b447f8e38518d9816276) Importer(815301076,1909f56bfc062723c751e8b465ee728b)
Start importing Assets/Resources/FloorPlan/Release/Room/Bedroom/PRE_ROO_Bedroom_04.prefab using Guid(89d22acee5d8b447f8e38518d9816276) Importer(815301076,1909f56bfc062723c751e8b465ee728b)  -> (artifact id: '78199b6cc01c3570bf9afbf3e566e929') in 0.351368 seconds 
========================================================================
Received Import Request.
  Time since last request: 0.000117 seconds.
  path: Assets/Resources/FloorPlan/Release/Room/Bedroom/PRE_ROO_Bedroom_07.prefab
  artifactKey: Guid(6df1a06b6f62945ee9766d45532fe739) Importer(815301076,1909f56bfc062723c751e8b465ee728b)
Start importing Assets/Resources/FloorPlan/Release/Room/Bedroom/PRE_ROO_Bedroom_07.prefab using Guid(6df1a06b6f62945ee9766d45532fe739) Importer(815301076,1909f56bfc062723c751e8b465ee728b)  -> (artifact id: '1dee89a11cd63c03eaf2a4b0efec5bcc') in 0.459398 seconds 
========================================================================
Received Import Request.
  Time since last request: 0.000105 seconds.
  path: Assets/Resources/FloorPlan/Release/Room/Bedroom/PRE_ROO_Bedroom_32.prefab
  artifactKey: Guid(2e00dcfcd67fa4417b679b9a3dd8e9a5) Importer(815301076,1909f56bfc062723c751e8b465ee728b)
Start importing Assets/Resources/FloorPlan/Release/Room/Bedroom/PRE_ROO_Bedroom_32.prefab using Guid(2e00dcfcd67fa4417b679b9a3dd8e9a5) Importer(815301076,1909f56bfc062723c751e8b465ee728b)  -> (artifact id: '1a3137326e22847f9fe3cd66b4a852f8') in 0.339044 seconds 
========================================================================
Received Import Request.
  Time since last request: 0.000075 seconds.
  path: Assets/Resources/FloorPlan/Release/Room/Bedroom/PRE_ROO_Bedroom_14_1.prefab
  artifactKey: Guid(8508222964e4a4ab09776f4ebc100da2) Importer(815301076,1909f56bfc062723c751e8b465ee728b)
Start importing Assets/Resources/FloorPlan/Release/Room/Bedroom/PRE_ROO_Bedroom_14_1.prefab using Guid(8508222964e4a4ab09776f4ebc100da2) Importer(815301076,1909f56bfc062723c751e8b465ee728b)  -> (artifact id: '364d86be3bd8cb94f2ef34c0edcda332') in 0.299894 seconds 
========================================================================
Received Import Request.
  Time since last request: 0.000062 seconds.
  path: Assets/Resources/FloorPlan/Release/Room/Bedroom/PRE_ROO_Bedroom_31.prefab
  artifactKey: Guid(7717eee8fdb504bbd81432c2d476024c) Importer(815301076,1909f56bfc062723c751e8b465ee728b)
Start importing Assets/Resources/FloorPlan/Release/Room/Bedroom/PRE_ROO_Bedroom_31.prefab using Guid(7717eee8fdb504bbd81432c2d476024c) Importer(815301076,1909f56bfc062723c751e8b465ee728b)  -> (artifact id: '18e49442d44878a697605b27b009a1cf') in 0.320170 seconds 
========================================================================
Received Import Request.
  Time since last request: 0.000067 seconds.
  path: Assets/Resources/FloorPlan/Release/Room/Bedroom/PRE_ROO_Bedroom_29.prefab
  artifactKey: Guid(f833a94482d3e4f4eba48d6876a47b86) Importer(815301076,1909f56bfc062723c751e8b465ee728b)
Start importing Assets/Resources/FloorPlan/Release/Room/Bedroom/PRE_ROO_Bedroom_29.prefab using Guid(f833a94482d3e4f4eba48d6876a47b86) Importer(815301076,1909f56bfc062723c751e8b465ee728b)  -> (artifact id: '4b2eb5b74ad389014cc769691d74bf88') in 0.231729 seconds 
Editor requested this worker to shutdown with reason: Scaling down because of idle timeout
AssetImportWorker is now disconnected from the server
Process exiting
