Unity Editor version:    2021.2.10f1 (ee872746220e)
Branch:                  2021.2/staging
Build type:              Release
Batch mode:              YES
macOS version:           Version 12.1 (Build 21C52)
Darwin version:          21.2.0
Architecture:            x86_64
Running under Rosetta:   NO
Available memory:        65536 MB
Using pre-set license
Pro License: NO

COMMAND LINE ARGUMENTS:
/Applications/Unity/Hub/Editor/2021.2.10f1/Unity.app/Contents/MacOS/Unity
-adb2
-batchMode
-noUpm
-name
AssetImportWorker44
-projectPath
/Users/kabirswain/Documents/GitHub/virtualhome_unity
-logFile
Logs/AssetImportWorker44.log
-srvPort
55105
Successfully changed project path to: /Users/kabirswain/Documents/GitHub/virtualhome_unity
/Users/kabirswain/Documents/GitHub/virtualhome_unity
[UnityMemory] Configuration Parameters - Can be set up in boot.config
    "memorysetup-bucket-allocator-granularity=16"
    "memorysetup-bucket-allocator-bucket-count=8"
    "memorysetup-bucket-allocator-block-size=33554432"
    "memorysetup-bucket-allocator-block-count=8"
    "memorysetup-main-allocator-block-size=16777216"
    "memorysetup-thread-allocator-block-size=16777216"
    "memorysetup-gfx-main-allocator-block-size=16777216"
    "memorysetup-gfx-thread-allocator-block-size=16777216"
    "memorysetup-cache-allocator-block-size=4194304"
    "memorysetup-typetree-allocator-block-size=2097152"
    "memorysetup-profiler-bucket-allocator-granularity=16"
    "memorysetup-profiler-bucket-allocator-bucket-count=8"
    "memorysetup-profiler-bucket-allocator-block-size=33554432"
    "memorysetup-profiler-bucket-allocator-block-count=8"
    "memorysetup-profiler-allocator-block-size=16777216"
    "memorysetup-profiler-editor-allocator-block-size=1048576"
    "memorysetup-temp-allocator-size-main=16777216"
    "memorysetup-job-temp-allocator-block-size=2097152"
    "memorysetup-job-temp-allocator-block-size-background=1048576"
    "memorysetup-job-temp-allocator-reduction-small-platforms=262144"
    "memorysetup-temp-allocator-size-background-worker=32768"
    "memorysetup-temp-allocator-size-job-worker=262144"
    "memorysetup-temp-allocator-size-preload-manager=33554432"
    "memorysetup-temp-allocator-size-nav-mesh-worker=65536"
    "memorysetup-temp-allocator-size-audio-worker=65536"
    "memorysetup-temp-allocator-size-cloud-worker=32768"
    "memorysetup-temp-allocator-size-gi-baking-worker=262144"
    "memorysetup-temp-allocator-size-gfx=262144"
Refreshing native plugins compatible for Editor in 156.17 ms, found 2 plugins.
Preloading 0 native plugins for Editor in 0.00 ms.
Initialize engine version: 2021.2.10f1 (ee872746220e)
[Subsystems] Discovering subsystems at path /Applications/Unity/Hub/Editor/2021.2.10f1/Unity.app/Contents/Resources/UnitySubsystems
[Subsystems] Discovering subsystems at path /Users/kabirswain/Documents/GitHub/virtualhome_unity/Assets
GfxDevice: creating device client; threaded=0; jobified=0
Color LCD preferred device: AMD Radeon Pro 5600M (high power)
Metal devices available: 2
0: AMD Radeon Pro 5600M (high power)
1: Intel(R) UHD Graphics 630 (low power)
Using device AMD Radeon Pro 5600M (high power)
Initializing Metal device caps: AMD Radeon Pro 5600M
Initialize mono
Mono path[0] = '/Applications/Unity/Hub/Editor/2021.2.10f1/Unity.app/Contents/Managed'
Mono path[1] = '/Applications/Unity/Hub/Editor/2021.2.10f1/Unity.app/Contents/MonoBleedingEdge/lib/mono/unityjit-macos'
Mono config path = '/Applications/Unity/Hub/Editor/2021.2.10f1/Unity.app/Contents/MonoBleedingEdge/etc'
Using monoOptions --debugger-agent=transport=dt_socket,embedding=1,server=y,suspend=n,address=127.0.0.1:56938
Begin MonoManager ReloadAssembly
Registering precompiled unity dll's ...
Register platform support module: /Applications/Unity/Hub/Editor/2021.2.10f1/Unity.app/Contents/PlaybackEngines/MacStandaloneSupport/UnityEditor.OSXStandalone.Extensions.dll
Register platform support module: /Applications/Unity/Hub/Editor/2021.2.10f1/PlaybackEngines/WindowsStandaloneSupport/UnityEditor.WindowsStandalone.Extensions.dll
Register platform support module: /Applications/Unity/Hub/Editor/2021.2.10f1/PlaybackEngines/LinuxStandaloneSupport/UnityEditor.LinuxStandalone.Extensions.dll
Registered in 0.001759 seconds.
Native extension for LinuxStandalone target not found
Native extension for WindowsStandalone target not found
Native extension for OSXStandalone target not found
Refreshing native plugins compatible for Editor in 145.65 ms, found 2 plugins.
Preloading 0 native plugins for Editor in 0.00 ms.
Mono: successfully reloaded assembly
- Completed reload, in  0.790 seconds
Domain Reload Profiling:
	ReloadAssembly (790ms)
		BeginReloadAssembly (64ms)
			ExecutionOrderSort (0ms)
			DisableScriptedObjects (0ms)
			BackupInstance (0ms)
			ReleaseScriptingObjects (0ms)
			CreateAndSetChildDomain (1ms)
		EndReloadAssembly (629ms)
			LoadAssemblies (63ms)
			RebuildTransferFunctionScriptingTraits (0ms)
			SetupTypeCache (137ms)
			ReleaseScriptCaches (0ms)
			RebuildScriptCaches (35ms)
			SetupLoadedEditorAssemblies (396ms)
				LogAssemblyErrors (0ms)
				InitializePlatformSupportModulesInManaged (19ms)
				SetLoadedEditorAssemblies (0ms)
				RefreshPlugins (146ms)
				BeforeProcessingInitializeOnLoad (1ms)
				ProcessInitializeOnLoadAttributes (175ms)
				ProcessInitializeOnLoadMethodAttributes (55ms)
				AfterProcessingInitializeOnLoad (0ms)
				EditorAssembliesLoaded (0ms)
			ExecutionOrderSort2 (0ms)
			AwakeInstancesAfterBackupRestoration (0ms)
Platform modules already initialized, skipping
Registering precompiled user dll's ...
Registered in 0.002969 seconds.
Begin MonoManager ReloadAssembly
Native extension for LinuxStandalone target not found
Native extension for WindowsStandalone target not found
Native extension for OSXStandalone target not found
Refreshing native plugins compatible for Editor in 1.60 ms, found 2 plugins.
Preloading 0 native plugins for Editor in 0.00 ms.
Package Manager log level set to [2]
Mono: successfully reloaded assembly
- Completed reload, in  1.121 seconds
Domain Reload Profiling:
	ReloadAssembly (1122ms)
		BeginReloadAssembly (96ms)
			ExecutionOrderSort (0ms)
			DisableScriptedObjects (6ms)
			BackupInstance (0ms)
			ReleaseScriptingObjects (0ms)
			CreateAndSetChildDomain (23ms)
		EndReloadAssembly (915ms)
			LoadAssemblies (56ms)
			RebuildTransferFunctionScriptingTraits (0ms)
			SetupTypeCache (224ms)
			ReleaseScriptCaches (0ms)
			RebuildScriptCaches (70ms)
			SetupLoadedEditorAssemblies (510ms)
				LogAssemblyErrors (0ms)
				InitializePlatformSupportModulesInManaged (13ms)
				SetLoadedEditorAssemblies (0ms)
				RefreshPlugins (2ms)
				BeforeProcessingInitializeOnLoad (55ms)
				ProcessInitializeOnLoadAttributes (268ms)
				ProcessInitializeOnLoadMethodAttributes (170ms)
				AfterProcessingInitializeOnLoad (2ms)
				EditorAssembliesLoaded (0ms)
			ExecutionOrderSort2 (0ms)
			AwakeInstancesAfterBackupRestoration (4ms)
Platform modules already initialized, skipping
========================================================================
Worker process is ready to serve import requests
Launching external process: /Applications/Unity/Hub/Editor/2021.2.10f1/Unity.app/Contents/Tools/UnityShaderCompiler
Launched and connected shader compiler UnityShaderCompiler after 0.07 seconds
Refreshing native plugins compatible for Editor in 1.77 ms, found 2 plugins.
Preloading 0 native plugins for Editor in 0.00 ms.
Unloading 2957 Unused Serialized files (Serialized files now loaded: 0)
Unloading 70 unused Assets / (1.1 MB). Loaded Objects now: 3416.
Memory consumption went from 280.0 MB to 279.0 MB.
Total: 7.421130 ms (FindLiveObjects: 0.240910 ms CreateObjectMapping: 0.126252 ms MarkObjects: 6.465994 ms  DeleteObjects: 0.586991 ms)

AssetImportParameters requested are different than current active one (requested -> active):
  custom:video-decoder-ogg-theora: a1e56fd34408186e4bbccfd4996cb3dc -> 
  custom:container-muxer-webm: aa71ff27fc2769a1b78a27578f13a17b -> 
  custom:container-demuxer-webm: 4f35f7cbe854078d1ac9338744f61a02 -> 
  custom:video-encoder-webm-vp8: eb34c28f22e8b96e1ab97ce403110664 -> 
  custom:framework-osx-AVFoundation: e770b220cccbd017edd2c1fefb359320 -> 
  custom:audio-encoder-webm-vorbis: bf7c407c2cedff20999df2af8eb42d56 -> 
  custom:container-demuxer-ogg: 62fdf1f143b41e24485cea50d1cbac27 -> 
  custom:video-decoder-webm-vp8: 9c59270c3fd7afecdb556c50c9e8de78 -> 
  custom:audio-decoder-ogg-vorbis: bf7c407c2cedff20999df2af8eb42d56 -> 
========================================================================
Received Import Request.
  Time since last request: 1284647.441160 seconds.
  path: Assets/Story Generator/OpticalFlowWheel/HueValue_ASellent2012.png
  artifactKey: Guid(01803600b599d4b8faa18d17375f4bf4) Importer(815301076,1909f56bfc062723c751e8b465ee728b)
Start importing Assets/Story Generator/OpticalFlowWheel/HueValue_ASellent2012.png using Guid(01803600b599d4b8faa18d17375f4bf4) Importer(815301076,1909f56bfc062723c751e8b465ee728b)  -> (artifact id: '2b4a7d3c3e855e4e728cf3d84dc0f315') in 0.195780 seconds 
========================================================================
Received Import Request.
  Time since last request: 64.931859 seconds.
  path: Assets/Resources/Complete_Home_Interior_Pack/CHIP_Models/MOD_Electronics/MOD_ELE_TV_01.fbx
  artifactKey: Guid(85123cc536ed07c4688c9b43a51612c4) Importer(815301076,1909f56bfc062723c751e8b465ee728b)
Start importing Assets/Resources/Complete_Home_Interior_Pack/CHIP_Models/MOD_Electronics/MOD_ELE_TV_01.fbx using Guid(85123cc536ed07c4688c9b43a51612c4) Importer(815301076,1909f56bfc062723c751e8b465ee728b)  -> (artifact id: '0895cdeaa0f1fbd385efc0a34f41addb') in 0.237092 seconds 
========================================================================
Received Import Request.
  Time since last request: 0.000087 seconds.
  path: Assets/Resources/Complete_Home_Interior_Pack/CHIP_Models/MOD_Walls/MOD_WAL_Wall_01_01.fbx
  artifactKey: Guid(a5479cf02c4d9df4e8e8305f89928354) Importer(815301076,1909f56bfc062723c751e8b465ee728b)
Start importing Assets/Resources/Complete_Home_Interior_Pack/CHIP_Models/MOD_Walls/MOD_WAL_Wall_01_01.fbx using Guid(a5479cf02c4d9df4e8e8305f89928354) Importer(815301076,1909f56bfc062723c751e8b465ee728b)  -> (artifact id: '3057ed378af1b97732847d76fbb6acef') in 0.016324 seconds 
========================================================================
Received Import Request.
  Time since last request: 0.000046 seconds.
  path: Assets/Resources/Complete_Home_Interior_Pack/CHIP_Models/MOD_Walls/MOD_WAL_Wall_corner_door_01_01.fbx
  artifactKey: Guid(0b51615af96a1774885154620cb0d3d8) Importer(815301076,1909f56bfc062723c751e8b465ee728b)
Start importing Assets/Resources/Complete_Home_Interior_Pack/CHIP_Models/MOD_Walls/MOD_WAL_Wall_corner_door_01_01.fbx using Guid(0b51615af96a1774885154620cb0d3d8) Importer(815301076,1909f56bfc062723c751e8b465ee728b)  -> (artifact id: 'fe6ef47350fc6da7adb71d4940373ea1') in 0.014322 seconds 
========================================================================
Received Import Request.
  Time since last request: 0.000054 seconds.
  path: Assets/Resources/Complete_Home_Interior_Pack/CHIP_Models/MOD_Walls/MOD_WAL_Wall_corner_01_02.fbx
  artifactKey: Guid(db7c64ba828876a4cb9d4a724aa61e04) Importer(815301076,1909f56bfc062723c751e8b465ee728b)
Start importing Assets/Resources/Complete_Home_Interior_Pack/CHIP_Models/MOD_Walls/MOD_WAL_Wall_corner_01_02.fbx using Guid(db7c64ba828876a4cb9d4a724aa61e04) Importer(815301076,1909f56bfc062723c751e8b465ee728b)  -> (artifact id: '54efa9812fafcd9e24201753ab6b9da1') in 0.025295 seconds 
========================================================================
Received Import Request.
  Time since last request: 10.070604 seconds.
  path: Assets/Standard Assets/PhysicsMaterials/MaxFriction.physicMaterial
  artifactKey: Guid(e52fb17f9b1e7fd48b8955f1391d3688) Importer(815301076,1909f56bfc062723c751e8b465ee728b)
Start importing Assets/Standard Assets/PhysicsMaterials/MaxFriction.physicMaterial using Guid(e52fb17f9b1e7fd48b8955f1391d3688) Importer(815301076,1909f56bfc062723c751e8b465ee728b)  -> (artifact id: 'ebd1ca18c945aab2b2e274b1207fd109') in 0.106221 seconds 
========================================================================
Received Import Request.
  Time since last request: 0.000070 seconds.
  path: Assets/Standard Assets/PhysicsMaterials/Wood.physicmaterial
  artifactKey: Guid(3aeb7dadc0c69d54d9e5777e9d5631f1) Importer(815301076,1909f56bfc062723c751e8b465ee728b)
Start importing Assets/Standard Assets/PhysicsMaterials/Wood.physicmaterial using Guid(3aeb7dadc0c69d54d9e5777e9d5631f1) Importer(815301076,1909f56bfc062723c751e8b465ee728b)  -> (artifact id: '5e79263b32caa6d99832376d7c4514b8') in 0.106555 seconds 
========================================================================
Received Import Request.
  Time since last request: 52.862519 seconds.
  path: Assets/Resources/Complete_Home_Interior_Pack/CHIP_Materials/MAT_Wood/MAT_WOO_Wood_01_03_01.mat
  artifactKey: Guid(b051b35a63fbbf040bf78ef99208fcc1) Importer(815301076,1909f56bfc062723c751e8b465ee728b)
Start importing Assets/Resources/Complete_Home_Interior_Pack/CHIP_Materials/MAT_Wood/MAT_WOO_Wood_01_03_01.mat using Guid(b051b35a63fbbf040bf78ef99208fcc1) Importer(815301076,1909f56bfc062723c751e8b465ee728b)  -> (artifact id: '01e4ddd946f8737aaa4ebff387aac9cf') in 0.142379 seconds 
========================================================================
Received Import Request.
  Time since last request: 0.000065 seconds.
  path: Assets/Resources/Complete_Home_Interior_Pack/CHIP_Materials/MAT_Wood/MAT_WOO_Wood_01_03_02(Large).mat
  artifactKey: Guid(4a06b560d0a70064a97f4cdb53ad3830) Importer(815301076,1909f56bfc062723c751e8b465ee728b)
Start importing Assets/Resources/Complete_Home_Interior_Pack/CHIP_Materials/MAT_Wood/MAT_WOO_Wood_01_03_02(Large).mat using Guid(4a06b560d0a70064a97f4cdb53ad3830) Importer(815301076,1909f56bfc062723c751e8b465ee728b)  -> (artifact id: 'e3a472e8c9a7095fbf292f7ffa19076c') in 0.023751 seconds 
========================================================================
Received Import Request.
  Time since last request: 0.000047 seconds.
  path: Assets/Resources/Complete_Home_Interior_Pack/CHIP_Materials/MAT_Wood/MAT_WOO_Wood_01_04_02(Large).mat
  artifactKey: Guid(bc1648d2fb8ea5f4ead5cbd73d66e684) Importer(815301076,1909f56bfc062723c751e8b465ee728b)
Start importing Assets/Resources/Complete_Home_Interior_Pack/CHIP_Materials/MAT_Wood/MAT_WOO_Wood_01_04_02(Large).mat using Guid(bc1648d2fb8ea5f4ead5cbd73d66e684) Importer(815301076,1909f56bfc062723c751e8b465ee728b)  -> (artifact id: '60750b9e3cd2011b4af2ff30985e1b70') in 0.051383 seconds 
========================================================================
Received Import Request.
  Time since last request: 0.000066 seconds.
  path: Assets/Resources/Complete_Home_Interior_Pack/CHIP_Materials/MAT_Wood/MAT_WOO_Wood_01_05_02(Large).mat
  artifactKey: Guid(7116af91f55f0e549a956985b3b472b8) Importer(815301076,1909f56bfc062723c751e8b465ee728b)
Start importing Assets/Resources/Complete_Home_Interior_Pack/CHIP_Materials/MAT_Wood/MAT_WOO_Wood_01_05_02(Large).mat using Guid(7116af91f55f0e549a956985b3b472b8) Importer(815301076,1909f56bfc062723c751e8b465ee728b)  -> (artifact id: '413ed5604dd6e8c922591be54b193826') in 0.023781 seconds 
========================================================================
Received Import Request.
  Time since last request: 4.639236 seconds.
  path: Assets/Resources/ModernHouseInteriorProps/Materials/Universal/Wood_PaintedWood_Blue_Mat.mat
  artifactKey: Guid(090b893a3aa13114c9fa857708eebcab) Importer(815301076,1909f56bfc062723c751e8b465ee728b)
Start importing Assets/Resources/ModernHouseInteriorProps/Materials/Universal/Wood_PaintedWood_Blue_Mat.mat using Guid(090b893a3aa13114c9fa857708eebcab) Importer(815301076,1909f56bfc062723c751e8b465ee728b)  -> (artifact id: 'd768025c3a0e60d38e2591daf41cc9fd') in 0.031303 seconds 
========================================================================
Received Import Request.
  Time since last request: 0.892635 seconds.
  path: Assets/Resources/Photos/Materials/painting_f20.mat
  artifactKey: Guid(5299393710e2643c682010521cba18c1) Importer(815301076,1909f56bfc062723c751e8b465ee728b)
Start importing Assets/Resources/Photos/Materials/painting_f20.mat using Guid(5299393710e2643c682010521cba18c1) Importer(815301076,1909f56bfc062723c751e8b465ee728b)  -> (artifact id: '8acdba9fcf64615194052e75208846b9') in 0.032966 seconds 
========================================================================
Received Import Request.
  Time since last request: 0.000054 seconds.
  path: Assets/Resources/Photos/Materials/painting_f28.mat
  artifactKey: Guid(3f1f3a460931a487286c0042e9395e3b) Importer(815301076,1909f56bfc062723c751e8b465ee728b)
Start importing Assets/Resources/Photos/Materials/painting_f28.mat using Guid(3f1f3a460931a487286c0042e9395e3b) Importer(815301076,1909f56bfc062723c751e8b465ee728b)  -> (artifact id: '6dbc8e1a342db32ba745fbcf481c0c40') in 0.037780 seconds 
========================================================================
Received Import Request.
  Time since last request: 0.000073 seconds.
  path: Assets/Resources/Photos/Materials/painting_f15.mat
  artifactKey: Guid(7e833333dda884efdbb3be634ae8f2ae) Importer(815301076,1909f56bfc062723c751e8b465ee728b)
Start importing Assets/Resources/Photos/Materials/painting_f15.mat using Guid(7e833333dda884efdbb3be634ae8f2ae) Importer(815301076,1909f56bfc062723c751e8b465ee728b)  -> (artifact id: 'bf776c468ad7595785ae16a1cd8d3304') in 0.013987 seconds 
========================================================================
Received Import Request.
  Time since last request: 0.000055 seconds.
  path: Assets/Resources/Photos/Materials/painting_f4.mat
  artifactKey: Guid(6162fdb05796b427cabbddedf2b46d09) Importer(815301076,1909f56bfc062723c751e8b465ee728b)
Start importing Assets/Resources/Photos/Materials/painting_f4.mat using Guid(6162fdb05796b427cabbddedf2b46d09) Importer(815301076,1909f56bfc062723c751e8b465ee728b)  -> (artifact id: 'bbb0828d3e405ec13aca57160d3212c6') in 0.011795 seconds 
========================================================================
Received Import Request.
  Time since last request: 0.000053 seconds.
  path: Assets/Resources/Photos/Materials/painting_f7.mat
  artifactKey: Guid(9583f157b7285477db086d36413db993) Importer(815301076,1909f56bfc062723c751e8b465ee728b)
Start importing Assets/Resources/Photos/Materials/painting_f7.mat using Guid(9583f157b7285477db086d36413db993) Importer(815301076,1909f56bfc062723c751e8b465ee728b)  -> (artifact id: 'd575a9b7b80127513349fb6cb244aa0e') in 0.016034 seconds 
========================================================================
Received Import Request.
  Time since last request: 0.000055 seconds.
  path: Assets/Resources/Photos/Materials/painting_f8.mat
  artifactKey: Guid(10ecca9a7f77a4cccb1f49a07e429acd) Importer(815301076,1909f56bfc062723c751e8b465ee728b)
Start importing Assets/Resources/Photos/Materials/painting_f8.mat using Guid(10ecca9a7f77a4cccb1f49a07e429acd) Importer(815301076,1909f56bfc062723c751e8b465ee728b)  -> (artifact id: '299f8e060329b4520c69681d99b17bd5') in 0.010641 seconds 
========================================================================
Received Import Request.
  Time since last request: 0.000062 seconds.
  path: Assets/Resources/ModernHouseInteriorProps/Materials/Universal/Misc_Painting_Mat08.mat
  artifactKey: Guid(29c03ad2ba3ce0745a17033562b3ace7) Importer(815301076,1909f56bfc062723c751e8b465ee728b)
Start importing Assets/Resources/ModernHouseInteriorProps/Materials/Universal/Misc_Painting_Mat08.mat using Guid(29c03ad2ba3ce0745a17033562b3ace7) Importer(815301076,1909f56bfc062723c751e8b465ee728b)  -> (artifact id: 'cb4dbdf7c62c5daedd4df023f1570bd3') in 0.020239 seconds 
========================================================================
Received Import Request.
  Time since last request: 0.000066 seconds.
  path: Assets/Resources/ModernHouseInteriorProps/Materials/Universal/Paint_AcrylicWhite_Mat.mat
  artifactKey: Guid(d88cae52992f55744bca43ca3317cf08) Importer(815301076,1909f56bfc062723c751e8b465ee728b)
Start importing Assets/Resources/ModernHouseInteriorProps/Materials/Universal/Paint_AcrylicWhite_Mat.mat using Guid(d88cae52992f55744bca43ca3317cf08) Importer(815301076,1909f56bfc062723c751e8b465ee728b)  -> (artifact id: 'd9cf1fe200e99508b12348266ed9d36f') in 0.024575 seconds 
========================================================================
Received Import Request.
  Time since last request: 0.013673 seconds.
  path: Assets/Resources/ModernHouseInteriorProps/Materials/Universal/metal_WornPaintedCastIron_Mat.mat
  artifactKey: Guid(8ade9e68ff7529e40ad2f85c2a7f62de) Importer(815301076,1909f56bfc062723c751e8b465ee728b)
Start importing Assets/Resources/ModernHouseInteriorProps/Materials/Universal/metal_WornPaintedCastIron_Mat.mat using Guid(8ade9e68ff7529e40ad2f85c2a7f62de) Importer(815301076,1909f56bfc062723c751e8b465ee728b)  -> (artifact id: '4af72d42c686a6847105fb7b7c649b3b') in 0.035000 seconds 
========================================================================
Received Import Request.
  Time since last request: 0.000056 seconds.
  path: Assets/Resources/ModernHouseInteriorProps/Models/Materials/mH_CeilingPaint01_Mat.mat
  artifactKey: Guid(9f38354cafadd0446b23c5adc9d179e7) Importer(815301076,1909f56bfc062723c751e8b465ee728b)
Start importing Assets/Resources/ModernHouseInteriorProps/Models/Materials/mH_CeilingPaint01_Mat.mat using Guid(9f38354cafadd0446b23c5adc9d179e7) Importer(815301076,1909f56bfc062723c751e8b465ee728b)  -> (artifact id: '93e52fcf62d619918d038708c20d6e90') in 0.031994 seconds 
========================================================================
Received Import Request.
  Time since last request: 0.005318 seconds.
  path: Assets/Resources/Complete_Home_Interior_Pack/CHIP_Materials/MAT_Paint/MAT_PAI_Paint_02_02.mat
  artifactKey: Guid(e9004a91f9aebfa4ba352a5ea7ac221d) Importer(815301076,1909f56bfc062723c751e8b465ee728b)
Start importing Assets/Resources/Complete_Home_Interior_Pack/CHIP_Materials/MAT_Paint/MAT_PAI_Paint_02_02.mat using Guid(e9004a91f9aebfa4ba352a5ea7ac221d) Importer(815301076,1909f56bfc062723c751e8b465ee728b)  -> (artifact id: 'a4fc771aec105c9b8a1a6bee28143a67') in 0.032339 seconds 
========================================================================
Received Import Request.
  Time since last request: 0.000099 seconds.
  path: Assets/Resources/Complete_Home_Interior_Pack/CHIP_Materials/MAT_Paint/MAT_PAI_Paint_02_02(Larger).mat
  artifactKey: Guid(048b28dfef6747a4aa4018f02ccbef68) Importer(815301076,1909f56bfc062723c751e8b465ee728b)
Start importing Assets/Resources/Complete_Home_Interior_Pack/CHIP_Materials/MAT_Paint/MAT_PAI_Paint_02_02(Larger).mat using Guid(048b28dfef6747a4aa4018f02ccbef68) Importer(815301076,1909f56bfc062723c751e8b465ee728b)  -> (artifact id: 'aef9f61058e8cada8d2baf328d2d8b41') in 0.018256 seconds 
========================================================================
Received Import Request.
  Time since last request: 0.000076 seconds.
  path: Assets/Resources/Complete_Home_Interior_Pack/CHIP_Materials/MAT_Paint/MAT_PAI_Paint_03_01.mat
  artifactKey: Guid(cdd477b7a31d2c140961112b43c88205) Importer(815301076,1909f56bfc062723c751e8b465ee728b)
Start importing Assets/Resources/Complete_Home_Interior_Pack/CHIP_Materials/MAT_Paint/MAT_PAI_Paint_03_01.mat using Guid(cdd477b7a31d2c140961112b43c88205) Importer(815301076,1909f56bfc062723c751e8b465ee728b)  -> (artifact id: '8fbb8a1750be501cdab6a995fb203433') in 0.047295 seconds 
Editor requested this worker to shutdown with reason: Scaling down because of idle timeout
AssetImportWorker is now disconnected from the server
Process exiting
