Unity Editor version:    2021.2.10f1 (ee872746220e)
Branch:                  2021.2/staging
Build type:              Release
Batch mode:              YES
macOS version:           Version 12.1 (Build 21C52)
Darwin version:          21.2.0
Architecture:            x86_64
Running under Rosetta:   NO
Available memory:        65536 MB
Using pre-set license
Pro License: NO

COMMAND LINE ARGUMENTS:
/Applications/Unity/Hub/Editor/2021.2.10f1/Unity.app/Contents/MacOS/Unity
-adb2
-batchMode
-noUpm
-name
AssetImportWorker110
-projectPath
/Users/kabirswain/Documents/GitHub/virtualhome_unity
-logFile
Logs/AssetImportWorker110.log
-srvPort
55105
Successfully changed project path to: /Users/kabirswain/Documents/GitHub/virtualhome_unity
/Users/kabirswain/Documents/GitHub/virtualhome_unity
[UnityMemory] Configuration Parameters - Can be set up in boot.config
    "memorysetup-bucket-allocator-granularity=16"
    "memorysetup-bucket-allocator-bucket-count=8"
    "memorysetup-bucket-allocator-block-size=33554432"
    "memorysetup-bucket-allocator-block-count=8"
    "memorysetup-main-allocator-block-size=16777216"
    "memorysetup-thread-allocator-block-size=16777216"
    "memorysetup-gfx-main-allocator-block-size=16777216"
    "memorysetup-gfx-thread-allocator-block-size=16777216"
    "memorysetup-cache-allocator-block-size=4194304"
    "memorysetup-typetree-allocator-block-size=2097152"
    "memorysetup-profiler-bucket-allocator-granularity=16"
    "memorysetup-profiler-bucket-allocator-bucket-count=8"
    "memorysetup-profiler-bucket-allocator-block-size=33554432"
    "memorysetup-profiler-bucket-allocator-block-count=8"
    "memorysetup-profiler-allocator-block-size=16777216"
    "memorysetup-profiler-editor-allocator-block-size=1048576"
    "memorysetup-temp-allocator-size-main=16777216"
    "memorysetup-job-temp-allocator-block-size=2097152"
    "memorysetup-job-temp-allocator-block-size-background=1048576"
    "memorysetup-job-temp-allocator-reduction-small-platforms=262144"
    "memorysetup-temp-allocator-size-background-worker=32768"
    "memorysetup-temp-allocator-size-job-worker=262144"
    "memorysetup-temp-allocator-size-preload-manager=33554432"
    "memorysetup-temp-allocator-size-nav-mesh-worker=65536"
    "memorysetup-temp-allocator-size-audio-worker=65536"
    "memorysetup-temp-allocator-size-cloud-worker=32768"
    "memorysetup-temp-allocator-size-gi-baking-worker=262144"
    "memorysetup-temp-allocator-size-gfx=262144"
Refreshing native plugins compatible for Editor in 185.05 ms, found 2 plugins.
Preloading 0 native plugins for Editor in 0.00 ms.
Initialize engine version: 2021.2.10f1 (ee872746220e)
[Subsystems] Discovering subsystems at path /Applications/Unity/Hub/Editor/2021.2.10f1/Unity.app/Contents/Resources/UnitySubsystems
[Subsystems] Discovering subsystems at path /Users/kabirswain/Documents/GitHub/virtualhome_unity/Assets
GfxDevice: creating device client; threaded=0; jobified=0
Color LCD preferred device: AMD Radeon Pro 5600M (high power)
Metal devices available: 2
0: AMD Radeon Pro 5600M (high power)
1: Intel(R) UHD Graphics 630 (low power)
Using device AMD Radeon Pro 5600M (high power)
Initializing Metal device caps: AMD Radeon Pro 5600M
Initialize mono
Mono path[0] = '/Applications/Unity/Hub/Editor/2021.2.10f1/Unity.app/Contents/Managed'
Mono path[1] = '/Applications/Unity/Hub/Editor/2021.2.10f1/Unity.app/Contents/MonoBleedingEdge/lib/mono/unityjit-macos'
Mono config path = '/Applications/Unity/Hub/Editor/2021.2.10f1/Unity.app/Contents/MonoBleedingEdge/etc'
Using monoOptions --debugger-agent=transport=dt_socket,embedding=1,server=y,suspend=n,address=127.0.0.1:56365
Begin MonoManager ReloadAssembly
Registering precompiled unity dll's ...
Register platform support module: /Applications/Unity/Hub/Editor/2021.2.10f1/Unity.app/Contents/PlaybackEngines/MacStandaloneSupport/UnityEditor.OSXStandalone.Extensions.dll
Register platform support module: /Applications/Unity/Hub/Editor/2021.2.10f1/PlaybackEngines/WindowsStandaloneSupport/UnityEditor.WindowsStandalone.Extensions.dll
Register platform support module: /Applications/Unity/Hub/Editor/2021.2.10f1/PlaybackEngines/LinuxStandaloneSupport/UnityEditor.LinuxStandalone.Extensions.dll
Registered in 0.002209 seconds.
Native extension for LinuxStandalone target not found
Native extension for WindowsStandalone target not found
Native extension for OSXStandalone target not found
Refreshing native plugins compatible for Editor in 167.04 ms, found 2 plugins.
Preloading 0 native plugins for Editor in 0.00 ms.
Mono: successfully reloaded assembly
- Completed reload, in  0.936 seconds
Domain Reload Profiling:
	ReloadAssembly (937ms)
		BeginReloadAssembly (126ms)
			ExecutionOrderSort (0ms)
			DisableScriptedObjects (0ms)
			BackupInstance (0ms)
			ReleaseScriptingObjects (0ms)
			CreateAndSetChildDomain (1ms)
		EndReloadAssembly (700ms)
			LoadAssemblies (129ms)
			RebuildTransferFunctionScriptingTraits (0ms)
			SetupTypeCache (158ms)
			ReleaseScriptCaches (0ms)
			RebuildScriptCaches (36ms)
			SetupLoadedEditorAssemblies (437ms)
				LogAssemblyErrors (0ms)
				InitializePlatformSupportModulesInManaged (17ms)
				SetLoadedEditorAssemblies (0ms)
				RefreshPlugins (167ms)
				BeforeProcessingInitializeOnLoad (1ms)
				ProcessInitializeOnLoadAttributes (198ms)
				ProcessInitializeOnLoadMethodAttributes (53ms)
				AfterProcessingInitializeOnLoad (0ms)
				EditorAssembliesLoaded (0ms)
			ExecutionOrderSort2 (0ms)
			AwakeInstancesAfterBackupRestoration (0ms)
Platform modules already initialized, skipping
Registering precompiled user dll's ...
Registered in 0.009850 seconds.
Begin MonoManager ReloadAssembly
Native extension for LinuxStandalone target not found
Native extension for WindowsStandalone target not found
Native extension for OSXStandalone target not found
Refreshing native plugins compatible for Editor in 2.08 ms, found 2 plugins.
Preloading 0 native plugins for Editor in 0.00 ms.
Package Manager log level set to [2]
Mono: successfully reloaded assembly
- Completed reload, in  1.507 seconds
Domain Reload Profiling:
	ReloadAssembly (1508ms)
		BeginReloadAssembly (138ms)
			ExecutionOrderSort (0ms)
			DisableScriptedObjects (8ms)
			BackupInstance (0ms)
			ReleaseScriptingObjects (0ms)
			CreateAndSetChildDomain (31ms)
		EndReloadAssembly (1221ms)
			LoadAssemblies (120ms)
			RebuildTransferFunctionScriptingTraits (0ms)
			SetupTypeCache (315ms)
			ReleaseScriptCaches (1ms)
			RebuildScriptCaches (82ms)
			SetupLoadedEditorAssemblies (659ms)
				LogAssemblyErrors (0ms)
				InitializePlatformSupportModulesInManaged (14ms)
				SetLoadedEditorAssemblies (1ms)
				RefreshPlugins (2ms)
				BeforeProcessingInitializeOnLoad (68ms)
				ProcessInitializeOnLoadAttributes (367ms)
				ProcessInitializeOnLoadMethodAttributes (205ms)
				AfterProcessingInitializeOnLoad (2ms)
				EditorAssembliesLoaded (0ms)
			ExecutionOrderSort2 (0ms)
			AwakeInstancesAfterBackupRestoration (4ms)
Platform modules already initialized, skipping
========================================================================
Worker process is ready to serve import requests
Launching external process: /Applications/Unity/Hub/Editor/2021.2.10f1/Unity.app/Contents/Tools/UnityShaderCompiler
Launched and connected shader compiler UnityShaderCompiler after 0.08 seconds
Refreshing native plugins compatible for Editor in 2.65 ms, found 2 plugins.
Preloading 0 native plugins for Editor in 0.00 ms.
Unloading 2957 Unused Serialized files (Serialized files now loaded: 0)
Unloading 70 unused Assets / (1.0 MB). Loaded Objects now: 3417.
Memory consumption went from 281.5 MB to 280.5 MB.
Total: 10.716000 ms (FindLiveObjects: 0.458997 ms CreateObjectMapping: 0.344224 ms MarkObjects: 9.155597 ms  DeleteObjects: 0.756024 ms)

AssetImportParameters requested are different than current active one (requested -> active):
  custom:video-decoder-ogg-theora: a1e56fd34408186e4bbccfd4996cb3dc -> 
  custom:container-muxer-webm: aa71ff27fc2769a1b78a27578f13a17b -> 
  custom:container-demuxer-webm: 4f35f7cbe854078d1ac9338744f61a02 -> 
  custom:video-encoder-webm-vp8: eb34c28f22e8b96e1ab97ce403110664 -> 
  custom:framework-osx-AVFoundation: e770b220cccbd017edd2c1fefb359320 -> 
  custom:audio-encoder-webm-vorbis: bf7c407c2cedff20999df2af8eb42d56 -> 
  custom:container-demuxer-ogg: 62fdf1f143b41e24485cea50d1cbac27 -> 
  custom:video-decoder-webm-vp8: 9c59270c3fd7afecdb556c50c9e8de78 -> 
  custom:audio-decoder-ogg-vorbis: bf7c407c2cedff20999df2af8eb42d56 -> 
========================================================================
Received Import Request.
  Time since last request: 1534904.504972 seconds.
  path: Assets/Resources/FloorPlan/Release/Home/Home_46.prefab
  artifactKey: Guid(beaa8b92b36e34327b45886471e35b76) Importer(815301076,1909f56bfc062723c751e8b465ee728b)
Start importing Assets/Resources/FloorPlan/Release/Home/Home_46.prefab using Guid(beaa8b92b36e34327b45886471e35b76) Importer(815301076,1909f56bfc062723c751e8b465ee728b)  -> (artifact id: '3bf6626055dcca965ae9a70f1b143617') in 1.257453 seconds 
========================================================================
Received Import Request.
  Time since last request: 0.000084 seconds.
  path: Assets/Resources/FloorPlan/Release/Home/Home_29.prefab
  artifactKey: Guid(ab8f2a4954e804d94b3007d8cae288af) Importer(815301076,1909f56bfc062723c751e8b465ee728b)
Start importing Assets/Resources/FloorPlan/Release/Home/Home_29.prefab using Guid(ab8f2a4954e804d94b3007d8cae288af) Importer(815301076,1909f56bfc062723c751e8b465ee728b)  -> (artifact id: '3e65240ad0e9446dca2b7e96c3830934') in 0.806574 seconds 
========================================================================
Received Import Request.
  Time since last request: 0.000057 seconds.
  path: Assets/Resources/FloorPlan/Release/Home/Home_32.prefab
  artifactKey: Guid(133b9ef17eb6f4078a6f79c7550a98ca) Importer(815301076,1909f56bfc062723c751e8b465ee728b)
Start importing Assets/Resources/FloorPlan/Release/Home/Home_32.prefab using Guid(133b9ef17eb6f4078a6f79c7550a98ca) Importer(815301076,1909f56bfc062723c751e8b465ee728b)  -> (artifact id: '431701effdf7dbbc51847c36b08eede4') in 0.802246 seconds 
========================================================================
Received Import Request.
  Time since last request: 0.000081 seconds.
  path: Assets/Resources/FloorPlan/Release/Home/Home_25.prefab
  artifactKey: Guid(ccabcac52afd44b7b9576af95880a505) Importer(815301076,1909f56bfc062723c751e8b465ee728b)
Start importing Assets/Resources/FloorPlan/Release/Home/Home_25.prefab using Guid(ccabcac52afd44b7b9576af95880a505) Importer(815301076,1909f56bfc062723c751e8b465ee728b)  -> (artifact id: '43e3f09212c527cfced6614770f28651') in 0.899178 seconds 
========================================================================
Received Import Request.
  Time since last request: 0.000156 seconds.
  path: Assets/Resources/FloorPlan/Release/Home/Home_39.prefab
  artifactKey: Guid(c72734f38a6594b549c38053c291a584) Importer(815301076,1909f56bfc062723c751e8b465ee728b)
Start importing Assets/Resources/FloorPlan/Release/Home/Home_39.prefab using Guid(c72734f38a6594b549c38053c291a584) Importer(815301076,1909f56bfc062723c751e8b465ee728b)  -> (artifact id: 'c1cc470b6b23c82c790d4e50d33877e0') in 0.854014 seconds 
========================================================================
Received Import Request.
  Time since last request: 0.000093 seconds.
  path: Assets/Resources/FloorPlan/Release/Home/Home_19.prefab
  artifactKey: Guid(9bdb39dc8f34c4953a4fc849890085ae) Importer(815301076,1909f56bfc062723c751e8b465ee728b)
Start importing Assets/Resources/FloorPlan/Release/Home/Home_19.prefab using Guid(9bdb39dc8f34c4953a4fc849890085ae) Importer(815301076,1909f56bfc062723c751e8b465ee728b)  -> (artifact id: '363b1dbe36a3de4ae775a95820150fba') in 0.921028 seconds 
========================================================================
Received Import Request.
  Time since last request: 0.000061 seconds.
  path: Assets/Resources/FloorPlan/Release/Home/Home_38.prefab
  artifactKey: Guid(ac51f6ae00a20492199ac4c9f7178ace) Importer(815301076,1909f56bfc062723c751e8b465ee728b)
Start importing Assets/Resources/FloorPlan/Release/Home/Home_38.prefab using Guid(ac51f6ae00a20492199ac4c9f7178ace) Importer(815301076,1909f56bfc062723c751e8b465ee728b)  -> (artifact id: 'c0bb1765dbc2f482323036b3dac7b274') in 1.436529 seconds 
========================================================================
Received Import Request.
  Time since last request: 0.000071 seconds.
  path: Assets/Resources/FloorPlan/Release/Home/Home_37.prefab
  artifactKey: Guid(22d63bb22d89941ad99c06e025b273a6) Importer(815301076,1909f56bfc062723c751e8b465ee728b)
Start importing Assets/Resources/FloorPlan/Release/Home/Home_37.prefab using Guid(22d63bb22d89941ad99c06e025b273a6) Importer(815301076,1909f56bfc062723c751e8b465ee728b)  -> (artifact id: '2572fc2428e111bf00eb40b43f2f09b4') in 0.877713 seconds 
========================================================================
Received Import Request.
  Time since last request: 0.000108 seconds.
  path: Assets/Resources/FloorPlan/Release/Home/Home_27.prefab
  artifactKey: Guid(a4c3f0e1462a24870964c4d1e1137ac8) Importer(815301076,1909f56bfc062723c751e8b465ee728b)
Start importing Assets/Resources/FloorPlan/Release/Home/Home_27.prefab using Guid(a4c3f0e1462a24870964c4d1e1137ac8) Importer(815301076,1909f56bfc062723c751e8b465ee728b)  -> (artifact id: '84f14cf9fa6f4681715be068a3384a32') in 0.919612 seconds 
========================================================================
Received Import Request.
  Time since last request: 1856.245184 seconds.
  path: Assets/Resources/FloorPlan/Release/Home/Home_0.prefab
  artifactKey: Guid(18955ab5e28f44be4b120b319d3dea8b) Importer(815301076,1909f56bfc062723c751e8b465ee728b)
Start importing Assets/Resources/FloorPlan/Release/Home/Home_0.prefab using Guid(18955ab5e28f44be4b120b319d3dea8b) Importer(815301076,1909f56bfc062723c751e8b465ee728b)  -> (artifact id: 'b7d877d36e4e4bac510609d52a51596b') in 0.966511 seconds 
========================================================================
Received Import Request.
  Time since last request: 0.000093 seconds.
  path: Assets/Resources/FloorPlan/Release/Home/Home_3.prefab
  artifactKey: Guid(302ea2f54413a4a77bfb55fa35030f95) Importer(815301076,1909f56bfc062723c751e8b465ee728b)
Start importing Assets/Resources/FloorPlan/Release/Home/Home_3.prefab using Guid(302ea2f54413a4a77bfb55fa35030f95) Importer(815301076,1909f56bfc062723c751e8b465ee728b)  -> (artifact id: '7e88de976d4d28671f7a3db077907ccf') in 0.958301 seconds 
========================================================================
Received Import Request.
  Time since last request: 0.000065 seconds.
  path: Assets/Resources/FloorPlan/Release/Home/Home_24.prefab
  artifactKey: Guid(83ccb1d6cbdcf49aeb13cc6072f274be) Importer(815301076,1909f56bfc062723c751e8b465ee728b)
Start importing Assets/Resources/FloorPlan/Release/Home/Home_24.prefab using Guid(83ccb1d6cbdcf49aeb13cc6072f274be) Importer(815301076,1909f56bfc062723c751e8b465ee728b)  -> (artifact id: '2f31a710e524e963fa3e74660b7da24e') in 0.764914 seconds 
========================================================================
Received Import Request.
  Time since last request: 0.000170 seconds.
  path: Assets/Resources/FloorPlan/Release/Home/Home_4.prefab
  artifactKey: Guid(40fab11aee3424c32889f4569dfda5b9) Importer(815301076,1909f56bfc062723c751e8b465ee728b)
Start importing Assets/Resources/FloorPlan/Release/Home/Home_4.prefab using Guid(40fab11aee3424c32889f4569dfda5b9) Importer(815301076,1909f56bfc062723c751e8b465ee728b)  -> (artifact id: 'a24e14871609e80e64b4a399bba0cba3') in 0.736879 seconds 
========================================================================
Received Import Request.
  Time since last request: 0.000100 seconds.
  path: Assets/Resources/FloorPlan/Release/Home/Home_7.prefab
  artifactKey: Guid(3ff30c6929cc34d25ab132cf0f40c10f) Importer(815301076,1909f56bfc062723c751e8b465ee728b)
Start importing Assets/Resources/FloorPlan/Release/Home/Home_7.prefab using Guid(3ff30c6929cc34d25ab132cf0f40c10f) Importer(815301076,1909f56bfc062723c751e8b465ee728b)  -> (artifact id: '54cca69b1e4f683f7391636985b83ff7') in 0.833458 seconds 
========================================================================
Received Import Request.
  Time since last request: 0.000073 seconds.
  path: Assets/Resources/FloorPlan/Release/Home/Home_10.prefab
  artifactKey: Guid(7f45cfacaf8da40069d7ab15dfe65979) Importer(815301076,1909f56bfc062723c751e8b465ee728b)
Start importing Assets/Resources/FloorPlan/Release/Home/Home_10.prefab using Guid(7f45cfacaf8da40069d7ab15dfe65979) Importer(815301076,1909f56bfc062723c751e8b465ee728b)  -> (artifact id: '090b00f92cb48ed00c1aad076f688e0d') in 0.835150 seconds 
========================================================================
Received Import Request.
  Time since last request: 0.000120 seconds.
  path: Assets/Resources/FloorPlan/Release/Home/Home_16.prefab
  artifactKey: Guid(9e1c858c7c6e2426e826a98c7536be7c) Importer(815301076,1909f56bfc062723c751e8b465ee728b)
Start importing Assets/Resources/FloorPlan/Release/Home/Home_16.prefab using Guid(9e1c858c7c6e2426e826a98c7536be7c) Importer(815301076,1909f56bfc062723c751e8b465ee728b)  -> (artifact id: 'ebd64203a4bb0846dd5b2a5ea6855c85') in 0.810850 seconds 
========================================================================
Received Import Request.
  Time since last request: 0.000076 seconds.
  path: Assets/Resources/FloorPlan/Release/Home/Home_31.prefab
  artifactKey: Guid(76f4f6caf8e424a22ac859d66d36a05b) Importer(815301076,1909f56bfc062723c751e8b465ee728b)
Start importing Assets/Resources/FloorPlan/Release/Home/Home_31.prefab using Guid(76f4f6caf8e424a22ac859d66d36a05b) Importer(815301076,1909f56bfc062723c751e8b465ee728b)  -> (artifact id: '8f6245f8d08581e042982ffb3e659c22') in 0.792501 seconds 
========================================================================
Received Import Request.
  Time since last request: 0.000053 seconds.
  path: Assets/Resources/FloorPlan/Release/Home/Home_34.prefab
  artifactKey: Guid(a0719b3f2f36a486e9f0b116e8a5c776) Importer(815301076,1909f56bfc062723c751e8b465ee728b)
Start importing Assets/Resources/FloorPlan/Release/Home/Home_34.prefab using Guid(a0719b3f2f36a486e9f0b116e8a5c776) Importer(815301076,1909f56bfc062723c751e8b465ee728b)  -> (artifact id: '502a746703f7222e5ab068d2b06e9f10') in 0.825131 seconds 
========================================================================
Received Import Request.
  Time since last request: 0.000090 seconds.
  path: Assets/Resources/FloorPlan/Release/Home/Home_5.prefab
  artifactKey: Guid(6fdd0a1b99af04d54a857a21e6329e1d) Importer(815301076,1909f56bfc062723c751e8b465ee728b)
Start importing Assets/Resources/FloorPlan/Release/Home/Home_5.prefab using Guid(6fdd0a1b99af04d54a857a21e6329e1d) Importer(815301076,1909f56bfc062723c751e8b465ee728b)  -> (artifact id: '1b4c5c4dc25830d73f6c931568713492') in 1.503047 seconds 
========================================================================
Received Import Request.
  Time since last request: 0.000079 seconds.
  path: Assets/Resources/FloorPlan/Release/Home/Home_43.prefab
  artifactKey: Guid(8dcedeb89bf5940a182de410dbb3fb45) Importer(815301076,1909f56bfc062723c751e8b465ee728b)
Start importing Assets/Resources/FloorPlan/Release/Home/Home_43.prefab using Guid(8dcedeb89bf5940a182de410dbb3fb45) Importer(815301076,1909f56bfc062723c751e8b465ee728b)  -> (artifact id: 'da4a1abe05fa0439c99abe28eae221e5') in 1.054946 seconds 
========================================================================
Received Import Request.
  Time since last request: 0.000096 seconds.
  path: Assets/Resources/FloorPlan/Release/Home/Home_8.prefab
  artifactKey: Guid(6eb5da7ecb47d43c9bfe0f9fab782648) Importer(815301076,1909f56bfc062723c751e8b465ee728b)
Start importing Assets/Resources/FloorPlan/Release/Home/Home_8.prefab using Guid(6eb5da7ecb47d43c9bfe0f9fab782648) Importer(815301076,1909f56bfc062723c751e8b465ee728b)  -> (artifact id: '2619582631fb2836b374c7ef1b778fe7') in 0.832344 seconds 
========================================================================
Received Import Request.
  Time since last request: 0.000060 seconds.
  path: Assets/Resources/FloorPlan/Release/Home/Home_35.prefab
  artifactKey: Guid(ce2499c29e0fe402585ae37b892502cf) Importer(815301076,1909f56bfc062723c751e8b465ee728b)
Start importing Assets/Resources/FloorPlan/Release/Home/Home_35.prefab using Guid(ce2499c29e0fe402585ae37b892502cf) Importer(815301076,1909f56bfc062723c751e8b465ee728b)  -> (artifact id: 'd2e2eb50fdf734706076274e6ca89b58') in 0.712412 seconds 
========================================================================
Received Import Request.
  Time since last request: 0.000070 seconds.
  path: Assets/Resources/FloorPlan/Release/Home/Home_47.prefab
  artifactKey: Guid(fce7d11ff314740ecb2bca6e352a63d2) Importer(815301076,1909f56bfc062723c751e8b465ee728b)
Start importing Assets/Resources/FloorPlan/Release/Home/Home_47.prefab using Guid(fce7d11ff314740ecb2bca6e352a63d2) Importer(815301076,1909f56bfc062723c751e8b465ee728b)  -> (artifact id: '239678e6d936bdb8fd2f637d5823efa0') in 0.780007 seconds 
========================================================================
Received Import Request.
  Time since last request: 0.000099 seconds.
  path: Assets/Resources/FloorPlan/Release/Home/Home_37.prefab
  artifactKey: Guid(22d63bb22d89941ad99c06e025b273a6) Importer(815301076,1909f56bfc062723c751e8b465ee728b)
Start importing Assets/Resources/FloorPlan/Release/Home/Home_37.prefab using Guid(22d63bb22d89941ad99c06e025b273a6) Importer(815301076,1909f56bfc062723c751e8b465ee728b)  -> (artifact id: '9027168bd39059b5ec4b14a31e8ff82f') in 0.778303 seconds 
========================================================================
Received Import Request.
  Time since last request: 0.000107 seconds.
  path: Assets/Resources/FloorPlan/Release/Home/Home_27.prefab
  artifactKey: Guid(a4c3f0e1462a24870964c4d1e1137ac8) Importer(815301076,1909f56bfc062723c751e8b465ee728b)
Start importing Assets/Resources/FloorPlan/Release/Home/Home_27.prefab using Guid(a4c3f0e1462a24870964c4d1e1137ac8) Importer(815301076,1909f56bfc062723c751e8b465ee728b)  -> (artifact id: '0667ba6472302c562af2018d21f5f500') in 0.802831 seconds 
Editor requested this worker to shutdown with reason: Scaling down because of idle timeout
AssetImportWorker is now disconnected from the server
Process exiting
