Unity Editor version:    2021.2.10f1 (ee872746220e)
Branch:                  2021.2/staging
Build type:              Release
Batch mode:              YES
macOS version:           Version 12.1 (Build 21C52)
Darwin version:          21.2.0
Architecture:            x86_64
Running under Rosetta:   NO
Available memory:        65536 MB
Using pre-set license
Pro License: NO

COMMAND LINE ARGUMENTS:
/Applications/Unity/Hub/Editor/2021.2.10f1/Unity.app/Contents/MacOS/Unity
-adb2
-batchMode
-noUpm
-name
AssetImportWorker69
-projectPath
/Users/kabirswain/Documents/GitHub/virtualhome_unity
-logFile
Logs/AssetImportWorker69.log
-srvPort
55105
Successfully changed project path to: /Users/kabirswain/Documents/GitHub/virtualhome_unity
/Users/kabirswain/Documents/GitHub/virtualhome_unity
[UnityMemory] Configuration Parameters - Can be set up in boot.config
    "memorysetup-bucket-allocator-granularity=16"
    "memorysetup-bucket-allocator-bucket-count=8"
    "memorysetup-bucket-allocator-block-size=33554432"
    "memorysetup-bucket-allocator-block-count=8"
    "memorysetup-main-allocator-block-size=16777216"
    "memorysetup-thread-allocator-block-size=16777216"
    "memorysetup-gfx-main-allocator-block-size=16777216"
    "memorysetup-gfx-thread-allocator-block-size=16777216"
    "memorysetup-cache-allocator-block-size=4194304"
    "memorysetup-typetree-allocator-block-size=2097152"
    "memorysetup-profiler-bucket-allocator-granularity=16"
    "memorysetup-profiler-bucket-allocator-bucket-count=8"
    "memorysetup-profiler-bucket-allocator-block-size=33554432"
    "memorysetup-profiler-bucket-allocator-block-count=8"
    "memorysetup-profiler-allocator-block-size=16777216"
    "memorysetup-profiler-editor-allocator-block-size=1048576"
    "memorysetup-temp-allocator-size-main=16777216"
    "memorysetup-job-temp-allocator-block-size=2097152"
    "memorysetup-job-temp-allocator-block-size-background=1048576"
    "memorysetup-job-temp-allocator-reduction-small-platforms=262144"
    "memorysetup-temp-allocator-size-background-worker=32768"
    "memorysetup-temp-allocator-size-job-worker=262144"
    "memorysetup-temp-allocator-size-preload-manager=33554432"
    "memorysetup-temp-allocator-size-nav-mesh-worker=65536"
    "memorysetup-temp-allocator-size-audio-worker=65536"
    "memorysetup-temp-allocator-size-cloud-worker=32768"
    "memorysetup-temp-allocator-size-gi-baking-worker=262144"
    "memorysetup-temp-allocator-size-gfx=262144"
Refreshing native plugins compatible for Editor in 151.16 ms, found 2 plugins.
Preloading 0 native plugins for Editor in 0.00 ms.
Initialize engine version: 2021.2.10f1 (ee872746220e)
[Subsystems] Discovering subsystems at path /Applications/Unity/Hub/Editor/2021.2.10f1/Unity.app/Contents/Resources/UnitySubsystems
[Subsystems] Discovering subsystems at path /Users/kabirswain/Documents/GitHub/virtualhome_unity/Assets
GfxDevice: creating device client; threaded=0; jobified=0
Color LCD preferred device: AMD Radeon Pro 5600M (high power)
Metal devices available: 2
0: AMD Radeon Pro 5600M (high power)
1: Intel(R) UHD Graphics 630 (low power)
Using device AMD Radeon Pro 5600M (high power)
Initializing Metal device caps: AMD Radeon Pro 5600M
Initialize mono
Mono path[0] = '/Applications/Unity/Hub/Editor/2021.2.10f1/Unity.app/Contents/Managed'
Mono path[1] = '/Applications/Unity/Hub/Editor/2021.2.10f1/Unity.app/Contents/MonoBleedingEdge/lib/mono/unityjit-macos'
Mono config path = '/Applications/Unity/Hub/Editor/2021.2.10f1/Unity.app/Contents/MonoBleedingEdge/etc'
Using monoOptions --debugger-agent=transport=dt_socket,embedding=1,server=y,suspend=n,address=127.0.0.1:56482
Begin MonoManager ReloadAssembly
Registering precompiled unity dll's ...
Register platform support module: /Applications/Unity/Hub/Editor/2021.2.10f1/Unity.app/Contents/PlaybackEngines/MacStandaloneSupport/UnityEditor.OSXStandalone.Extensions.dll
Register platform support module: /Applications/Unity/Hub/Editor/2021.2.10f1/PlaybackEngines/WindowsStandaloneSupport/UnityEditor.WindowsStandalone.Extensions.dll
Register platform support module: /Applications/Unity/Hub/Editor/2021.2.10f1/PlaybackEngines/LinuxStandaloneSupport/UnityEditor.LinuxStandalone.Extensions.dll
Registered in 0.040378 seconds.
Native extension for LinuxStandalone target not found
Native extension for WindowsStandalone target not found
Native extension for OSXStandalone target not found
Refreshing native plugins compatible for Editor in 134.78 ms, found 2 plugins.
Preloading 0 native plugins for Editor in 0.00 ms.
Mono: successfully reloaded assembly
- Completed reload, in  0.906 seconds
Domain Reload Profiling:
	ReloadAssembly (906ms)
		BeginReloadAssembly (78ms)
			ExecutionOrderSort (0ms)
			DisableScriptedObjects (0ms)
			BackupInstance (0ms)
			ReleaseScriptingObjects (0ms)
			CreateAndSetChildDomain (1ms)
		EndReloadAssembly (669ms)
			LoadAssemblies (77ms)
			RebuildTransferFunctionScriptingTraits (0ms)
			SetupTypeCache (146ms)
			ReleaseScriptCaches (0ms)
			RebuildScriptCaches (35ms)
			SetupLoadedEditorAssemblies (424ms)
				LogAssemblyErrors (0ms)
				InitializePlatformSupportModulesInManaged (17ms)
				SetLoadedEditorAssemblies (0ms)
				RefreshPlugins (135ms)
				BeforeProcessingInitializeOnLoad (1ms)
				ProcessInitializeOnLoadAttributes (218ms)
				ProcessInitializeOnLoadMethodAttributes (51ms)
				AfterProcessingInitializeOnLoad (0ms)
				EditorAssembliesLoaded (0ms)
			ExecutionOrderSort2 (0ms)
			AwakeInstancesAfterBackupRestoration (0ms)
Platform modules already initialized, skipping
Registering precompiled user dll's ...
Registered in 0.002409 seconds.
Begin MonoManager ReloadAssembly
Native extension for LinuxStandalone target not found
Native extension for WindowsStandalone target not found
Native extension for OSXStandalone target not found
Refreshing native plugins compatible for Editor in 1.80 ms, found 2 plugins.
Preloading 0 native plugins for Editor in 0.00 ms.
Package Manager log level set to [2]
Mono: successfully reloaded assembly
- Completed reload, in  1.289 seconds
Domain Reload Profiling:
	ReloadAssembly (1290ms)
		BeginReloadAssembly (110ms)
			ExecutionOrderSort (0ms)
			DisableScriptedObjects (7ms)
			BackupInstance (0ms)
			ReleaseScriptingObjects (0ms)
			CreateAndSetChildDomain (24ms)
		EndReloadAssembly (1057ms)
			LoadAssemblies (66ms)
			RebuildTransferFunctionScriptingTraits (0ms)
			SetupTypeCache (267ms)
			ReleaseScriptCaches (1ms)
			RebuildScriptCaches (78ms)
			SetupLoadedEditorAssemblies (588ms)
				LogAssemblyErrors (0ms)
				InitializePlatformSupportModulesInManaged (21ms)
				SetLoadedEditorAssemblies (1ms)
				RefreshPlugins (2ms)
				BeforeProcessingInitializeOnLoad (66ms)
				ProcessInitializeOnLoadAttributes (309ms)
				ProcessInitializeOnLoadMethodAttributes (187ms)
				AfterProcessingInitializeOnLoad (2ms)
				EditorAssembliesLoaded (0ms)
			ExecutionOrderSort2 (0ms)
			AwakeInstancesAfterBackupRestoration (5ms)
Platform modules already initialized, skipping
========================================================================
Worker process is ready to serve import requests
Launching external process: /Applications/Unity/Hub/Editor/2021.2.10f1/Unity.app/Contents/Tools/UnityShaderCompiler
Launched and connected shader compiler UnityShaderCompiler after 0.07 seconds
Refreshing native plugins compatible for Editor in 1.84 ms, found 2 plugins.
Preloading 0 native plugins for Editor in 0.00 ms.
Unloading 2957 Unused Serialized files (Serialized files now loaded: 0)
Unloading 70 unused Assets / (1.1 MB). Loaded Objects now: 3416.
Memory consumption went from 281.4 MB to 280.4 MB.
Total: 7.152537 ms (FindLiveObjects: 0.258721 ms CreateObjectMapping: 0.170909 ms MarkObjects: 6.174594 ms  DeleteObjects: 0.547642 ms)

AssetImportParameters requested are different than current active one (requested -> active):
  custom:video-decoder-ogg-theora: a1e56fd34408186e4bbccfd4996cb3dc -> 
  custom:container-muxer-webm: aa71ff27fc2769a1b78a27578f13a17b -> 
  custom:container-demuxer-webm: 4f35f7cbe854078d1ac9338744f61a02 -> 
  custom:video-encoder-webm-vp8: eb34c28f22e8b96e1ab97ce403110664 -> 
  custom:framework-osx-AVFoundation: e770b220cccbd017edd2c1fefb359320 -> 
  custom:audio-encoder-webm-vorbis: bf7c407c2cedff20999df2af8eb42d56 -> 
  custom:container-demuxer-ogg: 62fdf1f143b41e24485cea50d1cbac27 -> 
  custom:video-decoder-webm-vp8: 9c59270c3fd7afecdb556c50c9e8de78 -> 
  custom:audio-decoder-ogg-vorbis: bf7c407c2cedff20999df2af8eb42d56 -> 
========================================================================
Received Prepare
Registering precompiled user dll's ...
Registered in 0.003293 seconds.
Begin MonoManager ReloadAssembly
Native extension for LinuxStandalone target not found
Native extension for WindowsStandalone target not found
Native extension for OSXStandalone target not found
Refreshing native plugins compatible for Editor in 1.95 ms, found 2 plugins.
Preloading 0 native plugins for Editor in 0.00 ms.
Mono: successfully reloaded assembly
- Completed reload, in  1.232 seconds
Domain Reload Profiling:
	ReloadAssembly (1245ms)
		BeginReloadAssembly (152ms)
			ExecutionOrderSort (0ms)
			DisableScriptedObjects (8ms)
			BackupInstance (0ms)
			ReleaseScriptingObjects (0ms)
			CreateAndSetChildDomain (44ms)
		EndReloadAssembly (969ms)
			LoadAssemblies (78ms)
			RebuildTransferFunctionScriptingTraits (0ms)
			SetupTypeCache (264ms)
			ReleaseScriptCaches (2ms)
			RebuildScriptCaches (79ms)
			SetupLoadedEditorAssemblies (492ms)
				LogAssemblyErrors (0ms)
				InitializePlatformSupportModulesInManaged (21ms)
				SetLoadedEditorAssemblies (1ms)
				RefreshPlugins (2ms)
				BeforeProcessingInitializeOnLoad (69ms)
				ProcessInitializeOnLoadAttributes (293ms)
				ProcessInitializeOnLoadMethodAttributes (105ms)
				AfterProcessingInitializeOnLoad (2ms)
				EditorAssembliesLoaded (0ms)
			ExecutionOrderSort2 (0ms)
			AwakeInstancesAfterBackupRestoration (5ms)
Platform modules already initialized, skipping
Refreshing native plugins compatible for Editor in 2.83 ms, found 2 plugins.
Preloading 0 native plugins for Editor in 0.00 ms.
Unloading 2831 Unused Serialized files (Serialized files now loaded: 0)
Unloading 61 unused Assets / (1.0 MB). Loaded Objects now: 3418.
Memory consumption went from 269.5 MB to 268.4 MB.
Total: 7.717073 ms (FindLiveObjects: 0.278358 ms CreateObjectMapping: 0.192965 ms MarkObjects: 6.643624 ms  DeleteObjects: 0.600991 ms)

AssetImportParameters requested are different than current active one (requested -> active):
  custom:video-decoder-ogg-theora: a1e56fd34408186e4bbccfd4996cb3dc -> 
  custom:container-muxer-webm: aa71ff27fc2769a1b78a27578f13a17b -> 
  custom:container-demuxer-webm: 4f35f7cbe854078d1ac9338744f61a02 -> 
  custom:video-encoder-webm-vp8: eb34c28f22e8b96e1ab97ce403110664 -> 
  custom:framework-osx-AVFoundation: e770b220cccbd017edd2c1fefb359320 -> 
  custom:audio-encoder-webm-vorbis: bf7c407c2cedff20999df2af8eb42d56 -> 
  custom:container-demuxer-ogg: 62fdf1f143b41e24485cea50d1cbac27 -> 
  custom:video-decoder-webm-vp8: 9c59270c3fd7afecdb556c50c9e8de78 -> 
  custom:audio-decoder-ogg-vorbis: bf7c407c2cedff20999df2af8eb42d56 -> 
========================================================================
Received Import Request.
  Time since last request: 1429722.439834 seconds.
  path: Assets/Resources/FloorPlan/Release/Home/Home_41.prefab
  artifactKey: Guid(2055b4cf13c6043968a65559f08368d0) Importer(815301076,1909f56bfc062723c751e8b465ee728b)
Start importing Assets/Resources/FloorPlan/Release/Home/Home_41.prefab using Guid(2055b4cf13c6043968a65559f08368d0) Importer(815301076,1909f56bfc062723c751e8b465ee728b)  -> (artifact id: '17ca9d733813e25ad53ec59cb1c4b52e') in 0.974302 seconds 
========================================================================
Received Import Request.
  Time since last request: 0.000075 seconds.
  path: Assets/Resources/FloorPlan/Release/Home/Home_10.prefab
  artifactKey: Guid(7f45cfacaf8da40069d7ab15dfe65979) Importer(815301076,1909f56bfc062723c751e8b465ee728b)
Start importing Assets/Resources/FloorPlan/Release/Home/Home_10.prefab using Guid(7f45cfacaf8da40069d7ab15dfe65979) Importer(815301076,1909f56bfc062723c751e8b465ee728b)  -> (artifact id: 'ba2a4fe2dcafa40a9312a8ca78f720a8') in 0.850044 seconds 
========================================================================
Received Import Request.
  Time since last request: 0.000054 seconds.
  path: Assets/Resources/FloorPlan/Release/Home/Home_31.prefab
  artifactKey: Guid(76f4f6caf8e424a22ac859d66d36a05b) Importer(815301076,1909f56bfc062723c751e8b465ee728b)
Start importing Assets/Resources/FloorPlan/Release/Home/Home_31.prefab using Guid(76f4f6caf8e424a22ac859d66d36a05b) Importer(815301076,1909f56bfc062723c751e8b465ee728b)  -> (artifact id: 'aa048deace7fc5ff4c21be22c94dde77') in 0.742138 seconds 
========================================================================
Received Import Request.
  Time since last request: 0.000058 seconds.
  path: Assets/Resources/FloorPlan/Release/Home/Home_34.prefab
  artifactKey: Guid(a0719b3f2f36a486e9f0b116e8a5c776) Importer(815301076,1909f56bfc062723c751e8b465ee728b)
Start importing Assets/Resources/FloorPlan/Release/Home/Home_34.prefab using Guid(a0719b3f2f36a486e9f0b116e8a5c776) Importer(815301076,1909f56bfc062723c751e8b465ee728b)  -> (artifact id: '4f5294e74b2bd1fb4f60a7cb94ba01d0') in 0.717349 seconds 
========================================================================
Received Import Request.
  Time since last request: 0.000051 seconds.
  path: Assets/Resources/FloorPlan/Release/Home/Home_5.prefab
  artifactKey: Guid(6fdd0a1b99af04d54a857a21e6329e1d) Importer(815301076,1909f56bfc062723c751e8b465ee728b)
Start importing Assets/Resources/FloorPlan/Release/Home/Home_5.prefab using Guid(6fdd0a1b99af04d54a857a21e6329e1d) Importer(815301076,1909f56bfc062723c751e8b465ee728b)  -> (artifact id: 'c7bc0a24c2a48510688b7a15fba1bde8') in 1.378923 seconds 
========================================================================
Received Import Request.
  Time since last request: 0.000055 seconds.
  path: Assets/Resources/FloorPlan/Release/Home/Home_43.prefab
  artifactKey: Guid(8dcedeb89bf5940a182de410dbb3fb45) Importer(815301076,1909f56bfc062723c751e8b465ee728b)
Start importing Assets/Resources/FloorPlan/Release/Home/Home_43.prefab using Guid(8dcedeb89bf5940a182de410dbb3fb45) Importer(815301076,1909f56bfc062723c751e8b465ee728b)  -> (artifact id: '4fedee003bb69f0c0327ffde876a3f18') in 1.008908 seconds 
========================================================================
Received Import Request.
  Time since last request: 0.000048 seconds.
  path: Assets/Resources/FloorPlan/Release/Home/Home_8.prefab
  artifactKey: Guid(6eb5da7ecb47d43c9bfe0f9fab782648) Importer(815301076,1909f56bfc062723c751e8b465ee728b)
Start importing Assets/Resources/FloorPlan/Release/Home/Home_8.prefab using Guid(6eb5da7ecb47d43c9bfe0f9fab782648) Importer(815301076,1909f56bfc062723c751e8b465ee728b)  -> (artifact id: '074cc1eec08391d148add320ba711051') in 0.725121 seconds 
========================================================================
Received Import Request.
  Time since last request: 0.000065 seconds.
  path: Assets/Resources/FloorPlan/Release/Home/Home_35.prefab
  artifactKey: Guid(ce2499c29e0fe402585ae37b892502cf) Importer(815301076,1909f56bfc062723c751e8b465ee728b)
Start importing Assets/Resources/FloorPlan/Release/Home/Home_35.prefab using Guid(ce2499c29e0fe402585ae37b892502cf) Importer(815301076,1909f56bfc062723c751e8b465ee728b)  -> (artifact id: '970ad7708707ef915e9aa97231ff8dfe') in 0.672628 seconds 
========================================================================
Received Import Request.
  Time since last request: 0.000054 seconds.
  path: Assets/Resources/FloorPlan/Release/Home/Home_45.prefab
  artifactKey: Guid(d33f60238b459481ea5e1a7bde86fd92) Importer(815301076,1909f56bfc062723c751e8b465ee728b)
Start importing Assets/Resources/FloorPlan/Release/Home/Home_45.prefab using Guid(d33f60238b459481ea5e1a7bde86fd92) Importer(815301076,1909f56bfc062723c751e8b465ee728b)  -> (artifact id: '867254fd066a864aadcd932ad11bdec3') in 0.953192 seconds 
========================================================================
Received Import Request.
  Time since last request: 0.000075 seconds.
  path: Assets/Resources/FloorPlan/Release/Home/Home_42.prefab
  artifactKey: Guid(5a0484824f0c94f9da3e24410c4a4dea) Importer(815301076,1909f56bfc062723c751e8b465ee728b)
Start importing Assets/Resources/FloorPlan/Release/Home/Home_42.prefab using Guid(5a0484824f0c94f9da3e24410c4a4dea) Importer(815301076,1909f56bfc062723c751e8b465ee728b)  -> (artifact id: 'b02d058b325eedd257be555a19963ead') in 0.830922 seconds 
========================================================================
Received Import Request.
  Time since last request: 0.000048 seconds.
  path: Assets/Resources/FloorPlan/Release/Home/Home_15.prefab
  artifactKey: Guid(1354653bb0afb484c8098912991334f3) Importer(815301076,1909f56bfc062723c751e8b465ee728b)
Start importing Assets/Resources/FloorPlan/Release/Home/Home_15.prefab using Guid(1354653bb0afb484c8098912991334f3) Importer(815301076,1909f56bfc062723c751e8b465ee728b)  -> (artifact id: 'f35de89b764c837aff599c05eea5b4d5') in 0.652867 seconds 
========================================================================
Received Prepare
Registering precompiled user dll's ...
Registered in 0.003061 seconds.
Begin MonoManager ReloadAssembly
Native extension for LinuxStandalone target not found
Native extension for WindowsStandalone target not found
Native extension for OSXStandalone target not found
Refreshing native plugins compatible for Editor in 2.78 ms, found 2 plugins.
Preloading 0 native plugins for Editor in 0.00 ms.
Mono: successfully reloaded assembly
- Completed reload, in  1.740 seconds
Domain Reload Profiling:
	ReloadAssembly (1741ms)
		BeginReloadAssembly (169ms)
			ExecutionOrderSort (0ms)
			DisableScriptedObjects (10ms)
			BackupInstance (0ms)
			ReleaseScriptingObjects (0ms)
			CreateAndSetChildDomain (58ms)
		EndReloadAssembly (1393ms)
			LoadAssemblies (112ms)
			RebuildTransferFunctionScriptingTraits (0ms)
			SetupTypeCache (397ms)
			ReleaseScriptCaches (2ms)
			RebuildScriptCaches (112ms)
			SetupLoadedEditorAssemblies (689ms)
				LogAssemblyErrors (0ms)
				InitializePlatformSupportModulesInManaged (28ms)
				SetLoadedEditorAssemblies (1ms)
				RefreshPlugins (3ms)
				BeforeProcessingInitializeOnLoad (95ms)
				ProcessInitializeOnLoadAttributes (401ms)
				ProcessInitializeOnLoadMethodAttributes (159ms)
				AfterProcessingInitializeOnLoad (3ms)
				EditorAssembliesLoaded (0ms)
			ExecutionOrderSort2 (0ms)
			AwakeInstancesAfterBackupRestoration (8ms)
Platform modules already initialized, skipping
Refreshing native plugins compatible for Editor in 3.57 ms, found 2 plugins.
Preloading 0 native plugins for Editor in 0.00 ms.
Unloading 2831 Unused Serialized files (Serialized files now loaded: 0)
Unloading 61 unused Assets / (1.0 MB). Loaded Objects now: 3428.
Memory consumption went from 295.6 MB to 294.6 MB.
Total: 10.939787 ms (FindLiveObjects: 0.309286 ms CreateObjectMapping: 0.262294 ms MarkObjects: 9.405900 ms  DeleteObjects: 0.960915 ms)

AssetImportParameters requested are different than current active one (requested -> active):
  custom:video-decoder-ogg-theora: a1e56fd34408186e4bbccfd4996cb3dc -> 
  custom:container-muxer-webm: aa71ff27fc2769a1b78a27578f13a17b -> 
  custom:container-demuxer-webm: 4f35f7cbe854078d1ac9338744f61a02 -> 
  custom:video-encoder-webm-vp8: eb34c28f22e8b96e1ab97ce403110664 -> 
  custom:framework-osx-AVFoundation: e770b220cccbd017edd2c1fefb359320 -> 
  custom:audio-encoder-webm-vorbis: bf7c407c2cedff20999df2af8eb42d56 -> 
  custom:container-demuxer-ogg: 62fdf1f143b41e24485cea50d1cbac27 -> 
  custom:video-decoder-webm-vp8: 9c59270c3fd7afecdb556c50c9e8de78 -> 
  custom:audio-decoder-ogg-vorbis: bf7c407c2cedff20999df2af8eb42d56 -> 
========================================================================
Received Import Request.
  Time since last request: 137.111447 seconds.
  path: Assets/Resources/FloorPlan/Release/Home/Home_3.prefab
  artifactKey: Guid(302ea2f54413a4a77bfb55fa35030f95) Importer(815301076,1909f56bfc062723c751e8b465ee728b)
Start importing Assets/Resources/FloorPlan/Release/Home/Home_3.prefab using Guid(302ea2f54413a4a77bfb55fa35030f95) Importer(815301076,1909f56bfc062723c751e8b465ee728b)  -> (artifact id: 'bc30a1a1d953c7def9ae31c847b39a0a') in 1.150209 seconds 
========================================================================
Received Import Request.
  Time since last request: 0.000098 seconds.
  path: Assets/Resources/FloorPlan/Release/Home/Home_24.prefab
  artifactKey: Guid(83ccb1d6cbdcf49aeb13cc6072f274be) Importer(815301076,1909f56bfc062723c751e8b465ee728b)
Start importing Assets/Resources/FloorPlan/Release/Home/Home_24.prefab using Guid(83ccb1d6cbdcf49aeb13cc6072f274be) Importer(815301076,1909f56bfc062723c751e8b465ee728b)  -> (artifact id: 'e21ccbbea4947406a4f557341503a0c1') in 0.922351 seconds 
========================================================================
Received Import Request.
  Time since last request: 0.000111 seconds.
  path: Assets/Resources/FloorPlan/Release/Home/Home_4.prefab
  artifactKey: Guid(40fab11aee3424c32889f4569dfda5b9) Importer(815301076,1909f56bfc062723c751e8b465ee728b)
Start importing Assets/Resources/FloorPlan/Release/Home/Home_4.prefab using Guid(40fab11aee3424c32889f4569dfda5b9) Importer(815301076,1909f56bfc062723c751e8b465ee728b)  -> (artifact id: '953c5e482316ad692825501174bd0b98') in 0.967888 seconds 
========================================================================
Received Import Request.
  Time since last request: 0.000106 seconds.
  path: Assets/Resources/FloorPlan/Release/Home/Home_7.prefab
  artifactKey: Guid(3ff30c6929cc34d25ab132cf0f40c10f) Importer(815301076,1909f56bfc062723c751e8b465ee728b)
Start importing Assets/Resources/FloorPlan/Release/Home/Home_7.prefab using Guid(3ff30c6929cc34d25ab132cf0f40c10f) Importer(815301076,1909f56bfc062723c751e8b465ee728b)  -> (artifact id: 'd866ff2e2676dc9682a5086c4427abda') in 0.903962 seconds 
========================================================================
Received Import Request.
  Time since last request: 0.000084 seconds.
  path: Assets/Resources/FloorPlan/Release/Home/Home_22.prefab
  artifactKey: Guid(e9b5910f91bda4f12b3028d49de11b1c) Importer(815301076,1909f56bfc062723c751e8b465ee728b)
Start importing Assets/Resources/FloorPlan/Release/Home/Home_22.prefab using Guid(e9b5910f91bda4f12b3028d49de11b1c) Importer(815301076,1909f56bfc062723c751e8b465ee728b)  -> (artifact id: 'f4ae75d9d559eccb40001145ed3a6177') in 1.094663 seconds 
========================================================================
Received Import Request.
  Time since last request: 0.000063 seconds.
  path: Assets/Resources/FloorPlan/Release/Home/Home_48.prefab
  artifactKey: Guid(587e6109ac85c4757ba4fc477da08471) Importer(815301076,1909f56bfc062723c751e8b465ee728b)
Start importing Assets/Resources/FloorPlan/Release/Home/Home_48.prefab using Guid(587e6109ac85c4757ba4fc477da08471) Importer(815301076,1909f56bfc062723c751e8b465ee728b)  -> (artifact id: '8554b347e11193c4d17ca9ca70989050') in 1.332756 seconds 
========================================================================
Received Import Request.
  Time since last request: 0.000074 seconds.
  path: Assets/Resources/FloorPlan/Release/Home/Home_18.prefab
  artifactKey: Guid(f2c6e138ec1d74c009c78ef9a0589d3f) Importer(815301076,1909f56bfc062723c751e8b465ee728b)
Start importing Assets/Resources/FloorPlan/Release/Home/Home_18.prefab using Guid(f2c6e138ec1d74c009c78ef9a0589d3f) Importer(815301076,1909f56bfc062723c751e8b465ee728b)  -> (artifact id: '7f4a8a8b0687423981887c236351cd38') in 0.761392 seconds 
========================================================================
Received Import Request.
  Time since last request: 0.000078 seconds.
  path: Assets/Resources/FloorPlan/Release/Home/Home_14.prefab
  artifactKey: Guid(7d777ae7218144b86a58c021c54a3b06) Importer(815301076,1909f56bfc062723c751e8b465ee728b)
Start importing Assets/Resources/FloorPlan/Release/Home/Home_14.prefab using Guid(7d777ae7218144b86a58c021c54a3b06) Importer(815301076,1909f56bfc062723c751e8b465ee728b)  -> (artifact id: '3f315fbb1020cb8e514b8f787c1f141c') in 0.741753 seconds 
========================================================================
Received Import Request.
  Time since last request: 0.000056 seconds.
  path: Assets/Resources/FloorPlan/Release/Home/Home_0.prefab
  artifactKey: Guid(18955ab5e28f44be4b120b319d3dea8b) Importer(815301076,1909f56bfc062723c751e8b465ee728b)
Start importing Assets/Resources/FloorPlan/Release/Home/Home_0.prefab using Guid(18955ab5e28f44be4b120b319d3dea8b) Importer(815301076,1909f56bfc062723c751e8b465ee728b)  -> (artifact id: 'f1d3be1aa995cbde8497525b75f4e57e') in 0.739510 seconds 
========================================================================
Received Import Request.
  Time since last request: 0.000119 seconds.
  path: Assets/Resources/FloorPlan/Release/Home/Home_8.prefab
  artifactKey: Guid(6eb5da7ecb47d43c9bfe0f9fab782648) Importer(815301076,1909f56bfc062723c751e8b465ee728b)
Start importing Assets/Resources/FloorPlan/Release/Home/Home_8.prefab using Guid(6eb5da7ecb47d43c9bfe0f9fab782648) Importer(815301076,1909f56bfc062723c751e8b465ee728b)  -> (artifact id: '8cfce270f6f55600c735133ef218eb9d') in 0.726351 seconds 
========================================================================
Received Import Request.
  Time since last request: 0.000055 seconds.
  path: Assets/Resources/FloorPlan/Release/Home/Home_35.prefab
  artifactKey: Guid(ce2499c29e0fe402585ae37b892502cf) Importer(815301076,1909f56bfc062723c751e8b465ee728b)
Start importing Assets/Resources/FloorPlan/Release/Home/Home_35.prefab using Guid(ce2499c29e0fe402585ae37b892502cf) Importer(815301076,1909f56bfc062723c751e8b465ee728b)  -> (artifact id: 'ca033a93b88bc6cee7a088a2d0c0f95e') in 0.663695 seconds 
========================================================================
Received Import Request.
  Time since last request: 0.000061 seconds.
  path: Assets/Resources/FloorPlan/Release/Home/Home_45.prefab
  artifactKey: Guid(d33f60238b459481ea5e1a7bde86fd92) Importer(815301076,1909f56bfc062723c751e8b465ee728b)
Start importing Assets/Resources/FloorPlan/Release/Home/Home_45.prefab using Guid(d33f60238b459481ea5e1a7bde86fd92) Importer(815301076,1909f56bfc062723c751e8b465ee728b)  -> (artifact id: 'a97b6a58ad303abd161325abe40bff28') in 0.973179 seconds 
========================================================================
Received Import Request.
  Time since last request: 0.000052 seconds.
  path: Assets/Resources/FloorPlan/Release/Home/Home_42.prefab
  artifactKey: Guid(5a0484824f0c94f9da3e24410c4a4dea) Importer(815301076,1909f56bfc062723c751e8b465ee728b)
Start importing Assets/Resources/FloorPlan/Release/Home/Home_42.prefab using Guid(5a0484824f0c94f9da3e24410c4a4dea) Importer(815301076,1909f56bfc062723c751e8b465ee728b)  -> (artifact id: '2c329f4ed6b7674b12eb4b6495268173') in 0.882122 seconds 
========================================================================
Received Prepare
Registering precompiled user dll's ...
Registered in 0.003055 seconds.
Begin MonoManager ReloadAssembly
Native extension for LinuxStandalone target not found
Native extension for WindowsStandalone target not found
Native extension for OSXStandalone target not found
Refreshing native plugins compatible for Editor in 2.45 ms, found 2 plugins.
Preloading 0 native plugins for Editor in 0.00 ms.
Mono: successfully reloaded assembly
- Completed reload, in  1.333 seconds
Domain Reload Profiling:
	ReloadAssembly (1334ms)
		BeginReloadAssembly (155ms)
			ExecutionOrderSort (0ms)
			DisableScriptedObjects (9ms)
			BackupInstance (0ms)
			ReleaseScriptingObjects (0ms)
			CreateAndSetChildDomain (59ms)
		EndReloadAssembly (1053ms)
			LoadAssemblies (71ms)
			RebuildTransferFunctionScriptingTraits (0ms)
			SetupTypeCache (243ms)
			ReleaseScriptCaches (2ms)
			RebuildScriptCaches (88ms)
			SetupLoadedEditorAssemblies (584ms)
				LogAssemblyErrors (0ms)
				InitializePlatformSupportModulesInManaged (21ms)
				SetLoadedEditorAssemblies (1ms)
				RefreshPlugins (3ms)
				BeforeProcessingInitializeOnLoad (76ms)
				ProcessInitializeOnLoadAttributes (345ms)
				ProcessInitializeOnLoadMethodAttributes (136ms)
				AfterProcessingInitializeOnLoad (2ms)
				EditorAssembliesLoaded (0ms)
			ExecutionOrderSort2 (0ms)
			AwakeInstancesAfterBackupRestoration (7ms)
Platform modules already initialized, skipping
Refreshing native plugins compatible for Editor in 2.86 ms, found 2 plugins.
Preloading 0 native plugins for Editor in 0.00 ms.
Unloading 2831 Unused Serialized files (Serialized files now loaded: 0)
Unloading 62 unused Assets / (1.1 MB). Loaded Objects now: 3430.
Memory consumption went from 311.9 MB to 310.8 MB.
Total: 7.437761 ms (FindLiveObjects: 0.293980 ms CreateObjectMapping: 0.205838 ms MarkObjects: 6.349233 ms  DeleteObjects: 0.587668 ms)

AssetImportParameters requested are different than current active one (requested -> active):
  custom:video-decoder-ogg-theora: a1e56fd34408186e4bbccfd4996cb3dc -> 
  custom:container-muxer-webm: aa71ff27fc2769a1b78a27578f13a17b -> 
  custom:container-demuxer-webm: 4f35f7cbe854078d1ac9338744f61a02 -> 
  custom:video-encoder-webm-vp8: eb34c28f22e8b96e1ab97ce403110664 -> 
  custom:framework-osx-AVFoundation: e770b220cccbd017edd2c1fefb359320 -> 
  custom:audio-encoder-webm-vorbis: bf7c407c2cedff20999df2af8eb42d56 -> 
  custom:container-demuxer-ogg: 62fdf1f143b41e24485cea50d1cbac27 -> 
  custom:video-decoder-webm-vp8: 9c59270c3fd7afecdb556c50c9e8de78 -> 
  custom:audio-decoder-ogg-vorbis: bf7c407c2cedff20999df2af8eb42d56 -> 
Editor requested this worker to shutdown with reason: Scaling down because of idle timeout
AssetImportWorker is now disconnected from the server
Process exiting
