Unity Editor version:    2021.2.10f1 (ee872746220e)
Branch:                  2021.2/staging
Build type:              Release
Batch mode:              YES
macOS version:           Version 12.1 (Build 21C52)
Darwin version:          21.2.0
Architecture:            x86_64
Running under Rosetta:   NO
Available memory:        65536 MB
Using pre-set license
Pro License: NO

COMMAND LINE ARGUMENTS:
/Applications/Unity/Hub/Editor/2021.2.10f1/Unity.app/Contents/MacOS/Unity
-adb2
-batchMode
-noUpm
-name
AssetImportWorker12
-projectPath
/Users/kabirswain/Documents/GitHub/virtualhome_unity
-logFile
Logs/AssetImportWorker12.log
-srvPort
55105
Successfully changed project path to: /Users/kabirswain/Documents/GitHub/virtualhome_unity
/Users/kabirswain/Documents/GitHub/virtualhome_unity
[UnityMemory] Configuration Parameters - Can be set up in boot.config
    "memorysetup-bucket-allocator-granularity=16"
    "memorysetup-bucket-allocator-bucket-count=8"
    "memorysetup-bucket-allocator-block-size=33554432"
    "memorysetup-bucket-allocator-block-count=8"
    "memorysetup-main-allocator-block-size=16777216"
    "memorysetup-thread-allocator-block-size=16777216"
    "memorysetup-gfx-main-allocator-block-size=16777216"
    "memorysetup-gfx-thread-allocator-block-size=16777216"
    "memorysetup-cache-allocator-block-size=4194304"
    "memorysetup-typetree-allocator-block-size=2097152"
    "memorysetup-profiler-bucket-allocator-granularity=16"
    "memorysetup-profiler-bucket-allocator-bucket-count=8"
    "memorysetup-profiler-bucket-allocator-block-size=33554432"
    "memorysetup-profiler-bucket-allocator-block-count=8"
    "memorysetup-profiler-allocator-block-size=16777216"
    "memorysetup-profiler-editor-allocator-block-size=1048576"
    "memorysetup-temp-allocator-size-main=16777216"
    "memorysetup-job-temp-allocator-block-size=2097152"
    "memorysetup-job-temp-allocator-block-size-background=1048576"
    "memorysetup-job-temp-allocator-reduction-small-platforms=262144"
    "memorysetup-temp-allocator-size-background-worker=32768"
    "memorysetup-temp-allocator-size-job-worker=262144"
    "memorysetup-temp-allocator-size-preload-manager=33554432"
    "memorysetup-temp-allocator-size-nav-mesh-worker=65536"
    "memorysetup-temp-allocator-size-audio-worker=65536"
    "memorysetup-temp-allocator-size-cloud-worker=32768"
    "memorysetup-temp-allocator-size-gi-baking-worker=262144"
    "memorysetup-temp-allocator-size-gfx=262144"
Refreshing native plugins compatible for Editor in 159.43 ms, found 2 plugins.
Preloading 0 native plugins for Editor in 0.00 ms.
Initialize engine version: 2021.2.10f1 (ee872746220e)
[Subsystems] Discovering subsystems at path /Applications/Unity/Hub/Editor/2021.2.10f1/Unity.app/Contents/Resources/UnitySubsystems
[Subsystems] Discovering subsystems at path /Users/kabirswain/Documents/GitHub/virtualhome_unity/Assets
GfxDevice: creating device client; threaded=0; jobified=0
Color LCD preferred device: AMD Radeon Pro 5600M (high power)
Metal devices available: 2
0: AMD Radeon Pro 5600M (high power)
1: Intel(R) UHD Graphics 630 (low power)
Using device AMD Radeon Pro 5600M (high power)
Initializing Metal device caps: AMD Radeon Pro 5600M
Initialize mono
Mono path[0] = '/Applications/Unity/Hub/Editor/2021.2.10f1/Unity.app/Contents/Managed'
Mono path[1] = '/Applications/Unity/Hub/Editor/2021.2.10f1/Unity.app/Contents/MonoBleedingEdge/lib/mono/unityjit-macos'
Mono config path = '/Applications/Unity/Hub/Editor/2021.2.10f1/Unity.app/Contents/MonoBleedingEdge/etc'
Using monoOptions --debugger-agent=transport=dt_socket,embedding=1,server=y,suspend=n,address=127.0.0.1:56977
Begin MonoManager ReloadAssembly
Registering precompiled unity dll's ...
Register platform support module: /Applications/Unity/Hub/Editor/2021.2.10f1/Unity.app/Contents/PlaybackEngines/MacStandaloneSupport/UnityEditor.OSXStandalone.Extensions.dll
Register platform support module: /Applications/Unity/Hub/Editor/2021.2.10f1/PlaybackEngines/WindowsStandaloneSupport/UnityEditor.WindowsStandalone.Extensions.dll
Register platform support module: /Applications/Unity/Hub/Editor/2021.2.10f1/PlaybackEngines/LinuxStandaloneSupport/UnityEditor.LinuxStandalone.Extensions.dll
Registered in 0.005531 seconds.
Native extension for LinuxStandalone target not found
Native extension for WindowsStandalone target not found
Native extension for OSXStandalone target not found
Refreshing native plugins compatible for Editor in 146.07 ms, found 2 plugins.
Preloading 0 native plugins for Editor in 0.00 ms.
Mono: successfully reloaded assembly
- Completed reload, in  0.868 seconds
Domain Reload Profiling:
	ReloadAssembly (868ms)
		BeginReloadAssembly (125ms)
			ExecutionOrderSort (0ms)
			DisableScriptedObjects (0ms)
			BackupInstance (0ms)
			ReleaseScriptingObjects (0ms)
			CreateAndSetChildDomain (1ms)
		EndReloadAssembly (641ms)
			LoadAssemblies (128ms)
			RebuildTransferFunctionScriptingTraits (0ms)
			SetupTypeCache (144ms)
			ReleaseScriptCaches (0ms)
			RebuildScriptCaches (36ms)
			SetupLoadedEditorAssemblies (396ms)
				LogAssemblyErrors (0ms)
				InitializePlatformSupportModulesInManaged (18ms)
				SetLoadedEditorAssemblies (0ms)
				RefreshPlugins (146ms)
				BeforeProcessingInitializeOnLoad (1ms)
				ProcessInitializeOnLoadAttributes (176ms)
				ProcessInitializeOnLoadMethodAttributes (54ms)
				AfterProcessingInitializeOnLoad (0ms)
				EditorAssembliesLoaded (0ms)
			ExecutionOrderSort2 (0ms)
			AwakeInstancesAfterBackupRestoration (0ms)
Platform modules already initialized, skipping
Registering precompiled user dll's ...
Registered in 0.002485 seconds.
Begin MonoManager ReloadAssembly
Native extension for LinuxStandalone target not found
Native extension for WindowsStandalone target not found
Native extension for OSXStandalone target not found
Refreshing native plugins compatible for Editor in 2.46 ms, found 2 plugins.
Preloading 0 native plugins for Editor in 0.00 ms.
Package Manager log level set to [2]
Mono: successfully reloaded assembly
- Completed reload, in  1.440 seconds
Domain Reload Profiling:
	ReloadAssembly (1440ms)
		BeginReloadAssembly (124ms)
			ExecutionOrderSort (0ms)
			DisableScriptedObjects (8ms)
			BackupInstance (0ms)
			ReleaseScriptingObjects (0ms)
			CreateAndSetChildDomain (28ms)
		EndReloadAssembly (1194ms)
			LoadAssemblies (107ms)
			RebuildTransferFunctionScriptingTraits (0ms)
			SetupTypeCache (288ms)
			ReleaseScriptCaches (1ms)
			RebuildScriptCaches (86ms)
			SetupLoadedEditorAssemblies (652ms)
				LogAssemblyErrors (0ms)
				InitializePlatformSupportModulesInManaged (14ms)
				SetLoadedEditorAssemblies (1ms)
				RefreshPlugins (2ms)
				BeforeProcessingInitializeOnLoad (78ms)
				ProcessInitializeOnLoadAttributes (345ms)
				ProcessInitializeOnLoadMethodAttributes (211ms)
				AfterProcessingInitializeOnLoad (2ms)
				EditorAssembliesLoaded (0ms)
			ExecutionOrderSort2 (0ms)
			AwakeInstancesAfterBackupRestoration (4ms)
Platform modules already initialized, skipping
========================================================================
Worker process is ready to serve import requests
Launching external process: /Applications/Unity/Hub/Editor/2021.2.10f1/Unity.app/Contents/Tools/UnityShaderCompiler
Launched and connected shader compiler UnityShaderCompiler after 0.09 seconds
Refreshing native plugins compatible for Editor in 2.07 ms, found 2 plugins.
Preloading 0 native plugins for Editor in 0.00 ms.
Unloading 2947 Unused Serialized files (Serialized files now loaded: 0)
Unloading 70 unused Assets / (1.1 MB). Loaded Objects now: 3406.
Memory consumption went from 279.3 MB to 278.3 MB.
Total: 7.651402 ms (FindLiveObjects: 0.269025 ms CreateObjectMapping: 0.188322 ms MarkObjects: 6.614898 ms  DeleteObjects: 0.578305 ms)

AssetImportParameters requested are different than current active one (requested -> active):
  custom:video-decoder-ogg-theora: a1e56fd34408186e4bbccfd4996cb3dc -> 
  custom:container-muxer-webm: aa71ff27fc2769a1b78a27578f13a17b -> 
  custom:container-demuxer-webm: 4f35f7cbe854078d1ac9338744f61a02 -> 
  custom:video-encoder-webm-vp8: eb34c28f22e8b96e1ab97ce403110664 -> 
  custom:framework-osx-AVFoundation: e770b220cccbd017edd2c1fefb359320 -> 
  custom:audio-encoder-webm-vorbis: bf7c407c2cedff20999df2af8eb42d56 -> 
  custom:container-demuxer-ogg: 62fdf1f143b41e24485cea50d1cbac27 -> 
  custom:video-decoder-webm-vp8: 9c59270c3fd7afecdb556c50c9e8de78 -> 
  custom:audio-decoder-ogg-vorbis: bf7c407c2cedff20999df2af8eb42d56 -> 
========================================================================
Received Import Request.
  Time since last request: 1173763.836742 seconds.
  path: Assets/Resources/FloorPlan/Release/Room/Bedroom/PRE_ROO_Bedroom_14_1.prefab
  artifactKey: Guid(8508222964e4a4ab09776f4ebc100da2) Importer(815301076,1909f56bfc062723c751e8b465ee728b)
Start importing Assets/Resources/FloorPlan/Release/Room/Bedroom/PRE_ROO_Bedroom_14_1.prefab using Guid(8508222964e4a4ab09776f4ebc100da2) Importer(815301076,1909f56bfc062723c751e8b465ee728b)  -> (artifact id: 'b1b53caed2f6168a3f2f60ed13b4ed4e') in 1.280250 seconds 
========================================================================
Received Import Request.
  Time since last request: 25.070273 seconds.
  path: Assets/Resources/FloorPlan/Release/Room/Bedroom/PRE_ROO_Bedroom_02 1.prefab
  artifactKey: Guid(aa34210bea9ec4a8ca14bb1c48eb8556) Importer(815301076,1909f56bfc062723c751e8b465ee728b)
Start importing Assets/Resources/FloorPlan/Release/Room/Bedroom/PRE_ROO_Bedroom_02 1.prefab using Guid(aa34210bea9ec4a8ca14bb1c48eb8556) Importer(815301076,1909f56bfc062723c751e8b465ee728b)  -> (artifact id: 'b44eebb58bdc8c60095c0bc50d586310') in 0.208466 seconds 
========================================================================
Received Import Request.
  Time since last request: 2.634375 seconds.
  path: Assets/Resources/FloorPlan/Release/Room/Kitchen/PRE_ROO_Kitchen_01.prefab
  artifactKey: Guid(8409f6e44a2b145a9bb98b9a21cbba27) Importer(815301076,1909f56bfc062723c751e8b465ee728b)
Start importing Assets/Resources/FloorPlan/Release/Room/Kitchen/PRE_ROO_Kitchen_01.prefab using Guid(8409f6e44a2b145a9bb98b9a21cbba27) Importer(815301076,1909f56bfc062723c751e8b465ee728b)  -> (artifact id: '259141ccc20ce7598cec3438777f7eae') in 0.319185 seconds 
========================================================================
Received Import Request.
  Time since last request: 0.000069 seconds.
  path: Assets/Resources/FloorPlan/Release/Room/Kitchen/PRE_ROO_Kitchen_43.prefab
  artifactKey: Guid(311de7f7ebb9e46f99ab00ef7333cad0) Importer(815301076,1909f56bfc062723c751e8b465ee728b)
Start importing Assets/Resources/FloorPlan/Release/Room/Kitchen/PRE_ROO_Kitchen_43.prefab using Guid(311de7f7ebb9e46f99ab00ef7333cad0) Importer(815301076,1909f56bfc062723c751e8b465ee728b)  -> (artifact id: '1a3fc92280440df2477460df6ce7168f') in 0.372938 seconds 
========================================================================
Received Import Request.
  Time since last request: 0.000052 seconds.
  path: Assets/Resources/FloorPlan/Release/Room/Kitchen/PRE_ROO_Kitchen_09.prefab
  artifactKey: Guid(fb4084fe37d2147958270bcda9bd9f64) Importer(815301076,1909f56bfc062723c751e8b465ee728b)
Start importing Assets/Resources/FloorPlan/Release/Room/Kitchen/PRE_ROO_Kitchen_09.prefab using Guid(fb4084fe37d2147958270bcda9bd9f64) Importer(815301076,1909f56bfc062723c751e8b465ee728b)  -> (artifact id: '82143ad7d223c4780f79930ed6d2a373') in 0.292745 seconds 
========================================================================
Received Import Request.
  Time since last request: 0.000067 seconds.
  path: Assets/Resources/FloorPlan/Release/Room/Kitchen/PRE_ROO_Kitchen_18.prefab
  artifactKey: Guid(ef7d985621ee94530a2d415d44a268f6) Importer(815301076,1909f56bfc062723c751e8b465ee728b)
Start importing Assets/Resources/FloorPlan/Release/Room/Kitchen/PRE_ROO_Kitchen_18.prefab using Guid(ef7d985621ee94530a2d415d44a268f6) Importer(815301076,1909f56bfc062723c751e8b465ee728b)  -> (artifact id: 'd46fffdac6fa3203e6812ae28eda01a1') in 0.308430 seconds 
========================================================================
Received Import Request.
  Time since last request: 0.000067 seconds.
  path: Assets/Resources/FloorPlan/Release/Room/Kitchen/PRE_ROO_Kitchen_37.prefab
  artifactKey: Guid(82deacb684fee4944babc9a6291205f6) Importer(815301076,1909f56bfc062723c751e8b465ee728b)
Start importing Assets/Resources/FloorPlan/Release/Room/Kitchen/PRE_ROO_Kitchen_37.prefab using Guid(82deacb684fee4944babc9a6291205f6) Importer(815301076,1909f56bfc062723c751e8b465ee728b)  -> (artifact id: '5e21d92cd86744ffbe58aa9e777f3461') in 0.424567 seconds 
========================================================================
Received Import Request.
  Time since last request: 0.000059 seconds.
  path: Assets/Resources/FloorPlan/Release/Room/Kitchen/PRE_ROO_Kitchen_05.prefab
  artifactKey: Guid(b166232a5a3654237b64c681e4625d71) Importer(815301076,1909f56bfc062723c751e8b465ee728b)
Start importing Assets/Resources/FloorPlan/Release/Room/Kitchen/PRE_ROO_Kitchen_05.prefab using Guid(b166232a5a3654237b64c681e4625d71) Importer(815301076,1909f56bfc062723c751e8b465ee728b)  -> (artifact id: '8ea49ee06e33b9d8a9c78dea33da8c10') in 0.464945 seconds 
========================================================================
Received Import Request.
  Time since last request: 0.000051 seconds.
  path: Assets/Resources/FloorPlan/Release/Room/Kitchen/PRE_ROO_Kitchen_40.prefab
  artifactKey: Guid(80b44832db7a94383a2657753590b297) Importer(815301076,1909f56bfc062723c751e8b465ee728b)
Start importing Assets/Resources/FloorPlan/Release/Room/Kitchen/PRE_ROO_Kitchen_40.prefab using Guid(80b44832db7a94383a2657753590b297) Importer(815301076,1909f56bfc062723c751e8b465ee728b)  -> (artifact id: '6b1512fce07f8e2dac0af47d1ef5d3ab') in 0.371355 seconds 
========================================================================
Received Import Request.
  Time since last request: 0.000058 seconds.
  path: Assets/Resources/FloorPlan/Release/Room/Kitchen/PRE_ROO_Kitchen_34.prefab
  artifactKey: Guid(6a146255862574606bfd3f46c3fa9051) Importer(815301076,1909f56bfc062723c751e8b465ee728b)
Start importing Assets/Resources/FloorPlan/Release/Room/Kitchen/PRE_ROO_Kitchen_34.prefab using Guid(6a146255862574606bfd3f46c3fa9051) Importer(815301076,1909f56bfc062723c751e8b465ee728b)  -> (artifact id: '481f5f131e4b3c41dbd8a6bd4ab0162b') in 0.342662 seconds 
========================================================================
Received Import Request.
  Time since last request: 0.000058 seconds.
  path: Assets/Resources/FloorPlan/Release/Room/Kitchen/PRE_ROO_Kitchen_33.prefab
  artifactKey: Guid(c9a1aa23eb7fc4e448634fb7a5d1f916) Importer(815301076,1909f56bfc062723c751e8b465ee728b)
Start importing Assets/Resources/FloorPlan/Release/Room/Kitchen/PRE_ROO_Kitchen_33.prefab using Guid(c9a1aa23eb7fc4e448634fb7a5d1f916) Importer(815301076,1909f56bfc062723c751e8b465ee728b)  -> (artifact id: '3cf2fbb9c6e8cbedcc01d126e39bf5d6') in 0.487600 seconds 
========================================================================
Received Import Request.
  Time since last request: 0.000071 seconds.
  path: Assets/Resources/FloorPlan/Release/Room/Kitchen/PRE_ROO_Kitchen_45.prefab
  artifactKey: Guid(4dd83047961bc41eb9e508a9c887615b) Importer(815301076,1909f56bfc062723c751e8b465ee728b)
Start importing Assets/Resources/FloorPlan/Release/Room/Kitchen/PRE_ROO_Kitchen_45.prefab using Guid(4dd83047961bc41eb9e508a9c887615b) Importer(815301076,1909f56bfc062723c751e8b465ee728b)  -> (artifact id: '555526bafb18006c7504f15156495778') in 0.451609 seconds 
========================================================================
Received Import Request.
  Time since last request: 0.000055 seconds.
  path: Assets/Resources/FloorPlan/Release/Room/Kitchen/PRE_ROO_Kitchen_31.prefab
  artifactKey: Guid(7581987472fc041788f1a25e86411913) Importer(815301076,1909f56bfc062723c751e8b465ee728b)
Start importing Assets/Resources/FloorPlan/Release/Room/Kitchen/PRE_ROO_Kitchen_31.prefab using Guid(7581987472fc041788f1a25e86411913) Importer(815301076,1909f56bfc062723c751e8b465ee728b)  -> (artifact id: '3081e0db27151219d19621410c111fa7') in 0.392291 seconds 
========================================================================
Received Import Request.
  Time since last request: 29.781606 seconds.
  path: Assets/Resources/FloorPlan/Release/Room/Bathroom/PRE_ROO_Bathroom_01.prefab
  artifactKey: Guid(15fcf9fcc3fa148a78e2a6ec0dbb745c) Importer(815301076,1909f56bfc062723c751e8b465ee728b)
Start importing Assets/Resources/FloorPlan/Release/Room/Bathroom/PRE_ROO_Bathroom_01.prefab using Guid(15fcf9fcc3fa148a78e2a6ec0dbb745c) Importer(815301076,1909f56bfc062723c751e8b465ee728b)  -> (artifact id: '6bbedcb64975e25e6cd75283e232db66') in 0.192852 seconds 
========================================================================
Received Import Request.
  Time since last request: 0.000146 seconds.
  path: Assets/Resources/FloorPlan/Release/Room/Bathroom/PRE_ROO_Bathroom_17_2.prefab
  artifactKey: Guid(37ed5bdf9577c489f880c8264af761fb) Importer(815301076,1909f56bfc062723c751e8b465ee728b)
Start importing Assets/Resources/FloorPlan/Release/Room/Bathroom/PRE_ROO_Bathroom_17_2.prefab using Guid(37ed5bdf9577c489f880c8264af761fb) Importer(815301076,1909f56bfc062723c751e8b465ee728b)  -> (artifact id: '64d688f9e12fdd50f230d0e300d5daef') in 0.175538 seconds 
========================================================================
Received Import Request.
  Time since last request: 0.000051 seconds.
  path: Assets/Resources/FloorPlan/Release/Room/Bathroom/PRE_ROO_Bedroom_05.prefab
  artifactKey: Guid(bc8bab04a8c2b414cb49e62a4e6ddeb3) Importer(815301076,1909f56bfc062723c751e8b465ee728b)
Start importing Assets/Resources/FloorPlan/Release/Room/Bathroom/PRE_ROO_Bedroom_05.prefab using Guid(bc8bab04a8c2b414cb49e62a4e6ddeb3) Importer(815301076,1909f56bfc062723c751e8b465ee728b)  -> (artifact id: '3482443d77ebf72f0d282c7ca2baf859') in 0.437602 seconds 
========================================================================
Received Import Request.
  Time since last request: 0.000059 seconds.
  path: Assets/Resources/FloorPlan/Release/Room/Bathroom/PRE_ROO_Bathroom_25.prefab
  artifactKey: Guid(5305c6a50712f45e883973cf98dbbc42) Importer(815301076,1909f56bfc062723c751e8b465ee728b)
Start importing Assets/Resources/FloorPlan/Release/Room/Bathroom/PRE_ROO_Bathroom_25.prefab using Guid(5305c6a50712f45e883973cf98dbbc42) Importer(815301076,1909f56bfc062723c751e8b465ee728b)  -> (artifact id: 'fdf5aa5cb7e149b0353d6b3bdcd1e5fe') in 0.182343 seconds 
========================================================================
Received Import Request.
  Time since last request: 0.000071 seconds.
  path: Assets/Resources/FloorPlan/Release/Room/Bathroom/PRE_ROO_Bathroom_33.prefab
  artifactKey: Guid(7a121f652d6e5483aa43304e0da2c7a6) Importer(815301076,1909f56bfc062723c751e8b465ee728b)
Start importing Assets/Resources/FloorPlan/Release/Room/Bathroom/PRE_ROO_Bathroom_33.prefab using Guid(7a121f652d6e5483aa43304e0da2c7a6) Importer(815301076,1909f56bfc062723c751e8b465ee728b)  -> (artifact id: '5f186e2cd0daaaf2faf2b7b6ed822d15') in 0.163481 seconds 
========================================================================
Received Import Request.
  Time since last request: 0.000081 seconds.
  path: Assets/Resources/FloorPlan/Release/Room/Bathroom/PRE_ROO_Bathroom_44_1.prefab
  artifactKey: Guid(5eb60c7580c2946b8835c43cc36aea79) Importer(815301076,1909f56bfc062723c751e8b465ee728b)
Start importing Assets/Resources/FloorPlan/Release/Room/Bathroom/PRE_ROO_Bathroom_44_1.prefab using Guid(5eb60c7580c2946b8835c43cc36aea79) Importer(815301076,1909f56bfc062723c751e8b465ee728b)  -> (artifact id: '81ed2da60b88e936554849c359ae94ba') in 0.197858 seconds 
========================================================================
Received Import Request.
  Time since last request: 0.000128 seconds.
  path: Assets/Resources/FloorPlan/Release/Room/Bathroom/PRE_ROO_Bathroom_48.prefab
  artifactKey: Guid(a9efe80aa5eb7416abab4e693b463bbd) Importer(815301076,1909f56bfc062723c751e8b465ee728b)
Start importing Assets/Resources/FloorPlan/Release/Room/Bathroom/PRE_ROO_Bathroom_48.prefab using Guid(a9efe80aa5eb7416abab4e693b463bbd) Importer(815301076,1909f56bfc062723c751e8b465ee728b)  -> (artifact id: '7004b4c28475f12a57086dabddd4f0ce') in 0.200699 seconds 
========================================================================
Received Import Request.
  Time since last request: 0.000050 seconds.
  path: Assets/Resources/FloorPlan/Release/Room/Bathroom/PRE_ROO_Bathroom_15.prefab
  artifactKey: Guid(bfb76763d8ccd496d8443e491b75e7f7) Importer(815301076,1909f56bfc062723c751e8b465ee728b)
Start importing Assets/Resources/FloorPlan/Release/Room/Bathroom/PRE_ROO_Bathroom_15.prefab using Guid(bfb76763d8ccd496d8443e491b75e7f7) Importer(815301076,1909f56bfc062723c751e8b465ee728b)  -> (artifact id: 'e0b6682151c70022c293e6186d41d2f5') in 0.191087 seconds 
========================================================================
Received Import Request.
  Time since last request: 0.000103 seconds.
  path: Assets/Resources/FloorPlan/Release/Room/Bathroom/PRE_ROO_Bathroom_16_1.prefab
  artifactKey: Guid(254fcb37553a64c0fbeda33e2448f584) Importer(815301076,1909f56bfc062723c751e8b465ee728b)
Start importing Assets/Resources/FloorPlan/Release/Room/Bathroom/PRE_ROO_Bathroom_16_1.prefab using Guid(254fcb37553a64c0fbeda33e2448f584) Importer(815301076,1909f56bfc062723c751e8b465ee728b)  -> (artifact id: '6f13b79a094cd900f040f4ab0e4073c0') in 0.233906 seconds 
========================================================================
Received Import Request.
  Time since last request: 17.455727 seconds.
  path: Assets/Resources/FloorPlan/Release/Room/Livingroom/PRE_ROO_Livingroom_01.prefab
  artifactKey: Guid(dcecdee9563bc43469f9b66c1429118e) Importer(815301076,1909f56bfc062723c751e8b465ee728b)
Start importing Assets/Resources/FloorPlan/Release/Room/Livingroom/PRE_ROO_Livingroom_01.prefab using Guid(dcecdee9563bc43469f9b66c1429118e) Importer(815301076,1909f56bfc062723c751e8b465ee728b)  -> (artifact id: '885651f3c9581463459f21be098348ca') in 0.274241 seconds 
========================================================================
Received Import Request.
  Time since last request: 0.000076 seconds.
  path: Assets/Resources/FloorPlan/Release/Room/Livingroom/PRE_ROO_Livingroom_25.prefab
  artifactKey: Guid(88ff8e3704289445e813c73118ee192f) Importer(815301076,1909f56bfc062723c751e8b465ee728b)
Start importing Assets/Resources/FloorPlan/Release/Room/Livingroom/PRE_ROO_Livingroom_25.prefab using Guid(88ff8e3704289445e813c73118ee192f) Importer(815301076,1909f56bfc062723c751e8b465ee728b)  -> (artifact id: 'b7987f13f780dcaf09f6b8715f8052be') in 0.244828 seconds 
========================================================================
Received Import Request.
  Time since last request: 0.000074 seconds.
  path: Assets/Resources/FloorPlan/Release/Room/Livingroom/PRE_ROO_Livingroom_46.prefab
  artifactKey: Guid(1f16eecf02a404268a9f0d3e6f9c420a) Importer(815301076,1909f56bfc062723c751e8b465ee728b)
Start importing Assets/Resources/FloorPlan/Release/Room/Livingroom/PRE_ROO_Livingroom_46.prefab using Guid(1f16eecf02a404268a9f0d3e6f9c420a) Importer(815301076,1909f56bfc062723c751e8b465ee728b)  -> (artifact id: '8b186f76281fd65dbd1b148aa1a1af04') in 0.269915 seconds 
========================================================================
Received Import Request.
  Time since last request: 0.000075 seconds.
  path: Assets/Resources/FloorPlan/Release/Room/Livingroom/PRE_ROO_Livingroom_26.prefab
  artifactKey: Guid(e6b94b68078124b6e838d495278fc540) Importer(815301076,1909f56bfc062723c751e8b465ee728b)
Start importing Assets/Resources/FloorPlan/Release/Room/Livingroom/PRE_ROO_Livingroom_26.prefab using Guid(e6b94b68078124b6e838d495278fc540) Importer(815301076,1909f56bfc062723c751e8b465ee728b)  -> (artifact id: 'b060be76ce636a863764286f1f8ebabb') in 0.327347 seconds 
========================================================================
Received Import Request.
  Time since last request: 0.000051 seconds.
  path: Assets/Resources/FloorPlan/Release/Room/Livingroom/PRE_ROO_Livingroom_32.prefab
  artifactKey: Guid(b95ab74a59f744d3c955a5fefdab7d08) Importer(815301076,1909f56bfc062723c751e8b465ee728b)
Start importing Assets/Resources/FloorPlan/Release/Room/Livingroom/PRE_ROO_Livingroom_32.prefab using Guid(b95ab74a59f744d3c955a5fefdab7d08) Importer(815301076,1909f56bfc062723c751e8b465ee728b)  -> (artifact id: 'f755310a0788394a902ccafb653a611d') in 0.231108 seconds 
========================================================================
Received Import Request.
  Time since last request: 0.000074 seconds.
  path: Assets/Resources/FloorPlan/Release/Room/Livingroom/PRE_ROO_Livingroom_43.prefab
  artifactKey: Guid(d0564268e071d4baba6995351583e853) Importer(815301076,1909f56bfc062723c751e8b465ee728b)
Start importing Assets/Resources/FloorPlan/Release/Room/Livingroom/PRE_ROO_Livingroom_43.prefab using Guid(d0564268e071d4baba6995351583e853) Importer(815301076,1909f56bfc062723c751e8b465ee728b)  -> (artifact id: '908a2fce01da29615f1cdda6fbcb1a68') in 0.483864 seconds 
========================================================================
Received Import Request.
  Time since last request: 0.000051 seconds.
  path: Assets/Resources/FloorPlan/Release/Room/Livingroom/PRE_ROO_Livingroom_28.prefab
  artifactKey: Guid(99eac39e3f02f4f62a2028d4247302fc) Importer(815301076,1909f56bfc062723c751e8b465ee728b)
Start importing Assets/Resources/FloorPlan/Release/Room/Livingroom/PRE_ROO_Livingroom_28.prefab using Guid(99eac39e3f02f4f62a2028d4247302fc) Importer(815301076,1909f56bfc062723c751e8b465ee728b)  -> (artifact id: '96a07a7e64f460490dc7e38a7d19a27b') in 0.465996 seconds 
========================================================================
Received Import Request.
  Time since last request: 0.000069 seconds.
  path: Assets/Resources/FloorPlan/Release/Room/Livingroom/PRE_ROO_Livingroom_19.prefab
  artifactKey: Guid(abfe87d1ec6c8450f8f3d5795ca9f4ab) Importer(815301076,1909f56bfc062723c751e8b465ee728b)
Start importing Assets/Resources/FloorPlan/Release/Room/Livingroom/PRE_ROO_Livingroom_19.prefab using Guid(abfe87d1ec6c8450f8f3d5795ca9f4ab) Importer(815301076,1909f56bfc062723c751e8b465ee728b)  -> (artifact id: 'cde6d94f46e32778d52a7ccd835c3a18') in 0.235640 seconds 
========================================================================
Received Import Request.
  Time since last request: 0.000062 seconds.
  path: Assets/Resources/FloorPlan/Release/Room/Livingroom/PRE_ROO_Livingroom_47.prefab
  artifactKey: Guid(f184040beae284abd9c7fb50c1630b7a) Importer(815301076,1909f56bfc062723c751e8b465ee728b)
Start importing Assets/Resources/FloorPlan/Release/Room/Livingroom/PRE_ROO_Livingroom_47.prefab using Guid(f184040beae284abd9c7fb50c1630b7a) Importer(815301076,1909f56bfc062723c751e8b465ee728b)  -> (artifact id: 'bac3a4a272a7655b60c26afcb486a1ed') in 0.221452 seconds 
========================================================================
Received Prepare
Registering precompiled user dll's ...
Registered in 0.002673 seconds.
Begin MonoManager ReloadAssembly
Native extension for LinuxStandalone target not found
Native extension for WindowsStandalone target not found
Native extension for OSXStandalone target not found
Refreshing native plugins compatible for Editor in 1.79 ms, found 2 plugins.
Preloading 0 native plugins for Editor in 0.00 ms.
Mono: successfully reloaded assembly
- Completed reload, in  1.159 seconds
Domain Reload Profiling:
	ReloadAssembly (1160ms)
		BeginReloadAssembly (124ms)
			ExecutionOrderSort (0ms)
			DisableScriptedObjects (7ms)
			BackupInstance (0ms)
			ReleaseScriptingObjects (0ms)
			CreateAndSetChildDomain (46ms)
		EndReloadAssembly (918ms)
			LoadAssemblies (59ms)
			RebuildTransferFunctionScriptingTraits (0ms)
			SetupTypeCache (248ms)
			ReleaseScriptCaches (2ms)
			RebuildScriptCaches (74ms)
			SetupLoadedEditorAssemblies (472ms)
				LogAssemblyErrors (0ms)
				InitializePlatformSupportModulesInManaged (50ms)
				SetLoadedEditorAssemblies (1ms)
				RefreshPlugins (2ms)
				BeforeProcessingInitializeOnLoad (64ms)
				ProcessInitializeOnLoadAttributes (258ms)
				ProcessInitializeOnLoadMethodAttributes (95ms)
				AfterProcessingInitializeOnLoad (2ms)
				EditorAssembliesLoaded (0ms)
			ExecutionOrderSort2 (0ms)
			AwakeInstancesAfterBackupRestoration (5ms)
Platform modules already initialized, skipping
Refreshing native plugins compatible for Editor in 1.76 ms, found 2 plugins.
Preloading 0 native plugins for Editor in 0.00 ms.
Unloading 2831 Unused Serialized files (Serialized files now loaded: 0)
Unloading 61 unused Assets / (1.0 MB). Loaded Objects now: 3426.
Memory consumption went from 284.0 MB to 283.0 MB.
Total: 7.022640 ms (FindLiveObjects: 0.246327 ms CreateObjectMapping: 0.172518 ms MarkObjects: 6.075743 ms  DeleteObjects: 0.527134 ms)

AssetImportParameters requested are different than current active one (requested -> active):
  custom:video-decoder-ogg-theora: a1e56fd34408186e4bbccfd4996cb3dc -> 
  custom:container-muxer-webm: aa71ff27fc2769a1b78a27578f13a17b -> 
  custom:container-demuxer-webm: 4f35f7cbe854078d1ac9338744f61a02 -> 
  custom:video-encoder-webm-vp8: eb34c28f22e8b96e1ab97ce403110664 -> 
  custom:framework-osx-AVFoundation: e770b220cccbd017edd2c1fefb359320 -> 
  custom:audio-encoder-webm-vorbis: bf7c407c2cedff20999df2af8eb42d56 -> 
  custom:container-demuxer-ogg: 62fdf1f143b41e24485cea50d1cbac27 -> 
  custom:video-decoder-webm-vp8: 9c59270c3fd7afecdb556c50c9e8de78 -> 
  custom:audio-decoder-ogg-vorbis: bf7c407c2cedff20999df2af8eb42d56 -> 
========================================================================
Received Prepare
Registering precompiled user dll's ...
Registered in 0.002336 seconds.
Begin MonoManager ReloadAssembly
Native extension for LinuxStandalone target not found
Native extension for WindowsStandalone target not found
Native extension for OSXStandalone target not found
Refreshing native plugins compatible for Editor in 1.94 ms, found 2 plugins.
Preloading 0 native plugins for Editor in 0.00 ms.
Mono: successfully reloaded assembly
- Completed reload, in  1.118 seconds
Domain Reload Profiling:
	ReloadAssembly (1119ms)
		BeginReloadAssembly (133ms)
			ExecutionOrderSort (0ms)
			DisableScriptedObjects (8ms)
			BackupInstance (0ms)
			ReleaseScriptingObjects (0ms)
			CreateAndSetChildDomain (47ms)
		EndReloadAssembly (872ms)
			LoadAssemblies (67ms)
			RebuildTransferFunctionScriptingTraits (0ms)
			SetupTypeCache (251ms)
			ReleaseScriptCaches (2ms)
			RebuildScriptCaches (76ms)
			SetupLoadedEditorAssemblies (423ms)
				LogAssemblyErrors (0ms)
				InitializePlatformSupportModulesInManaged (13ms)
				SetLoadedEditorAssemblies (1ms)
				RefreshPlugins (2ms)
				BeforeProcessingInitializeOnLoad (65ms)
				ProcessInitializeOnLoadAttributes (243ms)
				ProcessInitializeOnLoadMethodAttributes (98ms)
				AfterProcessingInitializeOnLoad (2ms)
				EditorAssembliesLoaded (0ms)
			ExecutionOrderSort2 (0ms)
			AwakeInstancesAfterBackupRestoration (5ms)
Platform modules already initialized, skipping
Refreshing native plugins compatible for Editor in 1.75 ms, found 2 plugins.
Preloading 0 native plugins for Editor in 0.00 ms.
Unloading 2831 Unused Serialized files (Serialized files now loaded: 0)
Unloading 61 unused Assets / (1.0 MB). Loaded Objects now: 3428.
Memory consumption went from 284.1 MB to 283.1 MB.
Total: 7.181809 ms (FindLiveObjects: 0.273637 ms CreateObjectMapping: 0.183388 ms MarkObjects: 6.139707 ms  DeleteObjects: 0.583689 ms)

AssetImportParameters requested are different than current active one (requested -> active):
  custom:video-decoder-ogg-theora: a1e56fd34408186e4bbccfd4996cb3dc -> 
  custom:container-muxer-webm: aa71ff27fc2769a1b78a27578f13a17b -> 
  custom:container-demuxer-webm: 4f35f7cbe854078d1ac9338744f61a02 -> 
  custom:video-encoder-webm-vp8: eb34c28f22e8b96e1ab97ce403110664 -> 
  custom:framework-osx-AVFoundation: e770b220cccbd017edd2c1fefb359320 -> 
  custom:audio-encoder-webm-vorbis: bf7c407c2cedff20999df2af8eb42d56 -> 
  custom:container-demuxer-ogg: 62fdf1f143b41e24485cea50d1cbac27 -> 
  custom:video-decoder-webm-vp8: 9c59270c3fd7afecdb556c50c9e8de78 -> 
  custom:audio-decoder-ogg-vorbis: bf7c407c2cedff20999df2af8eb42d56 -> 
========================================================================
Received Prepare
Registering precompiled user dll's ...
Registered in 0.002824 seconds.
Begin MonoManager ReloadAssembly
Native extension for LinuxStandalone target not found
Native extension for WindowsStandalone target not found
Native extension for OSXStandalone target not found
Refreshing native plugins compatible for Editor in 1.69 ms, found 2 plugins.
Preloading 0 native plugins for Editor in 0.00 ms.
Mono: successfully reloaded assembly
- Completed reload, in  1.134 seconds
Domain Reload Profiling:
	ReloadAssembly (1135ms)
		BeginReloadAssembly (123ms)
			ExecutionOrderSort (0ms)
			DisableScriptedObjects (8ms)
			BackupInstance (0ms)
			ReleaseScriptingObjects (0ms)
			CreateAndSetChildDomain (43ms)
		EndReloadAssembly (902ms)
			LoadAssemblies (56ms)
			RebuildTransferFunctionScriptingTraits (0ms)
			SetupTypeCache (228ms)
			ReleaseScriptCaches (1ms)
			RebuildScriptCaches (72ms)
			SetupLoadedEditorAssemblies (483ms)
				LogAssemblyErrors (0ms)
				InitializePlatformSupportModulesInManaged (11ms)
				SetLoadedEditorAssemblies (0ms)
				RefreshPlugins (2ms)
				BeforeProcessingInitializeOnLoad (55ms)
				ProcessInitializeOnLoadAttributes (300ms)
				ProcessInitializeOnLoadMethodAttributes (111ms)
				AfterProcessingInitializeOnLoad (3ms)
				EditorAssembliesLoaded (0ms)
			ExecutionOrderSort2 (0ms)
			AwakeInstancesAfterBackupRestoration (4ms)
Platform modules already initialized, skipping
Refreshing native plugins compatible for Editor in 1.73 ms, found 2 plugins.
Preloading 0 native plugins for Editor in 0.00 ms.
Unloading 2831 Unused Serialized files (Serialized files now loaded: 0)
Unloading 61 unused Assets / (1.0 MB). Loaded Objects now: 3430.
Memory consumption went from 284.3 MB to 283.3 MB.
Total: 7.314600 ms (FindLiveObjects: 0.252745 ms CreateObjectMapping: 0.184370 ms MarkObjects: 6.287175 ms  DeleteObjects: 0.589244 ms)

AssetImportParameters requested are different than current active one (requested -> active):
  custom:video-decoder-ogg-theora: a1e56fd34408186e4bbccfd4996cb3dc -> 
  custom:container-muxer-webm: aa71ff27fc2769a1b78a27578f13a17b -> 
  custom:container-demuxer-webm: 4f35f7cbe854078d1ac9338744f61a02 -> 
  custom:video-encoder-webm-vp8: eb34c28f22e8b96e1ab97ce403110664 -> 
  custom:framework-osx-AVFoundation: e770b220cccbd017edd2c1fefb359320 -> 
  custom:audio-encoder-webm-vorbis: bf7c407c2cedff20999df2af8eb42d56 -> 
  custom:container-demuxer-ogg: 62fdf1f143b41e24485cea50d1cbac27 -> 
  custom:video-decoder-webm-vp8: 9c59270c3fd7afecdb556c50c9e8de78 -> 
  custom:audio-decoder-ogg-vorbis: bf7c407c2cedff20999df2af8eb42d56 -> 
========================================================================
Received Prepare
Registering precompiled user dll's ...
Registered in 0.002334 seconds.
Begin MonoManager ReloadAssembly
Native extension for LinuxStandalone target not found
Native extension for WindowsStandalone target not found
Native extension for OSXStandalone target not found
Refreshing native plugins compatible for Editor in 2.64 ms, found 2 plugins.
Preloading 0 native plugins for Editor in 0.00 ms.
Mono: successfully reloaded assembly
- Completed reload, in  1.141 seconds
Domain Reload Profiling:
	ReloadAssembly (1142ms)
		BeginReloadAssembly (121ms)
			ExecutionOrderSort (0ms)
			DisableScriptedObjects (7ms)
			BackupInstance (0ms)
			ReleaseScriptingObjects (0ms)
			CreateAndSetChildDomain (43ms)
		EndReloadAssembly (914ms)
			LoadAssemblies (55ms)
			RebuildTransferFunctionScriptingTraits (0ms)
			SetupTypeCache (240ms)
			ReleaseScriptCaches (2ms)
			RebuildScriptCaches (78ms)
			SetupLoadedEditorAssemblies (477ms)
				LogAssemblyErrors (0ms)
				InitializePlatformSupportModulesInManaged (13ms)
				SetLoadedEditorAssemblies (0ms)
				RefreshPlugins (3ms)
				BeforeProcessingInitializeOnLoad (66ms)
				ProcessInitializeOnLoadAttributes (288ms)
				ProcessInitializeOnLoadMethodAttributes (105ms)
				AfterProcessingInitializeOnLoad (2ms)
				EditorAssembliesLoaded (0ms)
			ExecutionOrderSort2 (0ms)
			AwakeInstancesAfterBackupRestoration (5ms)
Platform modules already initialized, skipping
Refreshing native plugins compatible for Editor in 2.74 ms, found 2 plugins.
Preloading 0 native plugins for Editor in 0.00 ms.
Unloading 2831 Unused Serialized files (Serialized files now loaded: 0)
Unloading 61 unused Assets / (1.0 MB). Loaded Objects now: 3432.
Memory consumption went from 284.5 MB to 283.5 MB.
Total: 7.424456 ms (FindLiveObjects: 0.297085 ms CreateObjectMapping: 0.193409 ms MarkObjects: 6.338793 ms  DeleteObjects: 0.594147 ms)

AssetImportParameters requested are different than current active one (requested -> active):
  custom:video-decoder-ogg-theora: a1e56fd34408186e4bbccfd4996cb3dc -> 
  custom:container-muxer-webm: aa71ff27fc2769a1b78a27578f13a17b -> 
  custom:container-demuxer-webm: 4f35f7cbe854078d1ac9338744f61a02 -> 
  custom:video-encoder-webm-vp8: eb34c28f22e8b96e1ab97ce403110664 -> 
  custom:framework-osx-AVFoundation: e770b220cccbd017edd2c1fefb359320 -> 
  custom:audio-encoder-webm-vorbis: bf7c407c2cedff20999df2af8eb42d56 -> 
  custom:container-demuxer-ogg: 62fdf1f143b41e24485cea50d1cbac27 -> 
  custom:video-decoder-webm-vp8: 9c59270c3fd7afecdb556c50c9e8de78 -> 
  custom:audio-decoder-ogg-vorbis: bf7c407c2cedff20999df2af8eb42d56 -> 
========================================================================
Received Prepare
Registering precompiled user dll's ...
Registered in 0.002739 seconds.
Begin MonoManager ReloadAssembly
Native extension for LinuxStandalone target not found
Native extension for WindowsStandalone target not found
Native extension for OSXStandalone target not found
Refreshing native plugins compatible for Editor in 2.02 ms, found 2 plugins.
Preloading 0 native plugins for Editor in 0.00 ms.
Mono: successfully reloaded assembly
- Completed reload, in  1.089 seconds
Domain Reload Profiling:
	ReloadAssembly (1090ms)
		BeginReloadAssembly (117ms)
			ExecutionOrderSort (0ms)
			DisableScriptedObjects (7ms)
			BackupInstance (0ms)
			ReleaseScriptingObjects (0ms)
			CreateAndSetChildDomain (45ms)
		EndReloadAssembly (869ms)
			LoadAssemblies (50ms)
			RebuildTransferFunctionScriptingTraits (0ms)
			SetupTypeCache (256ms)
			ReleaseScriptCaches (1ms)
			RebuildScriptCaches (78ms)
			SetupLoadedEditorAssemblies (419ms)
				LogAssemblyErrors (0ms)
				InitializePlatformSupportModulesInManaged (12ms)
				SetLoadedEditorAssemblies (1ms)
				RefreshPlugins (2ms)
				BeforeProcessingInitializeOnLoad (65ms)
				ProcessInitializeOnLoadAttributes (247ms)
				ProcessInitializeOnLoadMethodAttributes (90ms)
				AfterProcessingInitializeOnLoad (2ms)
				EditorAssembliesLoaded (0ms)
			ExecutionOrderSort2 (0ms)
			AwakeInstancesAfterBackupRestoration (6ms)
Platform modules already initialized, skipping
Refreshing native plugins compatible for Editor in 1.74 ms, found 2 plugins.
Preloading 0 native plugins for Editor in 0.00 ms.
Unloading 2831 Unused Serialized files (Serialized files now loaded: 0)
Unloading 61 unused Assets / (1.0 MB). Loaded Objects now: 3434.
Memory consumption went from 284.7 MB to 283.7 MB.
Total: 7.076546 ms (FindLiveObjects: 0.252292 ms CreateObjectMapping: 0.163312 ms MarkObjects: 6.100506 ms  DeleteObjects: 0.559415 ms)

AssetImportParameters requested are different than current active one (requested -> active):
  custom:video-decoder-ogg-theora: a1e56fd34408186e4bbccfd4996cb3dc -> 
  custom:container-muxer-webm: aa71ff27fc2769a1b78a27578f13a17b -> 
  custom:container-demuxer-webm: 4f35f7cbe854078d1ac9338744f61a02 -> 
  custom:video-encoder-webm-vp8: eb34c28f22e8b96e1ab97ce403110664 -> 
  custom:framework-osx-AVFoundation: e770b220cccbd017edd2c1fefb359320 -> 
  custom:audio-encoder-webm-vorbis: bf7c407c2cedff20999df2af8eb42d56 -> 
  custom:container-demuxer-ogg: 62fdf1f143b41e24485cea50d1cbac27 -> 
  custom:video-decoder-webm-vp8: 9c59270c3fd7afecdb556c50c9e8de78 -> 
  custom:audio-decoder-ogg-vorbis: bf7c407c2cedff20999df2af8eb42d56 -> 
========================================================================
Received Prepare
Registering precompiled user dll's ...
Registered in 0.002527 seconds.
Begin MonoManager ReloadAssembly
Native extension for LinuxStandalone target not found
Native extension for WindowsStandalone target not found
Native extension for OSXStandalone target not found
Refreshing native plugins compatible for Editor in 1.79 ms, found 2 plugins.
Preloading 0 native plugins for Editor in 0.00 ms.
Mono: successfully reloaded assembly
- Completed reload, in  1.152 seconds
Domain Reload Profiling:
	ReloadAssembly (1152ms)
		BeginReloadAssembly (126ms)
			ExecutionOrderSort (0ms)
			DisableScriptedObjects (8ms)
			BackupInstance (0ms)
			ReleaseScriptingObjects (0ms)
			CreateAndSetChildDomain (41ms)
		EndReloadAssembly (909ms)
			LoadAssemblies (62ms)
			RebuildTransferFunctionScriptingTraits (0ms)
			SetupTypeCache (243ms)
			ReleaseScriptCaches (2ms)
			RebuildScriptCaches (74ms)
			SetupLoadedEditorAssemblies (469ms)
				LogAssemblyErrors (0ms)
				InitializePlatformSupportModulesInManaged (13ms)
				SetLoadedEditorAssemblies (1ms)
				RefreshPlugins (2ms)
				BeforeProcessingInitializeOnLoad (58ms)
				ProcessInitializeOnLoadAttributes (284ms)
				ProcessInitializeOnLoadMethodAttributes (109ms)
				AfterProcessingInitializeOnLoad (2ms)
				EditorAssembliesLoaded (0ms)
			ExecutionOrderSort2 (0ms)
			AwakeInstancesAfterBackupRestoration (5ms)
Platform modules already initialized, skipping
Refreshing native plugins compatible for Editor in 1.96 ms, found 2 plugins.
Preloading 0 native plugins for Editor in 0.00 ms.
Unloading 2831 Unused Serialized files (Serialized files now loaded: 0)
Unloading 61 unused Assets / (1.0 MB). Loaded Objects now: 3436.
Memory consumption went from 285.0 MB to 283.9 MB.
Total: 7.771758 ms (FindLiveObjects: 0.310544 ms CreateObjectMapping: 0.267431 ms MarkObjects: 6.582126 ms  DeleteObjects: 0.610244 ms)

AssetImportParameters requested are different than current active one (requested -> active):
  custom:video-decoder-ogg-theora: a1e56fd34408186e4bbccfd4996cb3dc -> 
  custom:container-muxer-webm: aa71ff27fc2769a1b78a27578f13a17b -> 
  custom:container-demuxer-webm: 4f35f7cbe854078d1ac9338744f61a02 -> 
  custom:video-encoder-webm-vp8: eb34c28f22e8b96e1ab97ce403110664 -> 
  custom:framework-osx-AVFoundation: e770b220cccbd017edd2c1fefb359320 -> 
  custom:audio-encoder-webm-vorbis: bf7c407c2cedff20999df2af8eb42d56 -> 
  custom:container-demuxer-ogg: 62fdf1f143b41e24485cea50d1cbac27 -> 
  custom:video-decoder-webm-vp8: 9c59270c3fd7afecdb556c50c9e8de78 -> 
  custom:audio-decoder-ogg-vorbis: bf7c407c2cedff20999df2af8eb42d56 -> 
========================================================================
Received Prepare
Refreshing native plugins compatible for Editor in 7.37 ms, found 2 plugins.
Preloading 0 native plugins for Editor in 0.00 ms.
Unloading 60 Unused Serialized files (Serialized files now loaded: 0)
Unloading 59 unused Assets / (1.0 MB). Loaded Objects now: 3436.
Memory consumption went from 229.2 MB to 228.2 MB.
Total: 7.256936 ms (FindLiveObjects: 0.266896 ms CreateObjectMapping: 0.210078 ms MarkObjects: 6.164289 ms  DeleteObjects: 0.614854 ms)

AssetImportParameters requested are different than current active one (requested -> active):
  custom:video-decoder-ogg-theora: a1e56fd34408186e4bbccfd4996cb3dc -> 
  custom:container-muxer-webm: aa71ff27fc2769a1b78a27578f13a17b -> 
  custom:container-demuxer-webm: 4f35f7cbe854078d1ac9338744f61a02 -> 
  custom:video-encoder-webm-vp8: eb34c28f22e8b96e1ab97ce403110664 -> 
  custom:framework-osx-AVFoundation: e770b220cccbd017edd2c1fefb359320 -> 
  custom:audio-encoder-webm-vorbis: bf7c407c2cedff20999df2af8eb42d56 -> 
  custom:container-demuxer-ogg: 62fdf1f143b41e24485cea50d1cbac27 -> 
  custom:video-decoder-webm-vp8: 9c59270c3fd7afecdb556c50c9e8de78 -> 
  custom:audio-decoder-ogg-vorbis: bf7c407c2cedff20999df2af8eb42d56 -> 
========================================================================
Received Import Request.
  Time since last request: 1973.651235 seconds.
  path: Assets/Resources/FloorPlan/Release/Room/Livingroom/PRE_ROO_Livingroom_03.prefab
  artifactKey: Guid(0a907c913ed3d4d4390570e4ff36ae4b) Importer(815301076,1909f56bfc062723c751e8b465ee728b)
Start importing Assets/Resources/FloorPlan/Release/Room/Livingroom/PRE_ROO_Livingroom_03.prefab using Guid(0a907c913ed3d4d4390570e4ff36ae4b) Importer(815301076,1909f56bfc062723c751e8b465ee728b)  -> (artifact id: '154960083ce7ddc828ec48d2a45786fd') in 0.550715 seconds 
========================================================================
Received Import Request.
  Time since last request: 0.000076 seconds.
  path: Assets/Resources/FloorPlan/Release/Room/Livingroom/PRE_ROO_Livingroom_39.prefab
  artifactKey: Guid(d9e90eda43b4642e894cfd0a506cde8e) Importer(815301076,1909f56bfc062723c751e8b465ee728b)
Start importing Assets/Resources/FloorPlan/Release/Room/Livingroom/PRE_ROO_Livingroom_39.prefab using Guid(d9e90eda43b4642e894cfd0a506cde8e) Importer(815301076,1909f56bfc062723c751e8b465ee728b)  -> (artifact id: '5ee814629ac15fa16390d8ba55c895b6') in 0.373840 seconds 
========================================================================
Received Import Request.
  Time since last request: 0.000059 seconds.
  path: Assets/Resources/FloorPlan/Release/Room/Livingroom/PRE_ROO_Livingroom_29.prefab
  artifactKey: Guid(ff1201ffa33144ae3ba20d9317b06758) Importer(815301076,1909f56bfc062723c751e8b465ee728b)
Start importing Assets/Resources/FloorPlan/Release/Room/Livingroom/PRE_ROO_Livingroom_29.prefab using Guid(ff1201ffa33144ae3ba20d9317b06758) Importer(815301076,1909f56bfc062723c751e8b465ee728b)  -> (artifact id: '5fa0c9ab6ffad31a0f26ca9ae05f74af') in 0.310146 seconds 
========================================================================
Received Import Request.
  Time since last request: 0.000086 seconds.
  path: Assets/Resources/FloorPlan/Release/Room/Livingroom/PRE_ROO_Livingroom_34.prefab
  artifactKey: Guid(529fe4a6bbce9460c8a6273d46414653) Importer(815301076,1909f56bfc062723c751e8b465ee728b)
Start importing Assets/Resources/FloorPlan/Release/Room/Livingroom/PRE_ROO_Livingroom_34.prefab using Guid(529fe4a6bbce9460c8a6273d46414653) Importer(815301076,1909f56bfc062723c751e8b465ee728b)  -> (artifact id: '5bf01994a2e5b6bface35ca0b5b02aff') in 0.318489 seconds 
========================================================================
Received Import Request.
  Time since last request: 0.000052 seconds.
  path: Assets/Resources/FloorPlan/Release/Room/Livingroom/PRE_ROO_Livingroom_43.prefab
  artifactKey: Guid(d0564268e071d4baba6995351583e853) Importer(815301076,1909f56bfc062723c751e8b465ee728b)
Start importing Assets/Resources/FloorPlan/Release/Room/Livingroom/PRE_ROO_Livingroom_43.prefab using Guid(d0564268e071d4baba6995351583e853) Importer(815301076,1909f56bfc062723c751e8b465ee728b)  -> (artifact id: '9818b0571be09f3592e6149beb1ccd83') in 0.455856 seconds 
========================================================================
Received Import Request.
  Time since last request: 0.000060 seconds.
  path: Assets/Resources/FloorPlan/Release/Room/Livingroom/PRE_ROO_Livingroom_37.prefab
  artifactKey: Guid(643acd982008c46b5939a84c9020860f) Importer(815301076,1909f56bfc062723c751e8b465ee728b)
Start importing Assets/Resources/FloorPlan/Release/Room/Livingroom/PRE_ROO_Livingroom_37.prefab using Guid(643acd982008c46b5939a84c9020860f) Importer(815301076,1909f56bfc062723c751e8b465ee728b)  -> (artifact id: '4fff0ac13a39cde9e307c8df11c5887e') in 0.341476 seconds 
========================================================================
Received Import Request.
  Time since last request: 0.000055 seconds.
  path: Assets/Resources/FloorPlan/Release/Room/Livingroom/PRE_ROO_Livingroom_28.prefab
  artifactKey: Guid(99eac39e3f02f4f62a2028d4247302fc) Importer(815301076,1909f56bfc062723c751e8b465ee728b)
Start importing Assets/Resources/FloorPlan/Release/Room/Livingroom/PRE_ROO_Livingroom_28.prefab using Guid(99eac39e3f02f4f62a2028d4247302fc) Importer(815301076,1909f56bfc062723c751e8b465ee728b)  -> (artifact id: '661782264780a7717f6d096eca2e488c') in 0.366329 seconds 
========================================================================
Received Import Request.
  Time since last request: 0.000056 seconds.
  path: Assets/Resources/FloorPlan/Release/Room/Livingroom/PRE_ROO_Livingroom_05.prefab
  artifactKey: Guid(8674d7bb4068b4cbbb41c067fdb09c61) Importer(815301076,1909f56bfc062723c751e8b465ee728b)
Start importing Assets/Resources/FloorPlan/Release/Room/Livingroom/PRE_ROO_Livingroom_05.prefab using Guid(8674d7bb4068b4cbbb41c067fdb09c61) Importer(815301076,1909f56bfc062723c751e8b465ee728b)  -> (artifact id: 'b151777dec0eaf9ebcffe94115180d25') in 0.497869 seconds 
========================================================================
Received Import Request.
  Time since last request: 0.000094 seconds.
  path: Assets/Resources/FloorPlan/Release/Room/Livingroom/PRE_ROO_Livingroom_16.prefab
  artifactKey: Guid(b2d867c2f38b249cfa1c399ce3fd44be) Importer(815301076,1909f56bfc062723c751e8b465ee728b)
Start importing Assets/Resources/FloorPlan/Release/Room/Livingroom/PRE_ROO_Livingroom_16.prefab using Guid(b2d867c2f38b249cfa1c399ce3fd44be) Importer(815301076,1909f56bfc062723c751e8b465ee728b)  -> (artifact id: '5ed2292ae3b709f4ab5d87da69bfec7e') in 0.317870 seconds 
========================================================================
Received Import Request.
  Time since last request: 0.000223 seconds.
  path: Assets/Resources/FloorPlan/Release/Room/Livingroom/PRE_ROO_Livingroom_40.prefab
  artifactKey: Guid(9afe78a2fb3c04e8a97b1bd1644d7516) Importer(815301076,1909f56bfc062723c751e8b465ee728b)
Start importing Assets/Resources/FloorPlan/Release/Room/Livingroom/PRE_ROO_Livingroom_40.prefab using Guid(9afe78a2fb3c04e8a97b1bd1644d7516) Importer(815301076,1909f56bfc062723c751e8b465ee728b)  -> (artifact id: 'e3e54afb786cd1fe08b7d9c547bc6a5d') in 0.350451 seconds 
========================================================================
Received Import Request.
  Time since last request: 16.109907 seconds.
  path: Assets/Resources/FloorPlan/Release/Home/Home_1.prefab
  artifactKey: Guid(ae15373a1d65e4a80b8b6b9492e4a269) Importer(815301076,1909f56bfc062723c751e8b465ee728b)
Start importing Assets/Resources/FloorPlan/Release/Home/Home_1.prefab using Guid(ae15373a1d65e4a80b8b6b9492e4a269) Importer(815301076,1909f56bfc062723c751e8b465ee728b)  -> (artifact id: '41cdef71701e46d79b350cf9d45ae40b') in 0.722771 seconds 
========================================================================
Received Import Request.
  Time since last request: 0.000092 seconds.
  path: Assets/Resources/FloorPlan/Release/Home/Home_23.prefab
  artifactKey: Guid(4dd828735f1c048a2970e45455fb1eeb) Importer(815301076,1909f56bfc062723c751e8b465ee728b)
Start importing Assets/Resources/FloorPlan/Release/Home/Home_23.prefab using Guid(4dd828735f1c048a2970e45455fb1eeb) Importer(815301076,1909f56bfc062723c751e8b465ee728b)  -> (artifact id: '12d7d1dcb25969ddf1c28f99ebcae1f0') in 0.506031 seconds 
========================================================================
Received Import Request.
  Time since last request: 0.000108 seconds.
  path: Assets/Resources/FloorPlan/Release/Home/Home_24.prefab
  artifactKey: Guid(83ccb1d6cbdcf49aeb13cc6072f274be) Importer(815301076,1909f56bfc062723c751e8b465ee728b)
Start importing Assets/Resources/FloorPlan/Release/Home/Home_24.prefab using Guid(83ccb1d6cbdcf49aeb13cc6072f274be) Importer(815301076,1909f56bfc062723c751e8b465ee728b)  -> (artifact id: 'fe34ef45f4133892aeea42d23c3f6ecf') in 0.720800 seconds 
========================================================================
Received Import Request.
  Time since last request: 0.000085 seconds.
  path: Assets/Resources/FloorPlan/Release/Home/Home_7.prefab
  artifactKey: Guid(3ff30c6929cc34d25ab132cf0f40c10f) Importer(815301076,1909f56bfc062723c751e8b465ee728b)
Start importing Assets/Resources/FloorPlan/Release/Home/Home_7.prefab using Guid(3ff30c6929cc34d25ab132cf0f40c10f) Importer(815301076,1909f56bfc062723c751e8b465ee728b)  -> (artifact id: '1fc13b7d1f206cad9476b44196587ae8') in 0.732996 seconds 
========================================================================
Received Import Request.
  Time since last request: 0.000064 seconds.
  path: Assets/Resources/FloorPlan/Release/Home/Home_26.prefab
  artifactKey: Guid(b293736fe94a74ee8bd72be8fc3464d9) Importer(815301076,1909f56bfc062723c751e8b465ee728b)
Start importing Assets/Resources/FloorPlan/Release/Home/Home_26.prefab using Guid(b293736fe94a74ee8bd72be8fc3464d9) Importer(815301076,1909f56bfc062723c751e8b465ee728b)  -> (artifact id: 'fd0142fe5d2dc337efe7ea39fdb92a17') in 0.653130 seconds 
========================================================================
Received Import Request.
  Time since last request: 0.000078 seconds.
  path: Assets/Resources/FloorPlan/Release/Home/Home_30.prefab
  artifactKey: Guid(612a9411b111043c1be1cf83719a5702) Importer(815301076,1909f56bfc062723c751e8b465ee728b)
Start importing Assets/Resources/FloorPlan/Release/Home/Home_30.prefab using Guid(612a9411b111043c1be1cf83719a5702) Importer(815301076,1909f56bfc062723c751e8b465ee728b)  -> (artifact id: 'ea6e2e6e7d5efc22f50b22943a348d42') in 0.753797 seconds 
========================================================================
Received Import Request.
  Time since last request: 0.000054 seconds.
  path: Assets/Resources/FloorPlan/Release/Home/Home_33.prefab
  artifactKey: Guid(9c2771545b87143909eb08f5b5867537) Importer(815301076,1909f56bfc062723c751e8b465ee728b)
Start importing Assets/Resources/FloorPlan/Release/Home/Home_33.prefab using Guid(9c2771545b87143909eb08f5b5867537) Importer(815301076,1909f56bfc062723c751e8b465ee728b)  -> (artifact id: '0c52b04be342aaff7bcdb4b5e3c9a3a8') in 0.717904 seconds 
========================================================================
Received Import Request.
  Time since last request: 0.000060 seconds.
  path: Assets/Resources/FloorPlan/Release/Home/Home_40.prefab
  artifactKey: Guid(c7cb768c527d74c0498d8941f01bb945) Importer(815301076,1909f56bfc062723c751e8b465ee728b)
Start importing Assets/Resources/FloorPlan/Release/Home/Home_40.prefab using Guid(c7cb768c527d74c0498d8941f01bb945) Importer(815301076,1909f56bfc062723c751e8b465ee728b)  -> (artifact id: '71c5a93ab1d7665257b4facda4b17058') in 0.721911 seconds 
========================================================================
Received Import Request.
  Time since last request: 0.000045 seconds.
  path: Assets/Resources/FloorPlan/Release/Home/Home_36.prefab
  artifactKey: Guid(e88ad38b178734369bd7e20cdd7819e4) Importer(815301076,1909f56bfc062723c751e8b465ee728b)
Start importing Assets/Resources/FloorPlan/Release/Home/Home_36.prefab using Guid(e88ad38b178734369bd7e20cdd7819e4) Importer(815301076,1909f56bfc062723c751e8b465ee728b)  -> (artifact id: '55931fcbafd8f59820a73ad81cd1d9b9') in 0.693206 seconds 
========================================================================
Received Import Request.
  Time since last request: 0.000061 seconds.
  path: Assets/Resources/FloorPlan/Release/Home/Home_6.prefab
  artifactKey: Guid(9d1613b94c9574dc0a992a2a80102c47) Importer(815301076,1909f56bfc062723c751e8b465ee728b)
Start importing Assets/Resources/FloorPlan/Release/Home/Home_6.prefab using Guid(9d1613b94c9574dc0a992a2a80102c47) Importer(815301076,1909f56bfc062723c751e8b465ee728b)  -> (artifact id: 'c86ac5077a7be360f088e507acfade56') in 1.415513 seconds 
========================================================================
Received Import Request.
  Time since last request: 0.000085 seconds.
  path: Assets/Resources/FloorPlan/Release/Home/Home_38.prefab
  artifactKey: Guid(ac51f6ae00a20492199ac4c9f7178ace) Importer(815301076,1909f56bfc062723c751e8b465ee728b)
Start importing Assets/Resources/FloorPlan/Release/Home/Home_38.prefab using Guid(ac51f6ae00a20492199ac4c9f7178ace) Importer(815301076,1909f56bfc062723c751e8b465ee728b)  -> (artifact id: '6122d0dc298a21372cacdfacb7230d0c') in 1.607150 seconds 
========================================================================
Received Import Request.
  Time since last request: 0.000060 seconds.
  path: Assets/Resources/FloorPlan/Release/Home/Home_42.prefab
  artifactKey: Guid(5a0484824f0c94f9da3e24410c4a4dea) Importer(815301076,1909f56bfc062723c751e8b465ee728b)
Start importing Assets/Resources/FloorPlan/Release/Home/Home_42.prefab using Guid(5a0484824f0c94f9da3e24410c4a4dea) Importer(815301076,1909f56bfc062723c751e8b465ee728b)  -> (artifact id: 'ba2527ca90fcca571da709be673bac50') in 0.909152 seconds 
========================================================================
Received Import Request.
  Time since last request: 0.000054 seconds.
  path: Assets/Resources/FloorPlan/Release/Home/Home_15.prefab
  artifactKey: Guid(1354653bb0afb484c8098912991334f3) Importer(815301076,1909f56bfc062723c751e8b465ee728b)
Start importing Assets/Resources/FloorPlan/Release/Home/Home_15.prefab using Guid(1354653bb0afb484c8098912991334f3) Importer(815301076,1909f56bfc062723c751e8b465ee728b)  -> (artifact id: '96efec9a433b45e2c8cea7673201022e') in 0.670596 seconds 
========================================================================
Received Prepare
Refreshing native plugins compatible for Editor in 7.95 ms, found 2 plugins.
Preloading 0 native plugins for Editor in 0.00 ms.
Unloading 60 Unused Serialized files (Serialized files now loaded: 0)
Unloading 59 unused Assets / (1.0 MB). Loaded Objects now: 3437.
Memory consumption went from 254.0 MB to 253.0 MB.
Total: 8.505324 ms (FindLiveObjects: 0.289855 ms CreateObjectMapping: 0.233473 ms MarkObjects: 7.335010 ms  DeleteObjects: 0.645815 ms)

AssetImportParameters requested are different than current active one (requested -> active):
  custom:video-decoder-ogg-theora: a1e56fd34408186e4bbccfd4996cb3dc -> 
  custom:container-muxer-webm: aa71ff27fc2769a1b78a27578f13a17b -> 
  custom:container-demuxer-webm: 4f35f7cbe854078d1ac9338744f61a02 -> 
  custom:video-encoder-webm-vp8: eb34c28f22e8b96e1ab97ce403110664 -> 
  custom:framework-osx-AVFoundation: e770b220cccbd017edd2c1fefb359320 -> 
  custom:audio-encoder-webm-vorbis: bf7c407c2cedff20999df2af8eb42d56 -> 
  custom:container-demuxer-ogg: 62fdf1f143b41e24485cea50d1cbac27 -> 
  custom:video-decoder-webm-vp8: 9c59270c3fd7afecdb556c50c9e8de78 -> 
  custom:audio-decoder-ogg-vorbis: bf7c407c2cedff20999df2af8eb42d56 -> 
========================================================================
Received Import Request.
  Time since last request: 35.141130 seconds.
  path: Assets/Resources/FloorPlan/Release/Home/Home_5.prefab
  artifactKey: Guid(6fdd0a1b99af04d54a857a21e6329e1d) Importer(815301076,1909f56bfc062723c751e8b465ee728b)
Start importing Assets/Resources/FloorPlan/Release/Home/Home_5.prefab using Guid(6fdd0a1b99af04d54a857a21e6329e1d) Importer(815301076,1909f56bfc062723c751e8b465ee728b)  -> (artifact id: '2dbf7074664eb96afb75794be284d373') in 1.530860 seconds 
========================================================================
Received Import Request.
  Time since last request: 0.000058 seconds.
  path: Assets/Resources/FloorPlan/Release/Home/Home_26.prefab
  artifactKey: Guid(b293736fe94a74ee8bd72be8fc3464d9) Importer(815301076,1909f56bfc062723c751e8b465ee728b)
Start importing Assets/Resources/FloorPlan/Release/Home/Home_26.prefab using Guid(b293736fe94a74ee8bd72be8fc3464d9) Importer(815301076,1909f56bfc062723c751e8b465ee728b)  -> (artifact id: 'dadce9c8cd24dd326c69165081d53216') in 0.741526 seconds 
========================================================================
Received Import Request.
  Time since last request: 0.000107 seconds.
  path: Assets/Resources/FloorPlan/Release/Home/Home_29.prefab
  artifactKey: Guid(ab8f2a4954e804d94b3007d8cae288af) Importer(815301076,1909f56bfc062723c751e8b465ee728b)
Start importing Assets/Resources/FloorPlan/Release/Home/Home_29.prefab using Guid(ab8f2a4954e804d94b3007d8cae288af) Importer(815301076,1909f56bfc062723c751e8b465ee728b)  -> (artifact id: '1f135d848fcef682dd6a208057e32822') in 0.818304 seconds 
========================================================================
Received Import Request.
  Time since last request: 0.000165 seconds.
  path: Assets/Resources/FloorPlan/Release/Home/Home_40.prefab
  artifactKey: Guid(c7cb768c527d74c0498d8941f01bb945) Importer(815301076,1909f56bfc062723c751e8b465ee728b)
Start importing Assets/Resources/FloorPlan/Release/Home/Home_40.prefab using Guid(c7cb768c527d74c0498d8941f01bb945) Importer(815301076,1909f56bfc062723c751e8b465ee728b)  -> (artifact id: 'dcd81769ebd7b0b9cb614b7ad31c764a') in 0.874788 seconds 
========================================================================
Received Import Request.
  Time since last request: 0.000095 seconds.
  path: Assets/Resources/FloorPlan/Release/Home/Home_19.prefab
  artifactKey: Guid(9bdb39dc8f34c4953a4fc849890085ae) Importer(815301076,1909f56bfc062723c751e8b465ee728b)
Start importing Assets/Resources/FloorPlan/Release/Home/Home_19.prefab using Guid(9bdb39dc8f34c4953a4fc849890085ae) Importer(815301076,1909f56bfc062723c751e8b465ee728b)  -> (artifact id: 'd81993d75d44535dbfdb710a2aa616b8') in 0.885316 seconds 
========================================================================
Received Import Request.
  Time since last request: 0.000094 seconds.
  path: Assets/Resources/FloorPlan/Release/Home/Home_47.prefab
  artifactKey: Guid(fce7d11ff314740ecb2bca6e352a63d2) Importer(815301076,1909f56bfc062723c751e8b465ee728b)
Start importing Assets/Resources/FloorPlan/Release/Home/Home_47.prefab using Guid(fce7d11ff314740ecb2bca6e352a63d2) Importer(815301076,1909f56bfc062723c751e8b465ee728b)  -> (artifact id: '1404cf963e18def7016e79227c07f1fb') in 0.692184 seconds 
========================================================================
Received Import Request.
  Time since last request: 0.000051 seconds.
  path: Assets/Resources/FloorPlan/Release/Home/Home_17.prefab
  artifactKey: Guid(d1c9f53e4532e4c12bd3bc56eb3dc4d8) Importer(815301076,1909f56bfc062723c751e8b465ee728b)
Start importing Assets/Resources/FloorPlan/Release/Home/Home_17.prefab using Guid(d1c9f53e4532e4c12bd3bc56eb3dc4d8) Importer(815301076,1909f56bfc062723c751e8b465ee728b)  -> (artifact id: '7417e61ea995a91f2da38740b4a28c4c') in 0.717779 seconds 
Editor requested this worker to shutdown with reason: Scaling down because of idle timeout
AssetImportWorker is now disconnected from the server
Process exiting
