Unity Editor version:    2021.2.10f1 (ee872746220e)
Branch:                  2021.2/staging
Build type:              Release
Batch mode:              YES
macOS version:           Version 12.1 (Build 21C52)
Darwin version:          21.2.0
Architecture:            x86_64
Running under Rosetta:   NO
Available memory:        65536 MB
Using pre-set license
Pro License: NO

COMMAND LINE ARGUMENTS:
/Applications/Unity/Hub/Editor/2021.2.10f1/Unity.app/Contents/MacOS/Unity
-adb2
-batchMode
-noUpm
-name
AssetImportWorker7
-projectPath
/Users/kabirswain/Documents/GitHub/virtualhome_unity
-logFile
Logs/AssetImportWorker7.log
-srvPort
64761
Successfully changed project path to: /Users/kabirswain/Documents/GitHub/virtualhome_unity
/Users/kabirswain/Documents/GitHub/virtualhome_unity
[UnityMemory] Configuration Parameters - Can be set up in boot.config
    "memorysetup-bucket-allocator-granularity=16"
    "memorysetup-bucket-allocator-bucket-count=8"
    "memorysetup-bucket-allocator-block-size=33554432"
    "memorysetup-bucket-allocator-block-count=8"
    "memorysetup-main-allocator-block-size=16777216"
    "memorysetup-thread-allocator-block-size=16777216"
    "memorysetup-gfx-main-allocator-block-size=16777216"
    "memorysetup-gfx-thread-allocator-block-size=16777216"
    "memorysetup-cache-allocator-block-size=4194304"
    "memorysetup-typetree-allocator-block-size=2097152"
    "memorysetup-profiler-bucket-allocator-granularity=16"
    "memorysetup-profiler-bucket-allocator-bucket-count=8"
    "memorysetup-profiler-bucket-allocator-block-size=33554432"
    "memorysetup-profiler-bucket-allocator-block-count=8"
    "memorysetup-profiler-allocator-block-size=16777216"
    "memorysetup-profiler-editor-allocator-block-size=1048576"
    "memorysetup-temp-allocator-size-main=16777216"
    "memorysetup-job-temp-allocator-block-size=2097152"
    "memorysetup-job-temp-allocator-block-size-background=1048576"
    "memorysetup-job-temp-allocator-reduction-small-platforms=262144"
    "memorysetup-temp-allocator-size-background-worker=32768"
    "memorysetup-temp-allocator-size-job-worker=262144"
    "memorysetup-temp-allocator-size-preload-manager=33554432"
    "memorysetup-temp-allocator-size-nav-mesh-worker=65536"
    "memorysetup-temp-allocator-size-audio-worker=65536"
    "memorysetup-temp-allocator-size-cloud-worker=32768"
    "memorysetup-temp-allocator-size-gi-baking-worker=262144"
    "memorysetup-temp-allocator-size-gfx=262144"
Refreshing native plugins compatible for Editor in 496.99 ms, found 2 plugins.
Preloading 0 native plugins for Editor in 0.00 ms.
Initialize engine version: 2021.2.10f1 (ee872746220e)
[Subsystems] Discovering subsystems at path /Applications/Unity/Hub/Editor/2021.2.10f1/Unity.app/Contents/Resources/UnitySubsystems
[Subsystems] Discovering subsystems at path /Users/kabirswain/Documents/GitHub/virtualhome_unity/Assets
GfxDevice: creating device client; threaded=0; jobified=0
Color LCD preferred device: AMD Radeon Pro 5600M (high power)
Metal devices available: 2
0: AMD Radeon Pro 5600M (high power)
1: Intel(R) UHD Graphics 630 (low power)
Using device AMD Radeon Pro 5600M (high power)
Initializing Metal device caps: AMD Radeon Pro 5600M
Initialize mono
Mono path[0] = '/Applications/Unity/Hub/Editor/2021.2.10f1/Unity.app/Contents/Managed'
Mono path[1] = '/Applications/Unity/Hub/Editor/2021.2.10f1/Unity.app/Contents/MonoBleedingEdge/lib/mono/unityjit-macos'
Mono config path = '/Applications/Unity/Hub/Editor/2021.2.10f1/Unity.app/Contents/MonoBleedingEdge/etc'
Using monoOptions --debugger-agent=transport=dt_socket,embedding=1,server=y,suspend=n,address=127.0.0.1:56188
Begin MonoManager ReloadAssembly
Registering precompiled unity dll's ...
Register platform support module: /Applications/Unity/Hub/Editor/2021.2.10f1/Unity.app/Contents/PlaybackEngines/MacStandaloneSupport/UnityEditor.OSXStandalone.Extensions.dll
Register platform support module: /Applications/Unity/Hub/Editor/2021.2.10f1/PlaybackEngines/WindowsStandaloneSupport/UnityEditor.WindowsStandalone.Extensions.dll
Register platform support module: /Applications/Unity/Hub/Editor/2021.2.10f1/PlaybackEngines/LinuxStandaloneSupport/UnityEditor.LinuxStandalone.Extensions.dll
Registered in 0.013097 seconds.
Native extension for LinuxStandalone target not found
Native extension for WindowsStandalone target not found
Native extension for OSXStandalone target not found
Refreshing native plugins compatible for Editor in 547.35 ms, found 2 plugins.
Preloading 0 native plugins for Editor in 0.00 ms.
Mono: successfully reloaded assembly
- Completed reload, in  2.719 seconds
Domain Reload Profiling:
	ReloadAssembly (2720ms)
		BeginReloadAssembly (203ms)
			ExecutionOrderSort (0ms)
			DisableScriptedObjects (0ms)
			BackupInstance (0ms)
			ReleaseScriptingObjects (0ms)
			CreateAndSetChildDomain (2ms)
		EndReloadAssembly (2080ms)
			LoadAssemblies (203ms)
			RebuildTransferFunctionScriptingTraits (0ms)
			SetupTypeCache (488ms)
			ReleaseScriptCaches (0ms)
			RebuildScriptCaches (116ms)
			SetupLoadedEditorAssemblies (1254ms)
				LogAssemblyErrors (0ms)
				InitializePlatformSupportModulesInManaged (60ms)
				SetLoadedEditorAssemblies (1ms)
				RefreshPlugins (547ms)
				BeforeProcessingInitializeOnLoad (6ms)
				ProcessInitializeOnLoadAttributes (481ms)
				ProcessInitializeOnLoadMethodAttributes (158ms)
				AfterProcessingInitializeOnLoad (0ms)
				EditorAssembliesLoaded (0ms)
			ExecutionOrderSort2 (0ms)
			AwakeInstancesAfterBackupRestoration (0ms)
Platform modules already initialized, skipping
Registering precompiled user dll's ...
Registered in 0.008655 seconds.
Begin MonoManager ReloadAssembly
Native extension for LinuxStandalone target not found
Native extension for WindowsStandalone target not found
Native extension for OSXStandalone target not found
Refreshing native plugins compatible for Editor in 4.46 ms, found 2 plugins.
Preloading 0 native plugins for Editor in 0.00 ms.
Package Manager log level set to [2]
Mono: successfully reloaded assembly
- Completed reload, in  3.649 seconds
Domain Reload Profiling:
	ReloadAssembly (3652ms)
		BeginReloadAssembly (301ms)
			ExecutionOrderSort (0ms)
			DisableScriptedObjects (21ms)
			BackupInstance (0ms)
			ReleaseScriptingObjects (0ms)
			CreateAndSetChildDomain (65ms)
		EndReloadAssembly (2987ms)
			LoadAssemblies (173ms)
			RebuildTransferFunctionScriptingTraits (0ms)
			SetupTypeCache (787ms)
			ReleaseScriptCaches (1ms)
			RebuildScriptCaches (191ms)
			SetupLoadedEditorAssemblies (1688ms)
				LogAssemblyErrors (0ms)
				InitializePlatformSupportModulesInManaged (32ms)
				SetLoadedEditorAssemblies (1ms)
				RefreshPlugins (5ms)
				BeforeProcessingInitializeOnLoad (164ms)
				ProcessInitializeOnLoadAttributes (885ms)
				ProcessInitializeOnLoadMethodAttributes (594ms)
				AfterProcessingInitializeOnLoad (6ms)
				EditorAssembliesLoaded (1ms)
			ExecutionOrderSort2 (0ms)
			AwakeInstancesAfterBackupRestoration (17ms)
Platform modules already initialized, skipping
========================================================================
Worker process is ready to serve import requests
Launching external process: /Applications/Unity/Hub/Editor/2021.2.10f1/Unity.app/Contents/Tools/UnityShaderCompiler
Launched and connected shader compiler UnityShaderCompiler after 0.23 seconds
Refreshing native plugins compatible for Editor in 4.03 ms, found 2 plugins.
Preloading 0 native plugins for Editor in 0.00 ms.
Unloading 2959 Unused Serialized files (Serialized files now loaded: 0)
Unloading 70 unused Assets / (1.0 MB). Loaded Objects now: 3409.
Memory consumption went from 283.6 MB to 282.6 MB.
Total: 17.724700 ms (FindLiveObjects: 0.496863 ms CreateObjectMapping: 0.369471 ms MarkObjects: 15.923733 ms  DeleteObjects: 0.932229 ms)

AssetImportParameters requested are different than current active one (requested -> active):
  custom:video-decoder-ogg-theora: a1e56fd34408186e4bbccfd4996cb3dc -> 
  custom:container-muxer-webm: aa71ff27fc2769a1b78a27578f13a17b -> 
  custom:container-demuxer-webm: 4f35f7cbe854078d1ac9338744f61a02 -> 
  custom:video-encoder-webm-vp8: eb34c28f22e8b96e1ab97ce403110664 -> 
  custom:framework-osx-AVFoundation: e770b220cccbd017edd2c1fefb359320 -> 
  custom:audio-encoder-webm-vorbis: bf7c407c2cedff20999df2af8eb42d56 -> 
  custom:container-demuxer-ogg: 62fdf1f143b41e24485cea50d1cbac27 -> 
  custom:video-decoder-webm-vp8: 9c59270c3fd7afecdb556c50c9e8de78 -> 
  custom:audio-decoder-ogg-vorbis: bf7c407c2cedff20999df2af8eb42d56 -> 
========================================================================
Received Import Request.
  Time since last request: 1882750.858508 seconds.
  path: Assets/Resources/ExtraObjects/models/Crayons_2/Materials/_0124_Purple_.mat
  artifactKey: Guid(b5c6ec58fe92c46908006d029b51be44) Importer(815301076,1909f56bfc062723c751e8b465ee728b)
Start importing Assets/Resources/ExtraObjects/models/Crayons_2/Materials/_0124_Purple_.mat using Guid(b5c6ec58fe92c46908006d029b51be44) Importer(815301076,1909f56bfc062723c751e8b465ee728b)  -> (artifact id: '7ad6d368435de11809b564c1a8700f41') in 0.253787 seconds 
========================================================================
Received Import Request.
  Time since last request: 0.000089 seconds.
  path: Assets/Resources/Complete_Home_Interior_Pack/NEKOBOLT_Demo_Packs/Dessert_Heaven_Pack_DEMO/DHP_Textures/DHP_TEX_Banana_split_Waffle_N_1024.png
  artifactKey: Guid(5d8247c3cd73345d99b80d604b86be66) Importer(815301076,1909f56bfc062723c751e8b465ee728b)
Start importing Assets/Resources/Complete_Home_Interior_Pack/NEKOBOLT_Demo_Packs/Dessert_Heaven_Pack_DEMO/DHP_Textures/DHP_TEX_Banana_split_Waffle_N_1024.png using Guid(5d8247c3cd73345d99b80d604b86be66) Importer(815301076,1909f56bfc062723c751e8b465ee728b)  -> (artifact id: 'c6dd946afb160ac86b187d03b40ff4a2') in 0.197710 seconds 
========================================================================
Received Import Request.
  Time since last request: 0.000072 seconds.
  path: Assets/3DModels/_Deco/Wall/PictureFrames/PictureFrame2/Textures/Image/Example.psd
  artifactKey: Guid(59a7a7083cd49324fa324d1ecd5cac6d) Importer(815301076,1909f56bfc062723c751e8b465ee728b)
Start importing Assets/3DModels/_Deco/Wall/PictureFrames/PictureFrame2/Textures/Image/Example.psd using Guid(59a7a7083cd49324fa324d1ecd5cac6d) Importer(815301076,1909f56bfc062723c751e8b465ee728b)  -> (artifact id: '11af0f2321bbf2c969374a2312a99856') in 0.725126 seconds 
========================================================================
Received Import Request.
  Time since last request: 0.000080 seconds.
  path: Assets/Resources/ModernHouseInteriorProps/Textures/Tiling Textures/AltFiletype/metal_AltFiletype/metal_Plate_specular.tif
  artifactKey: Guid(feb024236721edf4aa7409a14f07c078) Importer(815301076,1909f56bfc062723c751e8b465ee728b)
Start importing Assets/Resources/ModernHouseInteriorProps/Textures/Tiling Textures/AltFiletype/metal_AltFiletype/metal_Plate_specular.tif using Guid(feb024236721edf4aa7409a14f07c078) Importer(815301076,1909f56bfc062723c751e8b465ee728b)  -> (artifact id: '680e6e6b8103fc9ed16741085e73a987') in 1.105617 seconds 
========================================================================
Received Import Request.
  Time since last request: 0.000056 seconds.
  path: Assets/Resources/Complete_Home_Interior_Pack/NEKOBOLT_Demo_Packs/Farmers_Market_Gourmet_Pack_DEMO/FMGP_Models/FMGP_MOD_Apple.fbx
  artifactKey: Guid(7ce1af2d8bd524124abe93d681178e48) Importer(815301076,1909f56bfc062723c751e8b465ee728b)
Start importing Assets/Resources/Complete_Home_Interior_Pack/NEKOBOLT_Demo_Packs/Farmers_Market_Gourmet_Pack_DEMO/FMGP_Models/FMGP_MOD_Apple.fbx using Guid(7ce1af2d8bd524124abe93d681178e48) Importer(815301076,1909f56bfc062723c751e8b465ee728b)  -> (artifact id: '3beb614f833e97d40c1930ecd89d46c3') in 0.166052 seconds 
========================================================================
Received Import Request.
  Time since last request: 0.000068 seconds.
  path: Assets/Resources/ModernHouseInteriorProps/Prefabs/Kitchen/Dishes/mH_DinnerPlate.prefab
  artifactKey: Guid(8162ce139b7ea6e4996f6118d8b037d9) Importer(815301076,1909f56bfc062723c751e8b465ee728b)
Start importing Assets/Resources/ModernHouseInteriorProps/Prefabs/Kitchen/Dishes/mH_DinnerPlate.prefab using Guid(8162ce139b7ea6e4996f6118d8b037d9) Importer(815301076,1909f56bfc062723c751e8b465ee728b)  -> (artifact id: '68730ebdf9c341a68d2e72ebd9375fe2') in 0.237780 seconds 
========================================================================
Received Import Request.
  Time since last request: 0.000072 seconds.
  path: Assets/Story Generator/Scripts/DunGen/Samples/Basic/Sockets/Default (Basic Sample).asset
  artifactKey: Guid(b14bea3d872194f408062ed166ff72bb) Importer(815301076,1909f56bfc062723c751e8b465ee728b)
Start importing Assets/Story Generator/Scripts/DunGen/Samples/Basic/Sockets/Default (Basic Sample).asset using Guid(b14bea3d872194f408062ed166ff72bb) Importer(815301076,1909f56bfc062723c751e8b465ee728b)  -> (artifact id: '620cb9b953e892f5af634b33e62a72ee') in 0.104153 seconds 
========================================================================
Received Import Request.
  Time since last request: 0.000068 seconds.
  path: Assets/Resources/Complete_Home_Interior_Pack/CHIP_Materials/MAT_Props/MAT_PRO_Plate_01_01_01.mat
  artifactKey: Guid(4d0b13b18ef92a040b199380e6d66d27) Importer(815301076,1909f56bfc062723c751e8b465ee728b)
Start importing Assets/Resources/Complete_Home_Interior_Pack/CHIP_Materials/MAT_Props/MAT_PRO_Plate_01_01_01.mat using Guid(4d0b13b18ef92a040b199380e6d66d27) Importer(815301076,1909f56bfc062723c751e8b465ee728b)  -> (artifact id: '6ad07e42b0a1e205466b19d8429f2775') in 0.054645 seconds 
========================================================================
Received Import Request.
  Time since last request: 0.000052 seconds.
  path: Assets/Resources/Complete_Home_Interior_Pack/CHIP_Materials/MAT_Plastic/MAT_PLA_Plastic_07_02(Larger).mat
  artifactKey: Guid(cafeec7cf08ef18478529d86dabf9f70) Importer(815301076,1909f56bfc062723c751e8b465ee728b)
Start importing Assets/Resources/Complete_Home_Interior_Pack/CHIP_Materials/MAT_Plastic/MAT_PLA_Plastic_07_02(Larger).mat using Guid(cafeec7cf08ef18478529d86dabf9f70) Importer(815301076,1909f56bfc062723c751e8b465ee728b)  -> (artifact id: '3663978390b160ba7ba523fc540bee33') in 0.052425 seconds 
========================================================================
Received Import Request.
  Time since last request: 0.000055 seconds.
  path: Assets/Resources/ModernHouseInteriorProps/Textures/Tiling Textures/AltFiletype/ceramic_AltFiletype/ceramic_PorcelainPlain_diffuse.png
  artifactKey: Guid(7dcedfce5278a7a499fee9979db19556) Importer(815301076,1909f56bfc062723c751e8b465ee728b)
Start importing Assets/Resources/ModernHouseInteriorProps/Textures/Tiling Textures/AltFiletype/ceramic_AltFiletype/ceramic_PorcelainPlain_diffuse.png using Guid(7dcedfce5278a7a499fee9979db19556) Importer(815301076,1909f56bfc062723c751e8b465ee728b)  -> (artifact id: '0479325333898f55c771f2128e15a1ea') in 0.011015 seconds 
========================================================================
Received Import Request.
  Time since last request: 0.000082 seconds.
  path: Assets/Resources/ModernHouseInteriorProps/Models/Modern House/Update 2.0/Materials/mH_Fireplace01_Mat.mat
  artifactKey: Guid(1a49f551aab5c1f43a118c5c995372c1) Importer(815301076,1909f56bfc062723c751e8b465ee728b)
Start importing Assets/Resources/ModernHouseInteriorProps/Models/Modern House/Update 2.0/Materials/mH_Fireplace01_Mat.mat using Guid(1a49f551aab5c1f43a118c5c995372c1) Importer(815301076,1909f56bfc062723c751e8b465ee728b)  -> (artifact id: 'bb9071a7a3b06988fc03cc05d42112b8') in 0.114923 seconds 
========================================================================
Received Import Request.
  Time since last request: 0.000059 seconds.
  path: Assets/Standard Assets/Environment/Water/Water4/Materials/OceanPlaneMaterial.mat
  artifactKey: Guid(a437a9b380909fa4d98f929428f70388) Importer(815301076,1909f56bfc062723c751e8b465ee728b)
Start importing Assets/Standard Assets/Environment/Water/Water4/Materials/OceanPlaneMaterial.mat using Guid(a437a9b380909fa4d98f929428f70388) Importer(815301076,1909f56bfc062723c751e8b465ee728b)  -> (artifact id: 'd00a5f70a32a9bd3d6ba4b3c51c39605') in 0.093847 seconds 
========================================================================
Received Import Request.
  Time since last request: 0.000075 seconds.
  path: Assets/Resources/Complete_Home_Interior_Pack/CHIP_Models/MOD_Decor/MOD_DEC_Plate_01.fbx
  artifactKey: Guid(f4c0e09637259f54db6436e254d38c48) Importer(815301076,1909f56bfc062723c751e8b465ee728b)
Start importing Assets/Resources/Complete_Home_Interior_Pack/CHIP_Models/MOD_Decor/MOD_DEC_Plate_01.fbx using Guid(f4c0e09637259f54db6436e254d38c48) Importer(815301076,1909f56bfc062723c751e8b465ee728b)  -> (artifact id: '9a9439ed55fa4f5dba32721ec70b4abe') in 0.015334 seconds 
========================================================================
Received Import Request.
  Time since last request: 0.000055 seconds.
  path: Assets/Resources/Complete_Home_Interior_Pack/CHIP_Materials/MAT_Plastic/MAT_PLA_Plastic_03_02(Larger).mat
  artifactKey: Guid(d01dd4832d9e7ee42834659430f90dc2) Importer(815301076,1909f56bfc062723c751e8b465ee728b)
Start importing Assets/Resources/Complete_Home_Interior_Pack/CHIP_Materials/MAT_Plastic/MAT_PLA_Plastic_03_02(Larger).mat using Guid(d01dd4832d9e7ee42834659430f90dc2) Importer(815301076,1909f56bfc062723c751e8b465ee728b)  -> (artifact id: 'f0938a446abeff89e296ec8e255612e0') in 0.017847 seconds 
========================================================================
Received Import Request.
  Time since last request: 0.000057 seconds.
  path: Assets/Resources/ModernHouseInteriorProps/Textures/Tiling Textures/AltFiletype/metal_AltFiletype/metal_Plate_diffuse.png
  artifactKey: Guid(abd5c1a93fd9963468b8e54b063655fd) Importer(815301076,1909f56bfc062723c751e8b465ee728b)
Start importing Assets/Resources/ModernHouseInteriorProps/Textures/Tiling Textures/AltFiletype/metal_AltFiletype/metal_Plate_diffuse.png using Guid(abd5c1a93fd9963468b8e54b063655fd) Importer(815301076,1909f56bfc062723c751e8b465ee728b)  -> (artifact id: '8fdd907fd29b5bd616f71d2c87da7743') in 0.009699 seconds 
========================================================================
Received Import Request.
  Time since last request: 0.000055 seconds.
  path: Assets/Resources/Complete_Home_Interior_Pack/NEKOBOLT_Demo_Packs/Dessert_Heaven_Pack_DEMO/DHP_Textures/DHP_TEX_Cheesecake_Cherry_Apple_pies_N_1024.png
  artifactKey: Guid(d964a9b31ecea4569ad1f950c6465d0d) Importer(815301076,1909f56bfc062723c751e8b465ee728b)
Start importing Assets/Resources/Complete_Home_Interior_Pack/NEKOBOLT_Demo_Packs/Dessert_Heaven_Pack_DEMO/DHP_Textures/DHP_TEX_Cheesecake_Cherry_Apple_pies_N_1024.png using Guid(d964a9b31ecea4569ad1f950c6465d0d) Importer(815301076,1909f56bfc062723c751e8b465ee728b)  -> (artifact id: 'a55a49a57f38acb3cde015df3821c0d6') in 0.017586 seconds 
========================================================================
Received Import Request.
  Time since last request: 0.000082 seconds.
  path: Assets/Resources/ModernHouseInteriorProps/Materials/Universal/ceramic_PorcelainPlain_Mat.mat
  artifactKey: Guid(f5acbb8d69e56fc48a5afd239e41d4e4) Importer(815301076,1909f56bfc062723c751e8b465ee728b)
Start importing Assets/Resources/ModernHouseInteriorProps/Materials/Universal/ceramic_PorcelainPlain_Mat.mat using Guid(f5acbb8d69e56fc48a5afd239e41d4e4) Importer(815301076,1909f56bfc062723c751e8b465ee728b)  -> (artifact id: 'ac8881b6f4d1e441c42660f284b45fdd') in 0.015413 seconds 
========================================================================
Received Import Request.
  Time since last request: 0.000059 seconds.
  path: Assets/Resources/ModernHouseInteriorProps/Textures/Tiling Textures/AltFiletype/ceramic_AltFiletype/ceramic_PorcelainPlain_specular.tif
  artifactKey: Guid(ca750890dc06c5946b2139d3b1872361) Importer(815301076,1909f56bfc062723c751e8b465ee728b)
Start importing Assets/Resources/ModernHouseInteriorProps/Textures/Tiling Textures/AltFiletype/ceramic_AltFiletype/ceramic_PorcelainPlain_specular.tif using Guid(ca750890dc06c5946b2139d3b1872361) Importer(815301076,1909f56bfc062723c751e8b465ee728b)  -> (artifact id: '34d604b41574a435812943c64766b56d') in 0.008987 seconds 
========================================================================
Received Import Request.
  Time since last request: 0.000086 seconds.
  path: Assets/Resources/Complete_Home_Interior_Pack/CHIP_Materials/MAT_Plastic/MAT_PLA_Plastic_10_black.mat
  artifactKey: Guid(6ccea6c84b209d043b03ce73db09f80e) Importer(815301076,1909f56bfc062723c751e8b465ee728b)
Start importing Assets/Resources/Complete_Home_Interior_Pack/CHIP_Materials/MAT_Plastic/MAT_PLA_Plastic_10_black.mat using Guid(6ccea6c84b209d043b03ce73db09f80e) Importer(815301076,1909f56bfc062723c751e8b465ee728b)  -> (artifact id: '15cee3dbd9270077771b82745b561d76') in 0.127455 seconds 
========================================================================
Received Import Request.
  Time since last request: 0.000084 seconds.
  path: Assets/3DModels/_Props/Beverage/Wine_3/Textures/cgaxis_models_13_22_01_displace.jpg
  artifactKey: Guid(ed65f165ddf364c3394af398cd84dd8a) Importer(815301076,1909f56bfc062723c751e8b465ee728b)
Start importing Assets/3DModels/_Props/Beverage/Wine_3/Textures/cgaxis_models_13_22_01_displace.jpg using Guid(ed65f165ddf364c3394af398cd84dd8a) Importer(815301076,1909f56bfc062723c751e8b465ee728b)  -> (artifact id: 'e56a61b5ebd03bc2a281fdad27dcb515') in 0.115623 seconds 
========================================================================
Received Import Request.
  Time since last request: 0.000067 seconds.
  path: Assets/Resources/Complete_Home_Interior_Pack/NEKOBOLT_Demo_Packs/Farmers_Market_Gourmet_Pack_DEMO/FMGP_Materials/FMGP_MAT_Apple_Plum_Milk_1024.mat
  artifactKey: Guid(612f5cbb9398644c68a48e4c52eb918a) Importer(815301076,1909f56bfc062723c751e8b465ee728b)
Start importing Assets/Resources/Complete_Home_Interior_Pack/NEKOBOLT_Demo_Packs/Farmers_Market_Gourmet_Pack_DEMO/FMGP_Materials/FMGP_MAT_Apple_Plum_Milk_1024.mat using Guid(612f5cbb9398644c68a48e4c52eb918a) Importer(815301076,1909f56bfc062723c751e8b465ee728b)  -> (artifact id: 'ba75502da6759b50ef0292ecc5fae413') in 0.026894 seconds 
========================================================================
Received Import Request.
  Time since last request: 0.000056 seconds.
  path: Assets/Resources/ModernHouseInteriorProps/Models/Modern House/Materials/mH_DinnerPlate_Mat.mat
  artifactKey: Guid(67e565b32b4b3cc4fb586bab1b642a31) Importer(815301076,1909f56bfc062723c751e8b465ee728b)
Start importing Assets/Resources/ModernHouseInteriorProps/Models/Modern House/Materials/mH_DinnerPlate_Mat.mat using Guid(67e565b32b4b3cc4fb586bab1b642a31) Importer(815301076,1909f56bfc062723c751e8b465ee728b)  -> (artifact id: '12cd51d4d3ea1fab7891588592f95128') in 0.016471 seconds 
========================================================================
Received Import Request.
  Time since last request: 0.000079 seconds.
  path: Assets/Resources/ModernHouseInteriorProps/Textures/Original Textures/fireplaceStone_s.tga
  artifactKey: Guid(c46791b265a2f074f94b4748abc21903) Importer(815301076,1909f56bfc062723c751e8b465ee728b)
Start importing Assets/Resources/ModernHouseInteriorProps/Textures/Original Textures/fireplaceStone_s.tga using Guid(c46791b265a2f074f94b4748abc21903) Importer(815301076,1909f56bfc062723c751e8b465ee728b)  -> (artifact id: 'c127e36cea05e3e103115ea51c153f1a') in 0.111312 seconds 
========================================================================
Received Import Request.
  Time since last request: 0.000082 seconds.
  path: Assets/Resources/Complete_Home_Interior_Pack/CHIP_Materials/MAT_Plastic/MAT_PLA_Plastic_08_02(Larger).mat
  artifactKey: Guid(0fe09819dc4b95247a1e7132a20ba9d9) Importer(815301076,1909f56bfc062723c751e8b465ee728b)
Start importing Assets/Resources/Complete_Home_Interior_Pack/CHIP_Materials/MAT_Plastic/MAT_PLA_Plastic_08_02(Larger).mat using Guid(0fe09819dc4b95247a1e7132a20ba9d9) Importer(815301076,1909f56bfc062723c751e8b465ee728b)  -> (artifact id: 'f652832f55c1d6298be3a1f9f8481e4b') in 0.014182 seconds 
========================================================================
Received Import Request.
  Time since last request: 0.000054 seconds.
  path: Assets/Resources/Complete_Home_Interior_Pack/CHIP_Materials/MAT_Plastic/MAT_PLA_Plastic_06_02(Larger).mat
  artifactKey: Guid(a368195abb1e3b442b507fd91d13c181) Importer(815301076,1909f56bfc062723c751e8b465ee728b)
Start importing Assets/Resources/Complete_Home_Interior_Pack/CHIP_Materials/MAT_Plastic/MAT_PLA_Plastic_06_02(Larger).mat using Guid(a368195abb1e3b442b507fd91d13c181) Importer(815301076,1909f56bfc062723c751e8b465ee728b)  -> (artifact id: '90d3296510e862a30fe286a815c19ff2') in 0.016536 seconds 
========================================================================
Received Import Request.
  Time since last request: 0.000058 seconds.
  path: Assets/Standard Assets/Vehicles/Aircraft/Models/AircraftWingsJet.fbx
  artifactKey: Guid(63742edd796d522458d772b44affdf9b) Importer(815301076,1909f56bfc062723c751e8b465ee728b)
Start importing Assets/Standard Assets/Vehicles/Aircraft/Models/AircraftWingsJet.fbx using Guid(63742edd796d522458d772b44affdf9b) Importer(815301076,1909f56bfc062723c751e8b465ee728b)  -> (artifact id: '86bfd8c7862dadb457603583f8cf4460') in 0.348637 seconds 
========================================================================
Received Import Request.
  Time since last request: 0.000053 seconds.
  path: Assets/Resources/PrefabsForInteractables/Prefabs/DesktopLight.prefab
  artifactKey: Guid(ff2524a76c2244a29a1e631ad65206ca) Importer(815301076,1909f56bfc062723c751e8b465ee728b)
Start importing Assets/Resources/PrefabsForInteractables/Prefabs/DesktopLight.prefab using Guid(ff2524a76c2244a29a1e631ad65206ca) Importer(815301076,1909f56bfc062723c751e8b465ee728b)  -> (artifact id: 'baa654951f4813a50a88f67a95bea7d9') in 0.006510 seconds 
========================================================================
Received Import Request.
  Time since last request: 0.000060 seconds.
  path: Assets/Resources/Complete_Home_Interior_Pack/CHIP_Materials/MAT_Plastic/MAT_PLA_Plastic_04_01.mat
  artifactKey: Guid(d725f5291eb749a40a9ec6338766d0ce) Importer(815301076,1909f56bfc062723c751e8b465ee728b)
Start importing Assets/Resources/Complete_Home_Interior_Pack/CHIP_Materials/MAT_Plastic/MAT_PLA_Plastic_04_01.mat using Guid(d725f5291eb749a40a9ec6338766d0ce) Importer(815301076,1909f56bfc062723c751e8b465ee728b)  -> (artifact id: '3b18a2805a07526463d7648048828e8f') in 0.015464 seconds 
========================================================================
Received Import Request.
  Time since last request: 0.000142 seconds.
  path: Assets/Resources/Complete_Home_Interior_Pack/NEKOBOLT_Demo_Packs/Dessert_Heaven_Pack_DEMO/DHP_Prefabs/DHP_PRE_Apple_pie_1024.prefab
  artifactKey: Guid(4c87a258f688d72468a22bc5647c634c) Importer(815301076,1909f56bfc062723c751e8b465ee728b)
Start importing Assets/Resources/Complete_Home_Interior_Pack/NEKOBOLT_Demo_Packs/Dessert_Heaven_Pack_DEMO/DHP_Prefabs/DHP_PRE_Apple_pie_1024.prefab using Guid(4c87a258f688d72468a22bc5647c634c) Importer(815301076,1909f56bfc062723c751e8b465ee728b)  -> (artifact id: '9ca5ec0e56b4d6c5370f680704d0cd22') in 0.038004 seconds 
========================================================================
Received Import Request.
  Time since last request: 0.000058 seconds.
  path: Assets/Resources/Complete_Home_Interior_Pack/NEKOBOLT_Demo_Packs/Farmers_Market_Gourmet_Pack_DEMO/FMGP_Models/FMGP_MOD_Plum.fbx
  artifactKey: Guid(12e77729e546249ffb04ceb928956bdd) Importer(815301076,1909f56bfc062723c751e8b465ee728b)
Start importing Assets/Resources/Complete_Home_Interior_Pack/NEKOBOLT_Demo_Packs/Farmers_Market_Gourmet_Pack_DEMO/FMGP_Models/FMGP_MOD_Plum.fbx using Guid(12e77729e546249ffb04ceb928956bdd) Importer(815301076,1909f56bfc062723c751e8b465ee728b)  -> (artifact id: '3637cdc513231c28a269ddf3354e9b80') in 0.013654 seconds 
========================================================================
Received Import Request.
  Time since last request: 0.000054 seconds.
  path: Assets/Resources/ModernHouseInteriorProps/Models/Modern House/Materials/mH_DinnerPlate_Mat02.mat
  artifactKey: Guid(fc914ea1e6e913640b8a3d157a691432) Importer(815301076,1909f56bfc062723c751e8b465ee728b)
Start importing Assets/Resources/ModernHouseInteriorProps/Models/Modern House/Materials/mH_DinnerPlate_Mat02.mat using Guid(fc914ea1e6e913640b8a3d157a691432) Importer(815301076,1909f56bfc062723c751e8b465ee728b)  -> (artifact id: '254d86c4ff45a264d285fda0eaa3f7e2') in 0.014766 seconds 
========================================================================
Received Import Request.
  Time since last request: 0.000061 seconds.
  path: Assets/Resources/Complete_Home_Interior_Pack/CHIP_Materials/MAT_Plastic/MAT_PLA_Plastic_07_01.mat
  artifactKey: Guid(84700f60a12dd6c4881d92d33983e8b7) Importer(815301076,1909f56bfc062723c751e8b465ee728b)
Start importing Assets/Resources/Complete_Home_Interior_Pack/CHIP_Materials/MAT_Plastic/MAT_PLA_Plastic_07_01.mat using Guid(84700f60a12dd6c4881d92d33983e8b7) Importer(815301076,1909f56bfc062723c751e8b465ee728b)  -> (artifact id: '29ccd3dea84abd2758e27b5a15021dbe') in 0.015550 seconds 
========================================================================
Received Import Request.
  Time since last request: 0.000055 seconds.
  path: Assets/3DModels/_Appliances/StoveFan/StoveFan_3/Vent Siemens N280216.3DS
  artifactKey: Guid(ae9accd1532ea4a0494273f4261de198) Importer(815301076,1909f56bfc062723c751e8b465ee728b)
Start importing Assets/3DModels/_Appliances/StoveFan/StoveFan_3/Vent Siemens N280216.3DS using Guid(ae9accd1532ea4a0494273f4261de198) Importer(815301076,1909f56bfc062723c751e8b465ee728b)  -> (artifact id: '48cc0a9d04a02ffe844d34134b497044') in 0.383227 seconds 
========================================================================
Received Import Request.
  Time since last request: 14.988602 seconds.
  path: Assets/Resources/ModernHouseInteriorProps/Models/Modern House/Update 5.0/Materials/office_Table01_Mat02.mat
  artifactKey: Guid(4298579309c886549b1192de8903e86d) Importer(815301076,1909f56bfc062723c751e8b465ee728b)
Start importing Assets/Resources/ModernHouseInteriorProps/Models/Modern House/Update 5.0/Materials/office_Table01_Mat02.mat using Guid(4298579309c886549b1192de8903e86d) Importer(815301076,1909f56bfc062723c751e8b465ee728b)  -> (artifact id: '34706dc03135a0354c8b52f5e4068f55') in 0.214814 seconds 
========================================================================
Received Import Request.
  Time since last request: 10.934119 seconds.
  path: Assets/Resources/ExtraObjects/models/Garbage_Can_8/Materials/_Gainsboro_.mat
  artifactKey: Guid(7b22087c26bed4f5fb51d7454d6c4ce0) Importer(815301076,1909f56bfc062723c751e8b465ee728b)
Start importing Assets/Resources/ExtraObjects/models/Garbage_Can_8/Materials/_Gainsboro_.mat using Guid(7b22087c26bed4f5fb51d7454d6c4ce0) Importer(815301076,1909f56bfc062723c751e8b465ee728b)  -> (artifact id: '879fef4f3e09bcd5c47527202414caff') in 0.013050 seconds 
========================================================================
Received Import Request.
  Time since last request: 0.000061 seconds.
  path: Assets/Resources/ExtraObjects/models/Garbage_Can_6/Materials/_Gainsboro_.mat
  artifactKey: Guid(54adfb4f67e284587a7579433b6cc70e) Importer(815301076,1909f56bfc062723c751e8b465ee728b)
Start importing Assets/Resources/ExtraObjects/models/Garbage_Can_6/Materials/_Gainsboro_.mat using Guid(54adfb4f67e284587a7579433b6cc70e) Importer(815301076,1909f56bfc062723c751e8b465ee728b)  -> (artifact id: 'a36762b3b8977f9c733d41e23d9b6e4a') in 0.007576 seconds 
Editor requested this worker to shutdown with reason: Scaling down because of idle timeout
AssetImportWorker is now disconnected from the server
Process exiting
