Unity Editor version:    2021.2.10f1 (ee872746220e)
Branch:                  2021.2/staging
Build type:              Release
Batch mode:              YES
macOS version:           Version 12.1 (Build 21C52)
Darwin version:          21.2.0
Architecture:            x86_64
Running under Rosetta:   NO
Available memory:        65536 MB
Using pre-set license
Pro License: NO

COMMAND LINE ARGUMENTS:
/Applications/Unity/Hub/Editor/2021.2.10f1/Unity.app/Contents/MacOS/Unity
-adb2
-batchMode
-noUpm
-name
AssetImportWorker13
-projectPath
/Users/kabirswain/Documents/GitHub/virtualhome_unity
-logFile
Logs/AssetImportWorker13.log
-srvPort
55105
Successfully changed project path to: /Users/kabirswain/Documents/GitHub/virtualhome_unity
/Users/kabirswain/Documents/GitHub/virtualhome_unity
[UnityMemory] Configuration Parameters - Can be set up in boot.config
    "memorysetup-bucket-allocator-granularity=16"
    "memorysetup-bucket-allocator-bucket-count=8"
    "memorysetup-bucket-allocator-block-size=33554432"
    "memorysetup-bucket-allocator-block-count=8"
    "memorysetup-main-allocator-block-size=16777216"
    "memorysetup-thread-allocator-block-size=16777216"
    "memorysetup-gfx-main-allocator-block-size=16777216"
    "memorysetup-gfx-thread-allocator-block-size=16777216"
    "memorysetup-cache-allocator-block-size=4194304"
    "memorysetup-typetree-allocator-block-size=2097152"
    "memorysetup-profiler-bucket-allocator-granularity=16"
    "memorysetup-profiler-bucket-allocator-bucket-count=8"
    "memorysetup-profiler-bucket-allocator-block-size=33554432"
    "memorysetup-profiler-bucket-allocator-block-count=8"
    "memorysetup-profiler-allocator-block-size=16777216"
    "memorysetup-profiler-editor-allocator-block-size=1048576"
    "memorysetup-temp-allocator-size-main=16777216"
    "memorysetup-job-temp-allocator-block-size=2097152"
    "memorysetup-job-temp-allocator-block-size-background=1048576"
    "memorysetup-job-temp-allocator-reduction-small-platforms=262144"
    "memorysetup-temp-allocator-size-background-worker=32768"
    "memorysetup-temp-allocator-size-job-worker=262144"
    "memorysetup-temp-allocator-size-preload-manager=33554432"
    "memorysetup-temp-allocator-size-nav-mesh-worker=65536"
    "memorysetup-temp-allocator-size-audio-worker=65536"
    "memorysetup-temp-allocator-size-cloud-worker=32768"
    "memorysetup-temp-allocator-size-gi-baking-worker=262144"
    "memorysetup-temp-allocator-size-gfx=262144"
Refreshing native plugins compatible for Editor in 159.36 ms, found 2 plugins.
Preloading 0 native plugins for Editor in 0.00 ms.
Initialize engine version: 2021.2.10f1 (ee872746220e)
[Subsystems] Discovering subsystems at path /Applications/Unity/Hub/Editor/2021.2.10f1/Unity.app/Contents/Resources/UnitySubsystems
[Subsystems] Discovering subsystems at path /Users/kabirswain/Documents/GitHub/virtualhome_unity/Assets
GfxDevice: creating device client; threaded=0; jobified=0
Color LCD preferred device: AMD Radeon Pro 5600M (high power)
Metal devices available: 2
0: AMD Radeon Pro 5600M (high power)
1: Intel(R) UHD Graphics 630 (low power)
Using device AMD Radeon Pro 5600M (high power)
Initializing Metal device caps: AMD Radeon Pro 5600M
Initialize mono
Mono path[0] = '/Applications/Unity/Hub/Editor/2021.2.10f1/Unity.app/Contents/Managed'
Mono path[1] = '/Applications/Unity/Hub/Editor/2021.2.10f1/Unity.app/Contents/MonoBleedingEdge/lib/mono/unityjit-macos'
Mono config path = '/Applications/Unity/Hub/Editor/2021.2.10f1/Unity.app/Contents/MonoBleedingEdge/etc'
Using monoOptions --debugger-agent=transport=dt_socket,embedding=1,server=y,suspend=n,address=127.0.0.1:56979
Begin MonoManager ReloadAssembly
Registering precompiled unity dll's ...
Register platform support module: /Applications/Unity/Hub/Editor/2021.2.10f1/Unity.app/Contents/PlaybackEngines/MacStandaloneSupport/UnityEditor.OSXStandalone.Extensions.dll
Register platform support module: /Applications/Unity/Hub/Editor/2021.2.10f1/PlaybackEngines/WindowsStandaloneSupport/UnityEditor.WindowsStandalone.Extensions.dll
Register platform support module: /Applications/Unity/Hub/Editor/2021.2.10f1/PlaybackEngines/LinuxStandaloneSupport/UnityEditor.LinuxStandalone.Extensions.dll
Registered in 0.005573 seconds.
Native extension for LinuxStandalone target not found
Native extension for WindowsStandalone target not found
Native extension for OSXStandalone target not found
Refreshing native plugins compatible for Editor in 146.06 ms, found 2 plugins.
Preloading 0 native plugins for Editor in 0.00 ms.
Mono: successfully reloaded assembly
- Completed reload, in  0.868 seconds
Domain Reload Profiling:
	ReloadAssembly (869ms)
		BeginReloadAssembly (126ms)
			ExecutionOrderSort (0ms)
			DisableScriptedObjects (0ms)
			BackupInstance (0ms)
			ReleaseScriptingObjects (0ms)
			CreateAndSetChildDomain (1ms)
		EndReloadAssembly (641ms)
			LoadAssemblies (128ms)
			RebuildTransferFunctionScriptingTraits (0ms)
			SetupTypeCache (144ms)
			ReleaseScriptCaches (0ms)
			RebuildScriptCaches (36ms)
			SetupLoadedEditorAssemblies (396ms)
				LogAssemblyErrors (0ms)
				InitializePlatformSupportModulesInManaged (18ms)
				SetLoadedEditorAssemblies (0ms)
				RefreshPlugins (146ms)
				BeforeProcessingInitializeOnLoad (1ms)
				ProcessInitializeOnLoadAttributes (177ms)
				ProcessInitializeOnLoadMethodAttributes (53ms)
				AfterProcessingInitializeOnLoad (0ms)
				EditorAssembliesLoaded (0ms)
			ExecutionOrderSort2 (0ms)
			AwakeInstancesAfterBackupRestoration (0ms)
Platform modules already initialized, skipping
Registering precompiled user dll's ...
Registered in 0.002392 seconds.
Begin MonoManager ReloadAssembly
Native extension for LinuxStandalone target not found
Native extension for WindowsStandalone target not found
Native extension for OSXStandalone target not found
Refreshing native plugins compatible for Editor in 2.35 ms, found 2 plugins.
Preloading 0 native plugins for Editor in 0.00 ms.
Package Manager log level set to [2]
Mono: successfully reloaded assembly
- Completed reload, in  1.439 seconds
Domain Reload Profiling:
	ReloadAssembly (1440ms)
		BeginReloadAssembly (126ms)
			ExecutionOrderSort (0ms)
			DisableScriptedObjects (9ms)
			BackupInstance (0ms)
			ReleaseScriptingObjects (0ms)
			CreateAndSetChildDomain (30ms)
		EndReloadAssembly (1194ms)
			LoadAssemblies (106ms)
			RebuildTransferFunctionScriptingTraits (0ms)
			SetupTypeCache (289ms)
			ReleaseScriptCaches (1ms)
			RebuildScriptCaches (84ms)
			SetupLoadedEditorAssemblies (652ms)
				LogAssemblyErrors (0ms)
				InitializePlatformSupportModulesInManaged (14ms)
				SetLoadedEditorAssemblies (1ms)
				RefreshPlugins (2ms)
				BeforeProcessingInitializeOnLoad (77ms)
				ProcessInitializeOnLoadAttributes (346ms)
				ProcessInitializeOnLoadMethodAttributes (210ms)
				AfterProcessingInitializeOnLoad (2ms)
				EditorAssembliesLoaded (0ms)
			ExecutionOrderSort2 (0ms)
			AwakeInstancesAfterBackupRestoration (4ms)
Platform modules already initialized, skipping
========================================================================
Worker process is ready to serve import requests
Launching external process: /Applications/Unity/Hub/Editor/2021.2.10f1/Unity.app/Contents/Tools/UnityShaderCompiler
Launched and connected shader compiler UnityShaderCompiler after 0.09 seconds
Refreshing native plugins compatible for Editor in 2.06 ms, found 2 plugins.
Preloading 0 native plugins for Editor in 0.00 ms.
Unloading 2947 Unused Serialized files (Serialized files now loaded: 0)
Unloading 70 unused Assets / (1.1 MB). Loaded Objects now: 3406.
Memory consumption went from 279.3 MB to 278.3 MB.
Total: 7.592130 ms (FindLiveObjects: 0.270596 ms CreateObjectMapping: 0.190891 ms MarkObjects: 6.477314 ms  DeleteObjects: 0.637896 ms)

AssetImportParameters requested are different than current active one (requested -> active):
  custom:video-decoder-ogg-theora: a1e56fd34408186e4bbccfd4996cb3dc -> 
  custom:container-muxer-webm: aa71ff27fc2769a1b78a27578f13a17b -> 
  custom:container-demuxer-webm: 4f35f7cbe854078d1ac9338744f61a02 -> 
  custom:video-encoder-webm-vp8: eb34c28f22e8b96e1ab97ce403110664 -> 
  custom:framework-osx-AVFoundation: e770b220cccbd017edd2c1fefb359320 -> 
  custom:audio-encoder-webm-vorbis: bf7c407c2cedff20999df2af8eb42d56 -> 
  custom:container-demuxer-ogg: 62fdf1f143b41e24485cea50d1cbac27 -> 
  custom:video-decoder-webm-vp8: 9c59270c3fd7afecdb556c50c9e8de78 -> 
  custom:audio-decoder-ogg-vorbis: bf7c407c2cedff20999df2af8eb42d56 -> 
========================================================================
Received Import Request.
  Time since last request: 1173763.836689 seconds.
  path: Assets/Resources/FloorPlan/Release/Room/Bedroom/PRE_ROO_Bedroom_10_1.prefab
  artifactKey: Guid(955909bff94584eef83630d133938e6a) Importer(815301076,1909f56bfc062723c751e8b465ee728b)
Start importing Assets/Resources/FloorPlan/Release/Room/Bedroom/PRE_ROO_Bedroom_10_1.prefab using Guid(955909bff94584eef83630d133938e6a) Importer(815301076,1909f56bfc062723c751e8b465ee728b)  -> (artifact id: '987ec848ec9b74d17b7d09d79ef6d69a') in 1.280410 seconds 
========================================================================
Received Import Request.
  Time since last request: 0.000676 seconds.
  path: Assets/Resources/FloorPlan/Release/Room/Bedroom/PRE_ROO_Bedroom_27_1.prefab
  artifactKey: Guid(5c5d3cc7b19d945da920fc60338a1215) Importer(815301076,1909f56bfc062723c751e8b465ee728b)
Start importing Assets/Resources/FloorPlan/Release/Room/Bedroom/PRE_ROO_Bedroom_27_1.prefab using Guid(5c5d3cc7b19d945da920fc60338a1215) Importer(815301076,1909f56bfc062723c751e8b465ee728b)  -> (artifact id: '2207c4925175d6252ebce2b930fb6628') in 0.219087 seconds 
========================================================================
Received Import Request.
  Time since last request: 27.690304 seconds.
  path: Assets/Resources/FloorPlan/Release/Room/Kitchen/PRE_ROO_Kitchen_02.prefab
  artifactKey: Guid(018a604e026e747579cfb9493d82b133) Importer(815301076,1909f56bfc062723c751e8b465ee728b)
Start importing Assets/Resources/FloorPlan/Release/Room/Kitchen/PRE_ROO_Kitchen_02.prefab using Guid(018a604e026e747579cfb9493d82b133) Importer(815301076,1909f56bfc062723c751e8b465ee728b)  -> (artifact id: '512f82bc7b5fd876f877ce6366bd81f7') in 0.374694 seconds 
========================================================================
Received Import Request.
  Time since last request: 0.000062 seconds.
  path: Assets/Resources/FloorPlan/Release/Room/Kitchen/PRE_ROO_Kitchen_19.prefab
  artifactKey: Guid(f3d360562fbd24874a7c795dc23faf3a) Importer(815301076,1909f56bfc062723c751e8b465ee728b)
Start importing Assets/Resources/FloorPlan/Release/Room/Kitchen/PRE_ROO_Kitchen_19.prefab using Guid(f3d360562fbd24874a7c795dc23faf3a) Importer(815301076,1909f56bfc062723c751e8b465ee728b)  -> (artifact id: 'c24abb7739ae2cbf2c1e3ab40c337969') in 0.366478 seconds 
========================================================================
Received Import Request.
  Time since last request: 0.000095 seconds.
  path: Assets/Resources/FloorPlan/Release/Room/Kitchen/PRE_ROO_Kitchen_35.prefab
  artifactKey: Guid(092383bdff67a435fa5861d47cd8fde3) Importer(815301076,1909f56bfc062723c751e8b465ee728b)
Start importing Assets/Resources/FloorPlan/Release/Room/Kitchen/PRE_ROO_Kitchen_35.prefab using Guid(092383bdff67a435fa5861d47cd8fde3) Importer(815301076,1909f56bfc062723c751e8b465ee728b)  -> (artifact id: '7447bb607bf3af06a4e1660d8e296884') in 0.331386 seconds 
========================================================================
Received Import Request.
  Time since last request: 0.000061 seconds.
  path: Assets/Resources/FloorPlan/Release/Room/Kitchen/PRE_ROO_Kitchen_27.prefab
  artifactKey: Guid(87712aa97b28541d8b053255b4153706) Importer(815301076,1909f56bfc062723c751e8b465ee728b)
Start importing Assets/Resources/FloorPlan/Release/Room/Kitchen/PRE_ROO_Kitchen_27.prefab using Guid(87712aa97b28541d8b053255b4153706) Importer(815301076,1909f56bfc062723c751e8b465ee728b)  -> (artifact id: '4ae3bdcf62310d50f029139e62a6d259') in 0.392832 seconds 
========================================================================
Received Import Request.
  Time since last request: 0.000053 seconds.
  path: Assets/Resources/FloorPlan/Release/Home/Home_2.prefab
  artifactKey: Guid(ef698bce72a744e348644e52de15f5ee) Importer(815301076,1909f56bfc062723c751e8b465ee728b)
Start importing Assets/Resources/FloorPlan/Release/Home/Home_2.prefab using Guid(ef698bce72a744e348644e52de15f5ee) Importer(815301076,1909f56bfc062723c751e8b465ee728b)  -> (artifact id: 'f4cf960b199ccfe82bde68bcadbd0349') in 0.733889 seconds 
========================================================================
Received Import Request.
  Time since last request: 0.000084 seconds.
  path: Assets/Resources/FloorPlan/Release/Room/Kitchen/PRE_ROO_Kitchen_39.prefab
  artifactKey: Guid(86b4ca8bee24e432d8804b44ce8625cb) Importer(815301076,1909f56bfc062723c751e8b465ee728b)
Start importing Assets/Resources/FloorPlan/Release/Room/Kitchen/PRE_ROO_Kitchen_39.prefab using Guid(86b4ca8bee24e432d8804b44ce8625cb) Importer(815301076,1909f56bfc062723c751e8b465ee728b)  -> (artifact id: 'd229a9f9ba562b340367d15983bdf308') in 0.321688 seconds 
========================================================================
Received Import Request.
  Time since last request: 0.000076 seconds.
  path: Assets/Resources/FloorPlan/Release/Room/Kitchen/PRE_ROO_Kitchen_20.prefab
  artifactKey: Guid(9fa7707645712434f8a1499a80f2562f) Importer(815301076,1909f56bfc062723c751e8b465ee728b)
Start importing Assets/Resources/FloorPlan/Release/Room/Kitchen/PRE_ROO_Kitchen_20.prefab using Guid(9fa7707645712434f8a1499a80f2562f) Importer(815301076,1909f56bfc062723c751e8b465ee728b)  -> (artifact id: '7eb6291d60a235560d6fd7667f1255b3') in 0.343742 seconds 
========================================================================
Received Import Request.
  Time since last request: 0.000058 seconds.
  path: Assets/Resources/FloorPlan/Release/Room/Kitchen/PRE_ROO_Kitchen_30.prefab
  artifactKey: Guid(c6b6fe525d1354c029fe7a65acf63019) Importer(815301076,1909f56bfc062723c751e8b465ee728b)
Start importing Assets/Resources/FloorPlan/Release/Room/Kitchen/PRE_ROO_Kitchen_30.prefab using Guid(c6b6fe525d1354c029fe7a65acf63019) Importer(815301076,1909f56bfc062723c751e8b465ee728b)  -> (artifact id: '560673f8e6d011147257cf0014780bce') in 0.406123 seconds 
========================================================================
Received Import Request.
  Time since last request: 0.000122 seconds.
  path: Assets/Resources/FloorPlan/Release/Room/Kitchen/PRE_ROO_Kitchen_14.prefab
  artifactKey: Guid(7a5b8eb6991ca4e198947d7d0e742d15) Importer(815301076,1909f56bfc062723c751e8b465ee728b)
Start importing Assets/Resources/FloorPlan/Release/Room/Kitchen/PRE_ROO_Kitchen_14.prefab using Guid(7a5b8eb6991ca4e198947d7d0e742d15) Importer(815301076,1909f56bfc062723c751e8b465ee728b)  -> (artifact id: '20d40701922bc82f7d8bdbb53f649596') in 0.288944 seconds 
========================================================================
Received Import Request.
  Time since last request: 0.000078 seconds.
  path: Assets/Resources/FloorPlan/Release/Room/Kitchen/PRE_ROO_Kitchen_16.prefab
  artifactKey: Guid(9c5c26186740d463088a5cc1528a2325) Importer(815301076,1909f56bfc062723c751e8b465ee728b)
Start importing Assets/Resources/FloorPlan/Release/Room/Kitchen/PRE_ROO_Kitchen_16.prefab using Guid(9c5c26186740d463088a5cc1528a2325) Importer(815301076,1909f56bfc062723c751e8b465ee728b)  -> (artifact id: '291c800805793afd1c5ddb30fa6e574d') in 0.298846 seconds 
========================================================================
Received Import Request.
  Time since last request: 0.000057 seconds.
  path: Assets/Resources/FloorPlan/Release/Room/Kitchen/PRE_ROO_Kitchen_44.prefab
  artifactKey: Guid(617f68cc63cc542f7a404eae495f9db3) Importer(815301076,1909f56bfc062723c751e8b465ee728b)
Start importing Assets/Resources/FloorPlan/Release/Room/Kitchen/PRE_ROO_Kitchen_44.prefab using Guid(617f68cc63cc542f7a404eae495f9db3) Importer(815301076,1909f56bfc062723c751e8b465ee728b)  -> (artifact id: 'b408fc9f16dba46dfd0e9bcd6dc67d87') in 0.423928 seconds 
========================================================================
Received Import Request.
  Time since last request: 29.717325 seconds.
  path: Assets/Resources/FloorPlan/Release/Room/Bathroom/PRE_ROO_Bathroom_02.prefab
  artifactKey: Guid(e72f7ab4d2e1b41d195ff4c1da8c44a1) Importer(815301076,1909f56bfc062723c751e8b465ee728b)
Start importing Assets/Resources/FloorPlan/Release/Room/Bathroom/PRE_ROO_Bathroom_02.prefab using Guid(e72f7ab4d2e1b41d195ff4c1da8c44a1) Importer(815301076,1909f56bfc062723c751e8b465ee728b)  -> (artifact id: 'e26fb30889f987ed1807db0d75651704') in 0.200197 seconds 
========================================================================
Received Import Request.
  Time since last request: 0.000075 seconds.
  path: Assets/Resources/FloorPlan/Release/Room/Bathroom/PRE_ROO_Bathroom_21.prefab
  artifactKey: Guid(d3325f841dcb641758265265b4f8fb85) Importer(815301076,1909f56bfc062723c751e8b465ee728b)
Start importing Assets/Resources/FloorPlan/Release/Room/Bathroom/PRE_ROO_Bathroom_21.prefab using Guid(d3325f841dcb641758265265b4f8fb85) Importer(815301076,1909f56bfc062723c751e8b465ee728b)  -> (artifact id: '216c53d149e31198727e208ecd2e6eec') in 0.204843 seconds 
========================================================================
Received Import Request.
  Time since last request: 0.000068 seconds.
  path: Assets/Resources/FloorPlan/Release/Room/Bathroom/PRE_ROO_Bathroom_45_1.prefab
  artifactKey: Guid(3be33074ddcd842bcbfcd14b555b3529) Importer(815301076,1909f56bfc062723c751e8b465ee728b)
Start importing Assets/Resources/FloorPlan/Release/Room/Bathroom/PRE_ROO_Bathroom_45_1.prefab using Guid(3be33074ddcd842bcbfcd14b555b3529) Importer(815301076,1909f56bfc062723c751e8b465ee728b)  -> (artifact id: 'c15c82da4c5ba216b3ba1c63e527b414') in 0.197832 seconds 
========================================================================
Received Import Request.
  Time since last request: 0.000084 seconds.
  path: Assets/Resources/FloorPlan/Release/Room/Bathroom/PRE_ROO_Bathroom_37.prefab
  artifactKey: Guid(8edb7b7193abe4798afef8689906af45) Importer(815301076,1909f56bfc062723c751e8b465ee728b)
Start importing Assets/Resources/FloorPlan/Release/Room/Bathroom/PRE_ROO_Bathroom_37.prefab using Guid(8edb7b7193abe4798afef8689906af45) Importer(815301076,1909f56bfc062723c751e8b465ee728b)  -> (artifact id: 'a1784c3a70d000d2e6699d8c18108ed3') in 0.224472 seconds 
========================================================================
Received Import Request.
  Time since last request: 0.000070 seconds.
  path: Assets/Resources/FloorPlan/Release/Room/Bathroom/PRE_ROO_Bathroom_06.prefab
  artifactKey: Guid(5f3abe58f3e2e48e0a7de6ed07df4256) Importer(815301076,1909f56bfc062723c751e8b465ee728b)
Start importing Assets/Resources/FloorPlan/Release/Room/Bathroom/PRE_ROO_Bathroom_06.prefab using Guid(5f3abe58f3e2e48e0a7de6ed07df4256) Importer(815301076,1909f56bfc062723c751e8b465ee728b)  -> (artifact id: 'c1c1ee9d78c0b7a2d57018aabd0344c4') in 0.212569 seconds 
========================================================================
Received Import Request.
  Time since last request: 0.000086 seconds.
  path: Assets/Resources/FloorPlan/Release/Room/Bathroom/PRE_ROO_Bathroom_38.prefab
  artifactKey: Guid(42689e0aaa4ee4e62b6fcdfa49967eba) Importer(815301076,1909f56bfc062723c751e8b465ee728b)
Start importing Assets/Resources/FloorPlan/Release/Room/Bathroom/PRE_ROO_Bathroom_38.prefab using Guid(42689e0aaa4ee4e62b6fcdfa49967eba) Importer(815301076,1909f56bfc062723c751e8b465ee728b)  -> (artifact id: 'bdbcce688f6055f809661077e3291586') in 0.240523 seconds 
========================================================================
Received Import Request.
  Time since last request: 0.000054 seconds.
  path: Assets/Resources/FloorPlan/Release/Room/Bathroom/PRE_ROO_Bathroom_22.prefab
  artifactKey: Guid(d06cb7c7e214043dfa47356d8262dc35) Importer(815301076,1909f56bfc062723c751e8b465ee728b)
Start importing Assets/Resources/FloorPlan/Release/Room/Bathroom/PRE_ROO_Bathroom_22.prefab using Guid(d06cb7c7e214043dfa47356d8262dc35) Importer(815301076,1909f56bfc062723c751e8b465ee728b)  -> (artifact id: '51af7bcaf44c67536a577f8c30ac29ef') in 0.187692 seconds 
========================================================================
Received Import Request.
  Time since last request: 0.000078 seconds.
  path: Assets/Resources/FloorPlan/Release/Room/Bathroom/PRE_ROO_Bathroom_29.prefab
  artifactKey: Guid(9763d7c90e871431d8ecf5f896a28c84) Importer(815301076,1909f56bfc062723c751e8b465ee728b)
Start importing Assets/Resources/FloorPlan/Release/Room/Bathroom/PRE_ROO_Bathroom_29.prefab using Guid(9763d7c90e871431d8ecf5f896a28c84) Importer(815301076,1909f56bfc062723c751e8b465ee728b)  -> (artifact id: '2063bedc3ac326ee15d7d6e9819aa5af') in 0.189356 seconds 
========================================================================
Received Import Request.
  Time since last request: 0.000064 seconds.
  path: Assets/Resources/FloorPlan/Release/Room/Bathroom/PRE_ROO_Bathroom_26.prefab
  artifactKey: Guid(943ec647d910b451fa849d69677bc8ed) Importer(815301076,1909f56bfc062723c751e8b465ee728b)
Start importing Assets/Resources/FloorPlan/Release/Room/Bathroom/PRE_ROO_Bathroom_26.prefab using Guid(943ec647d910b451fa849d69677bc8ed) Importer(815301076,1909f56bfc062723c751e8b465ee728b)  -> (artifact id: 'f63dc2d54bce37f4958eb6c550fa19b0') in 0.220535 seconds 
========================================================================
Received Import Request.
  Time since last request: 0.000067 seconds.
  path: Assets/Resources/FloorPlan/Release/Room/Bathroom/PRE_ROO_Bathroom_39.prefab
  artifactKey: Guid(cdc5ce6417e564f27bcf8288466fb577) Importer(815301076,1909f56bfc062723c751e8b465ee728b)
Start importing Assets/Resources/FloorPlan/Release/Room/Bathroom/PRE_ROO_Bathroom_39.prefab using Guid(cdc5ce6417e564f27bcf8288466fb577) Importer(815301076,1909f56bfc062723c751e8b465ee728b)  -> (artifact id: '7b6817c1389f8beae27f0184b64bc638') in 0.206539 seconds 
========================================================================
Received Import Request.
  Time since last request: 17.340363 seconds.
  path: Assets/Resources/FloorPlan/Release/Room/Livingroom/PRE_ROO_Livingroom_02.prefab
  artifactKey: Guid(73e08cb0058a7454c8ab0683fe39e2e5) Importer(815301076,1909f56bfc062723c751e8b465ee728b)
Start importing Assets/Resources/FloorPlan/Release/Room/Livingroom/PRE_ROO_Livingroom_02.prefab using Guid(73e08cb0058a7454c8ab0683fe39e2e5) Importer(815301076,1909f56bfc062723c751e8b465ee728b)  -> (artifact id: '481d0fb83c0ecf7fa08bb9937227a5c9') in 0.206089 seconds 
========================================================================
Received Import Request.
  Time since last request: 0.000065 seconds.
  path: Assets/Resources/FloorPlan/Release/Room/Livingroom/PRE_ROO_Livingroom_30_1.prefab
  artifactKey: Guid(9312d44d594ee4bca85766cdcd9878b1) Importer(815301076,1909f56bfc062723c751e8b465ee728b)
Start importing Assets/Resources/FloorPlan/Release/Room/Livingroom/PRE_ROO_Livingroom_30_1.prefab using Guid(9312d44d594ee4bca85766cdcd9878b1) Importer(815301076,1909f56bfc062723c751e8b465ee728b)  -> (artifact id: '889d6d5da7d137cbb2a0bf3195df792e') in 0.345370 seconds 
========================================================================
Received Import Request.
  Time since last request: 0.000073 seconds.
  path: Assets/Resources/FloorPlan/Release/Room/Livingroom/PRE_ROO_Livingroom_35.prefab
  artifactKey: Guid(40b55f42e216240a2837cd849b527c7f) Importer(815301076,1909f56bfc062723c751e8b465ee728b)
Start importing Assets/Resources/FloorPlan/Release/Room/Livingroom/PRE_ROO_Livingroom_35.prefab using Guid(40b55f42e216240a2837cd849b527c7f) Importer(815301076,1909f56bfc062723c751e8b465ee728b)  -> (artifact id: 'c1aa905aacf01cad7d5ed26488e451af') in 0.260739 seconds 
========================================================================
Received Import Request.
  Time since last request: 0.000061 seconds.
  path: Assets/Resources/FloorPlan/Release/Room/Livingroom/PRE_ROO_Livingroom_27.prefab
  artifactKey: Guid(965e69fe0d24a43eb9ca78c689293f1d) Importer(815301076,1909f56bfc062723c751e8b465ee728b)
Start importing Assets/Resources/FloorPlan/Release/Room/Livingroom/PRE_ROO_Livingroom_27.prefab using Guid(965e69fe0d24a43eb9ca78c689293f1d) Importer(815301076,1909f56bfc062723c751e8b465ee728b)  -> (artifact id: '8c723acb9de026566025addc61eaa7b0') in 0.346993 seconds 
========================================================================
Received Import Request.
  Time since last request: 0.000049 seconds.
  path: Assets/Resources/FloorPlan/Release/Room/Livingroom/PRE_ROO_Livingroom_23.prefab
  artifactKey: Guid(78aafb077bcc84f5587b963259586506) Importer(815301076,1909f56bfc062723c751e8b465ee728b)
Start importing Assets/Resources/FloorPlan/Release/Room/Livingroom/PRE_ROO_Livingroom_23.prefab using Guid(78aafb077bcc84f5587b963259586506) Importer(815301076,1909f56bfc062723c751e8b465ee728b)  -> (artifact id: '399faa9560b984867017fa3ad5532a58') in 0.180314 seconds 
========================================================================
Received Import Request.
  Time since last request: 0.000057 seconds.
  path: Assets/Resources/FloorPlan/Release/Room/Livingroom/PRE_ROO_Livingroom_13.prefab
  artifactKey: Guid(e6fa6c8afb3864578ae3e5211a0cc836) Importer(815301076,1909f56bfc062723c751e8b465ee728b)
Start importing Assets/Resources/FloorPlan/Release/Room/Livingroom/PRE_ROO_Livingroom_13.prefab using Guid(e6fa6c8afb3864578ae3e5211a0cc836) Importer(815301076,1909f56bfc062723c751e8b465ee728b)  -> (artifact id: '8dcc45336599db1765ec5a82249c7ade') in 0.360782 seconds 
========================================================================
Received Import Request.
  Time since last request: 0.000083 seconds.
  path: Assets/Resources/FloorPlan/Release/Room/Livingroom/PRE_ROO_Livingroom_48.prefab
  artifactKey: Guid(94afa60d0bc8e4ef2b22cbbf1ec8fb24) Importer(815301076,1909f56bfc062723c751e8b465ee728b)
Start importing Assets/Resources/FloorPlan/Release/Room/Livingroom/PRE_ROO_Livingroom_48.prefab using Guid(94afa60d0bc8e4ef2b22cbbf1ec8fb24) Importer(815301076,1909f56bfc062723c751e8b465ee728b)  -> (artifact id: 'ec8ebab20b381eade3db1ff0d092db41') in 0.427827 seconds 
========================================================================
Received Import Request.
  Time since last request: 0.000061 seconds.
  path: Assets/Resources/FloorPlan/Release/Room/Livingroom/PRE_ROO_Livingroom_44.prefab
  artifactKey: Guid(2abf339e6ca2f4aef8d893c5d81eda55) Importer(815301076,1909f56bfc062723c751e8b465ee728b)
Start importing Assets/Resources/FloorPlan/Release/Room/Livingroom/PRE_ROO_Livingroom_44.prefab using Guid(2abf339e6ca2f4aef8d893c5d81eda55) Importer(815301076,1909f56bfc062723c751e8b465ee728b)  -> (artifact id: '44636827d78fb75a45f42007e6f439f9') in 0.520417 seconds 
Editor requested this worker to shutdown with reason: Scaling down because of idle timeout
AssetImportWorker is now disconnected from the server
Process exiting
