Unity Editor version:    2021.2.10f1 (ee872746220e)
Branch:                  2021.2/staging
Build type:              Release
Batch mode:              YES
macOS version:           Version 12.1 (Build 21C52)
Darwin version:          21.2.0
Architecture:            x86_64
Running under Rosetta:   NO
Available memory:        65536 MB
Using pre-set license
Pro License: NO

COMMAND LINE ARGUMENTS:
/Applications/Unity/Hub/Editor/2021.2.10f1/Unity.app/Contents/MacOS/Unity
-adb2
-batchMode
-noUpm
-name
AssetImportWorker12
-projectPath
/Users/kabirswain/Documents/GitHub/virtualhome_unity
-logFile
Logs/AssetImportWorker12.log
-srvPort
60637
Successfully changed project path to: /Users/kabirswain/Documents/GitHub/virtualhome_unity
/Users/kabirswain/Documents/GitHub/virtualhome_unity
[UnityMemory] Configuration Parameters - Can be set up in boot.config
    "memorysetup-bucket-allocator-granularity=16"
    "memorysetup-bucket-allocator-bucket-count=8"
    "memorysetup-bucket-allocator-block-size=33554432"
    "memorysetup-bucket-allocator-block-count=8"
    "memorysetup-main-allocator-block-size=16777216"
    "memorysetup-thread-allocator-block-size=16777216"
    "memorysetup-gfx-main-allocator-block-size=16777216"
    "memorysetup-gfx-thread-allocator-block-size=16777216"
    "memorysetup-cache-allocator-block-size=4194304"
    "memorysetup-typetree-allocator-block-size=2097152"
    "memorysetup-profiler-bucket-allocator-granularity=16"
    "memorysetup-profiler-bucket-allocator-bucket-count=8"
    "memorysetup-profiler-bucket-allocator-block-size=33554432"
    "memorysetup-profiler-bucket-allocator-block-count=8"
    "memorysetup-profiler-allocator-block-size=16777216"
    "memorysetup-profiler-editor-allocator-block-size=1048576"
    "memorysetup-temp-allocator-size-main=16777216"
    "memorysetup-job-temp-allocator-block-size=2097152"
    "memorysetup-job-temp-allocator-block-size-background=1048576"
    "memorysetup-job-temp-allocator-reduction-small-platforms=262144"
    "memorysetup-temp-allocator-size-background-worker=32768"
    "memorysetup-temp-allocator-size-job-worker=262144"
    "memorysetup-temp-allocator-size-preload-manager=33554432"
    "memorysetup-temp-allocator-size-nav-mesh-worker=65536"
    "memorysetup-temp-allocator-size-audio-worker=65536"
    "memorysetup-temp-allocator-size-cloud-worker=32768"
    "memorysetup-temp-allocator-size-gi-baking-worker=262144"
    "memorysetup-temp-allocator-size-gfx=262144"
Refreshing native plugins compatible for Editor in 175.59 ms, found 1 plugins.
Preloading 0 native plugins for Editor in 0.00 ms.
Initialize engine version: 2021.2.10f1 (ee872746220e)
[Subsystems] Discovering subsystems at path /Applications/Unity/Hub/Editor/2021.2.10f1/Unity.app/Contents/Resources/UnitySubsystems
[Subsystems] Discovering subsystems at path /Users/kabirswain/Documents/GitHub/virtualhome_unity/Assets
GfxDevice: creating device client; threaded=0; jobified=0
Color LCD preferred device: AMD Radeon Pro 5600M (high power)
Metal devices available: 2
0: AMD Radeon Pro 5600M (high power)
1: Intel(R) UHD Graphics 630 (low power)
Using device AMD Radeon Pro 5600M (high power)
Initializing Metal device caps: AMD Radeon Pro 5600M
Initialize mono
Mono path[0] = '/Applications/Unity/Hub/Editor/2021.2.10f1/Unity.app/Contents/Managed'
Mono path[1] = '/Applications/Unity/Hub/Editor/2021.2.10f1/Unity.app/Contents/MonoBleedingEdge/lib/mono/unityjit-macos'
Mono config path = '/Applications/Unity/Hub/Editor/2021.2.10f1/Unity.app/Contents/MonoBleedingEdge/etc'
Using monoOptions --debugger-agent=transport=dt_socket,embedding=1,server=y,suspend=n,address=127.0.0.1:56963
Begin MonoManager ReloadAssembly
Registering precompiled unity dll's ...
Register platform support module: /Applications/Unity/Hub/Editor/2021.2.10f1/Unity.app/Contents/PlaybackEngines/MacStandaloneSupport/UnityEditor.OSXStandalone.Extensions.dll
Register platform support module: /Applications/Unity/Hub/Editor/2021.2.10f1/PlaybackEngines/WindowsStandaloneSupport/UnityEditor.WindowsStandalone.Extensions.dll
Register platform support module: /Applications/Unity/Hub/Editor/2021.2.10f1/PlaybackEngines/LinuxStandaloneSupport/UnityEditor.LinuxStandalone.Extensions.dll
Registered in 0.001774 seconds.
Native extension for LinuxStandalone target not found
Native extension for WindowsStandalone target not found
Native extension for OSXStandalone target not found
Refreshing native plugins compatible for Editor in 148.33 ms, found 1 plugins.
Preloading 0 native plugins for Editor in 0.00 ms.
Mono: successfully reloaded assembly
- Completed reload, in  0.786 seconds
Domain Reload Profiling:
	ReloadAssembly (787ms)
		BeginReloadAssembly (63ms)
			ExecutionOrderSort (0ms)
			DisableScriptedObjects (0ms)
			BackupInstance (0ms)
			ReleaseScriptingObjects (0ms)
			CreateAndSetChildDomain (1ms)
		EndReloadAssembly (626ms)
			LoadAssemblies (62ms)
			RebuildTransferFunctionScriptingTraits (0ms)
			SetupTypeCache (141ms)
			ReleaseScriptCaches (0ms)
			RebuildScriptCaches (34ms)
			SetupLoadedEditorAssemblies (390ms)
				LogAssemblyErrors (0ms)
				InitializePlatformSupportModulesInManaged (18ms)
				SetLoadedEditorAssemblies (0ms)
				RefreshPlugins (148ms)
				BeforeProcessingInitializeOnLoad (1ms)
				ProcessInitializeOnLoadAttributes (170ms)
				ProcessInitializeOnLoadMethodAttributes (53ms)
				AfterProcessingInitializeOnLoad (0ms)
				EditorAssembliesLoaded (0ms)
			ExecutionOrderSort2 (0ms)
			AwakeInstancesAfterBackupRestoration (0ms)
Platform modules already initialized, skipping
Registering precompiled user dll's ...
Registered in 0.002479 seconds.
Begin MonoManager ReloadAssembly
Native extension for LinuxStandalone target not found
Native extension for WindowsStandalone target not found
Native extension for OSXStandalone target not found
Refreshing native plugins compatible for Editor in 1.82 ms, found 1 plugins.
Preloading 0 native plugins for Editor in 0.00 ms.
Package Manager log level set to [2]
Mono: successfully reloaded assembly
- Completed reload, in  1.281 seconds
Domain Reload Profiling:
	ReloadAssembly (1282ms)
		BeginReloadAssembly (112ms)
			ExecutionOrderSort (0ms)
			DisableScriptedObjects (8ms)
			BackupInstance (0ms)
			ReleaseScriptingObjects (0ms)
			CreateAndSetChildDomain (26ms)
		EndReloadAssembly (1049ms)
			LoadAssemblies (61ms)
			RebuildTransferFunctionScriptingTraits (0ms)
			SetupTypeCache (261ms)
			ReleaseScriptCaches (0ms)
			RebuildScriptCaches (75ms)
			SetupLoadedEditorAssemblies (590ms)
				LogAssemblyErrors (0ms)
				InitializePlatformSupportModulesInManaged (13ms)
				SetLoadedEditorAssemblies (1ms)
				RefreshPlugins (2ms)
				BeforeProcessingInitializeOnLoad (62ms)
				ProcessInitializeOnLoadAttributes (295ms)
				ProcessInitializeOnLoadMethodAttributes (215ms)
				AfterProcessingInitializeOnLoad (2ms)
				EditorAssembliesLoaded (0ms)
			ExecutionOrderSort2 (0ms)
			AwakeInstancesAfterBackupRestoration (4ms)
Platform modules already initialized, skipping
========================================================================
Worker process is ready to serve import requests
Launching external process: /Applications/Unity/Hub/Editor/2021.2.10f1/Unity.app/Contents/Tools/UnityShaderCompiler
Launched and connected shader compiler UnityShaderCompiler after 0.08 seconds
Refreshing native plugins compatible for Editor in 1.83 ms, found 1 plugins.
Preloading 0 native plugins for Editor in 0.00 ms.
Unloading 2712 Unused Serialized files (Serialized files now loaded: 0)
Unloading 45 unused Assets / (1.0 MB). Loaded Objects now: 3177.
Memory consumption went from 256.0 MB to 255.0 MB.
Total: 8.113539 ms (FindLiveObjects: 0.247600 ms CreateObjectMapping: 0.175649 ms MarkObjects: 7.041621 ms  DeleteObjects: 0.647746 ms)

AssetImportParameters requested are different than current active one (requested -> active):
  custom:video-decoder-ogg-theora: a1e56fd34408186e4bbccfd4996cb3dc -> 
  custom:container-muxer-webm: aa71ff27fc2769a1b78a27578f13a17b -> 
  custom:container-demuxer-webm: 4f35f7cbe854078d1ac9338744f61a02 -> 
  custom:video-encoder-webm-vp8: eb34c28f22e8b96e1ab97ce403110664 -> 
  custom:framework-osx-AVFoundation: e770b220cccbd017edd2c1fefb359320 -> 
  custom:audio-encoder-webm-vorbis: bf7c407c2cedff20999df2af8eb42d56 -> 
  custom:container-demuxer-ogg: 62fdf1f143b41e24485cea50d1cbac27 -> 
  custom:video-decoder-webm-vp8: 9c59270c3fd7afecdb556c50c9e8de78 -> 
  custom:audio-decoder-ogg-vorbis: bf7c407c2cedff20999df2af8eb42d56 -> 
========================================================================
Received Import Request.
  Time since last request: 2232768.310512 seconds.
  path: Assets/Resources/Complete_Home_Interior_Pack/CHIP_Materials/MAT_Paint/MAT_PAI_Paint_03_01.mat
  artifactKey: Guid(cdd477b7a31d2c140961112b43c88205) Importer(815301076,1909f56bfc062723c751e8b465ee728b)
Start importing Assets/Resources/Complete_Home_Interior_Pack/CHIP_Materials/MAT_Paint/MAT_PAI_Paint_03_01.mat using Guid(cdd477b7a31d2c140961112b43c88205) Importer(815301076,1909f56bfc062723c751e8b465ee728b)  -> (artifact id: '70f7b00330bcffdd595303040151f135') in 0.272500 seconds 
========================================================================
Received Import Request.
  Time since last request: 0.504710 seconds.
  path: Assets/Resources/Complete_Home_Interior_Pack/CHIP_Materials/MAT_Paint/MAT_PAI_Paint_04_01(Larger).mat
  artifactKey: Guid(ec37a80fb618adc4e9d73da3e7dd7068) Importer(815301076,1909f56bfc062723c751e8b465ee728b)
Start importing Assets/Resources/Complete_Home_Interior_Pack/CHIP_Materials/MAT_Paint/MAT_PAI_Paint_04_01(Larger).mat using Guid(ec37a80fb618adc4e9d73da3e7dd7068) Importer(815301076,1909f56bfc062723c751e8b465ee728b)  -> (artifact id: '2d557ccd96f1c5b5354191637493d39d') in 0.035919 seconds 
========================================================================
Received Import Request.
  Time since last request: 13.939393 seconds.
  path: Assets/Resources/Complete_Home_Interior_Pack/CHIP_Materials/MAT_Glass/MAT_GLA_Glass_01.mat
  artifactKey: Guid(5bd65a120c0e75e41bec87fac8e505ad) Importer(815301076,1909f56bfc062723c751e8b465ee728b)
Start importing Assets/Resources/Complete_Home_Interior_Pack/CHIP_Materials/MAT_Glass/MAT_GLA_Glass_01.mat using Guid(5bd65a120c0e75e41bec87fac8e505ad) Importer(815301076,1909f56bfc062723c751e8b465ee728b)  -> (artifact id: 'e13502250a3460198d0b92d4fc9fcade') in 0.015711 seconds 
========================================================================
Received Import Request.
  Time since last request: 0.000110 seconds.
  path: Assets/Resources/Complete_Home_Interior_Pack/CHIP_Materials/MAT_Glass/MAT_GLA_Glass_03.mat
  artifactKey: Guid(deffcf640e0f48448b9cf980d4374c8e) Importer(815301076,1909f56bfc062723c751e8b465ee728b)
Start importing Assets/Resources/Complete_Home_Interior_Pack/CHIP_Materials/MAT_Glass/MAT_GLA_Glass_03.mat using Guid(deffcf640e0f48448b9cf980d4374c8e) Importer(815301076,1909f56bfc062723c751e8b465ee728b)  -> (artifact id: '6029bd0778e4bcd5c15d0b81f1235817') in 0.016922 seconds 
========================================================================
Received Import Request.
  Time since last request: 0.000063 seconds.
  path: Assets/Resources/Complete_Home_Interior_Pack/CHIP_Materials/MAT_Lamps/MAT_LAM_Ceiling_lamp_02_02.mat
  artifactKey: Guid(b55267ab3adc5e84888b2035c8c0d24f) Importer(815301076,1909f56bfc062723c751e8b465ee728b)
Start importing Assets/Resources/Complete_Home_Interior_Pack/CHIP_Materials/MAT_Lamps/MAT_LAM_Ceiling_lamp_02_02.mat using Guid(b55267ab3adc5e84888b2035c8c0d24f) Importer(815301076,1909f56bfc062723c751e8b465ee728b)  -> (artifact id: 'c2e20754b8795892160e1df8831037c3') in 0.026404 seconds 
========================================================================
Received Import Request.
  Time since last request: 0.000065 seconds.
  path: Assets/Resources/Complete_Home_Interior_Pack/CHIP_Materials/MAT_Glass/MAT_GLA_Glass_02.mat
  artifactKey: Guid(e4941f994e8238d4886d38769871630a) Importer(815301076,1909f56bfc062723c751e8b465ee728b)
Start importing Assets/Resources/Complete_Home_Interior_Pack/CHIP_Materials/MAT_Glass/MAT_GLA_Glass_02.mat using Guid(e4941f994e8238d4886d38769871630a) Importer(815301076,1909f56bfc062723c751e8b465ee728b)  -> (artifact id: '9edf17baeb69845b79a0f3261f709a18') in 0.008631 seconds 
========================================================================
Received Import Request.
  Time since last request: 0.000051 seconds.
  path: Assets/Resources/Complete_Home_Interior_Pack/CHIP_Materials/MAT_Lamps/MAT_LAM_Ceiling_lamp_02_04.mat
  artifactKey: Guid(c6c10dad695b5a34e9a9ae87c0658062) Importer(815301076,1909f56bfc062723c751e8b465ee728b)
Start importing Assets/Resources/Complete_Home_Interior_Pack/CHIP_Materials/MAT_Lamps/MAT_LAM_Ceiling_lamp_02_04.mat using Guid(c6c10dad695b5a34e9a9ae87c0658062) Importer(815301076,1909f56bfc062723c751e8b465ee728b)  -> (artifact id: '252c043e7a5b0067acb604b8bd7fb778') in 0.025148 seconds 
========================================================================
Received Import Request.
  Time since last request: 0.000086 seconds.
  path: Assets/Resources/Complete_Home_Interior_Pack/CHIP_Materials/MAT_Glass/MAT_GLA_Light_bulb_01.mat
  artifactKey: Guid(df20ade2eb768334ab259efc66a7d0f4) Importer(815301076,1909f56bfc062723c751e8b465ee728b)
Start importing Assets/Resources/Complete_Home_Interior_Pack/CHIP_Materials/MAT_Glass/MAT_GLA_Light_bulb_01.mat using Guid(df20ade2eb768334ab259efc66a7d0f4) Importer(815301076,1909f56bfc062723c751e8b465ee728b)  -> (artifact id: '27c3d8d01bd8a2fb658d9c78b534913c') in 0.018875 seconds 
========================================================================
Received Import Request.
  Time since last request: 2.099181 seconds.
  path: Assets/Resources/Complete_Home_Interior_Pack/CHIP_Materials/MAT_Furniture/MAT_FUR_Sofas/MAT_FUR_Sofa_02_02_15.mat
  artifactKey: Guid(1f6a51c0f0aa69942a6f1b2658920f23) Importer(815301076,1909f56bfc062723c751e8b465ee728b)
Start importing Assets/Resources/Complete_Home_Interior_Pack/CHIP_Materials/MAT_Furniture/MAT_FUR_Sofas/MAT_FUR_Sofa_02_02_15.mat using Guid(1f6a51c0f0aa69942a6f1b2658920f23) Importer(815301076,1909f56bfc062723c751e8b465ee728b)  -> (artifact id: 'df08ca8db7f62683e5b32bc59e5706ab') in 0.037667 seconds 
========================================================================
Received Import Request.
  Time since last request: 9.392968 seconds.
  path: Assets/Resources/Complete_Home_Interior_Pack/CHIP_Materials/MAT_Decor/MAT_DEC_Pillows/MAT_DEC_Pillow_01_01_01.mat
  artifactKey: Guid(08b6df78b7874df409f563566dd5a47a) Importer(815301076,1909f56bfc062723c751e8b465ee728b)
Start importing Assets/Resources/Complete_Home_Interior_Pack/CHIP_Materials/MAT_Decor/MAT_DEC_Pillows/MAT_DEC_Pillow_01_01_01.mat using Guid(08b6df78b7874df409f563566dd5a47a) Importer(815301076,1909f56bfc062723c751e8b465ee728b)  -> (artifact id: 'd7c324d54c841cbb14bec268272febab') in 0.020332 seconds 
========================================================================
Received Import Request.
  Time since last request: 0.000091 seconds.
  path: Assets/Resources/Complete_Home_Interior_Pack/CHIP_Materials/MAT_Decor/MAT_DEC_Pillows/MAT_DEC_Pillow_01_01_04.mat
  artifactKey: Guid(d72d68970b6755747a3f581895ef9717) Importer(815301076,1909f56bfc062723c751e8b465ee728b)
Start importing Assets/Resources/Complete_Home_Interior_Pack/CHIP_Materials/MAT_Decor/MAT_DEC_Pillows/MAT_DEC_Pillow_01_01_04.mat using Guid(d72d68970b6755747a3f581895ef9717) Importer(815301076,1909f56bfc062723c751e8b465ee728b)  -> (artifact id: '8d3ed25ab339bb474c3786fa3f4cfd58') in 0.026281 seconds 
========================================================================
Received Import Request.
  Time since last request: 0.000067 seconds.
  path: Assets/Resources/Complete_Home_Interior_Pack/CHIP_Materials/MAT_Decor/MAT_DEC_Pillows/MAT_DEC_Pillow_01_02_01.mat
  artifactKey: Guid(c871c5be4eda27a4bb7246536763d141) Importer(815301076,1909f56bfc062723c751e8b465ee728b)
Start importing Assets/Resources/Complete_Home_Interior_Pack/CHIP_Materials/MAT_Decor/MAT_DEC_Pillows/MAT_DEC_Pillow_01_02_01.mat using Guid(c871c5be4eda27a4bb7246536763d141) Importer(815301076,1909f56bfc062723c751e8b465ee728b)  -> (artifact id: '5fd55d14ced4596dc80b8306b5c680d1') in 0.025615 seconds 
========================================================================
Received Import Request.
  Time since last request: 0.000075 seconds.
  path: Assets/Resources/Complete_Home_Interior_Pack/CHIP_Materials/MAT_Decor/MAT_DEC_Pillows/MAT_DEC_Pillow_01_01_07.mat
  artifactKey: Guid(4401b35de9935e44495f5339a98f9fb5) Importer(815301076,1909f56bfc062723c751e8b465ee728b)
Start importing Assets/Resources/Complete_Home_Interior_Pack/CHIP_Materials/MAT_Decor/MAT_DEC_Pillows/MAT_DEC_Pillow_01_01_07.mat using Guid(4401b35de9935e44495f5339a98f9fb5) Importer(815301076,1909f56bfc062723c751e8b465ee728b)  -> (artifact id: '50d90ae54963b53c298a8a41e360abfa') in 0.019158 seconds 
========================================================================
Received Import Request.
  Time since last request: 1.923702 seconds.
  path: Assets/Resources/Complete_Home_Interior_Pack/CHIP_Materials/MAT_Decor/MAT_DEC_Pillows/MAT_DEC_Pillow_01_02_03.mat
  artifactKey: Guid(65010402184501b4f9c3e1152d823140) Importer(815301076,1909f56bfc062723c751e8b465ee728b)
Start importing Assets/Resources/Complete_Home_Interior_Pack/CHIP_Materials/MAT_Decor/MAT_DEC_Pillows/MAT_DEC_Pillow_01_02_03.mat using Guid(65010402184501b4f9c3e1152d823140) Importer(815301076,1909f56bfc062723c751e8b465ee728b)  -> (artifact id: 'a3ae0289d95b3c873effdb40b35fb0bb') in 0.027259 seconds 
========================================================================
Received Import Request.
  Time since last request: 1.329294 seconds.
  path: Assets/Resources/Complete_Home_Interior_Pack/CHIP_Materials/MAT_Decor/MAT_DEC_Pillows/MAT_DEC_Pillow_01_02_05.mat
  artifactKey: Guid(3aafe444d15b0334b8a980fe3f4350c8) Importer(815301076,1909f56bfc062723c751e8b465ee728b)
Start importing Assets/Resources/Complete_Home_Interior_Pack/CHIP_Materials/MAT_Decor/MAT_DEC_Pillows/MAT_DEC_Pillow_01_02_05.mat using Guid(3aafe444d15b0334b8a980fe3f4350c8) Importer(815301076,1909f56bfc062723c751e8b465ee728b)  -> (artifact id: '79ef2e344d3d8bd4b0f803e7e1b3b141') in 0.025338 seconds 
========================================================================
Received Import Request.
  Time since last request: 0.069151 seconds.
  path: Assets/Resources/Complete_Home_Interior_Pack/CHIP_Materials/MAT_Decor/MAT_DEC_Pillows/MAT_DEC_Pillow_01_02_07.mat
  artifactKey: Guid(08620dd1ffd096f4199e40dda94de762) Importer(815301076,1909f56bfc062723c751e8b465ee728b)
Start importing Assets/Resources/Complete_Home_Interior_Pack/CHIP_Materials/MAT_Decor/MAT_DEC_Pillows/MAT_DEC_Pillow_01_02_07.mat using Guid(08620dd1ffd096f4199e40dda94de762) Importer(815301076,1909f56bfc062723c751e8b465ee728b)  -> (artifact id: 'bc1b8c58b438ac512536d4aee9290f14') in 0.028083 seconds 
========================================================================
Received Import Request.
  Time since last request: 1.549719 seconds.
  path: Assets/Resources/Complete_Home_Interior_Pack/CHIP_Materials/MAT_Decor/MAT_DEC_Pillows/MAT_DEC_Pillow_01_03_02.mat
  artifactKey: Guid(a95a6bc148ecdfb41aa72151f0551dd2) Importer(815301076,1909f56bfc062723c751e8b465ee728b)
Start importing Assets/Resources/Complete_Home_Interior_Pack/CHIP_Materials/MAT_Decor/MAT_DEC_Pillows/MAT_DEC_Pillow_01_03_02.mat using Guid(a95a6bc148ecdfb41aa72151f0551dd2) Importer(815301076,1909f56bfc062723c751e8b465ee728b)  -> (artifact id: 'de9a6c7ba68ebf62d7aeee920d165d05') in 0.020388 seconds 
========================================================================
Received Import Request.
  Time since last request: 40.021881 seconds.
  path: Assets/Resources/Complete_Home_Interior_Pack/CHIP_Materials/MAT_Lamps/MAT_LAM_Table_lamp_02_01.mat
  artifactKey: Guid(c6194dd5553a75345afc1ad739fef6b5) Importer(815301076,1909f56bfc062723c751e8b465ee728b)
Start importing Assets/Resources/Complete_Home_Interior_Pack/CHIP_Materials/MAT_Lamps/MAT_LAM_Table_lamp_02_01.mat using Guid(c6194dd5553a75345afc1ad739fef6b5) Importer(815301076,1909f56bfc062723c751e8b465ee728b)  -> (artifact id: 'faa159da7ba84eba42c8a2427c902159') in 0.032684 seconds 
========================================================================
Received Import Request.
  Time since last request: 0.079746 seconds.
  path: Assets/Resources/Complete_Home_Interior_Pack/CHIP_Materials/MAT_Lamps/MAT_LAM_Table_lamp_02_03.mat
  artifactKey: Guid(21c9de4fab6b94f45bcbdb5fbebf647c) Importer(815301076,1909f56bfc062723c751e8b465ee728b)
Start importing Assets/Resources/Complete_Home_Interior_Pack/CHIP_Materials/MAT_Lamps/MAT_LAM_Table_lamp_02_03.mat using Guid(21c9de4fab6b94f45bcbdb5fbebf647c) Importer(815301076,1909f56bfc062723c751e8b465ee728b)  -> (artifact id: 'bbbec254261a37f21ec8eaa3a0dfcd50') in 0.036650 seconds 
========================================================================
Received Import Request.
  Time since last request: 0.424314 seconds.
  path: Assets/Resources/Complete_Home_Interior_Pack/CHIP_Materials/MAT_Lamps/MAT_LAM_Table_lamp_02_05.mat
  artifactKey: Guid(a4c848698cb9c6d4983c5c67a6412dab) Importer(815301076,1909f56bfc062723c751e8b465ee728b)
Start importing Assets/Resources/Complete_Home_Interior_Pack/CHIP_Materials/MAT_Lamps/MAT_LAM_Table_lamp_02_05.mat using Guid(a4c848698cb9c6d4983c5c67a6412dab) Importer(815301076,1909f56bfc062723c751e8b465ee728b)  -> (artifact id: '9851f242dd96349698da503f23366e2d') in 0.033818 seconds 
========================================================================
Received Import Request.
  Time since last request: 16.594299 seconds.
  path: Assets/Resources/Complete_Home_Interior_Pack/CHIP_Materials/MAT_Decor/MAT_DEC_Pillows/MAT_DEC_Pillow_01_03_04.mat
  artifactKey: Guid(e12e586938a81bc4f8d0d15c2498fa2a) Importer(815301076,1909f56bfc062723c751e8b465ee728b)
Start importing Assets/Resources/Complete_Home_Interior_Pack/CHIP_Materials/MAT_Decor/MAT_DEC_Pillows/MAT_DEC_Pillow_01_03_04.mat using Guid(e12e586938a81bc4f8d0d15c2498fa2a) Importer(815301076,1909f56bfc062723c751e8b465ee728b)  -> (artifact id: 'df5e585264643c077e9d742dbdb52a1f') in 0.020847 seconds 
========================================================================
Received Import Request.
  Time since last request: 0.068380 seconds.
  path: Assets/Resources/Complete_Home_Interior_Pack/CHIP_Materials/MAT_Decor/MAT_DEC_Pillows/MAT_DEC_Pillow_01_03_06.mat
  artifactKey: Guid(ef83290201ddcab48ad5db5066fb1fb8) Importer(815301076,1909f56bfc062723c751e8b465ee728b)
Start importing Assets/Resources/Complete_Home_Interior_Pack/CHIP_Materials/MAT_Decor/MAT_DEC_Pillows/MAT_DEC_Pillow_01_03_06.mat using Guid(ef83290201ddcab48ad5db5066fb1fb8) Importer(815301076,1909f56bfc062723c751e8b465ee728b)  -> (artifact id: '1484d38ffbc37ed9d8034f8210abfaff') in 0.018834 seconds 
========================================================================
Received Import Request.
  Time since last request: 40.876062 seconds.
  path: Assets/Resources/Complete_Home_Interior_Pack/CHIP_Models/MOD_Decor/MOD_DEC_Curtains_01.fbx
  artifactKey: Guid(947633e1fa784424c86d0dd35563a6a9) Importer(815301076,1909f56bfc062723c751e8b465ee728b)
Start importing Assets/Resources/Complete_Home_Interior_Pack/CHIP_Models/MOD_Decor/MOD_DEC_Curtains_01.fbx using Guid(947633e1fa784424c86d0dd35563a6a9) Importer(815301076,1909f56bfc062723c751e8b465ee728b)  -> (artifact id: 'ab36be43fb2a6af58cbb3799109f6731') in 0.130069 seconds 
========================================================================
Received Import Request.
  Time since last request: 0.000081 seconds.
  path: Assets/Resources/Complete_Home_Interior_Pack/CHIP_Models/MOD_Decor/MOD_DEC_Curtains_02_02.fbx
  artifactKey: Guid(ab42e7279fd684145b7d09ac683a2b37) Importer(815301076,1909f56bfc062723c751e8b465ee728b)
Start importing Assets/Resources/Complete_Home_Interior_Pack/CHIP_Models/MOD_Decor/MOD_DEC_Curtains_02_02.fbx using Guid(ab42e7279fd684145b7d09ac683a2b37) Importer(815301076,1909f56bfc062723c751e8b465ee728b)  -> (artifact id: '3862589f0613ade2c5238e0333b5173e') in 0.015105 seconds 
========================================================================
Received Import Request.
  Time since last request: 0.000057 seconds.
  path: Assets/Resources/Complete_Home_Interior_Pack/CHIP_Models/MOD_Appliances/MOD_APP_Dishwasher_door_01.fbx
  artifactKey: Guid(6ed1190198120fd458aab9753a792f29) Importer(815301076,1909f56bfc062723c751e8b465ee728b)
Start importing Assets/Resources/Complete_Home_Interior_Pack/CHIP_Models/MOD_Appliances/MOD_APP_Dishwasher_door_01.fbx using Guid(6ed1190198120fd458aab9753a792f29) Importer(815301076,1909f56bfc062723c751e8b465ee728b)  -> (artifact id: 'c4a8c2fa2be4726ec3a7d45f61cf4d6c') in 0.025114 seconds 
========================================================================
Received Import Request.
  Time since last request: 0.000074 seconds.
  path: Assets/Resources/Complete_Home_Interior_Pack/CHIP_Models/MOD_Appliances/MOD_APP_Dishwasher_tray_01.fbx
  artifactKey: Guid(a629b69ba4cc74c42b823a684c2ffaa8) Importer(815301076,1909f56bfc062723c751e8b465ee728b)
Start importing Assets/Resources/Complete_Home_Interior_Pack/CHIP_Models/MOD_Appliances/MOD_APP_Dishwasher_tray_01.fbx using Guid(a629b69ba4cc74c42b823a684c2ffaa8) Importer(815301076,1909f56bfc062723c751e8b465ee728b)  -> (artifact id: '10aea0cafc2e036f531a41052b5e376a') in 0.020486 seconds 
========================================================================
Received Import Request.
  Time since last request: 0.000083 seconds.
  path: Assets/Resources/Complete_Home_Interior_Pack/CHIP_Models/MOD_Decor/MOD_DEC_Curtains_02.fbx
  artifactKey: Guid(806c2a442ea292d4190c322f69d8bdd0) Importer(815301076,1909f56bfc062723c751e8b465ee728b)
Start importing Assets/Resources/Complete_Home_Interior_Pack/CHIP_Models/MOD_Decor/MOD_DEC_Curtains_02.fbx using Guid(806c2a442ea292d4190c322f69d8bdd0) Importer(815301076,1909f56bfc062723c751e8b465ee728b)  -> (artifact id: 'b4d25c443e1da44ef9158fe6ea392a78') in 0.018499 seconds 
========================================================================
Received Import Request.
  Time since last request: 27.845190 seconds.
  path: Assets/Resources/Complete_Home_Interior_Pack/CHIP_Materials/MAT_Furniture/MAT_FUR_CPU_chairs/MAT_FUR_CPU_chair_01_09.mat
  artifactKey: Guid(3f64e5c92e081dc4683a9cec4f1dffb2) Importer(815301076,1909f56bfc062723c751e8b465ee728b)
Start importing Assets/Resources/Complete_Home_Interior_Pack/CHIP_Materials/MAT_Furniture/MAT_FUR_CPU_chairs/MAT_FUR_CPU_chair_01_09.mat using Guid(3f64e5c92e081dc4683a9cec4f1dffb2) Importer(815301076,1909f56bfc062723c751e8b465ee728b)  -> (artifact id: '10a5597e4f244c3ebdfb10c7a7269958') in 0.036940 seconds 
========================================================================
Received Import Request.
  Time since last request: 0.000100 seconds.
  path: Assets/Resources/Complete_Home_Interior_Pack/CHIP_Materials/MAT_Furniture/MAT_FUR_CPU_chairs/MAT_FUR_CPU_chair_01_12.mat
  artifactKey: Guid(f0a683ce128c72f489ea7a5d3f602d50) Importer(815301076,1909f56bfc062723c751e8b465ee728b)
Start importing Assets/Resources/Complete_Home_Interior_Pack/CHIP_Materials/MAT_Furniture/MAT_FUR_CPU_chairs/MAT_FUR_CPU_chair_01_12.mat using Guid(f0a683ce128c72f489ea7a5d3f602d50) Importer(815301076,1909f56bfc062723c751e8b465ee728b)  -> (artifact id: 'e9c24d9fbfc3feccbf036fa67aee83c6') in 0.030892 seconds 
========================================================================
Received Import Request.
  Time since last request: 0.000079 seconds.
  path: Assets/Resources/Complete_Home_Interior_Pack/CHIP_Materials/MAT_Furniture/MAT_FUR_CPU_chairs/MAT_FUR_CPU_chair_01_11.mat
  artifactKey: Guid(c791cb17fe49d99469b4a552842241ba) Importer(815301076,1909f56bfc062723c751e8b465ee728b)
Start importing Assets/Resources/Complete_Home_Interior_Pack/CHIP_Materials/MAT_Furniture/MAT_FUR_CPU_chairs/MAT_FUR_CPU_chair_01_11.mat using Guid(c791cb17fe49d99469b4a552842241ba) Importer(815301076,1909f56bfc062723c751e8b465ee728b)  -> (artifact id: 'a13333255729394ed7359306b3209935') in 0.029467 seconds 
========================================================================
Received Import Request.
  Time since last request: 0.000057 seconds.
  path: Assets/Resources/Complete_Home_Interior_Pack/CHIP_Materials/MAT_Furniture/MAT_FUR_CPU_chairs/MAT_FUR_CPU_chair_01_15.mat
  artifactKey: Guid(a6a28db44ef251a47a11fa32c222b249) Importer(815301076,1909f56bfc062723c751e8b465ee728b)
Start importing Assets/Resources/Complete_Home_Interior_Pack/CHIP_Materials/MAT_Furniture/MAT_FUR_CPU_chairs/MAT_FUR_CPU_chair_01_15.mat using Guid(a6a28db44ef251a47a11fa32c222b249) Importer(815301076,1909f56bfc062723c751e8b465ee728b)  -> (artifact id: '597f35db2d1ab43df7ea5aaba9ebf47f') in 0.023889 seconds 
========================================================================
Received Import Request.
  Time since last request: 0.000078 seconds.
  path: Assets/Resources/Complete_Home_Interior_Pack/CHIP_Materials/MAT_Furniture/MAT_FUR_CPU_chairs/MAT_FUR_CPU_chair_01_13.mat
  artifactKey: Guid(dd43ccfcd3dbab649afe3a88ee12338d) Importer(815301076,1909f56bfc062723c751e8b465ee728b)
Start importing Assets/Resources/Complete_Home_Interior_Pack/CHIP_Materials/MAT_Furniture/MAT_FUR_CPU_chairs/MAT_FUR_CPU_chair_01_13.mat using Guid(dd43ccfcd3dbab649afe3a88ee12338d) Importer(815301076,1909f56bfc062723c751e8b465ee728b)  -> (artifact id: '50bac3a63c5eb193fdcd91ae2057c6e4') in 0.047861 seconds 
Editor requested this worker to shutdown with reason: Scaling down because of idle timeout
AssetImportWorker is now disconnected from the server
Process exiting
