Unity Editor version:    2021.2.10f1 (ee872746220e)
Branch:                  2021.2/staging
Build type:              Release
Batch mode:              YES
macOS version:           Version 12.1 (Build 21C52)
Darwin version:          21.2.0
Architecture:            x86_64
Running under Rosetta:   NO
Available memory:        65536 MB
Using pre-set license
Pro License: NO

COMMAND LINE ARGUMENTS:
/Applications/Unity/Hub/Editor/2021.2.10f1/Unity.app/Contents/MacOS/Unity
-adb2
-batchMode
-noUpm
-name
AssetImportWorker2
-projectPath
/Users/kabirswain/Documents/GitHub/virtualhome_unity
-logFile
Logs/AssetImportWorker2.log
-srvPort
55105
Successfully changed project path to: /Users/kabirswain/Documents/GitHub/virtualhome_unity
/Users/kabirswain/Documents/GitHub/virtualhome_unity
[UnityMemory] Configuration Parameters - Can be set up in boot.config
    "memorysetup-bucket-allocator-granularity=16"
    "memorysetup-bucket-allocator-bucket-count=8"
    "memorysetup-bucket-allocator-block-size=33554432"
    "memorysetup-bucket-allocator-block-count=8"
    "memorysetup-main-allocator-block-size=16777216"
    "memorysetup-thread-allocator-block-size=16777216"
    "memorysetup-gfx-main-allocator-block-size=16777216"
    "memorysetup-gfx-thread-allocator-block-size=16777216"
    "memorysetup-cache-allocator-block-size=4194304"
    "memorysetup-typetree-allocator-block-size=2097152"
    "memorysetup-profiler-bucket-allocator-granularity=16"
    "memorysetup-profiler-bucket-allocator-bucket-count=8"
    "memorysetup-profiler-bucket-allocator-block-size=33554432"
    "memorysetup-profiler-bucket-allocator-block-count=8"
    "memorysetup-profiler-allocator-block-size=16777216"
    "memorysetup-profiler-editor-allocator-block-size=1048576"
    "memorysetup-temp-allocator-size-main=16777216"
    "memorysetup-job-temp-allocator-block-size=2097152"
    "memorysetup-job-temp-allocator-block-size-background=1048576"
    "memorysetup-job-temp-allocator-reduction-small-platforms=262144"
    "memorysetup-temp-allocator-size-background-worker=32768"
    "memorysetup-temp-allocator-size-job-worker=262144"
    "memorysetup-temp-allocator-size-preload-manager=33554432"
    "memorysetup-temp-allocator-size-nav-mesh-worker=65536"
    "memorysetup-temp-allocator-size-audio-worker=65536"
    "memorysetup-temp-allocator-size-cloud-worker=32768"
    "memorysetup-temp-allocator-size-gi-baking-worker=262144"
    "memorysetup-temp-allocator-size-gfx=262144"
Refreshing native plugins compatible for Editor in 136.75 ms, found 2 plugins.
Preloading 0 native plugins for Editor in 0.00 ms.
Initialize engine version: 2021.2.10f1 (ee872746220e)
[Subsystems] Discovering subsystems at path /Applications/Unity/Hub/Editor/2021.2.10f1/Unity.app/Contents/Resources/UnitySubsystems
[Subsystems] Discovering subsystems at path /Users/kabirswain/Documents/GitHub/virtualhome_unity/Assets
GfxDevice: creating device client; threaded=0; jobified=0
Color LCD preferred device: AMD Radeon Pro 5600M (high power)
Metal devices available: 2
0: AMD Radeon Pro 5600M (high power)
1: Intel(R) UHD Graphics 630 (low power)
Using device AMD Radeon Pro 5600M (high power)
Initializing Metal device caps: AMD Radeon Pro 5600M
Initialize mono
Mono path[0] = '/Applications/Unity/Hub/Editor/2021.2.10f1/Unity.app/Contents/Managed'
Mono path[1] = '/Applications/Unity/Hub/Editor/2021.2.10f1/Unity.app/Contents/MonoBleedingEdge/lib/mono/unityjit-macos'
Mono config path = '/Applications/Unity/Hub/Editor/2021.2.10f1/Unity.app/Contents/MonoBleedingEdge/etc'
Using monoOptions --debugger-agent=transport=dt_socket,embedding=1,server=y,suspend=n,address=127.0.0.1:56015
Begin MonoManager ReloadAssembly
Registering precompiled unity dll's ...
Register platform support module: /Applications/Unity/Hub/Editor/2021.2.10f1/Unity.app/Contents/PlaybackEngines/MacStandaloneSupport/UnityEditor.OSXStandalone.Extensions.dll
Register platform support module: /Applications/Unity/Hub/Editor/2021.2.10f1/PlaybackEngines/WindowsStandaloneSupport/UnityEditor.WindowsStandalone.Extensions.dll
Register platform support module: /Applications/Unity/Hub/Editor/2021.2.10f1/PlaybackEngines/LinuxStandaloneSupport/UnityEditor.LinuxStandalone.Extensions.dll
Registered in 0.005209 seconds.
Native extension for LinuxStandalone target not found
Native extension for WindowsStandalone target not found
Native extension for OSXStandalone target not found
Refreshing native plugins compatible for Editor in 125.81 ms, found 2 plugins.
Preloading 0 native plugins for Editor in 0.00 ms.
Mono: successfully reloaded assembly
- Completed reload, in  0.758 seconds
Domain Reload Profiling:
	ReloadAssembly (758ms)
		BeginReloadAssembly (113ms)
			ExecutionOrderSort (0ms)
			DisableScriptedObjects (0ms)
			BackupInstance (0ms)
			ReleaseScriptingObjects (0ms)
			CreateAndSetChildDomain (1ms)
		EndReloadAssembly (558ms)
			LoadAssemblies (116ms)
			RebuildTransferFunctionScriptingTraits (0ms)
			SetupTypeCache (125ms)
			ReleaseScriptCaches (0ms)
			RebuildScriptCaches (30ms)
			SetupLoadedEditorAssemblies (344ms)
				LogAssemblyErrors (0ms)
				InitializePlatformSupportModulesInManaged (17ms)
				SetLoadedEditorAssemblies (0ms)
				RefreshPlugins (126ms)
				BeforeProcessingInitializeOnLoad (1ms)
				ProcessInitializeOnLoadAttributes (156ms)
				ProcessInitializeOnLoadMethodAttributes (44ms)
				AfterProcessingInitializeOnLoad (0ms)
				EditorAssembliesLoaded (0ms)
			ExecutionOrderSort2 (0ms)
			AwakeInstancesAfterBackupRestoration (0ms)
Platform modules already initialized, skipping
Registering precompiled user dll's ...
Registered in 0.003283 seconds.
Begin MonoManager ReloadAssembly
Native extension for LinuxStandalone target not found
Native extension for WindowsStandalone target not found
Native extension for OSXStandalone target not found
Refreshing native plugins compatible for Editor in 1.93 ms, found 2 plugins.
Preloading 0 native plugins for Editor in 0.00 ms.
Package Manager log level set to [2]
Mono: successfully reloaded assembly
- Completed reload, in  1.278 seconds
Domain Reload Profiling:
	ReloadAssembly (1296ms)
		BeginReloadAssembly (120ms)
			ExecutionOrderSort (0ms)
			DisableScriptedObjects (9ms)
			BackupInstance (0ms)
			ReleaseScriptingObjects (0ms)
			CreateAndSetChildDomain (23ms)
		EndReloadAssembly (1064ms)
			LoadAssemblies (87ms)
			RebuildTransferFunctionScriptingTraits (0ms)
			SetupTypeCache (247ms)
			ReleaseScriptCaches (1ms)
			RebuildScriptCaches (75ms)
			SetupLoadedEditorAssemblies (600ms)
				LogAssemblyErrors (0ms)
				InitializePlatformSupportModulesInManaged (12ms)
				SetLoadedEditorAssemblies (0ms)
				RefreshPlugins (2ms)
				BeforeProcessingInitializeOnLoad (59ms)
				ProcessInitializeOnLoadAttributes (349ms)
				ProcessInitializeOnLoadMethodAttributes (175ms)
				AfterProcessingInitializeOnLoad (2ms)
				EditorAssembliesLoaded (0ms)
			ExecutionOrderSort2 (0ms)
			AwakeInstancesAfterBackupRestoration (4ms)
Platform modules already initialized, skipping
========================================================================
Worker process is ready to serve import requests
Launching external process: /Applications/Unity/Hub/Editor/2021.2.10f1/Unity.app/Contents/Tools/UnityShaderCompiler
Launched and connected shader compiler UnityShaderCompiler after 0.07 seconds
Refreshing native plugins compatible for Editor in 1.65 ms, found 2 plugins.
Preloading 0 native plugins for Editor in 0.00 ms.
Unloading 2947 Unused Serialized files (Serialized files now loaded: 0)
Unloading 70 unused Assets / (1.1 MB). Loaded Objects now: 3406.
Memory consumption went from 278.9 MB to 277.8 MB.
Total: 7.762195 ms (FindLiveObjects: 0.266745 ms CreateObjectMapping: 0.216094 ms MarkObjects: 6.674355 ms  DeleteObjects: 0.604128 ms)

AssetImportParameters requested are different than current active one (requested -> active):
  custom:video-decoder-ogg-theora: a1e56fd34408186e4bbccfd4996cb3dc -> 
  custom:container-muxer-webm: aa71ff27fc2769a1b78a27578f13a17b -> 
  custom:container-demuxer-webm: 4f35f7cbe854078d1ac9338744f61a02 -> 
  custom:video-encoder-webm-vp8: eb34c28f22e8b96e1ab97ce403110664 -> 
  custom:framework-osx-AVFoundation: e770b220cccbd017edd2c1fefb359320 -> 
  custom:audio-encoder-webm-vorbis: bf7c407c2cedff20999df2af8eb42d56 -> 
  custom:container-demuxer-ogg: 62fdf1f143b41e24485cea50d1cbac27 -> 
  custom:video-decoder-webm-vp8: 9c59270c3fd7afecdb556c50c9e8de78 -> 
  custom:audio-decoder-ogg-vorbis: bf7c407c2cedff20999df2af8eb42d56 -> 
========================================================================
Received Import Request.
  Time since last request: 1171467.343813 seconds.
  path: Assets/Resources/DebugProcGen/Livingroom.asset
  artifactKey: Guid(8920a381b10e449df892eafc4a33a995) Importer(815301076,1909f56bfc062723c751e8b465ee728b)
Start importing Assets/Resources/DebugProcGen/Livingroom.asset using Guid(8920a381b10e449df892eafc4a33a995) Importer(815301076,1909f56bfc062723c751e8b465ee728b)  -> (artifact id: '4d74b7e63d54eb4f17766acb62913210') in 0.918506 seconds 
========================================================================
Received Import Request.
  Time since last request: 0.000089 seconds.
  path: Assets/Resources/DebugProcGen/Archetype.asset
  artifactKey: Guid(a3740335623c043329960e652c0913e1) Importer(815301076,1909f56bfc062723c751e8b465ee728b)
Start importing Assets/Resources/DebugProcGen/Archetype.asset using Guid(a3740335623c043329960e652c0913e1) Importer(815301076,1909f56bfc062723c751e8b465ee728b)  -> (artifact id: '4849d1877b09f19ede10b832b83a4373') in 0.218851 seconds 
========================================================================
Received Import Request.
  Time since last request: 0.000062 seconds.
  path: Assets/Resources/PrefabsForInteractables/Materials/WindowLockScreen.mat
  artifactKey: Guid(67f6a0508f3c44c10bf9f85c8411b897) Importer(815301076,1909f56bfc062723c751e8b465ee728b)
Start importing Assets/Resources/PrefabsForInteractables/Materials/WindowLockScreen.mat using Guid(67f6a0508f3c44c10bf9f85c8411b897) Importer(815301076,1909f56bfc062723c751e8b465ee728b)  -> (artifact id: '36797bc6015c8e0c6e8119c0627a1e35') in 0.453972 seconds 
========================================================================
Received Import Request.
  Time since last request: 97.242036 seconds.
  path: Assets/Resources/FloorPlan/Release
  artifactKey: Guid(ee26ff04ff09f4ee7ae841ed9120fdb7) Importer(815301076,1909f56bfc062723c751e8b465ee728b)
Start importing Assets/Resources/FloorPlan/Release using Guid(ee26ff04ff09f4ee7ae841ed9120fdb7) Importer(815301076,1909f56bfc062723c751e8b465ee728b)  -> (artifact id: '81d2e839ca47fff7846ee97acc76645b') in 0.001686 seconds 
========================================================================
Received Import Request.
  Time since last request: 0.908999 seconds.
  path: Assets/Resources/FloorPlan/Release/Home
  artifactKey: Guid(4fbac2fbe49ee471cb2f1733b8189652) Importer(815301076,1909f56bfc062723c751e8b465ee728b)
Start importing Assets/Resources/FloorPlan/Release/Home using Guid(4fbac2fbe49ee471cb2f1733b8189652) Importer(815301076,1909f56bfc062723c751e8b465ee728b)  -> (artifact id: 'f0624f5a85f1243602e4833affcbb975') in 0.001924 seconds 
========================================================================
Received Import Request.
  Time since last request: 1.004782 seconds.
  path: Assets/Resources/FloorPlan/Release/Home/Home_0.prefab
  artifactKey: Guid(18955ab5e28f44be4b120b319d3dea8b) Importer(815301076,1909f56bfc062723c751e8b465ee728b)
Start importing Assets/Resources/FloorPlan/Release/Home/Home_0.prefab using Guid(18955ab5e28f44be4b120b319d3dea8b) Importer(815301076,1909f56bfc062723c751e8b465ee728b)  -> (artifact id: '2e274e527735dd8e2c6cdb3cf08e5743') in 2.843410 seconds 
========================================================================
Received Import Request.
  Time since last request: 0.000097 seconds.
  path: Assets/Resources/FloorPlan/Release/Home/Home_28.prefab
  artifactKey: Guid(752033cdfd52243e8aad840719e83770) Importer(815301076,1909f56bfc062723c751e8b465ee728b)
Start importing Assets/Resources/FloorPlan/Release/Home/Home_28.prefab using Guid(752033cdfd52243e8aad840719e83770) Importer(815301076,1909f56bfc062723c751e8b465ee728b)  -> (artifact id: '6950afcc9c638eb237c0ddfebf21b035') in 1.205964 seconds 
========================================================================
Received Import Request.
  Time since last request: 0.000075 seconds.
  path: Assets/Resources/FloorPlan/Release/Home/Home_43.prefab
  artifactKey: Guid(8dcedeb89bf5940a182de410dbb3fb45) Importer(815301076,1909f56bfc062723c751e8b465ee728b)
Start importing Assets/Resources/FloorPlan/Release/Home/Home_43.prefab using Guid(8dcedeb89bf5940a182de410dbb3fb45) Importer(815301076,1909f56bfc062723c751e8b465ee728b)  -> (artifact id: '21f2843f704b2191cea54f0bd37c9186') in 1.805845 seconds 
========================================================================
Received Import Request.
  Time since last request: 0.000079 seconds.
  path: Assets/Resources/FloorPlan/Release/Home/Home_7.prefab
  artifactKey: Guid(3ff30c6929cc34d25ab132cf0f40c10f) Importer(815301076,1909f56bfc062723c751e8b465ee728b)
Start importing Assets/Resources/FloorPlan/Release/Home/Home_7.prefab using Guid(3ff30c6929cc34d25ab132cf0f40c10f) Importer(815301076,1909f56bfc062723c751e8b465ee728b)  -> (artifact id: 'a88f1ca61b1abf07003d6486c105308c') in 0.697151 seconds 
========================================================================
Received Import Request.
  Time since last request: 0.000069 seconds.
  path: Assets/Resources/FloorPlan/Release/Home/Home_39.prefab
  artifactKey: Guid(c72734f38a6594b549c38053c291a584) Importer(815301076,1909f56bfc062723c751e8b465ee728b)
Start importing Assets/Resources/FloorPlan/Release/Home/Home_39.prefab using Guid(c72734f38a6594b549c38053c291a584) Importer(815301076,1909f56bfc062723c751e8b465ee728b)  -> (artifact id: '4c10d1053c85f8342e4ebe67058cf2e4') in 1.041879 seconds 
========================================================================
Received Import Request.
  Time since last request: 0.000080 seconds.
  path: Assets/Resources/FloorPlan/Release/Home/Home_10.prefab
  artifactKey: Guid(7f45cfacaf8da40069d7ab15dfe65979) Importer(815301076,1909f56bfc062723c751e8b465ee728b)
Start importing Assets/Resources/FloorPlan/Release/Home/Home_10.prefab using Guid(7f45cfacaf8da40069d7ab15dfe65979) Importer(815301076,1909f56bfc062723c751e8b465ee728b)  -> (artifact id: 'b828e6a29061c1cc2a235d549143c90b') in 0.788284 seconds 
========================================================================
Received Import Request.
  Time since last request: 0.000052 seconds.
  path: Assets/Resources/FloorPlan/Release/Home/Home_44.prefab
  artifactKey: Guid(e14632ccbda484be2b46b17b0128fecc) Importer(815301076,1909f56bfc062723c751e8b465ee728b)
Start importing Assets/Resources/FloorPlan/Release/Home/Home_44.prefab using Guid(e14632ccbda484be2b46b17b0128fecc) Importer(815301076,1909f56bfc062723c751e8b465ee728b)  -> (artifact id: '31c52be09f1e322ee352b17ef550a25c') in 1.130022 seconds 
========================================================================
Received Import Request.
  Time since last request: 0.000069 seconds.
  path: Assets/Resources/FloorPlan/Release/Home/Home_38.prefab
  artifactKey: Guid(ac51f6ae00a20492199ac4c9f7178ace) Importer(815301076,1909f56bfc062723c751e8b465ee728b)
Start importing Assets/Resources/FloorPlan/Release/Home/Home_38.prefab using Guid(ac51f6ae00a20492199ac4c9f7178ace) Importer(815301076,1909f56bfc062723c751e8b465ee728b)  -> (artifact id: 'dcb9e68376bd7c4b8bf91e6a44418796') in 1.631932 seconds 
========================================================================
Received Import Request.
  Time since last request: 0.000067 seconds.
  path: Assets/Resources/FloorPlan/Release/Home/Home_21.prefab
  artifactKey: Guid(fb9abe8520f584b9085629ce9a62a30b) Importer(815301076,1909f56bfc062723c751e8b465ee728b)
Start importing Assets/Resources/FloorPlan/Release/Home/Home_21.prefab using Guid(fb9abe8520f584b9085629ce9a62a30b) Importer(815301076,1909f56bfc062723c751e8b465ee728b)  -> (artifact id: 'ea44e38363ae0965252731bf4d03d76f') in 0.767204 seconds 
========================================================================
Received Import Request.
  Time since last request: 0.000087 seconds.
  path: Assets/Resources/FloorPlan/Release/Home/Home_34.prefab
  artifactKey: Guid(a0719b3f2f36a486e9f0b116e8a5c776) Importer(815301076,1909f56bfc062723c751e8b465ee728b)
Start importing Assets/Resources/FloorPlan/Release/Home/Home_34.prefab using Guid(a0719b3f2f36a486e9f0b116e8a5c776) Importer(815301076,1909f56bfc062723c751e8b465ee728b)  -> (artifact id: '43c092ad8c2d0adb8ddabae5acd52ad0') in 0.780951 seconds 
========================================================================
Received Import Request.
  Time since last request: 0.000073 seconds.
  path: Assets/Resources/FloorPlan/Release/Home/Home_29.prefab
  artifactKey: Guid(ab8f2a4954e804d94b3007d8cae288af) Importer(815301076,1909f56bfc062723c751e8b465ee728b)
Start importing Assets/Resources/FloorPlan/Release/Home/Home_29.prefab using Guid(ab8f2a4954e804d94b3007d8cae288af) Importer(815301076,1909f56bfc062723c751e8b465ee728b)  -> (artifact id: '92fa8c2207e1b83291e9054e57a51ae7') in 0.691637 seconds 
========================================================================
Received Import Request.
  Time since last request: 0.000079 seconds.
  path: Assets/Resources/FloorPlan/Release/Home/Home_27.prefab
  artifactKey: Guid(a4c3f0e1462a24870964c4d1e1137ac8) Importer(815301076,1909f56bfc062723c751e8b465ee728b)
Start importing Assets/Resources/FloorPlan/Release/Home/Home_27.prefab using Guid(a4c3f0e1462a24870964c4d1e1137ac8) Importer(815301076,1909f56bfc062723c751e8b465ee728b)  -> (artifact id: '57308eadf6194e3311ba6b62606c3f56') in 0.781780 seconds 
========================================================================
Received Import Request.
  Time since last request: 0.000059 seconds.
  path: Assets/Resources/FloorPlan/Release/Home/Home_32.prefab
  artifactKey: Guid(133b9ef17eb6f4078a6f79c7550a98ca) Importer(815301076,1909f56bfc062723c751e8b465ee728b)
Start importing Assets/Resources/FloorPlan/Release/Home/Home_32.prefab using Guid(133b9ef17eb6f4078a6f79c7550a98ca) Importer(815301076,1909f56bfc062723c751e8b465ee728b)  -> (artifact id: '27b2567bcab520a2a0deb724823adadc') in 0.599076 seconds 
========================================================================
Received Import Request.
  Time since last request: 0.000083 seconds.
  path: Assets/Resources/FloorPlan/Release/Home/Home_25.prefab
  artifactKey: Guid(ccabcac52afd44b7b9576af95880a505) Importer(815301076,1909f56bfc062723c751e8b465ee728b)
Start importing Assets/Resources/FloorPlan/Release/Home/Home_25.prefab using Guid(ccabcac52afd44b7b9576af95880a505) Importer(815301076,1909f56bfc062723c751e8b465ee728b)  -> (artifact id: '830a4891a1d7f234529e9a1a517ed599') in 0.729123 seconds 
========================================================================
Received Import Request.
  Time since last request: 0.000094 seconds.
  path: Assets/Resources/FloorPlan/Release/Home/Home_25.prefab
  artifactKey: Guid(ccabcac52afd44b7b9576af95880a505) Importer(815301076,1909f56bfc062723c751e8b465ee728b)
Start importing Assets/Resources/FloorPlan/Release/Home/Home_25.prefab using Guid(ccabcac52afd44b7b9576af95880a505) Importer(815301076,1909f56bfc062723c751e8b465ee728b)  -> (artifact id: '830a4891a1d7f234529e9a1a517ed599') in 0.664668 seconds 
========================================================================
Received Import Request.
  Time since last request: 29.916344 seconds.
  path: Assets/Resources/FloorPlan/Release/Room/Bathroom/PRE_ROO_Bathroom_01.prefab
  artifactKey: Guid(15fcf9fcc3fa148a78e2a6ec0dbb745c) Importer(815301076,1909f56bfc062723c751e8b465ee728b)
Start importing Assets/Resources/FloorPlan/Release/Room/Bathroom/PRE_ROO_Bathroom_01.prefab using Guid(15fcf9fcc3fa148a78e2a6ec0dbb745c) Importer(815301076,1909f56bfc062723c751e8b465ee728b)  -> (artifact id: '34376c9abaf9c43aae48e1c861299787') in 0.211531 seconds 
========================================================================
Received Import Request.
  Time since last request: 0.000076 seconds.
  path: Assets/Resources/FloorPlan/Release/Room/Bathroom/PRE_ROO_Bathroom_27.prefab
  artifactKey: Guid(ad7ef81fda4624beeb4e600f9a817045) Importer(815301076,1909f56bfc062723c751e8b465ee728b)
Start importing Assets/Resources/FloorPlan/Release/Room/Bathroom/PRE_ROO_Bathroom_27.prefab using Guid(ad7ef81fda4624beeb4e600f9a817045) Importer(815301076,1909f56bfc062723c751e8b465ee728b)  -> (artifact id: '64bc23af3d6a1b5d7404fd5536693400') in 0.176765 seconds 
========================================================================
Received Import Request.
  Time since last request: 0.000071 seconds.
  path: Assets/Resources/FloorPlan/Release/Room/Bathroom/PRE_ROO_Bathroom_21.prefab
  artifactKey: Guid(d3325f841dcb641758265265b4f8fb85) Importer(815301076,1909f56bfc062723c751e8b465ee728b)
Start importing Assets/Resources/FloorPlan/Release/Room/Bathroom/PRE_ROO_Bathroom_21.prefab using Guid(d3325f841dcb641758265265b4f8fb85) Importer(815301076,1909f56bfc062723c751e8b465ee728b)  -> (artifact id: '6e00d4a02aa75596e134f4ec78adff84') in 0.201590 seconds 
========================================================================
Received Import Request.
  Time since last request: 0.000067 seconds.
  path: Assets/Resources/FloorPlan/Release/Room/Bathroom/PRE_ROO_Bathroom_44_1.prefab
  artifactKey: Guid(5eb60c7580c2946b8835c43cc36aea79) Importer(815301076,1909f56bfc062723c751e8b465ee728b)
Start importing Assets/Resources/FloorPlan/Release/Room/Bathroom/PRE_ROO_Bathroom_44_1.prefab using Guid(5eb60c7580c2946b8835c43cc36aea79) Importer(815301076,1909f56bfc062723c751e8b465ee728b)  -> (artifact id: '94a215af2f133f85b015ba4954fdc531') in 0.199596 seconds 
========================================================================
Received Import Request.
  Time since last request: 0.000058 seconds.
  path: Assets/Resources/FloorPlan/Release/Room/Bathroom/PRE_ROO_Bathroom_22.prefab
  artifactKey: Guid(d06cb7c7e214043dfa47356d8262dc35) Importer(815301076,1909f56bfc062723c751e8b465ee728b)
Start importing Assets/Resources/FloorPlan/Release/Room/Bathroom/PRE_ROO_Bathroom_22.prefab using Guid(d06cb7c7e214043dfa47356d8262dc35) Importer(815301076,1909f56bfc062723c751e8b465ee728b)  -> (artifact id: '4094ded9f4941fa393a6dbaba7001f42') in 0.192044 seconds 
========================================================================
Received Import Request.
  Time since last request: 0.000071 seconds.
  path: Assets/Resources/FloorPlan/Release/Room/Bathroom/PRE_ROO_Bathroom_18.prefab
  artifactKey: Guid(45981b60414eb494298dadc5fa8f2791) Importer(815301076,1909f56bfc062723c751e8b465ee728b)
Start importing Assets/Resources/FloorPlan/Release/Room/Bathroom/PRE_ROO_Bathroom_18.prefab using Guid(45981b60414eb494298dadc5fa8f2791) Importer(815301076,1909f56bfc062723c751e8b465ee728b)  -> (artifact id: 'f708eb2916cb6fc0c713f3a0dc628fd9') in 0.208480 seconds 
========================================================================
Received Import Request.
  Time since last request: 0.000058 seconds.
  path: Assets/Resources/FloorPlan/Release/Room/Bathroom/PRE_ROO_Bathroom_23.prefab
  artifactKey: Guid(3f0130e67ba8240d886c962bfa20750b) Importer(815301076,1909f56bfc062723c751e8b465ee728b)
Start importing Assets/Resources/FloorPlan/Release/Room/Bathroom/PRE_ROO_Bathroom_23.prefab using Guid(3f0130e67ba8240d886c962bfa20750b) Importer(815301076,1909f56bfc062723c751e8b465ee728b)  -> (artifact id: '1f12d9c2f2f64d2933b257678fe49126') in 0.160402 seconds 
========================================================================
Received Import Request.
  Time since last request: 0.000076 seconds.
  path: Assets/Resources/FloorPlan/Release/Room/Bathroom/PRE_ROO_Bathroom_41.prefab
  artifactKey: Guid(400fd278e7c7746adb012588939986b0) Importer(815301076,1909f56bfc062723c751e8b465ee728b)
Start importing Assets/Resources/FloorPlan/Release/Room/Bathroom/PRE_ROO_Bathroom_41.prefab using Guid(400fd278e7c7746adb012588939986b0) Importer(815301076,1909f56bfc062723c751e8b465ee728b)  -> (artifact id: 'b64d84a6149f2ae90df5026426fcab26') in 0.206101 seconds 
========================================================================
Received Import Request.
  Time since last request: 0.000076 seconds.
  path: Assets/Resources/FloorPlan/Release/Room/Bathroom/PRE_ROO_Bathroom_40.prefab
  artifactKey: Guid(0a52eb8642e7e4b74bc5f061fb9312d6) Importer(815301076,1909f56bfc062723c751e8b465ee728b)
Start importing Assets/Resources/FloorPlan/Release/Room/Bathroom/PRE_ROO_Bathroom_40.prefab using Guid(0a52eb8642e7e4b74bc5f061fb9312d6) Importer(815301076,1909f56bfc062723c751e8b465ee728b)  -> (artifact id: '499922b53c7f8aa6dac107d66880c54b') in 0.191882 seconds 
========================================================================
Received Import Request.
  Time since last request: 0.000070 seconds.
  path: Assets/Resources/FloorPlan/Release/Room/Bathroom/PRE_ROO_Bathroom_05.prefab
  artifactKey: Guid(1c72b6b8a3b2d4701972fc96dc1a8506) Importer(815301076,1909f56bfc062723c751e8b465ee728b)
Start importing Assets/Resources/FloorPlan/Release/Room/Bathroom/PRE_ROO_Bathroom_05.prefab using Guid(1c72b6b8a3b2d4701972fc96dc1a8506) Importer(815301076,1909f56bfc062723c751e8b465ee728b)  -> (artifact id: 'c521a4bf730a4fb0bc87674c9db13df4') in 0.246688 seconds 
========================================================================
Received Import Request.
  Time since last request: 0.000070 seconds.
  path: Assets/Resources/FloorPlan/Release/Room/Bathroom/PRE_ROO_Bathroom_47_1.prefab
  artifactKey: Guid(e78cc34b288f748f18e5021122d3685d) Importer(815301076,1909f56bfc062723c751e8b465ee728b)
Start importing Assets/Resources/FloorPlan/Release/Room/Bathroom/PRE_ROO_Bathroom_47_1.prefab using Guid(e78cc34b288f748f18e5021122d3685d) Importer(815301076,1909f56bfc062723c751e8b465ee728b)  -> (artifact id: 'd8190328564328ffc27d562080093e19') in 0.215929 seconds 
========================================================================
Received Import Request.
  Time since last request: 0.000045 seconds.
  path: Assets/Resources/FloorPlan/Release/Room/Bathroom/PRE_ROO_Bathroom_35.prefab
  artifactKey: Guid(9aa2cdc5f17ec4522846c2245e60e2fe) Importer(815301076,1909f56bfc062723c751e8b465ee728b)
Start importing Assets/Resources/FloorPlan/Release/Room/Bathroom/PRE_ROO_Bathroom_35.prefab using Guid(9aa2cdc5f17ec4522846c2245e60e2fe) Importer(815301076,1909f56bfc062723c751e8b465ee728b)  -> (artifact id: '86ba539ca53ab40fca28e529ffe12f0a') in 0.202274 seconds 
========================================================================
Received Import Request.
  Time since last request: 0.000054 seconds.
  path: Assets/Resources/FloorPlan/Release/Room/Bathroom/PRE_ROO_Bathroom_24.prefab
  artifactKey: Guid(2634be826642e4cf786af289e0fdb363) Importer(815301076,1909f56bfc062723c751e8b465ee728b)
Start importing Assets/Resources/FloorPlan/Release/Room/Bathroom/PRE_ROO_Bathroom_24.prefab using Guid(2634be826642e4cf786af289e0fdb363) Importer(815301076,1909f56bfc062723c751e8b465ee728b)  -> (artifact id: 'ba245b9a61a220bbca80acc645f79985') in 0.208686 seconds 
========================================================================
Received Import Request.
  Time since last request: 0.000042 seconds.
  path: Assets/Resources/FloorPlan/Release/Room/Bathroom/PRE_ROO_Bathroom_33.prefab
  artifactKey: Guid(7a121f652d6e5483aa43304e0da2c7a6) Importer(815301076,1909f56bfc062723c751e8b465ee728b)
Start importing Assets/Resources/FloorPlan/Release/Room/Bathroom/PRE_ROO_Bathroom_33.prefab using Guid(7a121f652d6e5483aa43304e0da2c7a6) Importer(815301076,1909f56bfc062723c751e8b465ee728b)  -> (artifact id: '61651578a38f05597bd48bc6e19d722f') in 0.155523 seconds 
========================================================================
Received Import Request.
  Time since last request: 0.000069 seconds.
  path: Assets/Resources/FloorPlan/Release/Room/Bathroom/PRE_ROO_Bathroom_38.prefab
  artifactKey: Guid(42689e0aaa4ee4e62b6fcdfa49967eba) Importer(815301076,1909f56bfc062723c751e8b465ee728b)
Start importing Assets/Resources/FloorPlan/Release/Room/Bathroom/PRE_ROO_Bathroom_38.prefab using Guid(42689e0aaa4ee4e62b6fcdfa49967eba) Importer(815301076,1909f56bfc062723c751e8b465ee728b)  -> (artifact id: '9c756005a4a01809e8214461e1fd96cf') in 0.243733 seconds 
Editor requested this worker to shutdown with reason: Scaling down because of idle timeout
AssetImportWorker is now disconnected from the server
Process exiting
